[0.007s] Invoking command in '/home/parallels/liam workspace/build/moveit_core': AMENT_PREFIX_PATH=/home/parallels/liam workspace/install/moveit_resources_panda_moveit_config:/home/parallels/liam workspace/install/srdfdom:/home/parallels/liam workspace/install/moveit_resources_pr2_description:/home/parallels/liam workspace/install/moveit_resources_panda_description:/home/parallels/liam workspace/install/moveit_common:${AMENT_PREFIX_PATH} CMAKE_PREFIX_PATH=/home/parallels/liam workspace/install/moveit_resources_panda_moveit_config:/home/parallels/liam workspace/install/srdfdom:/home/parallels/liam workspace/install/moveit_resources_pr2_description:/home/parallels/liam workspace/install/moveit_resources_panda_description:/home/parallels/liam workspace/install/moveit_common:/home/parallels/ws_moveit2/install/pilz_industrial_motion_planner_testutils:/home/parallels/ws_moveit2/install/moveit_runtime:/home/parallels/ws_moveit2/install/moveit2_tutorials:/home/parallels/ws_moveit2/install/moveit:/home/parallels/ws_moveit2/install/moveit_planners:/home/parallels/ws_moveit2/install/pilz_industrial_motion_planner:/home/parallels/ws_moveit2/install/moveit_visual_tools:/home/parallels/ws_moveit2/install/moveit_task_constructor_visualization:/home/parallels/ws_moveit2/install/moveit_task_constructor_demo:/home/parallels/ws_moveit2/install/moveit_task_constructor_capabilities:/home/parallels/ws_moveit2/install/moveit_task_constructor_core:/home/parallels/ws_moveit2/install/moveit_ros_control_interface:/home/parallels/ws_moveit2/install/moveit_plugins:/home/parallels/ws_moveit2/install/moveit_simple_controller_manager:/home/parallels/ws_moveit2/install/moveit_setup_assistant:/home/parallels/ws_moveit2/install/moveit_setup_srdf_plugins:/home/parallels/ws_moveit2/install/moveit_setup_core_plugins:/home/parallels/ws_moveit2/install/moveit_setup_controllers:/home/parallels/ws_moveit2/install/moveit_setup_app_plugins:/home/parallels/ws_moveit2/install/moveit_setup_framework:/home/parallels/ws_moveit2/install/moveit_servo:/home/parallels/ws_moveit2/install/moveit_ros:/home/parallels/ws_moveit2/install/moveit_ros_visualization:/home/parallels/ws_moveit2/install/moveit_hybrid_planning:/home/parallels/ws_moveit2/install/moveit_ros_planning_interface:/home/parallels/ws_moveit2/install/moveit_ros_benchmarks:/home/parallels/ws_moveit2/install/moveit_ros_warehouse:/home/parallels/ws_moveit2/install/moveit_ros_robot_interaction:/home/parallels/ws_moveit2/install/moveit_ros_perception:/home/parallels/ws_moveit2/install/moveit_resources_prbt_pg70_support:/home/parallels/ws_moveit2/install/moveit_resources_prbt_moveit_config:/home/parallels/ws_moveit2/install/moveit_ros_move_group:/home/parallels/ws_moveit2/install/moveit_planners_ompl:/home/parallels/ws_moveit2/install/moveit_ros_planning:/home/parallels/ws_moveit2/install/moveit_ros_occupancy_map_monitor:/home/parallels/ws_moveit2/install/moveit_resources_prbt_ikfast_manipulator_plugin:/home/parallels/ws_moveit2/install/moveit_planners_chomp:/home/parallels/ws_moveit2/install/moveit_kinematics:/home/parallels/ws_moveit2/install/moveit_chomp_optimizer_adapter:/home/parallels/ws_moveit2/install/chomp_motion_planner:/home/parallels/ws_moveit2/install/moveit_core:/home/parallels/ws_moveit2/install/srdfdom:/home/parallels/ws_moveit2/install/rviz_marker_tools:/home/parallels/ws_moveit2/install/rosparam_shortcuts:/home/parallels/ws_moveit2/install/pantilt_bot_description:/home/parallels/ws_moveit2/install/open_manipulator_x_description:/home/parallels/ws_moveit2/install/moveit_task_constructor_msgs:/home/parallels/ws_moveit2/install/moveit_resources_prbt_support:/home/parallels/ws_moveit2/install/moveit_resources:/home/parallels/ws_moveit2/install/moveit_resources_pr2_description:/home/parallels/ws_moveit2/install/moveit_resources_panda_moveit_config:/home/parallels/ws_moveit2/install/moveit_resources_panda_description:/home/parallels/ws_moveit2/install/moveit_resources_fanuc_moveit_config:/home/parallels/ws_moveit2/install/moveit_resources_fanuc_description:/home/parallels/ws_moveit2/install/moveit_common:/home/parallels/ws_moveit2/install/dynamixel_workbench:/home/parallels/ws_moveit2/install/dynamixel_hardware:/home/parallels/ws_moveit2/install/dynamixel_workbench_toolbox:/home/parallels/ws_moveit2/install/dynamixel_workbench_msgs:/home/parallels/ws_moveit2/install/moveit_configs_utils:/home/parallels/ws_moveit2/install/launch_param_builder:/opt/ros/humble LD_LIBRARY_PATH=/home/parallels/liam workspace/install/srdfdom/lib:${LD_LIBRARY_PATH} PYTHONPATH=/home/parallels/liam workspace/install/srdfdom/local/lib/python3.10/dist-packages:${PYTHONPATH} /usr/bin/cmake /home/parallels/liam workspace/src/moveit2/moveit_core -DCMAKE_INSTALL_PREFIX=/home/parallels/liam workspace/install/moveit_core
[0.050s] -- The CXX compiler identification is GNU 11.4.0
[0.054s] -- Detecting CXX compiler ABI info
[0.106s] -- Detecting CXX compiler ABI info - done
[0.110s] -- Check for working CXX compiler: /usr/bin/c++ - skipped
[0.110s] -- Detecting CXX compile features
[0.110s] -- Detecting CXX compile features - done
[0.111s] -- Found moveit_common: 2.5.5 (/home/parallels/liam workspace/install/moveit_common/share/moveit_common/cmake)
[0.115s] -- Found ament_cmake: 1.3.9 (/opt/ros/humble/share/ament_cmake/cmake)
[0.208s] -- Found Python3: /usr/bin/python3 (found version "3.10.12") found components: Interpreter 
[0.347s] -- Found libdw: /usr/lib/aarch64-linux-gnu/libdw.so  
[0.352s] -- Could NOT find libbfd (missing: LIBBFD_LIBRARY LIBBFD_INCLUDE_DIR) 
[0.352s] -- BACKWARD_HAS_UNWIND=1
[0.352s] -- BACKWARD_HAS_BACKTRACE=0
[0.352s] -- BACKWARD_HAS_BACKTRACE_SYMBOL=0
[0.352s] -- BACKWARD_HAS_DW=1
[0.352s] -- BACKWARD_HAS_BFD=0
[0.352s] -- Found Backward: /opt/ros/humble/share/backward_ros/cmake  
[0.352s] [0mmoveit_core: You did not request a specific build type: Choosing 'Release' for maximum performance[0m
[0.357s] -- Found angles: 1.15.0 (/opt/ros/humble/share/angles/cmake)
[0.371s] -- Found Bullet: /usr/lib/aarch64-linux-gnu/libBulletDynamics.so (Required is at least version "2.87") 
[0.375s] -- Found common_interfaces: 4.2.3 (/opt/ros/humble/share/common_interfaces/cmake)
[0.380s] -- Found eigen_stl_containers: 1.0.0 (/opt/ros/humble/share/eigen_stl_containers/cmake)
[0.392s] -- Found eigen3_cmake_module: 0.1.1 (/opt/ros/humble/share/eigen3_cmake_module/cmake)
[0.397s] -- Found Eigen3: TRUE (found version "3.4.0") 
[0.407s] -- Found generate_parameter_library: 0.3.8 (/opt/ros/humble/share/generate_parameter_library/cmake)
[0.416s] -- Found parameter_traits: 0.3.8 (/opt/ros/humble/share/parameter_traits/cmake)
[0.477s] -- Found rosidl_generator_c: 3.1.5 (/opt/ros/humble/share/rosidl_generator_c/cmake)
[0.486s] -- Found rosidl_adapter: 3.1.5 (/opt/ros/humble/share/rosidl_adapter/cmake)
[0.498s] -- Found rosidl_generator_cpp: 3.1.5 (/opt/ros/humble/share/rosidl_generator_cpp/cmake)
[0.513s] -- Using all available rosidl_typesupport_c: rosidl_typesupport_fastrtps_c;rosidl_typesupport_introspection_c
[0.535s] -- Using all available rosidl_typesupport_cpp: rosidl_typesupport_fastrtps_cpp;rosidl_typesupport_introspection_cpp
[0.609s] -- Found rmw_implementation_cmake: 6.1.2 (/opt/ros/humble/share/rmw_implementation_cmake/cmake)
[0.615s] -- Found rmw_fastrtps_cpp: 6.2.6 (/opt/ros/humble/share/rmw_fastrtps_cpp/cmake)
[0.702s] -- Found OpenSSL: /usr/lib/aarch64-linux-gnu/libcrypto.so (found version "3.0.2")  
[0.722s] -- Found FastRTPS: /opt/ros/humble/include  
[0.763s] -- Using RMW implementation 'rmw_fastrtps_cpp' as default
[0.778s] -- Looking for C++ include pthread.h
[0.849s] -- Looking for C++ include pthread.h - found
[0.849s] -- Performing Test CMAKE_HAVE_LIBC_PTHREAD
[0.922s] -- Performing Test CMAKE_HAVE_LIBC_PTHREAD - Success
[0.923s] -- Found Threads: TRUE  
[1.068s] -- Found rclcpp_lifecycle: 16.0.9 (/opt/ros/humble/share/rclcpp_lifecycle/cmake)
[1.107s] -- Found geometric_shapes: 2.1.3 (/opt/ros/humble/share/geometric_shapes/cmake)
[1.126s] -- Found Boost: /usr/lib/aarch64-linux-gnu/cmake/Boost-1.74.0/BoostConfig.cmake (found version "1.74.0") found components: filesystem 
[1.299s] -- library: /usr/lib/aarch64-linux-gnu/libcurl.so
[1.500s] -- Found kdl_parser: 2.6.4 (/opt/ros/humble/share/kdl_parser/cmake)
[1.511s] -- Ensuring Eigen3 include directory is part of orocos-kdl CMake target
[1.521s] -- Found moveit_msgs: 2.2.1 (/opt/ros/humble/share/moveit_msgs/cmake)
[2.025s] -- Found pluginlib: 5.1.0 (/opt/ros/humble/share/pluginlib/cmake)
[2.058s] -- Found srdfdom: 2.0.4 (/home/parallels/liam workspace/install/srdfdom/share/srdfdom/cmake)
[2.081s] -- Found tf2_eigen: 0.25.6 (/opt/ros/humble/share/tf2_eigen/cmake)
[2.336s] -- Found tf2_geometry_msgs: 0.25.6 (/opt/ros/humble/share/tf2_geometry_msgs/cmake)
[2.350s] -- Found tf2_kdl: 0.25.6 (/opt/ros/humble/share/tf2_kdl/cmake)
[2.423s] -- Found Boost: /usr/lib/aarch64-linux-gnu/cmake/Boost-1.74.0/BoostConfig.cmake (found version "1.74.0") found components: chrono date_time filesystem iostreams program_options regex serialization system thread 
[2.424s] --  *** Building MoveIt 2.5.5-Alpha ***
[2.427s] -- Performing Test COMPILER_HAS_HIDDEN_VISIBILITY
[2.618s] -- Performing Test COMPILER_HAS_HIDDEN_VISIBILITY - Success
[2.618s] -- Performing Test COMPILER_HAS_HIDDEN_INLINE_VISIBILITY
[2.813s] -- Performing Test COMPILER_HAS_HIDDEN_INLINE_VISIBILITY - Success
[2.813s] -- Performing Test COMPILER_HAS_DEPRECATED_ATTR
[3.028s] -- Performing Test COMPILER_HAS_DEPRECATED_ATTR - Success
[3.043s] -- Found ament_cmake_gtest: 1.3.9 (/opt/ros/humble/share/ament_cmake_gtest/cmake)
[3.058s] -- Found gtest sources under '/opt/ros/humble/src/gtest_vendor': C++ tests using 'Google Test' will be built
[3.101s] -- The C compiler identification is GNU 11.4.0
[3.106s] -- Detecting C compiler ABI info
[3.223s] -- Detecting C compiler ABI info - done
[3.227s] -- Check for working C compiler: /usr/bin/cc - skipped
[3.228s] -- Detecting C compile features
[3.228s] -- Detecting C compile features - done
[3.267s] -- Found ament_cmake_gmock: 1.3.9 (/opt/ros/humble/share/ament_cmake_gmock/cmake)
[3.289s] -- Found gmock sources under '/opt/ros/humble/src/gmock_vendor': C++ tests using 'Google Mock' will be built
[3.291s] -- Found ament_cmake_gtest: 1.3.9 (/opt/ros/humble/share/ament_cmake_gtest/cmake)
[3.291s] -- Found gtest sources under '/opt/ros/humble/src/gtest_vendor': C++ tests using 'Google Test' will be built
[3.324s] -- Found ament_cmake_gtest: 1.3.9 (/opt/ros/humble/share/ament_cmake_gtest/cmake)
[3.324s] -- Found gtest sources under '/opt/ros/humble/src/gtest_vendor': C++ tests using 'Google Test' will be built
[3.412s] -- Found ament_cmake_gtest: 1.3.9 (/opt/ros/humble/share/ament_cmake_gtest/cmake)
[3.413s] -- Found gtest sources under '/opt/ros/humble/src/gtest_vendor': C++ tests using 'Google Test' will be built
[3.442s] -- Found ament_lint_auto: 0.12.11 (/opt/ros/humble/share/ament_lint_auto/cmake)
[3.442s] -- Found ament_cmake_gtest: 1.3.9 (/opt/ros/humble/share/ament_cmake_gtest/cmake)
[3.442s] -- Found gtest sources under '/opt/ros/humble/src/gtest_vendor': C++ tests using 'Google Test' will be built
[3.504s] -- Found ament_cmake_gtest: 1.3.9 (/opt/ros/humble/share/ament_cmake_gtest/cmake)
[3.514s] -- Found gtest sources under '/opt/ros/humble/src/gtest_vendor': C++ tests using 'Google Test' will be built
[3.532s] -- Found ament_cmake_gtest: 1.3.9 (/opt/ros/humble/share/ament_cmake_gtest/cmake)
[3.533s] -- Found gtest sources under '/opt/ros/humble/src/gtest_vendor': C++ tests using 'Google Test' will be built
[3.548s] -- Found ament_cmake_gtest: 1.3.9 (/opt/ros/humble/share/ament_cmake_gtest/cmake)
[3.549s] -- Found gtest sources under '/opt/ros/humble/src/gtest_vendor': C++ tests using 'Google Test' will be built
[3.571s] -- Found gtest sources under '/opt/ros/humble/src/gtest_vendor': C++ tests using 'Google Test' will be built
[3.600s] -- Found gtest sources under '/opt/ros/humble/src/gtest_vendor': C++ tests using 'Google Test' will be built
[3.627s] -- Found ament_cmake_gtest: 1.3.9 (/opt/ros/humble/share/ament_cmake_gtest/cmake)
[3.627s] -- Found gtest sources under '/opt/ros/humble/src/gtest_vendor': C++ tests using 'Google Test' will be built
[3.660s] -- Found gtest sources under '/opt/ros/humble/src/gtest_vendor': C++ tests using 'Google Test' will be built
[3.683s] -- Found gtest sources under '/opt/ros/humble/src/gtest_vendor': C++ tests using 'Google Test' will be built
[3.701s] -- Found gtest sources under '/opt/ros/humble/src/gtest_vendor': C++ tests using 'Google Test' will be built
[3.706s] -- Found ament_lint_auto: 0.12.11 (/opt/ros/humble/share/ament_lint_auto/cmake)
[3.737s] -- Added test 'cppcheck' to perform static code analysis on C / C++ code
[3.738s] -- Configured cppcheck include dirs: /home/parallels/liam workspace/src/moveit2/moveit_core/exceptions/include;/home/parallels/liam workspace/src/moveit2/moveit_core/collision_detection/include;/home/parallels/liam workspace/src/moveit2/moveit_core/collision_detection_fcl/include;/home/parallels/liam workspace/src/moveit2/moveit_core/collision_detection_bullet/include;/home/parallels/liam workspace/src/moveit2/moveit_core/constraint_samplers/include;/home/parallels/liam workspace/src/moveit2/moveit_core/controller_manager/include;/home/parallels/liam workspace/src/moveit2/moveit_core/distance_field/include;/home/parallels/liam workspace/src/moveit2/moveit_core/collision_distance_field/include;/home/parallels/liam workspace/src/moveit2/moveit_core/dynamics_solver/include;/home/parallels/liam workspace/src/moveit2/moveit_core/kinematics_base/include;/home/parallels/liam workspace/src/moveit2/moveit_core/kinematics_metrics/include;/home/parallels/liam workspace/src/moveit2/moveit_core/robot_model/include;/home/parallels/liam workspace/src/moveit2/moveit_core/transforms/include;/home/parallels/liam workspace/src/moveit2/moveit_core/robot_state/include;/home/parallels/liam workspace/src/moveit2/moveit_core/robot_trajectory/include;/home/parallels/liam workspace/src/moveit2/moveit_core/kinematic_constraints/include;/home/parallels/liam workspace/src/moveit2/moveit_core/macros/include;/home/parallels/liam workspace/src/moveit2/moveit_core/online_signal_smoothing/include;/home/parallels/liam workspace/src/moveit2/moveit_core/planning_interface/include;/home/parallels/liam workspace/src/moveit2/moveit_core/planning_request_adapter/include;/home/parallels/liam workspace/src/moveit2/moveit_core/planning_scene/include;/home/parallels/liam workspace/src/moveit2/moveit_core/sensor_manager/include;/home/parallels/liam workspace/src/moveit2/moveit_core/trajectory_processing/include;/home/parallels/liam workspace/src/moveit2/moveit_core/utils/include
[3.738s] -- Configured cppcheck exclude dirs and/or files: 
[3.740s] -- Added test 'pep257' to check Python code against some of the docstring style conventions in PEP 257
[3.742s] -- Added test 'xmllint' to check XML markup files
[3.745s] -- Configuring done
[4.167s] -- Generating done
[4.173s] -- Build files have been written to: /home/parallels/liam workspace/build/moveit_core
[4.202s] Invoked command in '/home/parallels/liam workspace/build/moveit_core' returned '0': AMENT_PREFIX_PATH=/home/parallels/liam workspace/install/moveit_resources_panda_moveit_config:/home/parallels/liam workspace/install/srdfdom:/home/parallels/liam workspace/install/moveit_resources_pr2_description:/home/parallels/liam workspace/install/moveit_resources_panda_description:/home/parallels/liam workspace/install/moveit_common:${AMENT_PREFIX_PATH} CMAKE_PREFIX_PATH=/home/parallels/liam workspace/install/moveit_resources_panda_moveit_config:/home/parallels/liam workspace/install/srdfdom:/home/parallels/liam workspace/install/moveit_resources_pr2_description:/home/parallels/liam workspace/install/moveit_resources_panda_description:/home/parallels/liam workspace/install/moveit_common:/home/parallels/ws_moveit2/install/pilz_industrial_motion_planner_testutils:/home/parallels/ws_moveit2/install/moveit_runtime:/home/parallels/ws_moveit2/install/moveit2_tutorials:/home/parallels/ws_moveit2/install/moveit:/home/parallels/ws_moveit2/install/moveit_planners:/home/parallels/ws_moveit2/install/pilz_industrial_motion_planner:/home/parallels/ws_moveit2/install/moveit_visual_tools:/home/parallels/ws_moveit2/install/moveit_task_constructor_visualization:/home/parallels/ws_moveit2/install/moveit_task_constructor_demo:/home/parallels/ws_moveit2/install/moveit_task_constructor_capabilities:/home/parallels/ws_moveit2/install/moveit_task_constructor_core:/home/parallels/ws_moveit2/install/moveit_ros_control_interface:/home/parallels/ws_moveit2/install/moveit_plugins:/home/parallels/ws_moveit2/install/moveit_simple_controller_manager:/home/parallels/ws_moveit2/install/moveit_setup_assistant:/home/parallels/ws_moveit2/install/moveit_setup_srdf_plugins:/home/parallels/ws_moveit2/install/moveit_setup_core_plugins:/home/parallels/ws_moveit2/install/moveit_setup_controllers:/home/parallels/ws_moveit2/install/moveit_setup_app_plugins:/home/parallels/ws_moveit2/install/moveit_setup_framework:/home/parallels/ws_moveit2/install/moveit_servo:/home/parallels/ws_moveit2/install/moveit_ros:/home/parallels/ws_moveit2/install/moveit_ros_visualization:/home/parallels/ws_moveit2/install/moveit_hybrid_planning:/home/parallels/ws_moveit2/install/moveit_ros_planning_interface:/home/parallels/ws_moveit2/install/moveit_ros_benchmarks:/home/parallels/ws_moveit2/install/moveit_ros_warehouse:/home/parallels/ws_moveit2/install/moveit_ros_robot_interaction:/home/parallels/ws_moveit2/install/moveit_ros_perception:/home/parallels/ws_moveit2/install/moveit_resources_prbt_pg70_support:/home/parallels/ws_moveit2/install/moveit_resources_prbt_moveit_config:/home/parallels/ws_moveit2/install/moveit_ros_move_group:/home/parallels/ws_moveit2/install/moveit_planners_ompl:/home/parallels/ws_moveit2/install/moveit_ros_planning:/home/parallels/ws_moveit2/install/moveit_ros_occupancy_map_monitor:/home/parallels/ws_moveit2/install/moveit_resources_prbt_ikfast_manipulator_plugin:/home/parallels/ws_moveit2/install/moveit_planners_chomp:/home/parallels/ws_moveit2/install/moveit_kinematics:/home/parallels/ws_moveit2/install/moveit_chomp_optimizer_adapter:/home/parallels/ws_moveit2/install/chomp_motion_planner:/home/parallels/ws_moveit2/install/moveit_core:/home/parallels/ws_moveit2/install/srdfdom:/home/parallels/ws_moveit2/install/rviz_marker_tools:/home/parallels/ws_moveit2/install/rosparam_shortcuts:/home/parallels/ws_moveit2/install/pantilt_bot_description:/home/parallels/ws_moveit2/install/open_manipulator_x_description:/home/parallels/ws_moveit2/install/moveit_task_constructor_msgs:/home/parallels/ws_moveit2/install/moveit_resources_prbt_support:/home/parallels/ws_moveit2/install/moveit_resources:/home/parallels/ws_moveit2/install/moveit_resources_pr2_description:/home/parallels/ws_moveit2/install/moveit_resources_panda_moveit_config:/home/parallels/ws_moveit2/install/moveit_resources_panda_description:/home/parallels/ws_moveit2/install/moveit_resources_fanuc_moveit_config:/home/parallels/ws_moveit2/install/moveit_resources_fanuc_description:/home/parallels/ws_moveit2/install/moveit_common:/home/parallels/ws_moveit2/install/dynamixel_workbench:/home/parallels/ws_moveit2/install/dynamixel_hardware:/home/parallels/ws_moveit2/install/dynamixel_workbench_toolbox:/home/parallels/ws_moveit2/install/dynamixel_workbench_msgs:/home/parallels/ws_moveit2/install/moveit_configs_utils:/home/parallels/ws_moveit2/install/launch_param_builder:/opt/ros/humble LD_LIBRARY_PATH=/home/parallels/liam workspace/install/srdfdom/lib:${LD_LIBRARY_PATH} PYTHONPATH=/home/parallels/liam workspace/install/srdfdom/local/lib/python3.10/dist-packages:${PYTHONPATH} /usr/bin/cmake /home/parallels/liam workspace/src/moveit2/moveit_core -DCMAKE_INSTALL_PREFIX=/home/parallels/liam workspace/install/moveit_core
[4.204s] Invoking command in '/home/parallels/liam workspace/build/moveit_core': AMENT_PREFIX_PATH=/home/parallels/liam workspace/install/moveit_resources_panda_moveit_config:/home/parallels/liam workspace/install/srdfdom:/home/parallels/liam workspace/install/moveit_resources_pr2_description:/home/parallels/liam workspace/install/moveit_resources_panda_description:/home/parallels/liam workspace/install/moveit_common:${AMENT_PREFIX_PATH} CMAKE_PREFIX_PATH=/home/parallels/liam workspace/install/moveit_resources_panda_moveit_config:/home/parallels/liam workspace/install/srdfdom:/home/parallels/liam workspace/install/moveit_resources_pr2_description:/home/parallels/liam workspace/install/moveit_resources_panda_description:/home/parallels/liam workspace/install/moveit_common:/home/parallels/ws_moveit2/install/pilz_industrial_motion_planner_testutils:/home/parallels/ws_moveit2/install/moveit_runtime:/home/parallels/ws_moveit2/install/moveit2_tutorials:/home/parallels/ws_moveit2/install/moveit:/home/parallels/ws_moveit2/install/moveit_planners:/home/parallels/ws_moveit2/install/pilz_industrial_motion_planner:/home/parallels/ws_moveit2/install/moveit_visual_tools:/home/parallels/ws_moveit2/install/moveit_task_constructor_visualization:/home/parallels/ws_moveit2/install/moveit_task_constructor_demo:/home/parallels/ws_moveit2/install/moveit_task_constructor_capabilities:/home/parallels/ws_moveit2/install/moveit_task_constructor_core:/home/parallels/ws_moveit2/install/moveit_ros_control_interface:/home/parallels/ws_moveit2/install/moveit_plugins:/home/parallels/ws_moveit2/install/moveit_simple_controller_manager:/home/parallels/ws_moveit2/install/moveit_setup_assistant:/home/parallels/ws_moveit2/install/moveit_setup_srdf_plugins:/home/parallels/ws_moveit2/install/moveit_setup_core_plugins:/home/parallels/ws_moveit2/install/moveit_setup_controllers:/home/parallels/ws_moveit2/install/moveit_setup_app_plugins:/home/parallels/ws_moveit2/install/moveit_setup_framework:/home/parallels/ws_moveit2/install/moveit_servo:/home/parallels/ws_moveit2/install/moveit_ros:/home/parallels/ws_moveit2/install/moveit_ros_visualization:/home/parallels/ws_moveit2/install/moveit_hybrid_planning:/home/parallels/ws_moveit2/install/moveit_ros_planning_interface:/home/parallels/ws_moveit2/install/moveit_ros_benchmarks:/home/parallels/ws_moveit2/install/moveit_ros_warehouse:/home/parallels/ws_moveit2/install/moveit_ros_robot_interaction:/home/parallels/ws_moveit2/install/moveit_ros_perception:/home/parallels/ws_moveit2/install/moveit_resources_prbt_pg70_support:/home/parallels/ws_moveit2/install/moveit_resources_prbt_moveit_config:/home/parallels/ws_moveit2/install/moveit_ros_move_group:/home/parallels/ws_moveit2/install/moveit_planners_ompl:/home/parallels/ws_moveit2/install/moveit_ros_planning:/home/parallels/ws_moveit2/install/moveit_ros_occupancy_map_monitor:/home/parallels/ws_moveit2/install/moveit_resources_prbt_ikfast_manipulator_plugin:/home/parallels/ws_moveit2/install/moveit_planners_chomp:/home/parallels/ws_moveit2/install/moveit_kinematics:/home/parallels/ws_moveit2/install/moveit_chomp_optimizer_adapter:/home/parallels/ws_moveit2/install/chomp_motion_planner:/home/parallels/ws_moveit2/install/moveit_core:/home/parallels/ws_moveit2/install/srdfdom:/home/parallels/ws_moveit2/install/rviz_marker_tools:/home/parallels/ws_moveit2/install/rosparam_shortcuts:/home/parallels/ws_moveit2/install/pantilt_bot_description:/home/parallels/ws_moveit2/install/open_manipulator_x_description:/home/parallels/ws_moveit2/install/moveit_task_constructor_msgs:/home/parallels/ws_moveit2/install/moveit_resources_prbt_support:/home/parallels/ws_moveit2/install/moveit_resources:/home/parallels/ws_moveit2/install/moveit_resources_pr2_description:/home/parallels/ws_moveit2/install/moveit_resources_panda_moveit_config:/home/parallels/ws_moveit2/install/moveit_resources_panda_description:/home/parallels/ws_moveit2/install/moveit_resources_fanuc_moveit_config:/home/parallels/ws_moveit2/install/moveit_resources_fanuc_description:/home/parallels/ws_moveit2/install/moveit_common:/home/parallels/ws_moveit2/install/dynamixel_workbench:/home/parallels/ws_moveit2/install/dynamixel_hardware:/home/parallels/ws_moveit2/install/dynamixel_workbench_toolbox:/home/parallels/ws_moveit2/install/dynamixel_workbench_msgs:/home/parallels/ws_moveit2/install/moveit_configs_utils:/home/parallels/ws_moveit2/install/launch_param_builder:/opt/ros/humble LD_LIBRARY_PATH=/home/parallels/liam workspace/install/srdfdom/lib:${LD_LIBRARY_PATH} PYTHONPATH=/home/parallels/liam workspace/install/srdfdom/local/lib/python3.10/dist-packages:${PYTHONPATH} /usr/bin/cmake --build /home/parallels/liam workspace/build/moveit_core -- -j8 -l8
[4.251s] [  0%] [32mBuilding CXX object exceptions/CMakeFiles/moveit_exceptions.dir/src/exceptions.cpp.o[0m
[4.253s] [  1%] [32mBuilding CXX object utils/CMakeFiles/moveit_utils.dir/src/lexical_casts.cpp.o[0m
[4.253s] [  1%] [32mBuilding CXX object kinematics_base/CMakeFiles/moveit_kinematics_base.dir/src/kinematics_base.cpp.o[0m
[4.257s] [  3%] [32mBuilding CXX object gtest/CMakeFiles/gtest_main.dir/src/gtest_main.cc.o[0m
[4.257s] [  3%] [32mBuilding CXX object distance_field/CMakeFiles/moveit_distance_field.dir/src/distance_field.cpp.o[0m
[4.258s] [  3%] [32mBuilding CXX object transforms/CMakeFiles/moveit_transforms.dir/src/transforms.cpp.o[0m
[4.263s] [  3%] [32mBuilding CXX object gtest/CMakeFiles/gtest.dir/src/gtest-all.cc.o[0m
[4.275s] [  3%] [32mBuilding CXX object gmock/CMakeFiles/gmock.dir/opt/ros/humble/src/gtest_vendor/src/gtest-all.cc.o[0m
[4.661s] [  3%] [32mBuilding CXX object utils/CMakeFiles/moveit_utils.dir/src/message_checks.cpp.o[0m
[4.686s] [  4%] [32m[1mLinking CXX shared library libmoveit_exceptions.so[0m
[4.836s] [  4%] [32m[1mLinking CXX static library libgtest_main.a[0m
[4.970s] [  4%] Built target moveit_exceptions
[4.971s] [  4%] Built target gtest_main
[5.026s] [  4%] [32mBuilding CXX object gmock/CMakeFiles/gmock_main.dir/src/gmock_main.cc.o[0m
[5.055s] [  4%] [32mBuilding CXX object online_signal_smoothing/CMakeFiles/moveit_smoothing_base.dir/src/smoothing_base_class.cpp.o[0m
[5.339s] [  5%] [32mBuilding CXX object utils/CMakeFiles/moveit_utils.dir/src/rclcpp_utils.cpp.o[0m
[5.619s] [  5%] [32m[1mLinking CXX shared library libmoveit_utils.so[0m
[6.344s] [  6%] [32m[1mLinking CXX static library libgmock_main.a[0m
[6.516s] [  6%] Built target gmock_main
[6.613s] [  7%] [34m[1mRunning `/opt/ros/humble/bin/generate_parameter_library_cpp /home/parallels/liam workspace/build/moveit_core/online_signal_smoothing/moveit_butterworth_parameters/include//moveit_butterworth_parameters.hpp /home/parallels/liam workspace/src/moveit2/moveit_core/online_signal_smoothing/src/butterworth_parameters.yaml `[0m
[6.644s] [  7%] Built target moveit_utils
[6.707s] [  8%] [32mBuilding CXX object version/CMakeFiles/moveit_version.dir/version.cpp.o[0m
[6.750s] [  9%] [32m[1mLinking CXX executable moveit_version[0m
[6.882s] [  9%] Built target moveit_butterworth_parameters
[6.898s] [  9%] [32mBuilding CXX object distance_field/CMakeFiles/moveit_distance_field.dir/src/find_internal_points.cpp.o[0m
[6.953s] [  9%] Built target moveit_version
[6.985s] [ 10%] [32mBuilding CXX object distance_field/CMakeFiles/moveit_distance_field.dir/src/propagation_distance_field.cpp.o[0m
[7.229s] [ 11%] [32m[1mLinking CXX shared library libmoveit_smoothing_base.so[0m
[7.505s] [ 11%] Built target moveit_smoothing_base
[7.536s] [ 12%] [32mBuilding CXX object gmock/CMakeFiles/gmock.dir/src/gmock-all.cc.o[0m
[8.327s] [ 13%] [32m[1mLinking CXX shared library libmoveit_kinematics_base.so[0m
[8.745s] [ 13%] Built target moveit_kinematics_base
[8.832s] [ 14%] [32mBuilding CXX object robot_model/CMakeFiles/moveit_robot_model.dir/src/aabb.cpp.o[0m
[8.841s] [ 14%] [32mBuilding CXX object robot_model/CMakeFiles/moveit_robot_model.dir/src/fixed_joint_model.cpp.o[0m
[10.307s] [ 15%] [32mBuilding CXX object robot_model/CMakeFiles/moveit_robot_model.dir/src/floating_joint_model.cpp.o[0m
[10.638s] [ 16%] [32mBuilding CXX object robot_model/CMakeFiles/moveit_robot_model.dir/src/joint_model.cpp.o[0m
[11.363s] [ 16%] [32mBuilding CXX object robot_model/CMakeFiles/moveit_robot_model.dir/src/joint_model_group.cpp.o[0m
[11.906s] [ 17%] [32mBuilding CXX object robot_model/CMakeFiles/moveit_robot_model.dir/src/link_model.cpp.o[0m
[12.052s] [ 18%] [32m[1mLinking CXX shared library libmoveit_transforms.so[0m
[12.330s] [ 18%] Built target moveit_transforms
[12.359s] [ 18%] [32mBuilding CXX object robot_model/CMakeFiles/moveit_robot_model.dir/src/planar_joint_model.cpp.o[0m
[12.656s] [ 19%] [32m[1mLinking CXX static library libgmock.a[0m
[12.843s] [ 19%] Built target gmock
[12.890s] [ 20%] [32mBuilding CXX object robot_model/CMakeFiles/moveit_robot_model.dir/src/prismatic_joint_model.cpp.o[0m
[13.528s] [ 21%] [32m[1mLinking CXX static library libgtest.a[0m
[13.652s] [ 21%] Built target gtest
[13.752s] [ 21%] [32mBuilding CXX object transforms/CMakeFiles/test_transforms.dir/test/test_transforms.cpp.o[0m
[14.288s] [ 22%] [32mBuilding CXX object robot_model/CMakeFiles/moveit_robot_model.dir/src/revolute_joint_model.cpp.o[0m
[14.897s] [ 22%] [32mBuilding CXX object robot_model/CMakeFiles/moveit_robot_model.dir/src/robot_model.cpp.o[0m
[16.082s] [ 22%] [32m[1mLinking CXX shared library libmoveit_distance_field.so[0m
[16.385s] [ 22%] Built target moveit_distance_field
[16.466s] [ 23%] [32mBuilding CXX object distance_field/CMakeFiles/test_voxel_grid.dir/test/test_voxel_grid.cpp.o[0m
[16.526s] [ 23%] [32mBuilding CXX object distance_field/CMakeFiles/test_distance_field.dir/test/test_distance_field.cpp.o[0m
[17.253s] [ 24%] [32m[1mLinking CXX executable test_transforms[0m
[17.531s] [ 24%] Built target test_transforms
[20.040s] [ 24%] [32m[1mLinking CXX executable test_voxel_grid[0m
[20.121s] [ 24%] Built target test_voxel_grid
[21.673s] [ 25%] [32m[1mLinking CXX shared library libmoveit_robot_model.so[0m
[21.772s] [ 25%] Built target moveit_robot_model
[21.789s] [ 27%] [32mBuilding CXX object robot_state/CMakeFiles/moveit_robot_state.dir/src/conversions.cpp.o[0m
[21.789s] [ 27%] [32mBuilding CXX object robot_state/CMakeFiles/moveit_robot_state.dir/src/cartesian_interpolator.cpp.o[0m
[21.789s] [ 27%] [32mBuilding CXX object robot_state/CMakeFiles/moveit_robot_state.dir/src/robot_state.cpp.o[0m
[21.790s] [ 28%] [32mBuilding CXX object utils/CMakeFiles/moveit_test_utils.dir/src/robot_model_test_utils.cpp.o[0m
[21.791s] [ 28%] [32mBuilding CXX object robot_state/CMakeFiles/moveit_robot_state.dir/src/attached_body.cpp.o[0m
[21.798s] [ 29%] [32mBuilding CXX object online_signal_smoothing/CMakeFiles/moveit_butterworth_filter.dir/src/butterworth_filter.cpp.o[0m
[23.136s] [ 30%] [32m[1mLinking CXX executable test_distance_field[0m
[23.284s] [ 30%] Built target test_distance_field
[25.366s] [ 30%] [32m[1mLinking CXX shared library libmoveit_butterworth_filter.so[0m
[25.459s] [ 30%] Built target moveit_butterworth_filter
[25.476s] [ 30%] [32mBuilding CXX object online_signal_smoothing/CMakeFiles/test_butterworth_filter.dir/test/test_butterworth_filter.cpp.o[0m
[26.790s] [ 30%] [32m[1mLinking CXX shared library libmoveit_test_utils.so[0m
[26.898s] [ 30%] Built target moveit_test_utils
[26.914s] [ 31%] [32mBuilding CXX object robot_model/CMakeFiles/test_robot_model.dir/test/test.cpp.o[0m
[28.965s] [ 32%] [32m[1mLinking CXX executable test_butterworth_filter[0m
[29.056s] [ 32%] Built target test_butterworth_filter
[29.995s] [ 32%] [32m[1mLinking CXX executable test_robot_model[0m
[30.140s] [ 32%] Built target test_robot_model
[34.662s] [ 33%] [32m[1mLinking CXX shared library libmoveit_robot_state.so[0m
[34.763s] [ 33%] Built target moveit_robot_state
[34.780s] [ 34%] [32mBuilding CXX object dynamics_solver/CMakeFiles/moveit_dynamics_solver.dir/src/dynamics_solver.cpp.o[0m
[34.781s] [ 35%] [32mBuilding CXX object kinematics_metrics/CMakeFiles/moveit_kinematics_metrics.dir/src/kinematics_metrics.cpp.o[0m
[34.781s] [ 35%] [32mBuilding CXX object robot_trajectory/CMakeFiles/moveit_robot_trajectory.dir/src/robot_trajectory.cpp.o[0m
[34.781s] [ 36%] [32mBuilding CXX object collision_detection/CMakeFiles/moveit_collision_detection.dir/src/allvalid/collision_env_allvalid.cpp.o[0m
[34.781s] [ 36%] [32mBuilding CXX object robot_state/CMakeFiles/test_robot_state.dir/test/robot_state_test.cpp.o[0m
[34.783s] [ 36%] [32mBuilding CXX object robot_state/CMakeFiles/test_robot_state_benchmark.dir/test/robot_state_benchmark.cpp.o[0m
[34.783s] [ 36%] [32mBuilding CXX object robot_state/CMakeFiles/test_robot_state_complex.dir/test/test_kinematic_complex.cpp.o[0m
[34.784s] [ 36%] [32mBuilding CXX object robot_state/CMakeFiles/test_aabb.dir/test/test_aabb.cpp.o[0m
[38.204s] [ 36%] [32mBuilding CXX object collision_detection/CMakeFiles/moveit_collision_detection.dir/src/collision_common.cpp.o[0m
[38.604s] [ 37%] [32m[1mLinking CXX shared library libmoveit_dynamics_solver.so[0m
[38.726s] [ 37%] Built target moveit_dynamics_solver
[38.744s] [ 37%] [32mBuilding CXX object robot_state/CMakeFiles/test_cartesian_interpolator.dir/test/test_cartesian_interpolator.cpp.o[0m
[38.868s] [ 38%] [32m[1mLinking CXX executable test_robot_state_benchmark[0m
[39.039s] [ 38%] Built target test_robot_state_benchmark
[39.046s] [ 39%] [32mBuilding CXX object collision_detection/CMakeFiles/moveit_collision_detection.dir/src/collision_matrix.cpp.o[0m
[39.906s] [ 40%] [32m[1mLinking CXX executable test_aabb[0m
[40.096s] [ 40%] Built target test_aabb
[40.105s] [ 40%] [32mBuilding CXX object collision_detection/CMakeFiles/moveit_collision_detection.dir/src/collision_octomap_filter.cpp.o[0m
[40.499s] [ 41%] [32m[1mLinking CXX executable test_robot_state_complex[0m
[40.697s] [ 41%] Built target test_robot_state_complex
[40.704s] [ 42%] [32mBuilding CXX object collision_detection/CMakeFiles/moveit_collision_detection.dir/src/collision_tools.cpp.o[0m
[40.808s] [ 43%] [32m[1mLinking CXX shared library libmoveit_robot_trajectory.so[0m
[40.818s] [ 44%] [32mBuilding CXX object collision_detection/CMakeFiles/moveit_collision_detection.dir/src/world.cpp.o[0m
[40.911s] [ 44%] Built target moveit_robot_trajectory
[40.930s] [ 45%] [32mBuilding CXX object trajectory_processing/CMakeFiles/moveit_trajectory_processing.dir/src/iterative_time_parameterization.cpp.o[0m
[41.265s] [ 46%] [32m[1mLinking CXX executable test_robot_state[0m
[41.452s] [ 46%] Built target test_robot_state
[41.477s] [ 47%] [32mBuilding CXX object planning_interface/CMakeFiles/moveit_planning_interface.dir/src/planning_interface.cpp.o[0m
[42.287s] [ 47%] [32mBuilding CXX object collision_detection/CMakeFiles/moveit_collision_detection.dir/src/world_diff.cpp.o[0m
[42.548s] [ 48%] [32m[1mLinking CXX executable test_cartesian_interpolator[0m
[42.716s] [ 48%] Built target test_cartesian_interpolator
[42.743s] [ 49%] [32mBuilding CXX object robot_trajectory/CMakeFiles/test_robot_trajectory.dir/test/test_robot_trajectory.cpp.o[0m
[43.315s] [ 50%] [32mBuilding CXX object collision_detection/CMakeFiles/moveit_collision_detection.dir/src/collision_env.cpp.o[0m
[43.421s] [ 50%] [32mBuilding CXX object collision_detection/CMakeFiles/moveit_collision_detection.dir/src/collision_plugin_cache.cpp.o[0m
[43.632s] [ 50%] [32mBuilding CXX object planning_interface/CMakeFiles/moveit_planning_interface.dir/src/planning_response.cpp.o[0m
[44.859s] [ 50%] [32mBuilding CXX object trajectory_processing/CMakeFiles/moveit_trajectory_processing.dir/src/iterative_spline_parameterization.cpp.o[0m
[44.931s] [ 51%] [32mBuilding CXX object trajectory_processing/CMakeFiles/moveit_trajectory_processing.dir/src/ruckig_traj_smoothing.cpp.o[0m
[46.168s] [ 52%] [32m[1mLinking CXX shared library libmoveit_kinematics_metrics.so[0m
[46.288s] [ 52%] Built target moveit_kinematics_metrics
[46.296s] [ 53%] [32mBuilding CXX object trajectory_processing/CMakeFiles/moveit_trajectory_processing.dir/src/trajectory_tools.cpp.o[0m
[46.589s] [ 53%] [32mBuilding CXX object trajectory_processing/CMakeFiles/moveit_trajectory_processing.dir/src/time_optimal_trajectory_generation.cpp.o[0m
[47.187s] [ 54%] [32m[1mLinking CXX shared library libmoveit_planning_interface.so[0m
[47.281s] [ 54%] Built target moveit_planning_interface
[48.303s] [ 54%] [32m[1mLinking CXX executable test_robot_trajectory[0m
[48.481s] [ 54%] Built target test_robot_trajectory
[50.522s] [ 55%] [32m[1mLinking CXX shared library libmoveit_collision_detection.so[0m
[50.634s] [ 55%] Built target moveit_collision_detection
[50.650s] [ 57%] [32mBuilding CXX object collision_detection/CMakeFiles/test_world.dir/test/test_world.cpp.o[0m
[50.651s] [ 57%] [32mBuilding CXX object collision_detection_fcl/CMakeFiles/moveit_collision_detection_fcl.dir/src/collision_env_fcl.cpp.o[0m
[50.651s] [ 58%] [32mBuilding CXX object collision_detection/CMakeFiles/test_world_diff.dir/test/test_world_diff.cpp.o[0m
[50.651s] [ 58%] [32mBuilding CXX object collision_detection_fcl/CMakeFiles/moveit_collision_detection_fcl.dir/src/collision_common.cpp.o[0m
[50.652s] [ 59%] [32mBuilding CXX object collision_detection_bullet/CMakeFiles/moveit_collision_detection_bullet.dir/src/bullet_integration/bullet_utils.cpp.o[0m
[50.653s] [ 59%] [32mBuilding CXX object collision_detection/CMakeFiles/test_all_valid.dir/test/test_all_valid.cpp.o[0m
[50.654s] [ 59%] [32mBuilding CXX object collision_detection_bullet/CMakeFiles/moveit_collision_detection_bullet.dir/src/bullet_integration/bullet_discrete_bvh_manager.cpp.o[0m
[51.462s] [ 60%] [32m[1mLinking CXX shared library libmoveit_trajectory_processing.so[0m
[51.561s] [ 60%] Built target moveit_trajectory_processing
[51.578s] [ 60%] [32mBuilding CXX object trajectory_processing/CMakeFiles/test_time_parameterization.dir/test/test_time_parameterization.cpp.o[0m
[53.456s] [ 61%] [32m[1mLinking CXX executable test_world_diff[0m
[53.625s] [ 61%] Built target test_world_diff
[53.644s] [ 62%] [32mBuilding CXX object trajectory_processing/CMakeFiles/test_time_optimal_trajectory_generation.dir/test/test_time_optimal_trajectory_generation.cpp.o[0m
[53.786s] [ 63%] [32mBuilding CXX object collision_detection_bullet/CMakeFiles/moveit_collision_detection_bullet.dir/src/bullet_integration/bullet_cast_bvh_manager.cpp.o[0m
[54.119s] [ 63%] [32m[1mLinking CXX executable test_world[0m
[54.279s] [ 63%] Built target test_world
[54.297s] [ 64%] [32mBuilding CXX object trajectory_processing/CMakeFiles/test_ruckig_traj_smoothing.dir/test/test_ruckig_traj_smoothing.cpp.o[0m
[54.641s] [ 65%] [32m[1mLinking CXX executable test_all_valid[0m
[54.814s] [ 65%] Built target test_all_valid
[54.821s] [ 65%] [32mBuilding CXX object collision_detection_bullet/CMakeFiles/moveit_collision_detection_bullet.dir/src/collision_env_bullet.cpp.o[0m
[54.970s] [ 66%] [32mBuilding CXX object collision_detection_bullet/CMakeFiles/moveit_collision_detection_bullet.dir/src/bullet_integration/bullet_bvh_manager.cpp.o[0m
[55.261s] [ 67%] [32mBuilding CXX object collision_detection_bullet/CMakeFiles/moveit_collision_detection_bullet.dir/src/bullet_integration/contact_checker_common.cpp.o[0m
[56.184s] [ 68%] [32m[1mLinking CXX shared library libmoveit_collision_detection_fcl.so[0m
[56.192s] [ 69%] [32m[1mLinking CXX executable test_time_parameterization[0m
[56.337s] [ 69%] Built target moveit_collision_detection_fcl
[56.356s] [ 69%] [32mBuilding CXX object kinematic_constraints/CMakeFiles/moveit_kinematic_constraints.dir/src/kinematic_constraint.cpp.o[0m
[56.376s] [ 69%] Built target test_time_parameterization
[56.395s] [ 70%] [32mBuilding CXX object collision_detection_fcl/CMakeFiles/test_fcl_collision_env.dir/test/test_fcl_env.cpp.o[0m
[57.188s] [ 70%] [32mBuilding CXX object collision_detection_bullet/CMakeFiles/moveit_collision_detection_bullet.dir/src/bullet_integration/ros_bullet_utils.cpp.o[0m
[57.915s] [ 71%] [32mBuilding CXX object kinematic_constraints/CMakeFiles/moveit_kinematic_constraints.dir/src/utils.cpp.o[0m
[58.372s] [ 72%] [32mBuilding CXX object collision_detection_fcl/CMakeFiles/test_fcl_collision_detection.dir/test/test_fcl_collision_detection_pr2.cpp.o[0m
[59.023s] [ 73%] [32mBuilding CXX object collision_detection_fcl/CMakeFiles/test_fcl_collision_detection_panda.dir/test/test_fcl_collision_detection_panda.cpp.o[0m
[59.262s] [ 73%] [32m[1mLinking CXX executable test_ruckig_traj_smoothing[0m
[59.453s] [ 73%] Built target test_ruckig_traj_smoothing
[59.636s] [ 74%] [32m[1mLinking CXX executable test_time_optimal_trajectory_generation[0m
[59.836s] [ 74%] Built target test_time_optimal_trajectory_generation
[60.412s] [ 75%] [32m[1mLinking CXX shared library libmoveit_collision_detection_bullet.so[0m
[60.548s] [ 75%] Built target moveit_collision_detection_bullet
[60.569s] [ 76%] [32mBuilding CXX object collision_detection_bullet/CMakeFiles/test_bullet_collision_detection_panda.dir/test/test_bullet_collision_detection_panda.cpp.o[0m
[60.570s] [ 77%] [32mBuilding CXX object collision_detection_bullet/CMakeFiles/test_bullet_continuous_collision_checking.dir/test/test_bullet_continuous_collision_checking.cpp.o[0m
[60.573s] [ 78%] [32mBuilding CXX object collision_detection_bullet/CMakeFiles/test_bullet_collision_detection.dir/test/test_bullet_collision_detection_pr2.cpp.o[0m
[61.818s] [ 79%] [32m[1mLinking CXX executable test_fcl_collision_env[0m
[62.025s] [ 79%] Built target test_fcl_collision_env
[64.301s] [ 80%] [32m[1mLinking CXX shared library libmoveit_kinematic_constraints.so[0m
[64.433s] [ 80%] Built target moveit_kinematic_constraints
[64.450s] [ 80%] [32mBuilding CXX object kinematic_constraints/CMakeFiles/test_orientation_constraints.dir/test/test_orientation_constraints.cpp.o[0m
[64.454s] [ 80%] [32mBuilding CXX object kinematic_constraints/CMakeFiles/test_constraints.dir/test/test_constraints.cpp.o[0m
[64.458s] [ 81%] [32mBuilding CXX object planning_scene/CMakeFiles/moveit_planning_scene.dir/src/planning_scene.cpp.o[0m
[64.734s] [ 81%] [32m[1mLinking CXX executable test_fcl_collision_detection_panda[0m
[64.844s] [ 81%] [32m[1mLinking CXX executable test_fcl_collision_detection[0m
[64.934s] [ 81%] Built target test_fcl_collision_detection_panda
[65.069s] [ 81%] Built target test_fcl_collision_detection
[65.451s] [ 81%] [32m[1mLinking CXX executable test_bullet_collision_detection_panda[0m
[65.645s] [ 81%] Built target test_bullet_collision_detection_panda
[66.567s] [ 82%] [32m[1mLinking CXX executable test_bullet_continuous_collision_checking[0m
[66.757s] [ 82%] Built target test_bullet_continuous_collision_checking
[66.862s] [ 82%] [32m[1mLinking CXX executable test_bullet_collision_detection[0m
[67.050s] [ 82%] Built target test_bullet_collision_detection
[69.931s] [ 83%] [32m[1mLinking CXX executable test_orientation_constraints[0m
[70.119s] [ 83%] Built target test_orientation_constraints
[70.846s] [ 84%] [32m[1mLinking CXX executable test_constraints[0m
[71.034s] [ 84%] Built target test_constraints
[74.339s] [ 84%] [32m[1mLinking CXX shared library libmoveit_planning_scene.so[0m
[74.480s] [ 84%] Built target moveit_planning_scene
[74.497s] [ 84%] [32mBuilding CXX object collision_distance_field/CMakeFiles/moveit_collision_distance_field.dir/src/collision_distance_field_types.cpp.o[0m
[74.497s] [ 85%] [32mBuilding CXX object planning_scene/CMakeFiles/test_planning_scene.dir/test/test_planning_scene.cpp.o[0m
[74.497s] [ 85%] [32mBuilding CXX object constraint_samplers/CMakeFiles/moveit_constraint_samplers.dir/src/constraint_sampler.cpp.o[0m
[74.498s] [ 86%] [32mBuilding CXX object planning_scene/CMakeFiles/test_collision_objects.dir/test/test_collision_objects.cpp.o[0m
[74.498s] [ 86%] [32mBuilding CXX object planning_scene/CMakeFiles/test_multi_threaded.dir/test/test_multi_threaded.cpp.o[0m
[74.498s] [ 86%] [32mBuilding CXX object planning_request_adapter/CMakeFiles/moveit_planning_request_adapter.dir/src/planning_request_adapter.cpp.o[0m
[78.144s] [ 87%] [32mBuilding CXX object collision_distance_field/CMakeFiles/moveit_collision_distance_field.dir/src/collision_common_distance_field.cpp.o[0m
[78.482s] [ 88%] [32mBuilding CXX object constraint_samplers/CMakeFiles/moveit_constraint_samplers.dir/src/constraint_sampler_manager.cpp.o[0m
[78.657s] [ 89%] [32m[1mLinking CXX shared library libmoveit_planning_request_adapter.so[0m
[78.771s] [ 89%] Built target moveit_planning_request_adapter
[78.782s] [ 89%] [32mBuilding CXX object constraint_samplers/CMakeFiles/moveit_constraint_samplers.dir/src/constraint_sampler_tools.cpp.o[0m
[78.790s] [ 89%] [32mBuilding CXX object collision_detection_fcl/CMakeFiles/collision_detector_fcl_plugin.dir/src/collision_detector_fcl_plugin_loader.cpp.o[0m
[78.797s] [ 89%] [32mBuilding CXX object collision_detection_bullet/CMakeFiles/collision_detector_bullet_plugin.dir/src/collision_detector_bullet_plugin_loader.cpp.o[0m
[79.395s] [ 90%] [32m[1mLinking CXX executable test_multi_threaded[0m
[79.577s] [ 90%] Built target test_multi_threaded
[79.584s] [ 91%] [32mBuilding CXX object constraint_samplers/CMakeFiles/moveit_constraint_samplers.dir/src/default_constraint_samplers.cpp.o[0m
[80.598s] [ 91%] [32m[1mLinking CXX executable test_collision_objects[0m
[80.798s] [ 91%] Built target test_collision_objects
[80.805s] [ 91%] [32mBuilding CXX object constraint_samplers/CMakeFiles/moveit_constraint_samplers.dir/src/union_constraint_sampler.cpp.o[0m
[82.507s] [ 91%] [32m[1mLinking CXX executable test_planning_scene[0m
[82.743s] [ 91%] Built target test_planning_scene
[82.752s] [ 91%] [32mBuilding CXX object collision_distance_field/CMakeFiles/moveit_collision_distance_field.dir/src/collision_env_distance_field.cpp.o[0m
[83.360s] [ 92%] [32mBuilding CXX object collision_distance_field/CMakeFiles/moveit_collision_distance_field.dir/src/collision_env_hybrid.cpp.o[0m
[83.740s] [ 93%] [32m[1mLinking CXX shared library libcollision_detector_bullet_plugin.so[0m
[83.845s] [ 93%] Built target collision_detector_bullet_plugin
[83.865s] [ 94%] [32m[1mLinking CXX shared library libcollision_detector_fcl_plugin.so[0m
[83.958s] [ 94%] Built target collision_detector_fcl_plugin
[85.612s] [ 95%] [32m[1mLinking CXX shared library libmoveit_constraint_samplers.so[0m
[85.738s] [ 95%] Built target moveit_constraint_samplers
[85.755s] [ 96%] [32mBuilding CXX object constraint_samplers/CMakeFiles/test_constraint_samplers.dir/test/test_constraint_samplers.cpp.o[0m
[85.755s] [ 97%] [32mBuilding CXX object constraint_samplers/CMakeFiles/test_constraint_samplers.dir/test/pr2_arm_kinematics_plugin.cpp.o[0m
[85.756s] [ 97%] [32mBuilding CXX object constraint_samplers/CMakeFiles/test_constraint_samplers.dir/test/pr2_arm_ik.cpp.o[0m
[90.522s] [ 98%] [32m[1mLinking CXX shared library libmoveit_collision_distance_field.so[0m
[90.666s] [ 98%] Built target moveit_collision_distance_field
[90.682s] [ 99%] [32mBuilding CXX object collision_distance_field/CMakeFiles/test_collision_distance_field.dir/test/test_collision_distance_field.cpp.o[0m
[93.599s] [100%] [32m[1mLinking CXX executable test_constraint_samplers[0m
[93.824s] [100%] Built target test_constraint_samplers
[96.494s] [100%] [32m[1mLinking CXX executable test_collision_distance_field[0m
[96.671s] [100%] Built target test_collision_distance_field
[96.680s] Invoked command in '/home/parallels/liam workspace/build/moveit_core' returned '0': AMENT_PREFIX_PATH=/home/parallels/liam workspace/install/moveit_resources_panda_moveit_config:/home/parallels/liam workspace/install/srdfdom:/home/parallels/liam workspace/install/moveit_resources_pr2_description:/home/parallels/liam workspace/install/moveit_resources_panda_description:/home/parallels/liam workspace/install/moveit_common:${AMENT_PREFIX_PATH} CMAKE_PREFIX_PATH=/home/parallels/liam workspace/install/moveit_resources_panda_moveit_config:/home/parallels/liam workspace/install/srdfdom:/home/parallels/liam workspace/install/moveit_resources_pr2_description:/home/parallels/liam workspace/install/moveit_resources_panda_description:/home/parallels/liam workspace/install/moveit_common:/home/parallels/ws_moveit2/install/pilz_industrial_motion_planner_testutils:/home/parallels/ws_moveit2/install/moveit_runtime:/home/parallels/ws_moveit2/install/moveit2_tutorials:/home/parallels/ws_moveit2/install/moveit:/home/parallels/ws_moveit2/install/moveit_planners:/home/parallels/ws_moveit2/install/pilz_industrial_motion_planner:/home/parallels/ws_moveit2/install/moveit_visual_tools:/home/parallels/ws_moveit2/install/moveit_task_constructor_visualization:/home/parallels/ws_moveit2/install/moveit_task_constructor_demo:/home/parallels/ws_moveit2/install/moveit_task_constructor_capabilities:/home/parallels/ws_moveit2/install/moveit_task_constructor_core:/home/parallels/ws_moveit2/install/moveit_ros_control_interface:/home/parallels/ws_moveit2/install/moveit_plugins:/home/parallels/ws_moveit2/install/moveit_simple_controller_manager:/home/parallels/ws_moveit2/install/moveit_setup_assistant:/home/parallels/ws_moveit2/install/moveit_setup_srdf_plugins:/home/parallels/ws_moveit2/install/moveit_setup_core_plugins:/home/parallels/ws_moveit2/install/moveit_setup_controllers:/home/parallels/ws_moveit2/install/moveit_setup_app_plugins:/home/parallels/ws_moveit2/install/moveit_setup_framework:/home/parallels/ws_moveit2/install/moveit_servo:/home/parallels/ws_moveit2/install/moveit_ros:/home/parallels/ws_moveit2/install/moveit_ros_visualization:/home/parallels/ws_moveit2/install/moveit_hybrid_planning:/home/parallels/ws_moveit2/install/moveit_ros_planning_interface:/home/parallels/ws_moveit2/install/moveit_ros_benchmarks:/home/parallels/ws_moveit2/install/moveit_ros_warehouse:/home/parallels/ws_moveit2/install/moveit_ros_robot_interaction:/home/parallels/ws_moveit2/install/moveit_ros_perception:/home/parallels/ws_moveit2/install/moveit_resources_prbt_pg70_support:/home/parallels/ws_moveit2/install/moveit_resources_prbt_moveit_config:/home/parallels/ws_moveit2/install/moveit_ros_move_group:/home/parallels/ws_moveit2/install/moveit_planners_ompl:/home/parallels/ws_moveit2/install/moveit_ros_planning:/home/parallels/ws_moveit2/install/moveit_ros_occupancy_map_monitor:/home/parallels/ws_moveit2/install/moveit_resources_prbt_ikfast_manipulator_plugin:/home/parallels/ws_moveit2/install/moveit_planners_chomp:/home/parallels/ws_moveit2/install/moveit_kinematics:/home/parallels/ws_moveit2/install/moveit_chomp_optimizer_adapter:/home/parallels/ws_moveit2/install/chomp_motion_planner:/home/parallels/ws_moveit2/install/moveit_core:/home/parallels/ws_moveit2/install/srdfdom:/home/parallels/ws_moveit2/install/rviz_marker_tools:/home/parallels/ws_moveit2/install/rosparam_shortcuts:/home/parallels/ws_moveit2/install/pantilt_bot_description:/home/parallels/ws_moveit2/install/open_manipulator_x_description:/home/parallels/ws_moveit2/install/moveit_task_constructor_msgs:/home/parallels/ws_moveit2/install/moveit_resources_prbt_support:/home/parallels/ws_moveit2/install/moveit_resources:/home/parallels/ws_moveit2/install/moveit_resources_pr2_description:/home/parallels/ws_moveit2/install/moveit_resources_panda_moveit_config:/home/parallels/ws_moveit2/install/moveit_resources_panda_description:/home/parallels/ws_moveit2/install/moveit_resources_fanuc_moveit_config:/home/parallels/ws_moveit2/install/moveit_resources_fanuc_description:/home/parallels/ws_moveit2/install/moveit_common:/home/parallels/ws_moveit2/install/dynamixel_workbench:/home/parallels/ws_moveit2/install/dynamixel_hardware:/home/parallels/ws_moveit2/install/dynamixel_workbench_toolbox:/home/parallels/ws_moveit2/install/dynamixel_workbench_msgs:/home/parallels/ws_moveit2/install/moveit_configs_utils:/home/parallels/ws_moveit2/install/launch_param_builder:/opt/ros/humble LD_LIBRARY_PATH=/home/parallels/liam workspace/install/srdfdom/lib:${LD_LIBRARY_PATH} PYTHONPATH=/home/parallels/liam workspace/install/srdfdom/local/lib/python3.10/dist-packages:${PYTHONPATH} /usr/bin/cmake --build /home/parallels/liam workspace/build/moveit_core -- -j8 -l8
[96.746s] Invoking command in '/home/parallels/liam workspace/build/moveit_core': AMENT_PREFIX_PATH=/home/parallels/liam workspace/install/moveit_resources_panda_moveit_config:/home/parallels/liam workspace/install/srdfdom:/home/parallels/liam workspace/install/moveit_resources_pr2_description:/home/parallels/liam workspace/install/moveit_resources_panda_description:/home/parallels/liam workspace/install/moveit_common:${AMENT_PREFIX_PATH} CMAKE_PREFIX_PATH=/home/parallels/liam workspace/install/moveit_resources_panda_moveit_config:/home/parallels/liam workspace/install/srdfdom:/home/parallels/liam workspace/install/moveit_resources_pr2_description:/home/parallels/liam workspace/install/moveit_resources_panda_description:/home/parallels/liam workspace/install/moveit_common:/home/parallels/ws_moveit2/install/pilz_industrial_motion_planner_testutils:/home/parallels/ws_moveit2/install/moveit_runtime:/home/parallels/ws_moveit2/install/moveit2_tutorials:/home/parallels/ws_moveit2/install/moveit:/home/parallels/ws_moveit2/install/moveit_planners:/home/parallels/ws_moveit2/install/pilz_industrial_motion_planner:/home/parallels/ws_moveit2/install/moveit_visual_tools:/home/parallels/ws_moveit2/install/moveit_task_constructor_visualization:/home/parallels/ws_moveit2/install/moveit_task_constructor_demo:/home/parallels/ws_moveit2/install/moveit_task_constructor_capabilities:/home/parallels/ws_moveit2/install/moveit_task_constructor_core:/home/parallels/ws_moveit2/install/moveit_ros_control_interface:/home/parallels/ws_moveit2/install/moveit_plugins:/home/parallels/ws_moveit2/install/moveit_simple_controller_manager:/home/parallels/ws_moveit2/install/moveit_setup_assistant:/home/parallels/ws_moveit2/install/moveit_setup_srdf_plugins:/home/parallels/ws_moveit2/install/moveit_setup_core_plugins:/home/parallels/ws_moveit2/install/moveit_setup_controllers:/home/parallels/ws_moveit2/install/moveit_setup_app_plugins:/home/parallels/ws_moveit2/install/moveit_setup_framework:/home/parallels/ws_moveit2/install/moveit_servo:/home/parallels/ws_moveit2/install/moveit_ros:/home/parallels/ws_moveit2/install/moveit_ros_visualization:/home/parallels/ws_moveit2/install/moveit_hybrid_planning:/home/parallels/ws_moveit2/install/moveit_ros_planning_interface:/home/parallels/ws_moveit2/install/moveit_ros_benchmarks:/home/parallels/ws_moveit2/install/moveit_ros_warehouse:/home/parallels/ws_moveit2/install/moveit_ros_robot_interaction:/home/parallels/ws_moveit2/install/moveit_ros_perception:/home/parallels/ws_moveit2/install/moveit_resources_prbt_pg70_support:/home/parallels/ws_moveit2/install/moveit_resources_prbt_moveit_config:/home/parallels/ws_moveit2/install/moveit_ros_move_group:/home/parallels/ws_moveit2/install/moveit_planners_ompl:/home/parallels/ws_moveit2/install/moveit_ros_planning:/home/parallels/ws_moveit2/install/moveit_ros_occupancy_map_monitor:/home/parallels/ws_moveit2/install/moveit_resources_prbt_ikfast_manipulator_plugin:/home/parallels/ws_moveit2/install/moveit_planners_chomp:/home/parallels/ws_moveit2/install/moveit_kinematics:/home/parallels/ws_moveit2/install/moveit_chomp_optimizer_adapter:/home/parallels/ws_moveit2/install/chomp_motion_planner:/home/parallels/ws_moveit2/install/moveit_core:/home/parallels/ws_moveit2/install/srdfdom:/home/parallels/ws_moveit2/install/rviz_marker_tools:/home/parallels/ws_moveit2/install/rosparam_shortcuts:/home/parallels/ws_moveit2/install/pantilt_bot_description:/home/parallels/ws_moveit2/install/open_manipulator_x_description:/home/parallels/ws_moveit2/install/moveit_task_constructor_msgs:/home/parallels/ws_moveit2/install/moveit_resources_prbt_support:/home/parallels/ws_moveit2/install/moveit_resources:/home/parallels/ws_moveit2/install/moveit_resources_pr2_description:/home/parallels/ws_moveit2/install/moveit_resources_panda_moveit_config:/home/parallels/ws_moveit2/install/moveit_resources_panda_description:/home/parallels/ws_moveit2/install/moveit_resources_fanuc_moveit_config:/home/parallels/ws_moveit2/install/moveit_resources_fanuc_description:/home/parallels/ws_moveit2/install/moveit_common:/home/parallels/ws_moveit2/install/dynamixel_workbench:/home/parallels/ws_moveit2/install/dynamixel_hardware:/home/parallels/ws_moveit2/install/dynamixel_workbench_toolbox:/home/parallels/ws_moveit2/install/dynamixel_workbench_msgs:/home/parallels/ws_moveit2/install/moveit_configs_utils:/home/parallels/ws_moveit2/install/launch_param_builder:/opt/ros/humble LD_LIBRARY_PATH=/home/parallels/liam workspace/install/srdfdom/lib:${LD_LIBRARY_PATH} PYTHONPATH=/home/parallels/liam workspace/install/srdfdom/local/lib/python3.10/dist-packages:${PYTHONPATH} /usr/bin/cmake --install /home/parallels/liam workspace/build/moveit_core
[96.752s] -- Install configuration: "Release"
[96.752s] -- Installing: /home/parallels/liam workspace/install/moveit_core/include/moveit/version.h
[96.752s] -- Up-to-date: /home/parallels/liam workspace/install/moveit_core/include
[96.752s] -- Up-to-date: /home/parallels/liam workspace/install/moveit_core/include/moveit
[96.752s] -- Installing: /home/parallels/liam workspace/install/moveit_core/include/moveit/collision_distance_field
[96.752s] -- Installing: /home/parallels/liam workspace/install/moveit_core/include/moveit/collision_distance_field/collision_detector_allocator_hybrid.h
[96.752s] -- Installing: /home/parallels/liam workspace/install/moveit_core/include/moveit/collision_distance_field/collision_env_distance_field.h
[96.753s] -- Installing: /home/parallels/liam workspace/install/moveit_core/include/moveit/collision_distance_field/collision_distance_field_types.h
[96.753s] -- Installing: /home/parallels/liam workspace/install/moveit_core/include/moveit/collision_distance_field/collision_common_distance_field.h
[96.753s] -- Installing: /home/parallels/liam workspace/install/moveit_core/include/moveit/collision_distance_field/collision_detector_allocator_distance_field.h
[96.753s] -- Installing: /home/parallels/liam workspace/install/moveit_core/include/moveit/collision_distance_field/collision_env_hybrid.h
[96.753s] -- Installing: /home/parallels/liam workspace/install/moveit_core/include/moveit_collision_distance_field_export.h
[96.753s] -- Up-to-date: /home/parallels/liam workspace/install/moveit_core/include
[96.753s] -- Up-to-date: /home/parallels/liam workspace/install/moveit_core/include/moveit
[96.753s] -- Installing: /home/parallels/liam workspace/install/moveit_core/include/moveit/constraint_samplers
[96.753s] -- Installing: /home/parallels/liam workspace/install/moveit_core/include/moveit/constraint_samplers/default_constraint_samplers.h
[96.753s] -- Installing: /home/parallels/liam workspace/install/moveit_core/include/moveit/constraint_samplers/union_constraint_sampler.h
[96.753s] -- Installing: /home/parallels/liam workspace/install/moveit_core/include/moveit/constraint_samplers/constraint_sampler.h
[96.753s] -- Installing: /home/parallels/liam workspace/install/moveit_core/include/moveit/constraint_samplers/constraint_sampler_tools.h
[96.753s] -- Installing: /home/parallels/liam workspace/install/moveit_core/include/moveit/constraint_samplers/constraint_sampler_allocator.h
[96.753s] -- Installing: /home/parallels/liam workspace/install/moveit_core/include/moveit/constraint_samplers/constraint_sampler_manager.h
[96.753s] -- Up-to-date: /home/parallels/liam workspace/install/moveit_core/include
[96.753s] -- Up-to-date: /home/parallels/liam workspace/install/moveit_core/include/moveit
[96.753s] -- Installing: /home/parallels/liam workspace/install/moveit_core/include/moveit/controller_manager
[96.753s] -- Installing: /home/parallels/liam workspace/install/moveit_core/include/moveit/controller_manager/controller_manager.h
[96.754s] -- Up-to-date: /home/parallels/liam workspace/install/moveit_core/include
[96.754s] -- Up-to-date: /home/parallels/liam workspace/install/moveit_core/include/moveit
[96.754s] -- Installing: /home/parallels/liam workspace/install/moveit_core/include/moveit/distance_field
[96.754s] -- Installing: /home/parallels/liam workspace/install/moveit_core/include/moveit/distance_field/find_internal_points.h
[96.754s] -- Installing: /home/parallels/liam workspace/install/moveit_core/include/moveit/distance_field/voxel_grid.h
[96.754s] -- Installing: /home/parallels/liam workspace/install/moveit_core/include/moveit/distance_field/propagation_distance_field.h
[96.754s] -- Installing: /home/parallels/liam workspace/install/moveit_core/include/moveit/distance_field/distance_field.h
[96.754s] -- Up-to-date: /home/parallels/liam workspace/install/moveit_core/include
[96.754s] -- Up-to-date: /home/parallels/liam workspace/install/moveit_core/include/moveit
[96.754s] -- Installing: /home/parallels/liam workspace/install/moveit_core/include/moveit/dynamics_solver
[96.754s] -- Installing: /home/parallels/liam workspace/install/moveit_core/include/moveit/dynamics_solver/dynamics_solver.h
[96.754s] -- Up-to-date: /home/parallels/liam workspace/install/moveit_core/include
[96.754s] -- Up-to-date: /home/parallels/liam workspace/install/moveit_core/include/moveit
[96.754s] -- Installing: /home/parallels/liam workspace/install/moveit_core/include/moveit/exceptions
[96.754s] -- Installing: /home/parallels/liam workspace/install/moveit_core/include/moveit/exceptions/exceptions.h
[96.754s] -- Up-to-date: /home/parallels/liam workspace/install/moveit_core/include
[96.754s] -- Up-to-date: /home/parallels/liam workspace/install/moveit_core/include/moveit
[96.754s] -- Installing: /home/parallels/liam workspace/install/moveit_core/include/moveit/kinematics_base
[96.754s] -- Installing: /home/parallels/liam workspace/install/moveit_core/include/moveit/kinematics_base/kinematics_base.h
[96.754s] -- Installing: /home/parallels/liam workspace/install/moveit_core/include/moveit_kinematics_base_export.h
[96.754s] -- Up-to-date: /home/parallels/liam workspace/install/moveit_core/include
[96.755s] -- Up-to-date: /home/parallels/liam workspace/install/moveit_core/include/moveit
[96.755s] -- Installing: /home/parallels/liam workspace/install/moveit_core/include/moveit/kinematic_constraints
[96.755s] -- Installing: /home/parallels/liam workspace/install/moveit_core/include/moveit/kinematic_constraints/utils.h
[96.755s] -- Installing: /home/parallels/liam workspace/install/moveit_core/include/moveit/kinematic_constraints/kinematic_constraint.h
[96.755s] -- Up-to-date: /home/parallels/liam workspace/install/moveit_core/include
[96.755s] -- Up-to-date: /home/parallels/liam workspace/install/moveit_core/include/moveit
[96.755s] -- Installing: /home/parallels/liam workspace/install/moveit_core/include/moveit/kinematics_metrics
[96.755s] -- Installing: /home/parallels/liam workspace/install/moveit_core/include/moveit/kinematics_metrics/kinematics_metrics.h
[96.755s] -- Up-to-date: /home/parallels/liam workspace/install/moveit_core/include
[96.755s] -- Up-to-date: /home/parallels/liam workspace/install/moveit_core/include/moveit
[96.755s] -- Installing: /home/parallels/liam workspace/install/moveit_core/include/moveit/macros
[96.755s] -- Installing: /home/parallels/liam workspace/install/moveit_core/include/moveit/macros/console_colors.h
[96.755s] -- Installing: /home/parallels/liam workspace/install/moveit_core/include/moveit/macros/declare_ptr.h
[96.755s] -- Installing: /home/parallels/liam workspace/install/moveit_core/include/moveit/macros/class_forward.h
[96.755s] -- Installing: /home/parallels/liam workspace/install/moveit_core/include/moveit/macros/deprecation.h
[96.755s] -- Installing: /home/parallels/liam workspace/install/moveit_core/include/moveit_butterworth_parameters
[96.755s] -- Installing: /home/parallels/liam workspace/install/moveit_core/include/moveit_butterworth_parameters/moveit_butterworth_parameters.hpp
[96.755s] -- Up-to-date: /home/parallels/liam workspace/install/moveit_core/include
[96.755s] -- Up-to-date: /home/parallels/liam workspace/install/moveit_core/include/moveit
[96.756s] -- Installing: /home/parallels/liam workspace/install/moveit_core/include/moveit/online_signal_smoothing
[96.756s] -- Installing: /home/parallels/liam workspace/install/moveit_core/include/moveit/online_signal_smoothing/smoothing_base_class.h
[96.756s] -- Installing: /home/parallels/liam workspace/install/moveit_core/include/moveit/online_signal_smoothing/butterworth_filter.h
[96.756s] -- Installing: /home/parallels/liam workspace/install/moveit_core/include/moveit_smoothing_base_export.h
[96.756s] -- Installing: /home/parallels/liam workspace/install/moveit_core/include/moveit_butterworth_filter_export.h
[96.756s] -- Up-to-date: /home/parallels/liam workspace/install/moveit_core/include
[96.756s] -- Up-to-date: /home/parallels/liam workspace/install/moveit_core/include/moveit
[96.756s] -- Installing: /home/parallels/liam workspace/install/moveit_core/include/moveit/planning_interface
[96.756s] -- Installing: /home/parallels/liam workspace/install/moveit_core/include/moveit/planning_interface/planning_interface.h
[96.756s] -- Installing: /home/parallels/liam workspace/install/moveit_core/include/moveit/planning_interface/planning_response.h
[96.756s] -- Installing: /home/parallels/liam workspace/install/moveit_core/include/moveit/planning_interface/planning_request.h
[96.756s] -- Up-to-date: /home/parallels/liam workspace/install/moveit_core/include
[96.756s] -- Up-to-date: /home/parallels/liam workspace/install/moveit_core/include/moveit
[96.757s] -- Installing: /home/parallels/liam workspace/install/moveit_core/include/moveit/planning_request_adapter
[96.757s] -- Installing: /home/parallels/liam workspace/install/moveit_core/include/moveit/planning_request_adapter/planning_request_adapter.h
[96.757s] -- Up-to-date: /home/parallels/liam workspace/install/moveit_core/include
[96.757s] -- Up-to-date: /home/parallels/liam workspace/install/moveit_core/include/moveit
[96.757s] -- Installing: /home/parallels/liam workspace/install/moveit_core/include/moveit/planning_scene
[96.757s] -- Installing: /home/parallels/liam workspace/install/moveit_core/include/moveit/planning_scene/planning_scene.h
[96.757s] -- Installing: /home/parallels/liam workspace/install/moveit_core/include/moveit_planning_scene_export.h
[96.757s] -- Up-to-date: /home/parallels/liam workspace/install/moveit_core/include
[96.757s] -- Up-to-date: /home/parallels/liam workspace/install/moveit_core/include/moveit
[96.757s] -- Installing: /home/parallels/liam workspace/install/moveit_core/include/moveit/robot_model
[96.757s] -- Installing: /home/parallels/liam workspace/install/moveit_core/include/moveit/robot_model/aabb.h
[96.757s] -- Installing: /home/parallels/liam workspace/install/moveit_core/include/moveit/robot_model/robot_model.h
[96.757s] -- Installing: /home/parallels/liam workspace/install/moveit_core/include/moveit/robot_model/prismatic_joint_model.h
[96.757s] -- Installing: /home/parallels/liam workspace/install/moveit_core/include/moveit/robot_model/joint_model.h
[96.758s] -- Installing: /home/parallels/liam workspace/install/moveit_core/include/moveit/robot_model/planar_joint_model.h
[96.758s] -- Installing: /home/parallels/liam workspace/install/moveit_core/include/moveit/robot_model/joint_model_group.h
[96.758s] -- Installing: /home/parallels/liam workspace/install/moveit_core/include/moveit/robot_model/link_model.h
[96.758s] -- Installing: /home/parallels/liam workspace/install/moveit_core/include/moveit/robot_model/fixed_joint_model.h
[96.758s] -- Installing: /home/parallels/liam workspace/install/moveit_core/include/moveit/robot_model/floating_joint_model.h
[96.758s] -- Installing: /home/parallels/liam workspace/install/moveit_core/include/moveit/robot_model/revolute_joint_model.h
[96.758s] -- Up-to-date: /home/parallels/liam workspace/install/moveit_core/include
[96.758s] -- Up-to-date: /home/parallels/liam workspace/install/moveit_core/include/moveit
[96.758s] -- Installing: /home/parallels/liam workspace/install/moveit_core/include/moveit/robot_state
[96.758s] -- Installing: /home/parallels/liam workspace/install/moveit_core/include/moveit/robot_state/conversions.h
[96.758s] -- Installing: /home/parallels/liam workspace/install/moveit_core/include/moveit/robot_state/robot_state.h
[96.758s] -- Installing: /home/parallels/liam workspace/install/moveit_core/include/moveit/robot_state/cartesian_interpolator.h
[96.758s] -- Installing: /home/parallels/liam workspace/install/moveit_core/include/moveit/robot_state/attached_body.h
[96.758s] -- Up-to-date: /home/parallels/liam workspace/install/moveit_core/include
[96.758s] -- Up-to-date: /home/parallels/liam workspace/install/moveit_core/include/moveit
[96.758s] -- Installing: /home/parallels/liam workspace/install/moveit_core/include/moveit/robot_trajectory
[96.758s] -- Installing: /home/parallels/liam workspace/install/moveit_core/include/moveit/robot_trajectory/robot_trajectory.h
[96.759s] -- Up-to-date: /home/parallels/liam workspace/install/moveit_core/include
[96.759s] -- Up-to-date: /home/parallels/liam workspace/install/moveit_core/include/moveit
[96.759s] -- Installing: /home/parallels/liam workspace/install/moveit_core/include/moveit/sensor_manager
[96.759s] -- Installing: /home/parallels/liam workspace/install/moveit_core/include/moveit/sensor_manager/sensor_manager.h
[96.759s] -- Up-to-date: /home/parallels/liam workspace/install/moveit_core/include
[96.759s] -- Up-to-date: /home/parallels/liam workspace/install/moveit_core/include/moveit
[96.759s] -- Installing: /home/parallels/liam workspace/install/moveit_core/include/moveit/trajectory_processing
[96.759s] -- Installing: /home/parallels/liam workspace/install/moveit_core/include/moveit/trajectory_processing/time_parameterization.h
[96.759s] -- Installing: /home/parallels/liam workspace/install/moveit_core/include/moveit/trajectory_processing/iterative_spline_parameterization.h
[96.759s] -- Installing: /home/parallels/liam workspace/install/moveit_core/include/moveit/trajectory_processing/iterative_time_parameterization.h
[96.759s] -- Installing: /home/parallels/liam workspace/install/moveit_core/include/moveit/trajectory_processing/trajectory_tools.h
[96.759s] -- Installing: /home/parallels/liam workspace/install/moveit_core/include/moveit/trajectory_processing/ruckig_traj_smoothing.h
[96.759s] -- Installing: /home/parallels/liam workspace/install/moveit_core/include/moveit/trajectory_processing/time_optimal_trajectory_generation.h
[96.759s] -- Up-to-date: /home/parallels/liam workspace/install/moveit_core/include
[96.759s] -- Up-to-date: /home/parallels/liam workspace/install/moveit_core/include/moveit
[96.759s] -- Installing: /home/parallels/liam workspace/install/moveit_core/include/moveit/transforms
[96.759s] -- Installing: /home/parallels/liam workspace/install/moveit_core/include/moveit/transforms/transforms.h
[96.759s] -- Up-to-date: /home/parallels/liam workspace/install/moveit_core/include
[96.759s] -- Up-to-date: /home/parallels/liam workspace/install/moveit_core/include/moveit
[96.759s] -- Installing: /home/parallels/liam workspace/install/moveit_core/include/moveit/utils
[96.759s] -- Installing: /home/parallels/liam workspace/install/moveit_core/include/moveit/utils/lexical_casts.h
[96.759s] -- Installing: /home/parallels/liam workspace/install/moveit_core/include/moveit/utils/moveit_error_code.h
[96.759s] -- Installing: /home/parallels/liam workspace/install/moveit_core/include/moveit/utils/message_checks.h
[96.760s] -- Installing: /home/parallels/liam workspace/install/moveit_core/include/moveit/utils/rclcpp_utils.h
[96.760s] -- Installing: /home/parallels/liam workspace/install/moveit_core/include/moveit/utils/robot_model_test_utils.h
[96.760s] -- Installing: /home/parallels/liam workspace/install/moveit_core/bin/moveit_version
[96.760s] -- Up-to-date: /home/parallels/liam workspace/install/moveit_core/include
[96.760s] -- Up-to-date: /home/parallels/liam workspace/install/moveit_core/include/moveit
[96.760s] -- Installing: /home/parallels/liam workspace/install/moveit_core/include/moveit/collision_detection
[96.760s] -- Installing: /home/parallels/liam workspace/install/moveit_core/include/moveit/collision_detection/collision_env.h
[96.760s] -- Installing: /home/parallels/liam workspace/install/moveit_core/include/moveit/collision_detection/collision_tools.h
[96.760s] -- Installing: /home/parallels/liam workspace/install/moveit_core/include/moveit/collision_detection/collision_common.h
[96.760s] -- Installing: /home/parallels/liam workspace/install/moveit_core/include/moveit/collision_detection/collision_plugin_cache.h
[96.760s] -- Installing: /home/parallels/liam workspace/install/moveit_core/include/moveit/collision_detection/collision_matrix.h
[96.760s] -- Installing: /home/parallels/liam workspace/install/moveit_core/include/moveit/collision_detection/allvalid
[96.760s] -- Installing: /home/parallels/liam workspace/install/moveit_core/include/moveit/collision_detection/allvalid/collision_env_allvalid.h
[96.760s] -- Installing: /home/parallels/liam workspace/install/moveit_core/include/moveit/collision_detection/allvalid/collision_detector_allocator_allvalid.h
[96.760s] -- Installing: /home/parallels/liam workspace/install/moveit_core/include/moveit/collision_detection/test_collision_common_pr2.h
[96.760s] -- Installing: /home/parallels/liam workspace/install/moveit_core/include/moveit/collision_detection/collision_octomap_filter.h
[96.760s] -- Installing: /home/parallels/liam workspace/install/moveit_core/include/moveit/collision_detection/world_diff.h
[96.760s] -- Installing: /home/parallels/liam workspace/install/moveit_core/include/moveit/collision_detection/occupancy_map.h
[96.761s] -- Installing: /home/parallels/liam workspace/install/moveit_core/include/moveit/collision_detection/world.h
[96.761s] -- Installing: /home/parallels/liam workspace/install/moveit_core/include/moveit/collision_detection/collision_plugin.h
[96.761s] -- Installing: /home/parallels/liam workspace/install/moveit_core/include/moveit/collision_detection/collision_detector_allocator.h
[96.761s] -- Installing: /home/parallels/liam workspace/install/moveit_core/include/moveit/collision_detection/test_collision_common_panda.h
[96.761s] -- Installing: /home/parallels/liam workspace/install/moveit_core/include/moveit_collision_detection_export.h
[96.761s] -- Up-to-date: /home/parallels/liam workspace/install/moveit_core/include
[96.761s] -- Up-to-date: /home/parallels/liam workspace/install/moveit_core/include/moveit
[96.761s] -- Installing: /home/parallels/liam workspace/install/moveit_core/include/moveit/collision_detection_bullet
[96.761s] -- Installing: /home/parallels/liam workspace/install/moveit_core/include/moveit/collision_detection_bullet/collision_detector_allocator_bullet.h
[96.761s] -- Installing: /home/parallels/liam workspace/install/moveit_core/include/moveit/collision_detection_bullet/collision_detector_bullet_plugin_loader.h
[96.761s] -- Installing: /home/parallels/liam workspace/install/moveit_core/include/moveit/collision_detection_bullet/bullet_integration
[96.761s] -- Installing: /home/parallels/liam workspace/install/moveit_core/include/moveit/collision_detection_bullet/bullet_integration/bullet_bvh_manager.h
[96.761s] -- Installing: /home/parallels/liam workspace/install/moveit_core/include/moveit/collision_detection_bullet/bullet_integration/bullet_utils.h
[96.761s] -- Installing: /home/parallels/liam workspace/install/moveit_core/include/moveit/collision_detection_bullet/bullet_integration/basic_types.h
[96.761s] -- Installing: /home/parallels/liam workspace/install/moveit_core/include/moveit/collision_detection_bullet/bullet_integration/ros_bullet_utils.h
[96.761s] -- Installing: /home/parallels/liam workspace/install/moveit_core/include/moveit/collision_detection_bullet/bullet_integration/bullet_cast_bvh_manager.h
[96.762s] -- Installing: /home/parallels/liam workspace/install/moveit_core/include/moveit/collision_detection_bullet/bullet_integration/bullet_discrete_bvh_manager.h
[96.762s] -- Installing: /home/parallels/liam workspace/install/moveit_core/include/moveit/collision_detection_bullet/bullet_integration/contact_checker_common.h
[96.762s] -- Installing: /home/parallels/liam workspace/install/moveit_core/include/moveit/collision_detection_bullet/collision_env_bullet.h
[96.762s] -- Installing: /home/parallels/liam workspace/install/moveit_core/include/moveit_collision_detection_bullet_export.h
[96.762s] -- Up-to-date: /home/parallels/liam workspace/install/moveit_core/include
[96.762s] -- Up-to-date: /home/parallels/liam workspace/install/moveit_core/include/moveit
[96.762s] -- Installing: /home/parallels/liam workspace/install/moveit_core/include/moveit/collision_detection_fcl
[96.762s] -- Installing: /home/parallels/liam workspace/install/moveit_core/include/moveit/collision_detection_fcl/collision_common.h
[96.762s] -- Installing: /home/parallels/liam workspace/install/moveit_core/include/moveit/collision_detection_fcl/collision_detector_fcl_plugin_loader.h
[96.762s] -- Installing: /home/parallels/liam workspace/install/moveit_core/include/moveit/collision_detection_fcl/fcl_compat.h
[96.762s] -- Installing: /home/parallels/liam workspace/install/moveit_core/include/moveit/collision_detection_fcl/collision_detector_allocator_fcl.h
[96.762s] -- Installing: /home/parallels/liam workspace/install/moveit_core/include/moveit/collision_detection_fcl/collision_env_fcl.h
[96.762s] -- Installing: /home/parallels/liam workspace/install/moveit_core/include/moveit_collision_detection_fcl_export.h
[96.762s] -- Installing: /home/parallels/liam workspace/install/moveit_core/lib/libcollision_detector_bullet_plugin.so.2.5.5
[96.762s] -- Set runtime path of "/home/parallels/liam workspace/install/moveit_core/lib/libcollision_detector_bullet_plugin.so.2.5.5" to ""
[96.763s] -- Installing: /home/parallels/liam workspace/install/moveit_core/lib/libcollision_detector_bullet_plugin.so
[96.763s] -- Installing: /home/parallels/liam workspace/install/moveit_core/lib/libmoveit_butterworth_filter.so.2.5.5
[96.763s] -- Set runtime path of "/home/parallels/liam workspace/install/moveit_core/lib/libmoveit_butterworth_filter.so.2.5.5" to ""
[96.763s] -- Installing: /home/parallels/liam workspace/install/moveit_core/lib/libmoveit_butterworth_filter.so
[96.763s] -- Installing: /home/parallels/liam workspace/install/moveit_core/lib/libmoveit_collision_distance_field.so.2.5.5
[96.763s] -- Set runtime path of "/home/parallels/liam workspace/install/moveit_core/lib/libmoveit_collision_distance_field.so.2.5.5" to ""
[96.763s] -- Installing: /home/parallels/liam workspace/install/moveit_core/lib/libmoveit_collision_distance_field.so
[96.763s] -- Installing: /home/parallels/liam workspace/install/moveit_core/lib/libmoveit_collision_detection.so.2.5.5
[96.764s] -- Set runtime path of "/home/parallels/liam workspace/install/moveit_core/lib/libmoveit_collision_detection.so.2.5.5" to ""
[96.764s] -- Installing: /home/parallels/liam workspace/install/moveit_core/lib/libmoveit_collision_detection.so
[96.764s] -- Installing: /home/parallels/liam workspace/install/moveit_core/lib/libmoveit_collision_detection_fcl.so.2.5.5
[96.764s] -- Set runtime path of "/home/parallels/liam workspace/install/moveit_core/lib/libmoveit_collision_detection_fcl.so.2.5.5" to ""
[96.764s] -- Installing: /home/parallels/liam workspace/install/moveit_core/lib/libmoveit_collision_detection_fcl.so
[96.764s] -- Installing: /home/parallels/liam workspace/install/moveit_core/lib/libmoveit_collision_detection_bullet.so.2.5.5
[96.765s] -- Set runtime path of "/home/parallels/liam workspace/install/moveit_core/lib/libmoveit_collision_detection_bullet.so.2.5.5" to ""
[96.765s] -- Installing: /home/parallels/liam workspace/install/moveit_core/lib/libmoveit_collision_detection_bullet.so
[96.765s] -- Installing: /home/parallels/liam workspace/install/moveit_core/lib/libmoveit_dynamics_solver.so.2.5.5
[96.765s] -- Set runtime path of "/home/parallels/liam workspace/install/moveit_core/lib/libmoveit_dynamics_solver.so.2.5.5" to ""
[96.765s] -- Installing: /home/parallels/liam workspace/install/moveit_core/lib/libmoveit_dynamics_solver.so
[96.765s] -- Installing: /home/parallels/liam workspace/install/moveit_core/lib/libmoveit_constraint_samplers.so.2.5.5
[96.765s] -- Set runtime path of "/home/parallels/liam workspace/install/moveit_core/lib/libmoveit_constraint_samplers.so.2.5.5" to ""
[96.765s] -- Installing: /home/parallels/liam workspace/install/moveit_core/lib/libmoveit_constraint_samplers.so
[96.766s] -- Installing: /home/parallels/liam workspace/install/moveit_core/lib/libmoveit_distance_field.so.2.5.5
[96.766s] -- Set runtime path of "/home/parallels/liam workspace/install/moveit_core/lib/libmoveit_distance_field.so.2.5.5" to ""
[96.766s] -- Installing: /home/parallels/liam workspace/install/moveit_core/lib/libmoveit_distance_field.so
[96.766s] -- Installing: /home/parallels/liam workspace/install/moveit_core/lib/libmoveit_exceptions.so.2.5.5
[96.766s] -- Set runtime path of "/home/parallels/liam workspace/install/moveit_core/lib/libmoveit_exceptions.so.2.5.5" to ""
[96.766s] -- Installing: /home/parallels/liam workspace/install/moveit_core/lib/libmoveit_exceptions.so
[96.766s] -- Installing: /home/parallels/liam workspace/install/moveit_core/lib/libmoveit_kinematics_base.so
[96.766s] -- Set runtime path of "/home/parallels/liam workspace/install/moveit_core/lib/libmoveit_kinematics_base.so" to ""
[96.766s] -- Installing: /home/parallels/liam workspace/install/moveit_core/lib/libmoveit_kinematic_constraints.so.2.5.5
[96.767s] -- Set runtime path of "/home/parallels/liam workspace/install/moveit_core/lib/libmoveit_kinematic_constraints.so.2.5.5" to ""
[96.767s] -- Installing: /home/parallels/liam workspace/install/moveit_core/lib/libmoveit_kinematic_constraints.so
[96.767s] -- Installing: /home/parallels/liam workspace/install/moveit_core/lib/libmoveit_kinematics_metrics.so.2.5.5
[96.767s] -- Set runtime path of "/home/parallels/liam workspace/install/moveit_core/lib/libmoveit_kinematics_metrics.so.2.5.5" to ""
[96.767s] -- Installing: /home/parallels/liam workspace/install/moveit_core/lib/libmoveit_kinematics_metrics.so
[96.767s] -- Installing: /home/parallels/liam workspace/install/moveit_core/lib/libmoveit_planning_interface.so.2.5.5
[96.768s] -- Set runtime path of "/home/parallels/liam workspace/install/moveit_core/lib/libmoveit_planning_interface.so.2.5.5" to ""
[96.768s] -- Installing: /home/parallels/liam workspace/install/moveit_core/lib/libmoveit_planning_interface.so
[96.768s] -- Installing: /home/parallels/liam workspace/install/moveit_core/lib/libmoveit_planning_scene.so.2.5.5
[96.768s] -- Set runtime path of "/home/parallels/liam workspace/install/moveit_core/lib/libmoveit_planning_scene.so.2.5.5" to ""
[96.768s] -- Installing: /home/parallels/liam workspace/install/moveit_core/lib/libmoveit_planning_scene.so
[96.768s] -- Installing: /home/parallels/liam workspace/install/moveit_core/lib/libmoveit_planning_request_adapter.so.2.5.5
[96.768s] -- Set runtime path of "/home/parallels/liam workspace/install/moveit_core/lib/libmoveit_planning_request_adapter.so.2.5.5" to ""
[96.768s] -- Installing: /home/parallels/liam workspace/install/moveit_core/lib/libmoveit_planning_request_adapter.so
[96.768s] -- Installing: /home/parallels/liam workspace/install/moveit_core/lib/libmoveit_robot_model.so.2.5.5
[96.769s] -- Set runtime path of "/home/parallels/liam workspace/install/moveit_core/lib/libmoveit_robot_model.so.2.5.5" to ""
[96.769s] -- Installing: /home/parallels/liam workspace/install/moveit_core/lib/libmoveit_robot_model.so
[96.769s] -- Installing: /home/parallels/liam workspace/install/moveit_core/lib/libmoveit_robot_state.so.2.5.5
[96.769s] -- Set runtime path of "/home/parallels/liam workspace/install/moveit_core/lib/libmoveit_robot_state.so.2.5.5" to ""
[96.769s] -- Installing: /home/parallels/liam workspace/install/moveit_core/lib/libmoveit_robot_state.so
[96.770s] -- Installing: /home/parallels/liam workspace/install/moveit_core/lib/libmoveit_robot_trajectory.so.2.5.5
[96.770s] -- Set runtime path of "/home/parallels/liam workspace/install/moveit_core/lib/libmoveit_robot_trajectory.so.2.5.5" to ""
[96.770s] -- Installing: /home/parallels/liam workspace/install/moveit_core/lib/libmoveit_robot_trajectory.so
[96.770s] -- Installing: /home/parallels/liam workspace/install/moveit_core/lib/libmoveit_smoothing_base.so.2.5.5
[96.770s] -- Set runtime path of "/home/parallels/liam workspace/install/moveit_core/lib/libmoveit_smoothing_base.so.2.5.5" to ""
[96.770s] -- Installing: /home/parallels/liam workspace/install/moveit_core/lib/libmoveit_smoothing_base.so
[96.770s] -- Installing: /home/parallels/liam workspace/install/moveit_core/lib/libmoveit_test_utils.so.2.5.5
[96.771s] -- Set runtime path of "/home/parallels/liam workspace/install/moveit_core/lib/libmoveit_test_utils.so.2.5.5" to ""
[96.771s] -- Installing: /home/parallels/liam workspace/install/moveit_core/lib/libmoveit_test_utils.so
[96.771s] -- Installing: /home/parallels/liam workspace/install/moveit_core/lib/libmoveit_trajectory_processing.so.2.5.5
[96.771s] -- Set runtime path of "/home/parallels/liam workspace/install/moveit_core/lib/libmoveit_trajectory_processing.so.2.5.5" to ""
[96.771s] -- Installing: /home/parallels/liam workspace/install/moveit_core/lib/libmoveit_trajectory_processing.so
[96.771s] -- Installing: /home/parallels/liam workspace/install/moveit_core/lib/libmoveit_transforms.so.2.5.5
[96.771s] -- Set runtime path of "/home/parallels/liam workspace/install/moveit_core/lib/libmoveit_transforms.so.2.5.5" to ""
[96.771s] -- Installing: /home/parallels/liam workspace/install/moveit_core/lib/libmoveit_transforms.so
[96.771s] -- Installing: /home/parallels/liam workspace/install/moveit_core/lib/libmoveit_utils.so.2.5.5
[96.771s] -- Set runtime path of "/home/parallels/liam workspace/install/moveit_core/lib/libmoveit_utils.so.2.5.5" to ""
[96.771s] -- Installing: /home/parallels/liam workspace/install/moveit_core/lib/libmoveit_utils.so
[96.772s] -- Installing: /home/parallels/liam workspace/install/moveit_core/share/moveit_core/environment/library_path.sh
[96.772s] -- Installing: /home/parallels/liam workspace/install/moveit_core/share/moveit_core/environment/library_path.dsv
[96.772s] -- Installing: /home/parallels/liam workspace/install/moveit_core/share/moveit_core/collision_detector_fcl_description.xml
[96.772s] -- Installing: /home/parallels/liam workspace/install/moveit_core/share/moveit_core/collision_detector_bullet_description.xml
[96.772s] -- Installing: /home/parallels/liam workspace/install/moveit_core/share/moveit_core/filter_plugin_butterworth.xml
[96.772s] -- Installing: /home/parallels/liam workspace/install/moveit_core/share/ament_index/resource_index/package_run_dependencies/moveit_core
[96.772s] -- Installing: /home/parallels/liam workspace/install/moveit_core/share/ament_index/resource_index/parent_prefix_path/moveit_core
[96.772s] -- Installing: /home/parallels/liam workspace/install/moveit_core/share/moveit_core/environment/ament_prefix_path.sh
[96.772s] -- Installing: /home/parallels/liam workspace/install/moveit_core/share/moveit_core/environment/ament_prefix_path.dsv
[96.772s] -- Installing: /home/parallels/liam workspace/install/moveit_core/share/moveit_core/environment/path.sh
[96.772s] -- Installing: /home/parallels/liam workspace/install/moveit_core/share/moveit_core/environment/path.dsv
[96.772s] -- Installing: /home/parallels/liam workspace/install/moveit_core/share/moveit_core/local_setup.bash
[96.772s] -- Installing: /home/parallels/liam workspace/install/moveit_core/share/moveit_core/local_setup.sh
[96.773s] -- Installing: /home/parallels/liam workspace/install/moveit_core/share/moveit_core/local_setup.zsh
[96.773s] -- Installing: /home/parallels/liam workspace/install/moveit_core/share/moveit_core/local_setup.dsv
[96.773s] -- Installing: /home/parallels/liam workspace/install/moveit_core/share/moveit_core/package.dsv
[96.773s] -- Installing: /home/parallels/liam workspace/install/moveit_core/share/ament_index/resource_index/packages/moveit_core
[96.773s] -- Installing: /home/parallels/liam workspace/install/moveit_core/share/ament_index/resource_index/moveit_core__pluginlib__plugin/moveit_core
[96.773s] -- Installing: /home/parallels/liam workspace/install/moveit_core/share/moveit_core/cmake/export_moveit_coreExport.cmake
[96.773s] -- Installing: /home/parallels/liam workspace/install/moveit_core/share/moveit_core/cmake/export_moveit_coreExport-release.cmake
[96.773s] -- Installing: /home/parallels/liam workspace/install/moveit_core/share/moveit_core/cmake/ConfigExtras.cmake
[96.773s] -- Installing: /home/parallels/liam workspace/install/moveit_core/share/moveit_core/cmake/ament_cmake_export_targets-extras.cmake
[96.773s] -- Installing: /home/parallels/liam workspace/install/moveit_core/share/moveit_core/cmake/ament_cmake_export_dependencies-extras.cmake
[96.773s] -- Installing: /home/parallels/liam workspace/install/moveit_core/share/moveit_core/cmake/moveit_coreConfig.cmake
[96.773s] -- Installing: /home/parallels/liam workspace/install/moveit_core/share/moveit_core/cmake/moveit_coreConfig-version.cmake
[96.773s] -- Installing: /home/parallels/liam workspace/install/moveit_core/share/moveit_core/package.xml
[96.775s] Invoked command in '/home/parallels/liam workspace/build/moveit_core' returned '0': AMENT_PREFIX_PATH=/home/parallels/liam workspace/install/moveit_resources_panda_moveit_config:/home/parallels/liam workspace/install/srdfdom:/home/parallels/liam workspace/install/moveit_resources_pr2_description:/home/parallels/liam workspace/install/moveit_resources_panda_description:/home/parallels/liam workspace/install/moveit_common:${AMENT_PREFIX_PATH} CMAKE_PREFIX_PATH=/home/parallels/liam workspace/install/moveit_resources_panda_moveit_config:/home/parallels/liam workspace/install/srdfdom:/home/parallels/liam workspace/install/moveit_resources_pr2_description:/home/parallels/liam workspace/install/moveit_resources_panda_description:/home/parallels/liam workspace/install/moveit_common:/home/parallels/ws_moveit2/install/pilz_industrial_motion_planner_testutils:/home/parallels/ws_moveit2/install/moveit_runtime:/home/parallels/ws_moveit2/install/moveit2_tutorials:/home/parallels/ws_moveit2/install/moveit:/home/parallels/ws_moveit2/install/moveit_planners:/home/parallels/ws_moveit2/install/pilz_industrial_motion_planner:/home/parallels/ws_moveit2/install/moveit_visual_tools:/home/parallels/ws_moveit2/install/moveit_task_constructor_visualization:/home/parallels/ws_moveit2/install/moveit_task_constructor_demo:/home/parallels/ws_moveit2/install/moveit_task_constructor_capabilities:/home/parallels/ws_moveit2/install/moveit_task_constructor_core:/home/parallels/ws_moveit2/install/moveit_ros_control_interface:/home/parallels/ws_moveit2/install/moveit_plugins:/home/parallels/ws_moveit2/install/moveit_simple_controller_manager:/home/parallels/ws_moveit2/install/moveit_setup_assistant:/home/parallels/ws_moveit2/install/moveit_setup_srdf_plugins:/home/parallels/ws_moveit2/install/moveit_setup_core_plugins:/home/parallels/ws_moveit2/install/moveit_setup_controllers:/home/parallels/ws_moveit2/install/moveit_setup_app_plugins:/home/parallels/ws_moveit2/install/moveit_setup_framework:/home/parallels/ws_moveit2/install/moveit_servo:/home/parallels/ws_moveit2/install/moveit_ros:/home/parallels/ws_moveit2/install/moveit_ros_visualization:/home/parallels/ws_moveit2/install/moveit_hybrid_planning:/home/parallels/ws_moveit2/install/moveit_ros_planning_interface:/home/parallels/ws_moveit2/install/moveit_ros_benchmarks:/home/parallels/ws_moveit2/install/moveit_ros_warehouse:/home/parallels/ws_moveit2/install/moveit_ros_robot_interaction:/home/parallels/ws_moveit2/install/moveit_ros_perception:/home/parallels/ws_moveit2/install/moveit_resources_prbt_pg70_support:/home/parallels/ws_moveit2/install/moveit_resources_prbt_moveit_config:/home/parallels/ws_moveit2/install/moveit_ros_move_group:/home/parallels/ws_moveit2/install/moveit_planners_ompl:/home/parallels/ws_moveit2/install/moveit_ros_planning:/home/parallels/ws_moveit2/install/moveit_ros_occupancy_map_monitor:/home/parallels/ws_moveit2/install/moveit_resources_prbt_ikfast_manipulator_plugin:/home/parallels/ws_moveit2/install/moveit_planners_chomp:/home/parallels/ws_moveit2/install/moveit_kinematics:/home/parallels/ws_moveit2/install/moveit_chomp_optimizer_adapter:/home/parallels/ws_moveit2/install/chomp_motion_planner:/home/parallels/ws_moveit2/install/moveit_core:/home/parallels/ws_moveit2/install/srdfdom:/home/parallels/ws_moveit2/install/rviz_marker_tools:/home/parallels/ws_moveit2/install/rosparam_shortcuts:/home/parallels/ws_moveit2/install/pantilt_bot_description:/home/parallels/ws_moveit2/install/open_manipulator_x_description:/home/parallels/ws_moveit2/install/moveit_task_constructor_msgs:/home/parallels/ws_moveit2/install/moveit_resources_prbt_support:/home/parallels/ws_moveit2/install/moveit_resources:/home/parallels/ws_moveit2/install/moveit_resources_pr2_description:/home/parallels/ws_moveit2/install/moveit_resources_panda_moveit_config:/home/parallels/ws_moveit2/install/moveit_resources_panda_description:/home/parallels/ws_moveit2/install/moveit_resources_fanuc_moveit_config:/home/parallels/ws_moveit2/install/moveit_resources_fanuc_description:/home/parallels/ws_moveit2/install/moveit_common:/home/parallels/ws_moveit2/install/dynamixel_workbench:/home/parallels/ws_moveit2/install/dynamixel_hardware:/home/parallels/ws_moveit2/install/dynamixel_workbench_toolbox:/home/parallels/ws_moveit2/install/dynamixel_workbench_msgs:/home/parallels/ws_moveit2/install/moveit_configs_utils:/home/parallels/ws_moveit2/install/launch_param_builder:/opt/ros/humble LD_LIBRARY_PATH=/home/parallels/liam workspace/install/srdfdom/lib:${LD_LIBRARY_PATH} PYTHONPATH=/home/parallels/liam workspace/install/srdfdom/local/lib/python3.10/dist-packages:${PYTHONPATH} /usr/bin/cmake --install /home/parallels/liam workspace/build/moveit_core
