[0.030s] Invoking command in '/home/parallels/liam workspace/build/moveit_ros_visualization': AMENT_PREFIX_PATH=/home/parallels/liam workspace/install/moveit_ros_planning_interface:/home/parallels/liam workspace/install/moveit_ros_move_group:/home/parallels/liam workspace/install/moveit_ros_warehouse:/home/parallels/liam workspace/install/moveit_ros_robot_interaction:/home/parallels/liam workspace/install/moveit_kinematics:/home/parallels/liam workspace/install/moveit_ros_planning:/home/parallels/liam workspace/install/moveit_ros_occupancy_map_monitor:/home/parallels/liam workspace/install/moveit_core:/home/parallels/liam workspace/install/srdfdom:/home/parallels/liam workspace/install/moveit_common:${AMENT_PREFIX_PATH} CMAKE_PREFIX_PATH=/home/parallels/liam workspace/install/moveit_ros_planning_interface:/home/parallels/liam workspace/install/moveit_ros_move_group:/home/parallels/liam workspace/install/moveit_ros_warehouse:/home/parallels/liam workspace/install/moveit_ros_robot_interaction:/home/parallels/liam workspace/install/moveit_kinematics:/home/parallels/liam workspace/install/moveit_ros_planning:/home/parallels/liam workspace/install/moveit_ros_occupancy_map_monitor:/home/parallels/liam workspace/install/moveit_core:/home/parallels/liam workspace/install/srdfdom:/home/parallels/liam workspace/install/moveit_common:/home/parallels/ws_moveit2/install/pilz_industrial_motion_planner_testutils:/home/parallels/ws_moveit2/install/moveit_runtime:/home/parallels/ws_moveit2/install/moveit2_tutorials:/home/parallels/ws_moveit2/install/moveit:/home/parallels/ws_moveit2/install/moveit_planners:/home/parallels/ws_moveit2/install/pilz_industrial_motion_planner:/home/parallels/ws_moveit2/install/moveit_visual_tools:/home/parallels/ws_moveit2/install/moveit_task_constructor_visualization:/home/parallels/ws_moveit2/install/moveit_task_constructor_demo:/home/parallels/ws_moveit2/install/moveit_task_constructor_capabilities:/home/parallels/ws_moveit2/install/moveit_task_constructor_core:/home/parallels/ws_moveit2/install/moveit_ros_control_interface:/home/parallels/ws_moveit2/install/moveit_plugins:/home/parallels/ws_moveit2/install/moveit_simple_controller_manager:/home/parallels/ws_moveit2/install/moveit_setup_assistant:/home/parallels/ws_moveit2/install/moveit_setup_srdf_plugins:/home/parallels/ws_moveit2/install/moveit_setup_core_plugins:/home/parallels/ws_moveit2/install/moveit_setup_controllers:/home/parallels/ws_moveit2/install/moveit_setup_app_plugins:/home/parallels/ws_moveit2/install/moveit_setup_framework:/home/parallels/ws_moveit2/install/moveit_servo:/home/parallels/ws_moveit2/install/moveit_ros:/home/parallels/ws_moveit2/install/moveit_ros_visualization:/home/parallels/ws_moveit2/install/moveit_hybrid_planning:/home/parallels/ws_moveit2/install/moveit_ros_planning_interface:/home/parallels/ws_moveit2/install/moveit_ros_benchmarks:/home/parallels/ws_moveit2/install/moveit_ros_warehouse:/home/parallels/ws_moveit2/install/moveit_ros_robot_interaction:/home/parallels/ws_moveit2/install/moveit_ros_perception:/home/parallels/ws_moveit2/install/moveit_resources_prbt_pg70_support:/home/parallels/ws_moveit2/install/moveit_resources_prbt_moveit_config:/home/parallels/ws_moveit2/install/moveit_ros_move_group:/home/parallels/ws_moveit2/install/moveit_planners_ompl:/home/parallels/ws_moveit2/install/moveit_ros_planning:/home/parallels/ws_moveit2/install/moveit_ros_occupancy_map_monitor:/home/parallels/ws_moveit2/install/moveit_resources_prbt_ikfast_manipulator_plugin:/home/parallels/ws_moveit2/install/moveit_planners_chomp:/home/parallels/ws_moveit2/install/moveit_kinematics:/home/parallels/ws_moveit2/install/moveit_chomp_optimizer_adapter:/home/parallels/ws_moveit2/install/chomp_motion_planner:/home/parallels/ws_moveit2/install/moveit_core:/home/parallels/ws_moveit2/install/srdfdom:/home/parallels/ws_moveit2/install/rviz_marker_tools:/home/parallels/ws_moveit2/install/rosparam_shortcuts:/home/parallels/ws_moveit2/install/pantilt_bot_description:/home/parallels/ws_moveit2/install/open_manipulator_x_description:/home/parallels/ws_moveit2/install/moveit_task_constructor_msgs:/home/parallels/ws_moveit2/install/moveit_resources_prbt_support:/home/parallels/ws_moveit2/install/moveit_resources:/home/parallels/ws_moveit2/install/moveit_resources_pr2_description:/home/parallels/ws_moveit2/install/moveit_resources_panda_moveit_config:/home/parallels/ws_moveit2/install/moveit_resources_panda_description:/home/parallels/ws_moveit2/install/moveit_resources_fanuc_moveit_config:/home/parallels/ws_moveit2/install/moveit_resources_fanuc_description:/home/parallels/ws_moveit2/install/moveit_common:/home/parallels/ws_moveit2/install/dynamixel_workbench:/home/parallels/ws_moveit2/install/dynamixel_hardware:/home/parallels/ws_moveit2/install/dynamixel_workbench_toolbox:/home/parallels/ws_moveit2/install/dynamixel_workbench_msgs:/home/parallels/ws_moveit2/install/moveit_configs_utils:/home/parallels/ws_moveit2/install/launch_param_builder:/opt/ros/humble LD_LIBRARY_PATH=/home/parallels/liam workspace/install/moveit_ros_planning_interface/lib:/home/parallels/liam workspace/install/moveit_ros_move_group/lib:/home/parallels/liam workspace/install/moveit_ros_warehouse/lib:/home/parallels/liam workspace/install/moveit_ros_robot_interaction/lib:/home/parallels/liam workspace/install/moveit_kinematics/lib:/home/parallels/liam workspace/install/moveit_ros_planning/lib:/home/parallels/liam workspace/install/moveit_ros_occupancy_map_monitor/lib:/home/parallels/liam workspace/install/moveit_core/lib:/home/parallels/liam workspace/install/srdfdom/lib:${LD_LIBRARY_PATH} PATH=/home/parallels/liam workspace/install/moveit_core/bin:${PATH} PYTHONPATH=/home/parallels/liam workspace/install/srdfdom/local/lib/python3.10/dist-packages:${PYTHONPATH} /usr/bin/cmake /home/parallels/liam workspace/src/moveit2/moveit_ros/visualization -DCMAKE_INSTALL_PREFIX=/home/parallels/liam workspace/install/moveit_ros_visualization
[0.072s] -- The C compiler identification is GNU 11.4.0
[0.106s] -- The CXX compiler identification is GNU 11.4.0
[0.111s] -- Detecting C compiler ABI info
[0.160s] -- Detecting C compiler ABI info - done
[0.164s] -- Check for working C compiler: /usr/bin/cc - skipped
[0.164s] -- Detecting C compile features
[0.164s] -- Detecting C compile features - done
[0.166s] -- Detecting CXX compiler ABI info
[0.220s] -- Detecting CXX compiler ABI info - done
[0.224s] -- Check for working CXX compiler: /usr/bin/c++ - skipped
[0.224s] -- Detecting CXX compile features
[0.224s] -- Detecting CXX compile features - done
[0.226s] -- Found moveit_common: 2.5.5 (/home/parallels/liam workspace/install/moveit_common/share/moveit_common/cmake)
[0.231s] -- Found ament_cmake: 1.3.9 (/opt/ros/humble/share/ament_cmake/cmake)
[0.326s] -- Found Python3: /usr/bin/python3 (found version "3.10.12") found components: Interpreter 
[0.472s] -- Found libdw: /usr/lib/aarch64-linux-gnu/libdw.so  
[0.477s] -- Could NOT find libbfd (missing: LIBBFD_LIBRARY LIBBFD_INCLUDE_DIR) 
[0.478s] -- BACKWARD_HAS_UNWIND=1
[0.478s] -- BACKWARD_HAS_BACKTRACE=0
[0.478s] -- BACKWARD_HAS_BACKTRACE_SYMBOL=0
[0.478s] -- BACKWARD_HAS_DW=1
[0.478s] -- BACKWARD_HAS_BFD=0
[0.478s] -- Found Backward: /opt/ros/humble/share/backward_ros/cmake  
[0.478s] [0mmoveit_ros_visualization: You did not request a specific build type: Choosing 'Release' for maximum performance[0m
[0.483s] -- Found class_loader: 2.2.0 (/opt/ros/humble/share/class_loader/cmake)
[0.509s] -- Found geometric_shapes: 2.1.3 (/opt/ros/humble/share/geometric_shapes/cmake)
[0.525s] -- Found Boost: /usr/lib/aarch64-linux-gnu/cmake/Boost-1.74.0/BoostConfig.cmake (found version "1.74.0") found components: filesystem 
[0.601s] -- Found rosidl_generator_c: 3.1.5 (/opt/ros/humble/share/rosidl_generator_c/cmake)
[0.611s] -- Found rosidl_adapter: 3.1.5 (/opt/ros/humble/share/rosidl_adapter/cmake)
[0.624s] -- Found rosidl_generator_cpp: 3.1.5 (/opt/ros/humble/share/rosidl_generator_cpp/cmake)
[0.641s] -- Using all available rosidl_typesupport_c: rosidl_typesupport_fastrtps_c;rosidl_typesupport_introspection_c
[0.658s] -- Using all available rosidl_typesupport_cpp: rosidl_typesupport_fastrtps_cpp;rosidl_typesupport_introspection_cpp
[0.827s] -- Found rmw_implementation_cmake: 6.1.2 (/opt/ros/humble/share/rmw_implementation_cmake/cmake)
[0.834s] -- Found rmw_fastrtps_cpp: 6.2.6 (/opt/ros/humble/share/rmw_fastrtps_cpp/cmake)
[0.925s] -- Found OpenSSL: /usr/lib/aarch64-linux-gnu/libcrypto.so (found version "3.0.2")  
[0.946s] -- Found FastRTPS: /opt/ros/humble/include  
[0.988s] -- Using RMW implementation 'rmw_fastrtps_cpp' as default
[1.004s] -- Looking for pthread.h
[1.069s] -- Looking for pthread.h - found
[1.070s] -- Performing Test CMAKE_HAVE_LIBC_PTHREAD
[1.137s] -- Performing Test CMAKE_HAVE_LIBC_PTHREAD - Success
[1.137s] -- Found Threads: TRUE  
[1.296s] -- library: /usr/lib/aarch64-linux-gnu/libcurl.so
[1.497s] -- Found interactive_markers: 2.3.2 (/opt/ros/humble/share/interactive_markers/cmake)
[1.512s] -- Found moveit_ros_planning: 2.5.5 (/home/parallels/liam workspace/install/moveit_ros_planning/share/moveit_ros_planning/cmake)
[1.545s] -- Found Boost: /usr/lib/aarch64-linux-gnu/cmake/Boost-1.74.0/BoostConfig.cmake (found version "1.74.0") found components: system filesystem date_time program_options thread chrono 
[1.888s] -- Found Boost: /usr/lib/aarch64-linux-gnu/cmake/Boost-1.74.0/BoostConfig.cmake (found version "1.74.0") found components: chrono date_time filesystem iostreams program_options regex serialization system thread 
[1.934s] -- Found parameter_traits: 0.3.8 (/opt/ros/humble/share/parameter_traits/cmake)
[1.954s] -- Found Eigen3: TRUE (found version "3.4.0") 
[1.959s] -- Found rclcpp_lifecycle: 16.0.9 (/opt/ros/humble/share/rclcpp_lifecycle/cmake)
[2.015s] -- Ensuring Eigen3 include directory is part of orocos-kdl CMake target
[2.906s] -- Found moveit_ros_planning_interface: 2.5.5 (/home/parallels/liam workspace/install/moveit_ros_planning_interface/share/moveit_ros_planning_interface/cmake)
[2.908s] -- Found Boost: /usr/lib/aarch64-linux-gnu/cmake/Boost-1.74.0/BoostConfig.cmake (found version "1.74.0") found components: date_time filesystem program_options system thread 
[3.046s] -- Found Boost: /usr/lib/aarch64-linux-gnu/cmake/Boost-1.74.0/BoostConfig.cmake (found version "1.74.0") found components: thread system filesystem regex date_time program_options 
[3.221s] -- Found Boost: /usr/lib/aarch64-linux-gnu/cmake/Boost-1.74.0/BoostConfig.cmake (found version "1.74.0") found components: system filesystem date_time program_options thread 
[3.526s] -- Found moveit_ros_robot_interaction: 2.5.5 (/home/parallels/liam workspace/install/moveit_ros_robot_interaction/share/moveit_ros_robot_interaction/cmake)
[3.625s] -- Found rclpy: 3.3.13 (/opt/ros/humble/share/rclpy/cmake)
[3.629s] -- Found rviz2: 11.2.12 (/opt/ros/humble/share/rviz2/cmake)
[3.635s] -- Found rviz_common: 11.2.12 (/opt/ros/humble/share/rviz_common/cmake)
[3.669s] -- Setting OGRE_DIR to: '/opt/ros/humble/share/rviz_ogre_vendor/cmake/../../../opt/rviz_ogre_vendor/lib/OGRE/cmake'
[3.669s] -- Found OGRE
[3.669s] --   static     : OFF
[3.669s] --   components : HLMS;MeshLodGenerator;Overlay;Paging;Property;RTShaderSystem;Terrain;Volume
[3.669s] --   plugins    : Plugin_BSPSceneManager;Plugin_OctreeSceneManager;Plugin_PCZSceneManager;Plugin_ParticleFX;RenderSystem_GL;RenderSystem_GL3Plus;Codec_STBI
[3.669s] --   media      : /opt/ros/humble/opt/rviz_ogre_vendor/share/OGRE/Media
[3.669s] -- OGRE_LIBRARIES: OgreHLMS;OgreMeshLodGenerator;OgreOverlay;OgrePaging;OgreProperty;OgreRTShaderSystem;OgreTerrain;OgreVolume;OgreMain
[3.669s] -- OGRE_LIBRARY_DIRS: /opt/ros/humble/opt/rviz_ogre_vendor/lib
[3.669s] -- OGRE_PLUGINS: Plugin_BSPSceneManager;Plugin_OctreeSceneManager;Plugin_PCZSceneManager;Plugin_ParticleFX;RenderSystem_GL;RenderSystem_GL3Plus;Codec_STBI
[3.670s] -- OGRE_PLUGIN_DIR: /opt/ros/humble/opt/rviz_ogre_vendor/lib/OGRE
[3.670s] -- rviz_ogre_vendor::OgreOverlay for IMPORTED_LOCATION_RELEASE: /opt/ros/humble/opt/rviz_ogre_vendor/lib/libOgreOverlay.so
[3.670s] -- rviz_ogre_vendor::OgreOverlay for IMPORTED_LOCATION_DEBUG: /opt/ros/humble/opt/rviz_ogre_vendor/lib/libOgreOverlay.so
[3.670s] -- rviz_ogre_vendor::OgreMain for IMPORTED_LOCATION_RELEASE: /opt/ros/humble/opt/rviz_ogre_vendor/lib/libOgreMain.so
[3.670s] -- rviz_ogre_vendor::OgreMain for IMPORTED_LOCATION_DEBUG: /opt/ros/humble/opt/rviz_ogre_vendor/lib/libOgreMain.so
[3.671s] -- Could not find freeimage library
[3.688s] -- Found ZLIB: /usr/lib/aarch64-linux-gnu/libz.so (found version "1.2.11") 
[3.695s] -- Found OpenGL: /usr/lib/aarch64-linux-gnu/libOpenGL.so   
[3.786s] -- Found X11: /usr/include   
[3.786s] -- Looking for XOpenDisplay in /usr/lib/aarch64-linux-gnu/libX11.so;/usr/lib/aarch64-linux-gnu/libXext.so
[3.853s] -- Looking for XOpenDisplay in /usr/lib/aarch64-linux-gnu/libX11.so;/usr/lib/aarch64-linux-gnu/libXext.so - found
[3.853s] -- Looking for gethostbyname
[3.919s] -- Looking for gethostbyname - found
[3.919s] -- Looking for connect
[4.030s] -- Looking for connect - found
[4.030s] -- Looking for remove
[4.238s] -- Looking for remove - found
[4.238s] -- Looking for shmat
[4.544s] -- Looking for shmat - found
[4.544s] -- Looking for IceConnectionNumber in ICE
[4.837s] -- Looking for IceConnectionNumber in ICE - found
[4.840s] -- rviz_ogre_vendor::RenderSystem_GL for IMPORTED_LOCATION_RELEASE: _render_system_gl_static_library_abs-NOTFOUND
[4.840s] -- rviz_ogre_vendor::RenderSystem_GL for IMPORTED_LOCATION_DEBUG: _render_system_gl_static_library_abs-NOTFOUND
[4.964s] -- Found rviz_default_plugins: 11.2.12 (/opt/ros/humble/share/rviz_default_plugins/cmake)
[6.023s] -- Found Boost: /usr/lib/aarch64-linux-gnu/cmake/Boost-1.74.0/BoostConfig.cmake (found version "1.74.0") found components: thread date_time system filesystem 
[6.173s] -- Performing Test COMPILER_HAS_HIDDEN_VISIBILITY
[6.532s] -- Performing Test COMPILER_HAS_HIDDEN_VISIBILITY - Success
[6.532s] -- Performing Test COMPILER_HAS_HIDDEN_INLINE_VISIBILITY
[6.920s] -- Performing Test COMPILER_HAS_HIDDEN_INLINE_VISIBILITY - Success
[6.920s] -- Performing Test COMPILER_HAS_DEPRECATED_ATTR
[7.248s] -- Performing Test COMPILER_HAS_DEPRECATED_ATTR - Success
[7.333s] -- Found ament_lint_auto: 0.12.11 (/opt/ros/humble/share/ament_lint_auto/cmake)
[7.412s] -- Added test 'cppcheck' to perform static code analysis on C / C++ code
[7.413s] -- Configured cppcheck include dirs: /home/parallels/liam workspace/src/moveit2/moveit_ros/visualization/rviz_plugin_render_tools/include;/home/parallels/liam workspace/src/moveit2/moveit_ros/visualization/robot_state_rviz_plugin/include;/home/parallels/liam workspace/src/moveit2/moveit_ros/visualization/planning_scene_rviz_plugin/include;/home/parallels/liam workspace/src/moveit2/moveit_ros/visualization/motion_planning_rviz_plugin/include;/home/parallels/liam workspace/src/moveit2/moveit_ros/visualization/trajectory_rviz_plugin/include
[7.413s] -- Configured cppcheck exclude dirs and/or files: 
[7.417s] -- Added test 'lint_cmake' to check CMake code style
[7.419s] -- Added test 'pep257' to check Python code against some of the docstring style conventions in PEP 257
[7.422s] -- Added test 'xmllint' to check XML markup files
[7.427s] -- Configuring done
[7.919s] -- Generating done
[7.927s] -- Build files have been written to: /home/parallels/liam workspace/build/moveit_ros_visualization
[7.983s] Invoked command in '/home/parallels/liam workspace/build/moveit_ros_visualization' returned '0': AMENT_PREFIX_PATH=/home/parallels/liam workspace/install/moveit_ros_planning_interface:/home/parallels/liam workspace/install/moveit_ros_move_group:/home/parallels/liam workspace/install/moveit_ros_warehouse:/home/parallels/liam workspace/install/moveit_ros_robot_interaction:/home/parallels/liam workspace/install/moveit_kinematics:/home/parallels/liam workspace/install/moveit_ros_planning:/home/parallels/liam workspace/install/moveit_ros_occupancy_map_monitor:/home/parallels/liam workspace/install/moveit_core:/home/parallels/liam workspace/install/srdfdom:/home/parallels/liam workspace/install/moveit_common:${AMENT_PREFIX_PATH} CMAKE_PREFIX_PATH=/home/parallels/liam workspace/install/moveit_ros_planning_interface:/home/parallels/liam workspace/install/moveit_ros_move_group:/home/parallels/liam workspace/install/moveit_ros_warehouse:/home/parallels/liam workspace/install/moveit_ros_robot_interaction:/home/parallels/liam workspace/install/moveit_kinematics:/home/parallels/liam workspace/install/moveit_ros_planning:/home/parallels/liam workspace/install/moveit_ros_occupancy_map_monitor:/home/parallels/liam workspace/install/moveit_core:/home/parallels/liam workspace/install/srdfdom:/home/parallels/liam workspace/install/moveit_common:/home/parallels/ws_moveit2/install/pilz_industrial_motion_planner_testutils:/home/parallels/ws_moveit2/install/moveit_runtime:/home/parallels/ws_moveit2/install/moveit2_tutorials:/home/parallels/ws_moveit2/install/moveit:/home/parallels/ws_moveit2/install/moveit_planners:/home/parallels/ws_moveit2/install/pilz_industrial_motion_planner:/home/parallels/ws_moveit2/install/moveit_visual_tools:/home/parallels/ws_moveit2/install/moveit_task_constructor_visualization:/home/parallels/ws_moveit2/install/moveit_task_constructor_demo:/home/parallels/ws_moveit2/install/moveit_task_constructor_capabilities:/home/parallels/ws_moveit2/install/moveit_task_constructor_core:/home/parallels/ws_moveit2/install/moveit_ros_control_interface:/home/parallels/ws_moveit2/install/moveit_plugins:/home/parallels/ws_moveit2/install/moveit_simple_controller_manager:/home/parallels/ws_moveit2/install/moveit_setup_assistant:/home/parallels/ws_moveit2/install/moveit_setup_srdf_plugins:/home/parallels/ws_moveit2/install/moveit_setup_core_plugins:/home/parallels/ws_moveit2/install/moveit_setup_controllers:/home/parallels/ws_moveit2/install/moveit_setup_app_plugins:/home/parallels/ws_moveit2/install/moveit_setup_framework:/home/parallels/ws_moveit2/install/moveit_servo:/home/parallels/ws_moveit2/install/moveit_ros:/home/parallels/ws_moveit2/install/moveit_ros_visualization:/home/parallels/ws_moveit2/install/moveit_hybrid_planning:/home/parallels/ws_moveit2/install/moveit_ros_planning_interface:/home/parallels/ws_moveit2/install/moveit_ros_benchmarks:/home/parallels/ws_moveit2/install/moveit_ros_warehouse:/home/parallels/ws_moveit2/install/moveit_ros_robot_interaction:/home/parallels/ws_moveit2/install/moveit_ros_perception:/home/parallels/ws_moveit2/install/moveit_resources_prbt_pg70_support:/home/parallels/ws_moveit2/install/moveit_resources_prbt_moveit_config:/home/parallels/ws_moveit2/install/moveit_ros_move_group:/home/parallels/ws_moveit2/install/moveit_planners_ompl:/home/parallels/ws_moveit2/install/moveit_ros_planning:/home/parallels/ws_moveit2/install/moveit_ros_occupancy_map_monitor:/home/parallels/ws_moveit2/install/moveit_resources_prbt_ikfast_manipulator_plugin:/home/parallels/ws_moveit2/install/moveit_planners_chomp:/home/parallels/ws_moveit2/install/moveit_kinematics:/home/parallels/ws_moveit2/install/moveit_chomp_optimizer_adapter:/home/parallels/ws_moveit2/install/chomp_motion_planner:/home/parallels/ws_moveit2/install/moveit_core:/home/parallels/ws_moveit2/install/srdfdom:/home/parallels/ws_moveit2/install/rviz_marker_tools:/home/parallels/ws_moveit2/install/rosparam_shortcuts:/home/parallels/ws_moveit2/install/pantilt_bot_description:/home/parallels/ws_moveit2/install/open_manipulator_x_description:/home/parallels/ws_moveit2/install/moveit_task_constructor_msgs:/home/parallels/ws_moveit2/install/moveit_resources_prbt_support:/home/parallels/ws_moveit2/install/moveit_resources:/home/parallels/ws_moveit2/install/moveit_resources_pr2_description:/home/parallels/ws_moveit2/install/moveit_resources_panda_moveit_config:/home/parallels/ws_moveit2/install/moveit_resources_panda_description:/home/parallels/ws_moveit2/install/moveit_resources_fanuc_moveit_config:/home/parallels/ws_moveit2/install/moveit_resources_fanuc_description:/home/parallels/ws_moveit2/install/moveit_common:/home/parallels/ws_moveit2/install/dynamixel_workbench:/home/parallels/ws_moveit2/install/dynamixel_hardware:/home/parallels/ws_moveit2/install/dynamixel_workbench_toolbox:/home/parallels/ws_moveit2/install/dynamixel_workbench_msgs:/home/parallels/ws_moveit2/install/moveit_configs_utils:/home/parallels/ws_moveit2/install/launch_param_builder:/opt/ros/humble LD_LIBRARY_PATH=/home/parallels/liam workspace/install/moveit_ros_planning_interface/lib:/home/parallels/liam workspace/install/moveit_ros_move_group/lib:/home/parallels/liam workspace/install/moveit_ros_warehouse/lib:/home/parallels/liam workspace/install/moveit_ros_robot_interaction/lib:/home/parallels/liam workspace/install/moveit_kinematics/lib:/home/parallels/liam workspace/install/moveit_ros_planning/lib:/home/parallels/liam workspace/install/moveit_ros_occupancy_map_monitor/lib:/home/parallels/liam workspace/install/moveit_core/lib:/home/parallels/liam workspace/install/srdfdom/lib:${LD_LIBRARY_PATH} PATH=/home/parallels/liam workspace/install/moveit_core/bin:${PATH} PYTHONPATH=/home/parallels/liam workspace/install/srdfdom/local/lib/python3.10/dist-packages:${PYTHONPATH} /usr/bin/cmake /home/parallels/liam workspace/src/moveit2/moveit_ros/visualization -DCMAKE_INSTALL_PREFIX=/home/parallels/liam workspace/install/moveit_ros_visualization
[7.983s] Invoking command in '/home/parallels/liam workspace/build/moveit_ros_visualization': AMENT_PREFIX_PATH=/home/parallels/liam workspace/install/moveit_ros_planning_interface:/home/parallels/liam workspace/install/moveit_ros_move_group:/home/parallels/liam workspace/install/moveit_ros_warehouse:/home/parallels/liam workspace/install/moveit_ros_robot_interaction:/home/parallels/liam workspace/install/moveit_kinematics:/home/parallels/liam workspace/install/moveit_ros_planning:/home/parallels/liam workspace/install/moveit_ros_occupancy_map_monitor:/home/parallels/liam workspace/install/moveit_core:/home/parallels/liam workspace/install/srdfdom:/home/parallels/liam workspace/install/moveit_common:${AMENT_PREFIX_PATH} CMAKE_PREFIX_PATH=/home/parallels/liam workspace/install/moveit_ros_planning_interface:/home/parallels/liam workspace/install/moveit_ros_move_group:/home/parallels/liam workspace/install/moveit_ros_warehouse:/home/parallels/liam workspace/install/moveit_ros_robot_interaction:/home/parallels/liam workspace/install/moveit_kinematics:/home/parallels/liam workspace/install/moveit_ros_planning:/home/parallels/liam workspace/install/moveit_ros_occupancy_map_monitor:/home/parallels/liam workspace/install/moveit_core:/home/parallels/liam workspace/install/srdfdom:/home/parallels/liam workspace/install/moveit_common:/home/parallels/ws_moveit2/install/pilz_industrial_motion_planner_testutils:/home/parallels/ws_moveit2/install/moveit_runtime:/home/parallels/ws_moveit2/install/moveit2_tutorials:/home/parallels/ws_moveit2/install/moveit:/home/parallels/ws_moveit2/install/moveit_planners:/home/parallels/ws_moveit2/install/pilz_industrial_motion_planner:/home/parallels/ws_moveit2/install/moveit_visual_tools:/home/parallels/ws_moveit2/install/moveit_task_constructor_visualization:/home/parallels/ws_moveit2/install/moveit_task_constructor_demo:/home/parallels/ws_moveit2/install/moveit_task_constructor_capabilities:/home/parallels/ws_moveit2/install/moveit_task_constructor_core:/home/parallels/ws_moveit2/install/moveit_ros_control_interface:/home/parallels/ws_moveit2/install/moveit_plugins:/home/parallels/ws_moveit2/install/moveit_simple_controller_manager:/home/parallels/ws_moveit2/install/moveit_setup_assistant:/home/parallels/ws_moveit2/install/moveit_setup_srdf_plugins:/home/parallels/ws_moveit2/install/moveit_setup_core_plugins:/home/parallels/ws_moveit2/install/moveit_setup_controllers:/home/parallels/ws_moveit2/install/moveit_setup_app_plugins:/home/parallels/ws_moveit2/install/moveit_setup_framework:/home/parallels/ws_moveit2/install/moveit_servo:/home/parallels/ws_moveit2/install/moveit_ros:/home/parallels/ws_moveit2/install/moveit_ros_visualization:/home/parallels/ws_moveit2/install/moveit_hybrid_planning:/home/parallels/ws_moveit2/install/moveit_ros_planning_interface:/home/parallels/ws_moveit2/install/moveit_ros_benchmarks:/home/parallels/ws_moveit2/install/moveit_ros_warehouse:/home/parallels/ws_moveit2/install/moveit_ros_robot_interaction:/home/parallels/ws_moveit2/install/moveit_ros_perception:/home/parallels/ws_moveit2/install/moveit_resources_prbt_pg70_support:/home/parallels/ws_moveit2/install/moveit_resources_prbt_moveit_config:/home/parallels/ws_moveit2/install/moveit_ros_move_group:/home/parallels/ws_moveit2/install/moveit_planners_ompl:/home/parallels/ws_moveit2/install/moveit_ros_planning:/home/parallels/ws_moveit2/install/moveit_ros_occupancy_map_monitor:/home/parallels/ws_moveit2/install/moveit_resources_prbt_ikfast_manipulator_plugin:/home/parallels/ws_moveit2/install/moveit_planners_chomp:/home/parallels/ws_moveit2/install/moveit_kinematics:/home/parallels/ws_moveit2/install/moveit_chomp_optimizer_adapter:/home/parallels/ws_moveit2/install/chomp_motion_planner:/home/parallels/ws_moveit2/install/moveit_core:/home/parallels/ws_moveit2/install/srdfdom:/home/parallels/ws_moveit2/install/rviz_marker_tools:/home/parallels/ws_moveit2/install/rosparam_shortcuts:/home/parallels/ws_moveit2/install/pantilt_bot_description:/home/parallels/ws_moveit2/install/open_manipulator_x_description:/home/parallels/ws_moveit2/install/moveit_task_constructor_msgs:/home/parallels/ws_moveit2/install/moveit_resources_prbt_support:/home/parallels/ws_moveit2/install/moveit_resources:/home/parallels/ws_moveit2/install/moveit_resources_pr2_description:/home/parallels/ws_moveit2/install/moveit_resources_panda_moveit_config:/home/parallels/ws_moveit2/install/moveit_resources_panda_description:/home/parallels/ws_moveit2/install/moveit_resources_fanuc_moveit_config:/home/parallels/ws_moveit2/install/moveit_resources_fanuc_description:/home/parallels/ws_moveit2/install/moveit_common:/home/parallels/ws_moveit2/install/dynamixel_workbench:/home/parallels/ws_moveit2/install/dynamixel_hardware:/home/parallels/ws_moveit2/install/dynamixel_workbench_toolbox:/home/parallels/ws_moveit2/install/dynamixel_workbench_msgs:/home/parallels/ws_moveit2/install/moveit_configs_utils:/home/parallels/ws_moveit2/install/launch_param_builder:/opt/ros/humble LD_LIBRARY_PATH=/home/parallels/liam workspace/install/moveit_ros_planning_interface/lib:/home/parallels/liam workspace/install/moveit_ros_move_group/lib:/home/parallels/liam workspace/install/moveit_ros_warehouse/lib:/home/parallels/liam workspace/install/moveit_ros_robot_interaction/lib:/home/parallels/liam workspace/install/moveit_kinematics/lib:/home/parallels/liam workspace/install/moveit_ros_planning/lib:/home/parallels/liam workspace/install/moveit_ros_occupancy_map_monitor/lib:/home/parallels/liam workspace/install/moveit_core/lib:/home/parallels/liam workspace/install/srdfdom/lib:${LD_LIBRARY_PATH} PATH=/home/parallels/liam workspace/install/moveit_core/bin:${PATH} PYTHONPATH=/home/parallels/liam workspace/install/srdfdom/local/lib/python3.10/dist-packages:${PYTHONPATH} /usr/bin/cmake --build /home/parallels/liam workspace/build/moveit_ros_visualization -- -j8 -l8
[8.340s] [  1%] [34m[1mAutomatic MOC for target moveit_rviz_plugin_render_tools[0m
[9.337s] [  1%] Built target moveit_rviz_plugin_render_tools_autogen
[9.442s] [  3%] [32mBuilding CXX object rviz_plugin_render_tools/CMakeFiles/moveit_rviz_plugin_render_tools.dir/moveit_rviz_plugin_render_tools_autogen/mocs_compilation.cpp.o[0m
[9.473s] [  5%] [32mBuilding CXX object rviz_plugin_render_tools/CMakeFiles/moveit_rviz_plugin_render_tools.dir/src/render_shapes.cpp.o[0m
[9.489s] [  6%] [32mBuilding CXX object rviz_plugin_render_tools/CMakeFiles/moveit_rviz_plugin_render_tools.dir/src/robot_state_visualization.cpp.o[0m
[9.602s] [  8%] [32mBuilding CXX object rviz_plugin_render_tools/CMakeFiles/moveit_rviz_plugin_render_tools.dir/src/planning_scene_render.cpp.o[0m
[9.616s] [ 10%] [32mBuilding CXX object rviz_plugin_render_tools/CMakeFiles/moveit_rviz_plugin_render_tools.dir/src/planning_link_updater.cpp.o[0m
[9.653s] [ 12%] [32mBuilding CXX object rviz_plugin_render_tools/CMakeFiles/moveit_rviz_plugin_render_tools.dir/src/trajectory_visualization.cpp.o[0m
[9.654s] [ 13%] [32mBuilding CXX object rviz_plugin_render_tools/CMakeFiles/moveit_rviz_plugin_render_tools.dir/src/octomap_render.cpp.o[0m
[9.691s] [ 15%] [32mBuilding CXX object rviz_plugin_render_tools/CMakeFiles/moveit_rviz_plugin_render_tools.dir/src/trajectory_panel.cpp.o[0m
[34.688s] [ 17%] [32mBuilding CXX object rviz_plugin_render_tools/CMakeFiles/moveit_rviz_plugin_render_tools.dir/src/mesh_shape.cpp.o[0m
[35.880s] [ 18%] [32m[1mLinking CXX shared library libmoveit_rviz_plugin_render_tools.so[0m
[37.500s] [ 18%] Built target moveit_rviz_plugin_render_tools
[37.516s] [ 20%] [34m[1mAutomatic MOC for target moveit_robot_state_rviz_plugin_core[0m
[37.696s] [ 20%] Built target moveit_robot_state_rviz_plugin_core_autogen
[37.714s] [ 22%] [34m[1mAutomatic MOC for target moveit_planning_scene_rviz_plugin_core[0m
[37.958s] [ 22%] Built target moveit_planning_scene_rviz_plugin_core_autogen
[37.978s] [ 24%] [32mBuilding CXX object robot_state_rviz_plugin/CMakeFiles/moveit_robot_state_rviz_plugin_core.dir/moveit_robot_state_rviz_plugin_core_autogen/mocs_compilation.cpp.o[0m
[43.638s] [ 25%] [32mBuilding CXX object robot_state_rviz_plugin/CMakeFiles/moveit_robot_state_rviz_plugin_core.dir/src/robot_state_display.cpp.o[0m
[54.619s] [ 27%] [32m[1mLinking CXX shared library libmoveit_robot_state_rviz_plugin_core.so[0m
[55.994s] [ 27%] Built target moveit_robot_state_rviz_plugin_core
[56.011s] [ 29%] [32mBuilding CXX object planning_scene_rviz_plugin/CMakeFiles/moveit_planning_scene_rviz_plugin_core.dir/moveit_planning_scene_rviz_plugin_core_autogen/mocs_compilation.cpp.o[0m
[62.895s] [ 31%] [32mBuilding CXX object planning_scene_rviz_plugin/CMakeFiles/moveit_planning_scene_rviz_plugin_core.dir/src/background_processing.cpp.o[0m
[63.467s] [ 32%] [32mBuilding CXX object planning_scene_rviz_plugin/CMakeFiles/moveit_planning_scene_rviz_plugin_core.dir/src/planning_scene_display.cpp.o[0m
[72.302s] [ 34%] [32m[1mLinking CXX shared library libmoveit_planning_scene_rviz_plugin_core.so[0m
[73.924s] [ 34%] Built target moveit_planning_scene_rviz_plugin_core
[73.943s] [ 36%] [34m[1mAutomatic MOC for target moveit_robot_state_rviz_plugin[0m
[73.973s] [ 36%] Built target moveit_robot_state_rviz_plugin_autogen
[73.993s] [ 37%] [34m[1mAutomatic MOC for target moveit_trajectory_rviz_plugin_core[0m
[74.216s] [ 37%] Built target moveit_trajectory_rviz_plugin_core_autogen
[74.239s] [ 39%] [32mBuilding CXX object robot_state_rviz_plugin/CMakeFiles/moveit_robot_state_rviz_plugin.dir/moveit_robot_state_rviz_plugin_autogen/mocs_compilation.cpp.o[0m
[74.260s] [ 41%] [32mBuilding CXX object robot_state_rviz_plugin/CMakeFiles/moveit_robot_state_rviz_plugin.dir/src/plugin_init.cpp.o[0m
[80.807s] [ 43%] [32m[1mLinking CXX shared library libmoveit_robot_state_rviz_plugin.so[0m
[81.281s] [ 43%] Built target moveit_robot_state_rviz_plugin
[81.384s] [ 44%] [32mBuilding CXX object trajectory_rviz_plugin/CMakeFiles/moveit_trajectory_rviz_plugin_core.dir/moveit_trajectory_rviz_plugin_core_autogen/mocs_compilation.cpp.o[0m
[88.184s] [ 46%] [32mBuilding CXX object trajectory_rviz_plugin/CMakeFiles/moveit_trajectory_rviz_plugin_core.dir/src/trajectory_display.cpp.o[0m
[94.120s] [ 48%] [32m[1mLinking CXX shared library libmoveit_trajectory_rviz_plugin_core.so[0m
[94.571s] [ 48%] Built target moveit_trajectory_rviz_plugin_core
[94.586s] [ 50%] [34m[1mAutomatic MOC for target moveit_planning_scene_rviz_plugin[0m
[94.612s] [ 50%] Built target moveit_planning_scene_rviz_plugin_autogen
[94.629s] [ 51%] [34m[1mAutomatic MOC for target moveit_trajectory_rviz_plugin[0m
[94.653s] [ 51%] Built target moveit_trajectory_rviz_plugin_autogen
[94.671s] [ 53%] [32mBuilding CXX object planning_scene_rviz_plugin/CMakeFiles/moveit_planning_scene_rviz_plugin.dir/moveit_planning_scene_rviz_plugin_autogen/mocs_compilation.cpp.o[0m
[94.691s] [ 55%] [32mBuilding CXX object planning_scene_rviz_plugin/CMakeFiles/moveit_planning_scene_rviz_plugin.dir/src/plugin_init.cpp.o[0m
[101.597s] [ 56%] [32m[1mLinking CXX shared library libmoveit_planning_scene_rviz_plugin.so[0m
[101.774s] [ 56%] Built target moveit_planning_scene_rviz_plugin
[101.792s] [ 58%] [34m[1mAutomatic MOC for target moveit_motion_planning_rviz_plugin_core[0m
[101.793s] [ 60%] [32mBuilding CXX object trajectory_rviz_plugin/CMakeFiles/moveit_trajectory_rviz_plugin.dir/moveit_trajectory_rviz_plugin_autogen/mocs_compilation.cpp.o[0m
[101.793s] [ 62%] [32mBuilding CXX object trajectory_rviz_plugin/CMakeFiles/moveit_trajectory_rviz_plugin.dir/src/plugin_init.cpp.o[0m
[102.815s] [ 62%] Built target moveit_motion_planning_rviz_plugin_core_autogen
[102.825s] [ 63%] [34m[1mGenerating ui_motion_planning_rviz_plugin_frame_joints.h[0m
[102.826s] [ 65%] [34m[1mGenerating ui_motion_planning_rviz_plugin_frame.h[0m
[102.828s] [ 67%] [34m[1mAutomatic RCC for src/icons/icons.qrc[0m
[102.860s] [ 68%] [32mBuilding CXX object motion_planning_rviz_plugin/CMakeFiles/moveit_motion_planning_rviz_plugin_core.dir/moveit_motion_planning_rviz_plugin_core_autogen/mocs_compilation.cpp.o[0m
[102.860s] [ 70%] [32mBuilding CXX object motion_planning_rviz_plugin/CMakeFiles/moveit_motion_planning_rviz_plugin_core.dir/src/motion_planning_frame_context.cpp.o[0m
[102.860s] [ 72%] [32mBuilding CXX object motion_planning_rviz_plugin/CMakeFiles/moveit_motion_planning_rviz_plugin_core.dir/src/motion_planning_frame.cpp.o[0m
[103.897s] [ 74%] [32mBuilding CXX object motion_planning_rviz_plugin/CMakeFiles/moveit_motion_planning_rviz_plugin_core.dir/src/motion_planning_frame_states.cpp.o[0m
[104.944s] [ 75%] [32mBuilding CXX object motion_planning_rviz_plugin/CMakeFiles/moveit_motion_planning_rviz_plugin_core.dir/src/motion_planning_frame_scenes.cpp.o[0m
[104.949s] [ 77%] [32mBuilding CXX object motion_planning_rviz_plugin/CMakeFiles/moveit_motion_planning_rviz_plugin_core.dir/src/motion_planning_frame_objects.cpp.o[0m
[107.003s] [ 79%] [32mBuilding CXX object motion_planning_rviz_plugin/CMakeFiles/moveit_motion_planning_rviz_plugin_core.dir/src/motion_planning_frame_planning.cpp.o[0m
[109.457s] [ 81%] [32m[1mLinking CXX shared library libmoveit_trajectory_rviz_plugin.so[0m
[109.909s] [ 81%] Built target moveit_trajectory_rviz_plugin
[109.957s] [ 82%] [32mBuilding CXX object motion_planning_rviz_plugin/CMakeFiles/moveit_motion_planning_rviz_plugin_core.dir/src/motion_planning_frame_joints_widget.cpp.o[0m
[128.660s] [ 84%] [32mBuilding CXX object motion_planning_rviz_plugin/CMakeFiles/moveit_motion_planning_rviz_plugin_core.dir/moveit_motion_planning_rviz_plugin_core_autogen/2OST2OT5Q2/qrc_icons.cpp.o[0m
[128.684s] [ 86%] [32mBuilding CXX object motion_planning_rviz_plugin/CMakeFiles/moveit_motion_planning_rviz_plugin_core.dir/src/interactive_marker_display.cpp.o[0m
[132.745s] [ 87%] [32mBuilding CXX object motion_planning_rviz_plugin/CMakeFiles/moveit_motion_planning_rviz_plugin_core.dir/src/motion_planning_frame_manipulation.cpp.o[0m
[132.746s] [ 89%] [32mBuilding CXX object motion_planning_rviz_plugin/CMakeFiles/moveit_motion_planning_rviz_plugin_core.dir/src/motion_planning_param_widget.cpp.o[0m
[144.102s] [ 91%] [32mBuilding CXX object motion_planning_rviz_plugin/CMakeFiles/moveit_motion_planning_rviz_plugin_core.dir/src/motion_planning_display.cpp.o[0m
[161.772s] [ 93%] [32m[1mLinking CXX shared library libmoveit_motion_planning_rviz_plugin_core.so[0m
[166.411s] [ 93%] Built target moveit_motion_planning_rviz_plugin_core
[166.432s] [ 94%] [34m[1mAutomatic MOC for target moveit_motion_planning_rviz_plugin[0m
[166.463s] [ 94%] Built target moveit_motion_planning_rviz_plugin_autogen
[166.484s] [ 96%] [32mBuilding CXX object motion_planning_rviz_plugin/CMakeFiles/moveit_motion_planning_rviz_plugin.dir/moveit_motion_planning_rviz_plugin_autogen/mocs_compilation.cpp.o[0m
[166.507s] [ 98%] [32mBuilding CXX object motion_planning_rviz_plugin/CMakeFiles/moveit_motion_planning_rviz_plugin.dir/src/plugin_init.cpp.o[0m
[175.239s] [100%] [32m[1mLinking CXX shared library libmoveit_motion_planning_rviz_plugin.so[0m
[175.469s] [100%] Built target moveit_motion_planning_rviz_plugin
[175.482s] Invoked command in '/home/parallels/liam workspace/build/moveit_ros_visualization' returned '0': AMENT_PREFIX_PATH=/home/parallels/liam workspace/install/moveit_ros_planning_interface:/home/parallels/liam workspace/install/moveit_ros_move_group:/home/parallels/liam workspace/install/moveit_ros_warehouse:/home/parallels/liam workspace/install/moveit_ros_robot_interaction:/home/parallels/liam workspace/install/moveit_kinematics:/home/parallels/liam workspace/install/moveit_ros_planning:/home/parallels/liam workspace/install/moveit_ros_occupancy_map_monitor:/home/parallels/liam workspace/install/moveit_core:/home/parallels/liam workspace/install/srdfdom:/home/parallels/liam workspace/install/moveit_common:${AMENT_PREFIX_PATH} CMAKE_PREFIX_PATH=/home/parallels/liam workspace/install/moveit_ros_planning_interface:/home/parallels/liam workspace/install/moveit_ros_move_group:/home/parallels/liam workspace/install/moveit_ros_warehouse:/home/parallels/liam workspace/install/moveit_ros_robot_interaction:/home/parallels/liam workspace/install/moveit_kinematics:/home/parallels/liam workspace/install/moveit_ros_planning:/home/parallels/liam workspace/install/moveit_ros_occupancy_map_monitor:/home/parallels/liam workspace/install/moveit_core:/home/parallels/liam workspace/install/srdfdom:/home/parallels/liam workspace/install/moveit_common:/home/parallels/ws_moveit2/install/pilz_industrial_motion_planner_testutils:/home/parallels/ws_moveit2/install/moveit_runtime:/home/parallels/ws_moveit2/install/moveit2_tutorials:/home/parallels/ws_moveit2/install/moveit:/home/parallels/ws_moveit2/install/moveit_planners:/home/parallels/ws_moveit2/install/pilz_industrial_motion_planner:/home/parallels/ws_moveit2/install/moveit_visual_tools:/home/parallels/ws_moveit2/install/moveit_task_constructor_visualization:/home/parallels/ws_moveit2/install/moveit_task_constructor_demo:/home/parallels/ws_moveit2/install/moveit_task_constructor_capabilities:/home/parallels/ws_moveit2/install/moveit_task_constructor_core:/home/parallels/ws_moveit2/install/moveit_ros_control_interface:/home/parallels/ws_moveit2/install/moveit_plugins:/home/parallels/ws_moveit2/install/moveit_simple_controller_manager:/home/parallels/ws_moveit2/install/moveit_setup_assistant:/home/parallels/ws_moveit2/install/moveit_setup_srdf_plugins:/home/parallels/ws_moveit2/install/moveit_setup_core_plugins:/home/parallels/ws_moveit2/install/moveit_setup_controllers:/home/parallels/ws_moveit2/install/moveit_setup_app_plugins:/home/parallels/ws_moveit2/install/moveit_setup_framework:/home/parallels/ws_moveit2/install/moveit_servo:/home/parallels/ws_moveit2/install/moveit_ros:/home/parallels/ws_moveit2/install/moveit_ros_visualization:/home/parallels/ws_moveit2/install/moveit_hybrid_planning:/home/parallels/ws_moveit2/install/moveit_ros_planning_interface:/home/parallels/ws_moveit2/install/moveit_ros_benchmarks:/home/parallels/ws_moveit2/install/moveit_ros_warehouse:/home/parallels/ws_moveit2/install/moveit_ros_robot_interaction:/home/parallels/ws_moveit2/install/moveit_ros_perception:/home/parallels/ws_moveit2/install/moveit_resources_prbt_pg70_support:/home/parallels/ws_moveit2/install/moveit_resources_prbt_moveit_config:/home/parallels/ws_moveit2/install/moveit_ros_move_group:/home/parallels/ws_moveit2/install/moveit_planners_ompl:/home/parallels/ws_moveit2/install/moveit_ros_planning:/home/parallels/ws_moveit2/install/moveit_ros_occupancy_map_monitor:/home/parallels/ws_moveit2/install/moveit_resources_prbt_ikfast_manipulator_plugin:/home/parallels/ws_moveit2/install/moveit_planners_chomp:/home/parallels/ws_moveit2/install/moveit_kinematics:/home/parallels/ws_moveit2/install/moveit_chomp_optimizer_adapter:/home/parallels/ws_moveit2/install/chomp_motion_planner:/home/parallels/ws_moveit2/install/moveit_core:/home/parallels/ws_moveit2/install/srdfdom:/home/parallels/ws_moveit2/install/rviz_marker_tools:/home/parallels/ws_moveit2/install/rosparam_shortcuts:/home/parallels/ws_moveit2/install/pantilt_bot_description:/home/parallels/ws_moveit2/install/open_manipulator_x_description:/home/parallels/ws_moveit2/install/moveit_task_constructor_msgs:/home/parallels/ws_moveit2/install/moveit_resources_prbt_support:/home/parallels/ws_moveit2/install/moveit_resources:/home/parallels/ws_moveit2/install/moveit_resources_pr2_description:/home/parallels/ws_moveit2/install/moveit_resources_panda_moveit_config:/home/parallels/ws_moveit2/install/moveit_resources_panda_description:/home/parallels/ws_moveit2/install/moveit_resources_fanuc_moveit_config:/home/parallels/ws_moveit2/install/moveit_resources_fanuc_description:/home/parallels/ws_moveit2/install/moveit_common:/home/parallels/ws_moveit2/install/dynamixel_workbench:/home/parallels/ws_moveit2/install/dynamixel_hardware:/home/parallels/ws_moveit2/install/dynamixel_workbench_toolbox:/home/parallels/ws_moveit2/install/dynamixel_workbench_msgs:/home/parallels/ws_moveit2/install/moveit_configs_utils:/home/parallels/ws_moveit2/install/launch_param_builder:/opt/ros/humble LD_LIBRARY_PATH=/home/parallels/liam workspace/install/moveit_ros_planning_interface/lib:/home/parallels/liam workspace/install/moveit_ros_move_group/lib:/home/parallels/liam workspace/install/moveit_ros_warehouse/lib:/home/parallels/liam workspace/install/moveit_ros_robot_interaction/lib:/home/parallels/liam workspace/install/moveit_kinematics/lib:/home/parallels/liam workspace/install/moveit_ros_planning/lib:/home/parallels/liam workspace/install/moveit_ros_occupancy_map_monitor/lib:/home/parallels/liam workspace/install/moveit_core/lib:/home/parallels/liam workspace/install/srdfdom/lib:${LD_LIBRARY_PATH} PATH=/home/parallels/liam workspace/install/moveit_core/bin:${PATH} PYTHONPATH=/home/parallels/liam workspace/install/srdfdom/local/lib/python3.10/dist-packages:${PYTHONPATH} /usr/bin/cmake --build /home/parallels/liam workspace/build/moveit_ros_visualization -- -j8 -l8
[175.516s] Invoking command in '/home/parallels/liam workspace/build/moveit_ros_visualization': AMENT_PREFIX_PATH=/home/parallels/liam workspace/install/moveit_ros_planning_interface:/home/parallels/liam workspace/install/moveit_ros_move_group:/home/parallels/liam workspace/install/moveit_ros_warehouse:/home/parallels/liam workspace/install/moveit_ros_robot_interaction:/home/parallels/liam workspace/install/moveit_kinematics:/home/parallels/liam workspace/install/moveit_ros_planning:/home/parallels/liam workspace/install/moveit_ros_occupancy_map_monitor:/home/parallels/liam workspace/install/moveit_core:/home/parallels/liam workspace/install/srdfdom:/home/parallels/liam workspace/install/moveit_common:${AMENT_PREFIX_PATH} CMAKE_PREFIX_PATH=/home/parallels/liam workspace/install/moveit_ros_planning_interface:/home/parallels/liam workspace/install/moveit_ros_move_group:/home/parallels/liam workspace/install/moveit_ros_warehouse:/home/parallels/liam workspace/install/moveit_ros_robot_interaction:/home/parallels/liam workspace/install/moveit_kinematics:/home/parallels/liam workspace/install/moveit_ros_planning:/home/parallels/liam workspace/install/moveit_ros_occupancy_map_monitor:/home/parallels/liam workspace/install/moveit_core:/home/parallels/liam workspace/install/srdfdom:/home/parallels/liam workspace/install/moveit_common:/home/parallels/ws_moveit2/install/pilz_industrial_motion_planner_testutils:/home/parallels/ws_moveit2/install/moveit_runtime:/home/parallels/ws_moveit2/install/moveit2_tutorials:/home/parallels/ws_moveit2/install/moveit:/home/parallels/ws_moveit2/install/moveit_planners:/home/parallels/ws_moveit2/install/pilz_industrial_motion_planner:/home/parallels/ws_moveit2/install/moveit_visual_tools:/home/parallels/ws_moveit2/install/moveit_task_constructor_visualization:/home/parallels/ws_moveit2/install/moveit_task_constructor_demo:/home/parallels/ws_moveit2/install/moveit_task_constructor_capabilities:/home/parallels/ws_moveit2/install/moveit_task_constructor_core:/home/parallels/ws_moveit2/install/moveit_ros_control_interface:/home/parallels/ws_moveit2/install/moveit_plugins:/home/parallels/ws_moveit2/install/moveit_simple_controller_manager:/home/parallels/ws_moveit2/install/moveit_setup_assistant:/home/parallels/ws_moveit2/install/moveit_setup_srdf_plugins:/home/parallels/ws_moveit2/install/moveit_setup_core_plugins:/home/parallels/ws_moveit2/install/moveit_setup_controllers:/home/parallels/ws_moveit2/install/moveit_setup_app_plugins:/home/parallels/ws_moveit2/install/moveit_setup_framework:/home/parallels/ws_moveit2/install/moveit_servo:/home/parallels/ws_moveit2/install/moveit_ros:/home/parallels/ws_moveit2/install/moveit_ros_visualization:/home/parallels/ws_moveit2/install/moveit_hybrid_planning:/home/parallels/ws_moveit2/install/moveit_ros_planning_interface:/home/parallels/ws_moveit2/install/moveit_ros_benchmarks:/home/parallels/ws_moveit2/install/moveit_ros_warehouse:/home/parallels/ws_moveit2/install/moveit_ros_robot_interaction:/home/parallels/ws_moveit2/install/moveit_ros_perception:/home/parallels/ws_moveit2/install/moveit_resources_prbt_pg70_support:/home/parallels/ws_moveit2/install/moveit_resources_prbt_moveit_config:/home/parallels/ws_moveit2/install/moveit_ros_move_group:/home/parallels/ws_moveit2/install/moveit_planners_ompl:/home/parallels/ws_moveit2/install/moveit_ros_planning:/home/parallels/ws_moveit2/install/moveit_ros_occupancy_map_monitor:/home/parallels/ws_moveit2/install/moveit_resources_prbt_ikfast_manipulator_plugin:/home/parallels/ws_moveit2/install/moveit_planners_chomp:/home/parallels/ws_moveit2/install/moveit_kinematics:/home/parallels/ws_moveit2/install/moveit_chomp_optimizer_adapter:/home/parallels/ws_moveit2/install/chomp_motion_planner:/home/parallels/ws_moveit2/install/moveit_core:/home/parallels/ws_moveit2/install/srdfdom:/home/parallels/ws_moveit2/install/rviz_marker_tools:/home/parallels/ws_moveit2/install/rosparam_shortcuts:/home/parallels/ws_moveit2/install/pantilt_bot_description:/home/parallels/ws_moveit2/install/open_manipulator_x_description:/home/parallels/ws_moveit2/install/moveit_task_constructor_msgs:/home/parallels/ws_moveit2/install/moveit_resources_prbt_support:/home/parallels/ws_moveit2/install/moveit_resources:/home/parallels/ws_moveit2/install/moveit_resources_pr2_description:/home/parallels/ws_moveit2/install/moveit_resources_panda_moveit_config:/home/parallels/ws_moveit2/install/moveit_resources_panda_description:/home/parallels/ws_moveit2/install/moveit_resources_fanuc_moveit_config:/home/parallels/ws_moveit2/install/moveit_resources_fanuc_description:/home/parallels/ws_moveit2/install/moveit_common:/home/parallels/ws_moveit2/install/dynamixel_workbench:/home/parallels/ws_moveit2/install/dynamixel_hardware:/home/parallels/ws_moveit2/install/dynamixel_workbench_toolbox:/home/parallels/ws_moveit2/install/dynamixel_workbench_msgs:/home/parallels/ws_moveit2/install/moveit_configs_utils:/home/parallels/ws_moveit2/install/launch_param_builder:/opt/ros/humble LD_LIBRARY_PATH=/home/parallels/liam workspace/install/moveit_ros_planning_interface/lib:/home/parallels/liam workspace/install/moveit_ros_move_group/lib:/home/parallels/liam workspace/install/moveit_ros_warehouse/lib:/home/parallels/liam workspace/install/moveit_ros_robot_interaction/lib:/home/parallels/liam workspace/install/moveit_kinematics/lib:/home/parallels/liam workspace/install/moveit_ros_planning/lib:/home/parallels/liam workspace/install/moveit_ros_occupancy_map_monitor/lib:/home/parallels/liam workspace/install/moveit_core/lib:/home/parallels/liam workspace/install/srdfdom/lib:${LD_LIBRARY_PATH} PATH=/home/parallels/liam workspace/install/moveit_core/bin:${PATH} PYTHONPATH=/home/parallels/liam workspace/install/srdfdom/local/lib/python3.10/dist-packages:${PYTHONPATH} /usr/bin/cmake --install /home/parallels/liam workspace/build/moveit_ros_visualization
[175.522s] -- Install configuration: "Release"
[175.522s] -- Installing: /home/parallels/liam workspace/install/moveit_ros_visualization/include
[175.522s] -- Installing: /home/parallels/liam workspace/install/moveit_ros_visualization/include/moveit
[175.522s] -- Installing: /home/parallels/liam workspace/install/moveit_ros_visualization/include/moveit/rviz_plugin_render_tools
[175.522s] -- Installing: /home/parallels/liam workspace/install/moveit_ros_visualization/include/moveit/rviz_plugin_render_tools/planning_scene_render.h
[175.523s] -- Installing: /home/parallels/liam workspace/install/moveit_ros_visualization/include/moveit/rviz_plugin_render_tools/trajectory_visualization.h
[175.523s] -- Installing: /home/parallels/liam workspace/install/moveit_ros_visualization/include/moveit/rviz_plugin_render_tools/octomap_render.h
[175.523s] -- Installing: /home/parallels/liam workspace/install/moveit_ros_visualization/include/moveit/rviz_plugin_render_tools/render_shapes.h
[175.523s] -- Installing: /home/parallels/liam workspace/install/moveit_ros_visualization/include/moveit/rviz_plugin_render_tools/robot_state_visualization.h
[175.523s] -- Installing: /home/parallels/liam workspace/install/moveit_ros_visualization/include/moveit/rviz_plugin_render_tools/trajectory_panel.h
[175.523s] -- Installing: /home/parallels/liam workspace/install/moveit_ros_visualization/include/moveit/rviz_plugin_render_tools/planning_link_updater.h
[175.523s] -- Installing: /home/parallels/liam workspace/install/moveit_ros_visualization/include/ogre_helpers
[175.523s] -- Installing: /home/parallels/liam workspace/install/moveit_ros_visualization/include/ogre_helpers/mesh_shape.hpp
[175.523s] -- Up-to-date: /home/parallels/liam workspace/install/moveit_ros_visualization/include
[175.523s] -- Up-to-date: /home/parallels/liam workspace/install/moveit_ros_visualization/include/moveit
[175.523s] -- Installing: /home/parallels/liam workspace/install/moveit_ros_visualization/include/moveit/robot_state_rviz_plugin
[175.523s] -- Installing: /home/parallels/liam workspace/install/moveit_ros_visualization/include/moveit/robot_state_rviz_plugin/robot_state_display.h
[175.523s] -- Up-to-date: /home/parallels/liam workspace/install/moveit_ros_visualization/include
[175.523s] -- Up-to-date: /home/parallels/liam workspace/install/moveit_ros_visualization/include/moveit
[175.523s] -- Installing: /home/parallels/liam workspace/install/moveit_ros_visualization/include/moveit/planning_scene_rviz_plugin
[175.523s] -- Installing: /home/parallels/liam workspace/install/moveit_ros_visualization/include/moveit/planning_scene_rviz_plugin/background_processing.hpp
[175.523s] -- Installing: /home/parallels/liam workspace/install/moveit_ros_visualization/include/moveit/planning_scene_rviz_plugin/planning_scene_display.h
[175.524s] -- Installing: /home/parallels/liam workspace/install/moveit_ros_visualization/include/moveit_planning_scene_rviz_plugin_core_export.h
[175.524s] -- Up-to-date: /home/parallels/liam workspace/install/moveit_ros_visualization/include
[175.524s] -- Up-to-date: /home/parallels/liam workspace/install/moveit_ros_visualization/include/moveit
[175.524s] -- Installing: /home/parallels/liam workspace/install/moveit_ros_visualization/include/moveit/motion_planning_rviz_plugin
[175.524s] -- Installing: /home/parallels/liam workspace/install/moveit_ros_visualization/include/moveit/motion_planning_rviz_plugin/motion_planning_display.h
[175.524s] -- Installing: /home/parallels/liam workspace/install/moveit_ros_visualization/include/moveit/motion_planning_rviz_plugin/motion_planning_frame.h
[175.524s] -- Installing: /home/parallels/liam workspace/install/moveit_ros_visualization/include/moveit/motion_planning_rviz_plugin/motion_planning_param_widget.h
[175.524s] -- Installing: /home/parallels/liam workspace/install/moveit_ros_visualization/include/moveit/motion_planning_rviz_plugin/interactive_marker_display.h
[175.524s] -- Installing: /home/parallels/liam workspace/install/moveit_ros_visualization/include/moveit/motion_planning_rviz_plugin/motion_planning_frame_joints_widget.h
[175.524s] -- Up-to-date: /home/parallels/liam workspace/install/moveit_ros_visualization/include
[175.524s] -- Up-to-date: /home/parallels/liam workspace/install/moveit_ros_visualization/include/moveit
[175.524s] -- Installing: /home/parallels/liam workspace/install/moveit_ros_visualization/include/moveit/trajectory_rviz_plugin
[175.524s] -- Installing: /home/parallels/liam workspace/install/moveit_ros_visualization/include/moveit/trajectory_rviz_plugin/trajectory_display.h
[175.524s] -- Installing: /home/parallels/liam workspace/install/moveit_ros_visualization/share/moveit_ros_visualization/icons
[175.524s] -- Installing: /home/parallels/liam workspace/install/moveit_ros_visualization/share/moveit_ros_visualization/icons/classes
[175.524s] -- Installing: /home/parallels/liam workspace/install/moveit_ros_visualization/share/moveit_ros_visualization/icons/classes/MotionPlanning.png
[175.524s] -- Installing: /home/parallels/liam workspace/install/moveit_ros_visualization/share/moveit_ros_visualization/icons/classes/Trajectory.png
[175.524s] -- Installing: /home/parallels/liam workspace/install/moveit_ros_visualization/share/moveit_ros_visualization/icons/classes/RobotState.png
[175.524s] -- Installing: /home/parallels/liam workspace/install/moveit_ros_visualization/share/moveit_ros_visualization/icons/classes/PlanningScene.png
[175.524s] -- Installing: /home/parallels/liam workspace/install/moveit_ros_visualization/share/moveit_ros_visualization/motion_planning_rviz_plugin_description.xml
[175.524s] -- Installing: /home/parallels/liam workspace/install/moveit_ros_visualization/share/moveit_ros_visualization/trajectory_rviz_plugin_description.xml
[175.524s] -- Installing: /home/parallels/liam workspace/install/moveit_ros_visualization/share/moveit_ros_visualization/planning_scene_rviz_plugin_description.xml
[175.525s] -- Installing: /home/parallels/liam workspace/install/moveit_ros_visualization/share/moveit_ros_visualization/robot_state_rviz_plugin_description.xml
[175.525s] -- Installing: /home/parallels/liam workspace/install/moveit_ros_visualization/lib/libmoveit_motion_planning_rviz_plugin.so.2.5.5
[175.525s] -- Set runtime path of "/home/parallels/liam workspace/install/moveit_ros_visualization/lib/libmoveit_motion_planning_rviz_plugin.so.2.5.5" to ""
[175.525s] -- Installing: /home/parallels/liam workspace/install/moveit_ros_visualization/lib/libmoveit_motion_planning_rviz_plugin.so
[175.525s] -- Installing: /home/parallels/liam workspace/install/moveit_ros_visualization/lib/libmoveit_motion_planning_rviz_plugin_core.so.2.5.5
[175.528s] -- Set runtime path of "/home/parallels/liam workspace/install/moveit_ros_visualization/lib/libmoveit_motion_planning_rviz_plugin_core.so.2.5.5" to ""
[175.528s] -- Installing: /home/parallels/liam workspace/install/moveit_ros_visualization/lib/libmoveit_motion_planning_rviz_plugin_core.so
[175.528s] -- Installing: /home/parallels/liam workspace/install/moveit_ros_visualization/lib/libmoveit_planning_scene_rviz_plugin.so.2.5.5
[175.528s] -- Set runtime path of "/home/parallels/liam workspace/install/moveit_ros_visualization/lib/libmoveit_planning_scene_rviz_plugin.so.2.5.5" to ""
[175.528s] -- Installing: /home/parallels/liam workspace/install/moveit_ros_visualization/lib/libmoveit_planning_scene_rviz_plugin.so
[175.528s] -- Installing: /home/parallels/liam workspace/install/moveit_ros_visualization/lib/libmoveit_planning_scene_rviz_plugin_core.so.2.5.5
[175.528s] -- Set runtime path of "/home/parallels/liam workspace/install/moveit_ros_visualization/lib/libmoveit_planning_scene_rviz_plugin_core.so.2.5.5" to ""
[175.528s] -- Installing: /home/parallels/liam workspace/install/moveit_ros_visualization/lib/libmoveit_planning_scene_rviz_plugin_core.so
[175.528s] -- Installing: /home/parallels/liam workspace/install/moveit_ros_visualization/lib/libmoveit_robot_state_rviz_plugin.so.2.5.5
[175.528s] -- Set runtime path of "/home/parallels/liam workspace/install/moveit_ros_visualization/lib/libmoveit_robot_state_rviz_plugin.so.2.5.5" to ""
[175.529s] -- Installing: /home/parallels/liam workspace/install/moveit_ros_visualization/lib/libmoveit_robot_state_rviz_plugin.so
[175.529s] -- Installing: /home/parallels/liam workspace/install/moveit_ros_visualization/lib/libmoveit_robot_state_rviz_plugin_core.so.2.5.5
[175.529s] -- Set runtime path of "/home/parallels/liam workspace/install/moveit_ros_visualization/lib/libmoveit_robot_state_rviz_plugin_core.so.2.5.5" to ""
[175.529s] -- Installing: /home/parallels/liam workspace/install/moveit_ros_visualization/lib/libmoveit_robot_state_rviz_plugin_core.so
[175.530s] -- Installing: /home/parallels/liam workspace/install/moveit_ros_visualization/lib/libmoveit_rviz_plugin_render_tools.so.2.5.5
[175.531s] -- Set runtime path of "/home/parallels/liam workspace/install/moveit_ros_visualization/lib/libmoveit_rviz_plugin_render_tools.so.2.5.5" to ""
[175.531s] -- Installing: /home/parallels/liam workspace/install/moveit_ros_visualization/lib/libmoveit_rviz_plugin_render_tools.so
[175.531s] -- Installing: /home/parallels/liam workspace/install/moveit_ros_visualization/lib/libmoveit_trajectory_rviz_plugin.so.2.5.5
[175.531s] -- Set runtime path of "/home/parallels/liam workspace/install/moveit_ros_visualization/lib/libmoveit_trajectory_rviz_plugin.so.2.5.5" to ""
[175.531s] -- Installing: /home/parallels/liam workspace/install/moveit_ros_visualization/lib/libmoveit_trajectory_rviz_plugin.so
[175.531s] -- Installing: /home/parallels/liam workspace/install/moveit_ros_visualization/lib/libmoveit_trajectory_rviz_plugin_core.so.2.5.5
[175.531s] -- Set runtime path of "/home/parallels/liam workspace/install/moveit_ros_visualization/lib/libmoveit_trajectory_rviz_plugin_core.so.2.5.5" to ""
[175.531s] -- Installing: /home/parallels/liam workspace/install/moveit_ros_visualization/lib/libmoveit_trajectory_rviz_plugin_core.so
[175.531s] -- Installing: /home/parallels/liam workspace/install/moveit_ros_visualization/share/moveit_ros_visualization/environment/library_path.sh
[175.531s] -- Installing: /home/parallels/liam workspace/install/moveit_ros_visualization/share/moveit_ros_visualization/environment/library_path.dsv
[175.531s] -- Installing: /home/parallels/liam workspace/install/moveit_ros_visualization/share/ament_index/resource_index/package_run_dependencies/moveit_ros_visualization
[175.532s] -- Installing: /home/parallels/liam workspace/install/moveit_ros_visualization/share/ament_index/resource_index/parent_prefix_path/moveit_ros_visualization
[175.532s] -- Installing: /home/parallels/liam workspace/install/moveit_ros_visualization/share/moveit_ros_visualization/environment/ament_prefix_path.sh
[175.532s] -- Installing: /home/parallels/liam workspace/install/moveit_ros_visualization/share/moveit_ros_visualization/environment/ament_prefix_path.dsv
[175.532s] -- Installing: /home/parallels/liam workspace/install/moveit_ros_visualization/share/moveit_ros_visualization/environment/path.sh
[175.532s] -- Installing: /home/parallels/liam workspace/install/moveit_ros_visualization/share/moveit_ros_visualization/environment/path.dsv
[175.532s] -- Installing: /home/parallels/liam workspace/install/moveit_ros_visualization/share/moveit_ros_visualization/local_setup.bash
[175.532s] -- Installing: /home/parallels/liam workspace/install/moveit_ros_visualization/share/moveit_ros_visualization/local_setup.sh
[175.532s] -- Installing: /home/parallels/liam workspace/install/moveit_ros_visualization/share/moveit_ros_visualization/local_setup.zsh
[175.532s] -- Installing: /home/parallels/liam workspace/install/moveit_ros_visualization/share/moveit_ros_visualization/local_setup.dsv
[175.532s] -- Installing: /home/parallels/liam workspace/install/moveit_ros_visualization/share/moveit_ros_visualization/package.dsv
[175.532s] -- Installing: /home/parallels/liam workspace/install/moveit_ros_visualization/share/ament_index/resource_index/packages/moveit_ros_visualization
[175.532s] -- Installing: /home/parallels/liam workspace/install/moveit_ros_visualization/share/ament_index/resource_index/rviz_common__pluginlib__plugin/moveit_ros_visualization
[175.533s] -- Installing: /home/parallels/liam workspace/install/moveit_ros_visualization/share/moveit_ros_visualization/cmake/export_moveit_ros_visualizationExport.cmake
[175.533s] -- Installing: /home/parallels/liam workspace/install/moveit_ros_visualization/share/moveit_ros_visualization/cmake/export_moveit_ros_visualizationExport-release.cmake
[175.533s] -- Installing: /home/parallels/liam workspace/install/moveit_ros_visualization/share/moveit_ros_visualization/cmake/ConfigExtras.cmake
[175.533s] -- Installing: /home/parallels/liam workspace/install/moveit_ros_visualization/share/moveit_ros_visualization/cmake/ament_cmake_export_targets-extras.cmake
[175.533s] -- Installing: /home/parallels/liam workspace/install/moveit_ros_visualization/share/moveit_ros_visualization/cmake/ament_cmake_export_dependencies-extras.cmake
[175.533s] -- Installing: /home/parallels/liam workspace/install/moveit_ros_visualization/share/moveit_ros_visualization/cmake/moveit_ros_visualizationConfig.cmake
[175.533s] -- Installing: /home/parallels/liam workspace/install/moveit_ros_visualization/share/moveit_ros_visualization/cmake/moveit_ros_visualizationConfig-version.cmake
[175.533s] -- Installing: /home/parallels/liam workspace/install/moveit_ros_visualization/share/moveit_ros_visualization/package.xml
[175.534s] Invoked command in '/home/parallels/liam workspace/build/moveit_ros_visualization' returned '0': AMENT_PREFIX_PATH=/home/parallels/liam workspace/install/moveit_ros_planning_interface:/home/parallels/liam workspace/install/moveit_ros_move_group:/home/parallels/liam workspace/install/moveit_ros_warehouse:/home/parallels/liam workspace/install/moveit_ros_robot_interaction:/home/parallels/liam workspace/install/moveit_kinematics:/home/parallels/liam workspace/install/moveit_ros_planning:/home/parallels/liam workspace/install/moveit_ros_occupancy_map_monitor:/home/parallels/liam workspace/install/moveit_core:/home/parallels/liam workspace/install/srdfdom:/home/parallels/liam workspace/install/moveit_common:${AMENT_PREFIX_PATH} CMAKE_PREFIX_PATH=/home/parallels/liam workspace/install/moveit_ros_planning_interface:/home/parallels/liam workspace/install/moveit_ros_move_group:/home/parallels/liam workspace/install/moveit_ros_warehouse:/home/parallels/liam workspace/install/moveit_ros_robot_interaction:/home/parallels/liam workspace/install/moveit_kinematics:/home/parallels/liam workspace/install/moveit_ros_planning:/home/parallels/liam workspace/install/moveit_ros_occupancy_map_monitor:/home/parallels/liam workspace/install/moveit_core:/home/parallels/liam workspace/install/srdfdom:/home/parallels/liam workspace/install/moveit_common:/home/parallels/ws_moveit2/install/pilz_industrial_motion_planner_testutils:/home/parallels/ws_moveit2/install/moveit_runtime:/home/parallels/ws_moveit2/install/moveit2_tutorials:/home/parallels/ws_moveit2/install/moveit:/home/parallels/ws_moveit2/install/moveit_planners:/home/parallels/ws_moveit2/install/pilz_industrial_motion_planner:/home/parallels/ws_moveit2/install/moveit_visual_tools:/home/parallels/ws_moveit2/install/moveit_task_constructor_visualization:/home/parallels/ws_moveit2/install/moveit_task_constructor_demo:/home/parallels/ws_moveit2/install/moveit_task_constructor_capabilities:/home/parallels/ws_moveit2/install/moveit_task_constructor_core:/home/parallels/ws_moveit2/install/moveit_ros_control_interface:/home/parallels/ws_moveit2/install/moveit_plugins:/home/parallels/ws_moveit2/install/moveit_simple_controller_manager:/home/parallels/ws_moveit2/install/moveit_setup_assistant:/home/parallels/ws_moveit2/install/moveit_setup_srdf_plugins:/home/parallels/ws_moveit2/install/moveit_setup_core_plugins:/home/parallels/ws_moveit2/install/moveit_setup_controllers:/home/parallels/ws_moveit2/install/moveit_setup_app_plugins:/home/parallels/ws_moveit2/install/moveit_setup_framework:/home/parallels/ws_moveit2/install/moveit_servo:/home/parallels/ws_moveit2/install/moveit_ros:/home/parallels/ws_moveit2/install/moveit_ros_visualization:/home/parallels/ws_moveit2/install/moveit_hybrid_planning:/home/parallels/ws_moveit2/install/moveit_ros_planning_interface:/home/parallels/ws_moveit2/install/moveit_ros_benchmarks:/home/parallels/ws_moveit2/install/moveit_ros_warehouse:/home/parallels/ws_moveit2/install/moveit_ros_robot_interaction:/home/parallels/ws_moveit2/install/moveit_ros_perception:/home/parallels/ws_moveit2/install/moveit_resources_prbt_pg70_support:/home/parallels/ws_moveit2/install/moveit_resources_prbt_moveit_config:/home/parallels/ws_moveit2/install/moveit_ros_move_group:/home/parallels/ws_moveit2/install/moveit_planners_ompl:/home/parallels/ws_moveit2/install/moveit_ros_planning:/home/parallels/ws_moveit2/install/moveit_ros_occupancy_map_monitor:/home/parallels/ws_moveit2/install/moveit_resources_prbt_ikfast_manipulator_plugin:/home/parallels/ws_moveit2/install/moveit_planners_chomp:/home/parallels/ws_moveit2/install/moveit_kinematics:/home/parallels/ws_moveit2/install/moveit_chomp_optimizer_adapter:/home/parallels/ws_moveit2/install/chomp_motion_planner:/home/parallels/ws_moveit2/install/moveit_core:/home/parallels/ws_moveit2/install/srdfdom:/home/parallels/ws_moveit2/install/rviz_marker_tools:/home/parallels/ws_moveit2/install/rosparam_shortcuts:/home/parallels/ws_moveit2/install/pantilt_bot_description:/home/parallels/ws_moveit2/install/open_manipulator_x_description:/home/parallels/ws_moveit2/install/moveit_task_constructor_msgs:/home/parallels/ws_moveit2/install/moveit_resources_prbt_support:/home/parallels/ws_moveit2/install/moveit_resources:/home/parallels/ws_moveit2/install/moveit_resources_pr2_description:/home/parallels/ws_moveit2/install/moveit_resources_panda_moveit_config:/home/parallels/ws_moveit2/install/moveit_resources_panda_description:/home/parallels/ws_moveit2/install/moveit_resources_fanuc_moveit_config:/home/parallels/ws_moveit2/install/moveit_resources_fanuc_description:/home/parallels/ws_moveit2/install/moveit_common:/home/parallels/ws_moveit2/install/dynamixel_workbench:/home/parallels/ws_moveit2/install/dynamixel_hardware:/home/parallels/ws_moveit2/install/dynamixel_workbench_toolbox:/home/parallels/ws_moveit2/install/dynamixel_workbench_msgs:/home/parallels/ws_moveit2/install/moveit_configs_utils:/home/parallels/ws_moveit2/install/launch_param_builder:/opt/ros/humble LD_LIBRARY_PATH=/home/parallels/liam workspace/install/moveit_ros_planning_interface/lib:/home/parallels/liam workspace/install/moveit_ros_move_group/lib:/home/parallels/liam workspace/install/moveit_ros_warehouse/lib:/home/parallels/liam workspace/install/moveit_ros_robot_interaction/lib:/home/parallels/liam workspace/install/moveit_kinematics/lib:/home/parallels/liam workspace/install/moveit_ros_planning/lib:/home/parallels/liam workspace/install/moveit_ros_occupancy_map_monitor/lib:/home/parallels/liam workspace/install/moveit_core/lib:/home/parallels/liam workspace/install/srdfdom/lib:${LD_LIBRARY_PATH} PATH=/home/parallels/liam workspace/install/moveit_core/bin:${PATH} PYTHONPATH=/home/parallels/liam workspace/install/srdfdom/local/lib/python3.10/dist-packages:${PYTHONPATH} /usr/bin/cmake --install /home/parallels/liam workspace/build/moveit_ros_visualization
