[0.595s] Invoking command in '/home/parallels/liam workspace/src/moveit2/moveit_configs_utils': AMENT_PREFIX_PATH=/home/parallels/liam workspace/install/srdfdom:/home/parallels/liam workspace/install/launch_param_builder:${AMENT_PREFIX_PATH} CMAKE_PREFIX_PATH=/home/parallels/liam workspace/install/srdfdom:${CMAKE_PREFIX_PATH} LD_LIBRARY_PATH=/home/parallels/liam workspace/install/srdfdom/lib:${LD_LIBRARY_PATH} PYTHONPATH=/home/parallels/liam workspace/build/moveit_configs_utils/prefix_override:/home/parallels/liam workspace/install/moveit_configs_utils/lib/python3.10/site-packages:/home/parallels/liam workspace/install/srdfdom/local/lib/python3.10/dist-packages:/home/parallels/liam workspace/install/launch_param_builder/lib/python3.10/site-packages:${PYTHONPATH} /usr/bin/python3 -W ignore:setup.py install is deprecated setup.py egg_info --egg-base ../../../build/moveit_configs_utils build --build-base /home/parallels/liam workspace/build/moveit_configs_utils/build install --record /home/parallels/liam workspace/build/moveit_configs_utils/install.log --single-version-externally-managed install_data
[0.715s] running egg_info
[0.715s] creating ../../../build/moveit_configs_utils/moveit_configs_utils.egg-info
[0.715s] writing ../../../build/moveit_configs_utils/moveit_configs_utils.egg-info/PKG-INFO
[0.715s] writing dependency_links to ../../../build/moveit_configs_utils/moveit_configs_utils.egg-info/dependency_links.txt
[0.715s] writing entry points to ../../../build/moveit_configs_utils/moveit_configs_utils.egg-info/entry_points.txt
[0.715s] writing requirements to ../../../build/moveit_configs_utils/moveit_configs_utils.egg-info/requires.txt
[0.715s] writing top-level names to ../../../build/moveit_configs_utils/moveit_configs_utils.egg-info/top_level.txt
[0.715s] writing manifest file '../../../build/moveit_configs_utils/moveit_configs_utils.egg-info/SOURCES.txt'
[0.717s] reading manifest file '../../../build/moveit_configs_utils/moveit_configs_utils.egg-info/SOURCES.txt'
[0.717s] writing manifest file '../../../build/moveit_configs_utils/moveit_configs_utils.egg-info/SOURCES.txt'
[0.717s] running build
[0.717s] running build_py
[0.718s] creating /home/parallels/liam workspace/build/moveit_configs_utils/build
[0.718s] creating /home/parallels/liam workspace/build/moveit_configs_utils/build/lib
[0.718s] creating /home/parallels/liam workspace/build/moveit_configs_utils/build/lib/moveit_configs_utils
[0.718s] copying moveit_configs_utils/launch_utils.py -> /home/parallels/liam workspace/build/moveit_configs_utils/build/lib/moveit_configs_utils
[0.718s] copying moveit_configs_utils/launches.py -> /home/parallels/liam workspace/build/moveit_configs_utils/build/lib/moveit_configs_utils
[0.718s] copying moveit_configs_utils/__init__.py -> /home/parallels/liam workspace/build/moveit_configs_utils/build/lib/moveit_configs_utils
[0.718s] copying moveit_configs_utils/moveit_configs_builder.py -> /home/parallels/liam workspace/build/moveit_configs_utils/build/lib/moveit_configs_utils
[0.718s] creating /home/parallels/liam workspace/build/moveit_configs_utils/build/lib/moveit_configs_utils/substitutions
[0.718s] copying moveit_configs_utils/substitutions/xacro.py -> /home/parallels/liam workspace/build/moveit_configs_utils/build/lib/moveit_configs_utils/substitutions
[0.718s] copying moveit_configs_utils/substitutions/__init__.py -> /home/parallels/liam workspace/build/moveit_configs_utils/build/lib/moveit_configs_utils/substitutions
[0.718s] running install
[0.718s] running install_lib
[0.719s] creating /home/parallels/liam workspace/install/moveit_configs_utils/lib/python3.10/site-packages/moveit_configs_utils
[0.719s] copying /home/parallels/liam workspace/build/moveit_configs_utils/build/lib/moveit_configs_utils/launch_utils.py -> /home/parallels/liam workspace/install/moveit_configs_utils/lib/python3.10/site-packages/moveit_configs_utils
[0.719s] creating /home/parallels/liam workspace/install/moveit_configs_utils/lib/python3.10/site-packages/moveit_configs_utils/substitutions
[0.719s] copying /home/parallels/liam workspace/build/moveit_configs_utils/build/lib/moveit_configs_utils/substitutions/xacro.py -> /home/parallels/liam workspace/install/moveit_configs_utils/lib/python3.10/site-packages/moveit_configs_utils/substitutions
[0.719s] copying /home/parallels/liam workspace/build/moveit_configs_utils/build/lib/moveit_configs_utils/substitutions/__init__.py -> /home/parallels/liam workspace/install/moveit_configs_utils/lib/python3.10/site-packages/moveit_configs_utils/substitutions
[0.719s] copying /home/parallels/liam workspace/build/moveit_configs_utils/build/lib/moveit_configs_utils/launches.py -> /home/parallels/liam workspace/install/moveit_configs_utils/lib/python3.10/site-packages/moveit_configs_utils
[0.719s] copying /home/parallels/liam workspace/build/moveit_configs_utils/build/lib/moveit_configs_utils/__init__.py -> /home/parallels/liam workspace/install/moveit_configs_utils/lib/python3.10/site-packages/moveit_configs_utils
[0.719s] copying /home/parallels/liam workspace/build/moveit_configs_utils/build/lib/moveit_configs_utils/moveit_configs_builder.py -> /home/parallels/liam workspace/install/moveit_configs_utils/lib/python3.10/site-packages/moveit_configs_utils
[0.719s] byte-compiling /home/parallels/liam workspace/install/moveit_configs_utils/lib/python3.10/site-packages/moveit_configs_utils/launch_utils.py to launch_utils.cpython-310.pyc
[0.720s] byte-compiling /home/parallels/liam workspace/install/moveit_configs_utils/lib/python3.10/site-packages/moveit_configs_utils/substitutions/xacro.py to xacro.cpython-310.pyc
[0.720s] byte-compiling /home/parallels/liam workspace/install/moveit_configs_utils/lib/python3.10/site-packages/moveit_configs_utils/substitutions/__init__.py to __init__.cpython-310.pyc
[0.720s] byte-compiling /home/parallels/liam workspace/install/moveit_configs_utils/lib/python3.10/site-packages/moveit_configs_utils/launches.py to launches.cpython-310.pyc
[0.721s] byte-compiling /home/parallels/liam workspace/install/moveit_configs_utils/lib/python3.10/site-packages/moveit_configs_utils/__init__.py to __init__.cpython-310.pyc
[0.721s] byte-compiling /home/parallels/liam workspace/install/moveit_configs_utils/lib/python3.10/site-packages/moveit_configs_utils/moveit_configs_builder.py to moveit_configs_builder.cpython-310.pyc
[0.722s] running install_data
[0.722s] creating /home/parallels/liam workspace/install/moveit_configs_utils/share/ament_index
[0.722s] creating /home/parallels/liam workspace/install/moveit_configs_utils/share/ament_index/resource_index
[0.722s] creating /home/parallels/liam workspace/install/moveit_configs_utils/share/ament_index/resource_index/packages
[0.723s] copying resource/moveit_configs_utils -> /home/parallels/liam workspace/install/moveit_configs_utils/share/ament_index/resource_index/packages
[0.723s] copying package.xml -> /home/parallels/liam workspace/install/moveit_configs_utils/share/moveit_configs_utils
[0.723s] creating /home/parallels/liam workspace/install/moveit_configs_utils/share/moveit_configs_utils/default_configs
[0.723s] copying default_configs/chomp_planning.yaml -> /home/parallels/liam workspace/install/moveit_configs_utils/share/moveit_configs_utils/default_configs
[0.723s] copying default_configs/pilz_industrial_motion_planner_planning.yaml -> /home/parallels/liam workspace/install/moveit_configs_utils/share/moveit_configs_utils/default_configs
[0.723s] copying default_configs/ompl_planning.yaml -> /home/parallels/liam workspace/install/moveit_configs_utils/share/moveit_configs_utils/default_configs
[0.723s] copying default_configs/ompl_defaults.yaml -> /home/parallels/liam workspace/install/moveit_configs_utils/share/moveit_configs_utils/default_configs
[0.723s] running install_egg_info
[0.725s] Copying ../../../build/moveit_configs_utils/moveit_configs_utils.egg-info to /home/parallels/liam workspace/install/moveit_configs_utils/lib/python3.10/site-packages/moveit_configs_utils-2.5.5-py3.10.egg-info
[0.725s] running install_scripts
[0.737s] writing list of installed files to '/home/parallels/liam workspace/build/moveit_configs_utils/install.log'
[0.752s] Invoked command in '/home/parallels/liam workspace/src/moveit2/moveit_configs_utils' returned '0': AMENT_PREFIX_PATH=/home/parallels/liam workspace/install/srdfdom:/home/parallels/liam workspace/install/launch_param_builder:${AMENT_PREFIX_PATH} CMAKE_PREFIX_PATH=/home/parallels/liam workspace/install/srdfdom:${CMAKE_PREFIX_PATH} LD_LIBRARY_PATH=/home/parallels/liam workspace/install/srdfdom/lib:${LD_LIBRARY_PATH} PYTHONPATH=/home/parallels/liam workspace/build/moveit_configs_utils/prefix_override:/home/parallels/liam workspace/install/moveit_configs_utils/lib/python3.10/site-packages:/home/parallels/liam workspace/install/srdfdom/local/lib/python3.10/dist-packages:/home/parallels/liam workspace/install/launch_param_builder/lib/python3.10/site-packages:${PYTHONPATH} /usr/bin/python3 -W ignore:setup.py install is deprecated setup.py egg_info --egg-base ../../../build/moveit_configs_utils build --build-base /home/parallels/liam workspace/build/moveit_configs_utils/build install --record /home/parallels/liam workspace/build/moveit_configs_utils/install.log --single-version-externally-managed install_data
