[0.912s] Invoking command in '/home/parallels/liam-workspace/src/moveit2/moveit_configs_utils': AMENT_PREFIX_PATH=/home/parallels/liam-workspace/install/srdfdom:/home/parallels/liam-workspace/install/launch_param_builder:${AMENT_PREFIX_PATH} CMAKE_PREFIX_PATH=/home/parallels/liam-workspace/install/srdfdom:${CMAKE_PREFIX_PATH} LD_LIBRARY_PATH=/home/parallels/liam-workspace/install/srdfdom/lib:${LD_LIBRARY_PATH} PYTHONPATH=/home/parallels/liam-workspace/build/moveit_configs_utils/prefix_override:/home/parallels/liam-workspace/install/moveit_configs_utils/lib/python3.10/site-packages:/home/parallels/liam-workspace/install/srdfdom/local/lib/python3.10/dist-packages:/home/parallels/liam-workspace/install/launch_param_builder/lib/python3.10/site-packages:${PYTHONPATH} /usr/bin/python3 -W ignore:setup.py install is deprecated setup.py egg_info --egg-base ../../../build/moveit_configs_utils build --build-base /home/parallels/liam-workspace/build/moveit_configs_utils/build install --record /home/parallels/liam-workspace/build/moveit_configs_utils/install.log --single-version-externally-managed install_data
[2.785s] running egg_info
[2.785s] creating ../../../build/moveit_configs_utils/moveit_configs_utils.egg-info
[2.785s] writing ../../../build/moveit_configs_utils/moveit_configs_utils.egg-info/PKG-INFO
[2.785s] writing dependency_links to ../../../build/moveit_configs_utils/moveit_configs_utils.egg-info/dependency_links.txt
[2.785s] writing entry points to ../../../build/moveit_configs_utils/moveit_configs_utils.egg-info/entry_points.txt
[2.785s] writing requirements to ../../../build/moveit_configs_utils/moveit_configs_utils.egg-info/requires.txt
[2.785s] writing top-level names to ../../../build/moveit_configs_utils/moveit_configs_utils.egg-info/top_level.txt
[2.785s] writing manifest file '../../../build/moveit_configs_utils/moveit_configs_utils.egg-info/SOURCES.txt'
[2.785s] reading manifest file '../../../build/moveit_configs_utils/moveit_configs_utils.egg-info/SOURCES.txt'
[2.785s] writing manifest file '../../../build/moveit_configs_utils/moveit_configs_utils.egg-info/SOURCES.txt'
[2.785s] running build
[2.785s] running build_py
[2.785s] creating /home/parallels/liam-workspace/build/moveit_configs_utils/build
[2.785s] creating /home/parallels/liam-workspace/build/moveit_configs_utils/build/lib
[2.785s] creating /home/parallels/liam-workspace/build/moveit_configs_utils/build/lib/moveit_configs_utils
[2.785s] copying moveit_configs_utils/launch_utils.py -> /home/parallels/liam-workspace/build/moveit_configs_utils/build/lib/moveit_configs_utils
[2.785s] copying moveit_configs_utils/launches.py -> /home/parallels/liam-workspace/build/moveit_configs_utils/build/lib/moveit_configs_utils
[2.785s] copying moveit_configs_utils/__init__.py -> /home/parallels/liam-workspace/build/moveit_configs_utils/build/lib/moveit_configs_utils
[2.785s] copying moveit_configs_utils/moveit_configs_builder.py -> /home/parallels/liam-workspace/build/moveit_configs_utils/build/lib/moveit_configs_utils
[2.785s] creating /home/parallels/liam-workspace/build/moveit_configs_utils/build/lib/moveit_configs_utils/substitutions
[2.785s] copying moveit_configs_utils/substitutions/xacro.py -> /home/parallels/liam-workspace/build/moveit_configs_utils/build/lib/moveit_configs_utils/substitutions
[2.785s] copying moveit_configs_utils/substitutions/__init__.py -> /home/parallels/liam-workspace/build/moveit_configs_utils/build/lib/moveit_configs_utils/substitutions
[2.785s] running install
[2.785s] running install_lib
[2.785s] creating /home/parallels/liam-workspace/install/moveit_configs_utils/lib/python3.10/site-packages/moveit_configs_utils
[2.785s] copying /home/parallels/liam-workspace/build/moveit_configs_utils/build/lib/moveit_configs_utils/launch_utils.py -> /home/parallels/liam-workspace/install/moveit_configs_utils/lib/python3.10/site-packages/moveit_configs_utils
[2.785s] creating /home/parallels/liam-workspace/install/moveit_configs_utils/lib/python3.10/site-packages/moveit_configs_utils/substitutions
[2.785s] copying /home/parallels/liam-workspace/build/moveit_configs_utils/build/lib/moveit_configs_utils/substitutions/xacro.py -> /home/parallels/liam-workspace/install/moveit_configs_utils/lib/python3.10/site-packages/moveit_configs_utils/substitutions
[2.785s] copying /home/parallels/liam-workspace/build/moveit_configs_utils/build/lib/moveit_configs_utils/substitutions/__init__.py -> /home/parallels/liam-workspace/install/moveit_configs_utils/lib/python3.10/site-packages/moveit_configs_utils/substitutions
[2.785s] copying /home/parallels/liam-workspace/build/moveit_configs_utils/build/lib/moveit_configs_utils/launches.py -> /home/parallels/liam-workspace/install/moveit_configs_utils/lib/python3.10/site-packages/moveit_configs_utils
[2.785s] copying /home/parallels/liam-workspace/build/moveit_configs_utils/build/lib/moveit_configs_utils/__init__.py -> /home/parallels/liam-workspace/install/moveit_configs_utils/lib/python3.10/site-packages/moveit_configs_utils
[2.785s] copying /home/parallels/liam-workspace/build/moveit_configs_utils/build/lib/moveit_configs_utils/moveit_configs_builder.py -> /home/parallels/liam-workspace/install/moveit_configs_utils/lib/python3.10/site-packages/moveit_configs_utils
[2.785s] byte-compiling /home/parallels/liam-workspace/install/moveit_configs_utils/lib/python3.10/site-packages/moveit_configs_utils/launch_utils.py to launch_utils.cpython-310.pyc
[2.786s] byte-compiling /home/parallels/liam-workspace/install/moveit_configs_utils/lib/python3.10/site-packages/moveit_configs_utils/substitutions/xacro.py to xacro.cpython-310.pyc
[2.786s] byte-compiling /home/parallels/liam-workspace/install/moveit_configs_utils/lib/python3.10/site-packages/moveit_configs_utils/substitutions/__init__.py to __init__.cpython-310.pyc
[2.786s] byte-compiling /home/parallels/liam-workspace/install/moveit_configs_utils/lib/python3.10/site-packages/moveit_configs_utils/launches.py to launches.cpython-310.pyc
[2.786s] byte-compiling /home/parallels/liam-workspace/install/moveit_configs_utils/lib/python3.10/site-packages/moveit_configs_utils/__init__.py to __init__.cpython-310.pyc
[2.786s] byte-compiling /home/parallels/liam-workspace/install/moveit_configs_utils/lib/python3.10/site-packages/moveit_configs_utils/moveit_configs_builder.py to moveit_configs_builder.cpython-310.pyc
[2.786s] running install_data
[2.786s] creating /home/parallels/liam-workspace/install/moveit_configs_utils/share/ament_index
[2.786s] creating /home/parallels/liam-workspace/install/moveit_configs_utils/share/ament_index/resource_index
[2.786s] creating /home/parallels/liam-workspace/install/moveit_configs_utils/share/ament_index/resource_index/packages
[2.786s] copying resource/moveit_configs_utils -> /home/parallels/liam-workspace/install/moveit_configs_utils/share/ament_index/resource_index/packages
[2.786s] copying package.xml -> /home/parallels/liam-workspace/install/moveit_configs_utils/share/moveit_configs_utils
[2.786s] creating /home/parallels/liam-workspace/install/moveit_configs_utils/share/moveit_configs_utils/default_configs
[2.786s] copying default_configs/chomp_planning.yaml -> /home/parallels/liam-workspace/install/moveit_configs_utils/share/moveit_configs_utils/default_configs
[2.786s] copying default_configs/pilz_industrial_motion_planner_planning.yaml -> /home/parallels/liam-workspace/install/moveit_configs_utils/share/moveit_configs_utils/default_configs
[2.786s] copying default_configs/ompl_planning.yaml -> /home/parallels/liam-workspace/install/moveit_configs_utils/share/moveit_configs_utils/default_configs
[2.786s] copying default_configs/ompl_defaults.yaml -> /home/parallels/liam-workspace/install/moveit_configs_utils/share/moveit_configs_utils/default_configs
[2.786s] running install_egg_info
[2.786s] Copying ../../../build/moveit_configs_utils/moveit_configs_utils.egg-info to /home/parallels/liam-workspace/install/moveit_configs_utils/lib/python3.10/site-packages/moveit_configs_utils-2.5.5-py3.10.egg-info
[2.786s] running install_scripts
[2.786s] writing list of installed files to '/home/parallels/liam-workspace/build/moveit_configs_utils/install.log'
[2.803s] Invoked command in '/home/parallels/liam-workspace/src/moveit2/moveit_configs_utils' returned '0': AMENT_PREFIX_PATH=/home/parallels/liam-workspace/install/srdfdom:/home/parallels/liam-workspace/install/launch_param_builder:${AMENT_PREFIX_PATH} CMAKE_PREFIX_PATH=/home/parallels/liam-workspace/install/srdfdom:${CMAKE_PREFIX_PATH} LD_LIBRARY_PATH=/home/parallels/liam-workspace/install/srdfdom/lib:${LD_LIBRARY_PATH} PYTHONPATH=/home/parallels/liam-workspace/build/moveit_configs_utils/prefix_override:/home/parallels/liam-workspace/install/moveit_configs_utils/lib/python3.10/site-packages:/home/parallels/liam-workspace/install/srdfdom/local/lib/python3.10/dist-packages:/home/parallels/liam-workspace/install/launch_param_builder/lib/python3.10/site-packages:${PYTHONPATH} /usr/bin/python3 -W ignore:setup.py install is deprecated setup.py egg_info --egg-base ../../../build/moveit_configs_utils build --build-base /home/parallels/liam-workspace/build/moveit_configs_utils/build install --record /home/parallels/liam-workspace/build/moveit_configs_utils/install.log --single-version-externally-managed install_data
