[0.166s] Invoking command in '/home/parallels/liam-workspace/build/moveit_task_constructor_core': AMENT_PREFIX_PATH=/home/parallels/liam-workspace/install/moveit_planners:/home/parallels/liam-workspace/install/pilz_industrial_motion_planner:/home/parallels/liam-workspace/install/moveit_ros_planning_interface:/home/parallels/liam-workspace/install/moveit_ros_move_group:/home/parallels/liam-workspace/install/moveit_ros_warehouse:/home/parallels/liam-workspace/install/moveit_planners_ompl:/home/parallels/liam-workspace/install/moveit_kinematics:/home/parallels/liam-workspace/install/moveit_ros_planning:/home/parallels/liam-workspace/install/moveit_ros_occupancy_map_monitor:/home/parallels/liam-workspace/install/moveit_core:/home/parallels/liam-workspace/install/rviz_marker_tools:/home/parallels/liam-workspace/install/moveit_configs_utils:/home/parallels/liam-workspace/install/srdfdom:/home/parallels/liam-workspace/install/moveit_task_constructor_msgs:/home/parallels/liam-workspace/install/moveit_common:/home/parallels/liam-workspace/install/launch_param_builder:${AMENT_PREFIX_PATH} CMAKE_PREFIX_PATH=/home/parallels/liam-workspace/install/moveit_planners:/home/parallels/liam-workspace/install/pilz_industrial_motion_planner:/home/parallels/liam-workspace/install/moveit_ros_planning_interface:/home/parallels/liam-workspace/install/moveit_ros_move_group:/home/parallels/liam-workspace/install/moveit_ros_warehouse:/home/parallels/liam-workspace/install/moveit_planners_ompl:/home/parallels/liam-workspace/install/moveit_kinematics:/home/parallels/liam-workspace/install/moveit_ros_planning:/home/parallels/liam-workspace/install/moveit_ros_occupancy_map_monitor:/home/parallels/liam-workspace/install/moveit_core:/home/parallels/liam-workspace/install/rviz_marker_tools:/home/parallels/liam-workspace/install/srdfdom:/home/parallels/liam-workspace/install/moveit_task_constructor_msgs:/home/parallels/liam-workspace/install/moveit_common:/home/parallels/liam-workspace/install/pantilt_bot_description:/home/parallels/liam-workspace/install/open_manipulator_srt_description:/home/parallels/ws_moveit2/install/pilz_industrial_motion_planner_testutils:/home/parallels/ws_moveit2/install/moveit_runtime:/home/parallels/ws_moveit2/install/moveit2_tutorials:/home/parallels/ws_moveit2/install/moveit:/home/parallels/ws_moveit2/install/moveit_planners:/home/parallels/ws_moveit2/install/pilz_industrial_motion_planner:/home/parallels/ws_moveit2/install/moveit_visual_tools:/home/parallels/ws_moveit2/install/moveit_task_constructor_visualization:/home/parallels/ws_moveit2/install/moveit_task_constructor_demo:/home/parallels/ws_moveit2/install/moveit_task_constructor_capabilities:/home/parallels/ws_moveit2/install/moveit_task_constructor_core:/home/parallels/ws_moveit2/install/moveit_ros_control_interface:/home/parallels/ws_moveit2/install/moveit_plugins:/home/parallels/ws_moveit2/install/moveit_simple_controller_manager:/home/parallels/ws_moveit2/install/moveit_setup_assistant:/home/parallels/ws_moveit2/install/moveit_setup_srdf_plugins:/home/parallels/ws_moveit2/install/moveit_setup_core_plugins:/home/parallels/ws_moveit2/install/moveit_setup_controllers:/home/parallels/ws_moveit2/install/moveit_setup_app_plugins:/home/parallels/ws_moveit2/install/moveit_setup_framework:/home/parallels/ws_moveit2/install/moveit_servo:/home/parallels/ws_moveit2/install/moveit_ros:/home/parallels/ws_moveit2/install/moveit_ros_visualization:/home/parallels/ws_moveit2/install/moveit_hybrid_planning:/home/parallels/ws_moveit2/install/moveit_ros_planning_interface:/home/parallels/ws_moveit2/install/moveit_ros_benchmarks:/home/parallels/ws_moveit2/install/moveit_ros_warehouse:/home/parallels/ws_moveit2/install/moveit_ros_robot_interaction:/home/parallels/ws_moveit2/install/moveit_ros_perception:/home/parallels/ws_moveit2/install/moveit_resources_prbt_pg70_support:/home/parallels/ws_moveit2/install/moveit_resources_prbt_moveit_config:/home/parallels/ws_moveit2/install/moveit_ros_move_group:/home/parallels/ws_moveit2/install/moveit_planners_ompl:/home/parallels/ws_moveit2/install/moveit_ros_planning:/home/parallels/ws_moveit2/install/moveit_ros_occupancy_map_monitor:/home/parallels/ws_moveit2/install/moveit_resources_prbt_ikfast_manipulator_plugin:/home/parallels/ws_moveit2/install/moveit_planners_chomp:/home/parallels/ws_moveit2/install/moveit_kinematics:/home/parallels/ws_moveit2/install/moveit_chomp_optimizer_adapter:/home/parallels/ws_moveit2/install/chomp_motion_planner:/home/parallels/ws_moveit2/install/moveit_core:/home/parallels/ws_moveit2/install/srdfdom:/home/parallels/ws_moveit2/install/rviz_marker_tools:/home/parallels/ws_moveit2/install/rosparam_shortcuts:/home/parallels/ws_moveit2/install/pantilt_bot_description:/home/parallels/ws_moveit2/install/open_manipulator_x_description:/home/parallels/ws_moveit2/install/moveit_task_constructor_msgs:/home/parallels/ws_moveit2/install/moveit_resources_prbt_support:/home/parallels/ws_moveit2/install/moveit_resources:/home/parallels/ws_moveit2/install/moveit_resources_pr2_description:/home/parallels/ws_moveit2/install/moveit_resources_panda_moveit_config:/home/parallels/ws_moveit2/install/moveit_resources_panda_description:/home/parallels/ws_moveit2/install/moveit_resources_fanuc_moveit_config:/home/parallels/ws_moveit2/install/moveit_resources_fanuc_description:/home/parallels/ws_moveit2/install/moveit_common:/home/parallels/ws_moveit2/install/dynamixel_workbench:/home/parallels/ws_moveit2/install/dynamixel_hardware:/home/parallels/ws_moveit2/install/dynamixel_workbench_toolbox:/home/parallels/ws_moveit2/install/dynamixel_workbench_msgs:/home/parallels/ws_moveit2/install/moveit_configs_utils:/home/parallels/ws_moveit2/install/launch_param_builder:/opt/ros/humble LD_LIBRARY_PATH=/home/parallels/liam-workspace/install/pilz_industrial_motion_planner/lib:/home/parallels/liam-workspace/install/moveit_ros_planning_interface/lib:/home/parallels/liam-workspace/install/moveit_ros_move_group/lib:/home/parallels/liam-workspace/install/moveit_ros_warehouse/lib:/home/parallels/liam-workspace/install/moveit_planners_ompl/lib:/home/parallels/liam-workspace/install/moveit_kinematics/lib:/home/parallels/liam-workspace/install/moveit_ros_planning/lib:/home/parallels/liam-workspace/install/moveit_ros_occupancy_map_monitor/lib:/home/parallels/liam-workspace/install/moveit_core/lib:/home/parallels/liam-workspace/install/rviz_marker_tools/lib:/home/parallels/liam-workspace/install/srdfdom/lib:/home/parallels/liam-workspace/install/moveit_task_constructor_msgs/lib:${LD_LIBRARY_PATH} PATH=/home/parallels/liam-workspace/install/moveit_core/bin:${PATH} PYTHONPATH=/home/parallels/liam-workspace/install/moveit_configs_utils/lib/python3.10/site-packages:/home/parallels/liam-workspace/install/srdfdom/local/lib/python3.10/dist-packages:/home/parallels/liam-workspace/install/moveit_task_constructor_msgs/local/lib/python3.10/dist-packages:/home/parallels/liam-workspace/install/launch_param_builder/lib/python3.10/site-packages:${PYTHONPATH} /usr/bin/cmake /home/parallels/liam-workspace/src/moveit_task_constructor/core -DCMAKE_INSTALL_PREFIX=/home/parallels/liam-workspace/install/moveit_task_constructor_core
[0.285s] -- The C compiler identification is GNU 11.4.0
[0.379s] -- The CXX compiler identification is GNU 11.4.0
[0.386s] -- Detecting C compiler ABI info
[0.531s] -- Detecting C compiler ABI info - done
[0.536s] -- Check for working C compiler: /usr/bin/cc - skipped
[0.536s] -- Detecting C compile features
[0.537s] -- Detecting C compile features - done
[0.540s] -- Detecting CXX compiler ABI info
[0.660s] -- Detecting CXX compiler ABI info - done
[0.665s] -- Check for working CXX compiler: /usr/bin/c++ - skipped
[0.666s] -- Detecting CXX compile features
[0.666s] -- Detecting CXX compile features - done
[0.687s] -- Found ament_cmake: 1.3.9 (/opt/ros/humble/share/ament_cmake/cmake)
[0.896s] -- Found Python3: /usr/bin/python3 (found version "3.10.12") found components: Interpreter 
[1.185s] -- Found Boost: /usr/lib/aarch64-linux-gnu/cmake/Boost-1.74.0/BoostConfig.cmake (found version "1.74.0")  
[1.204s] -- Found geometry_msgs: 4.2.3 (/opt/ros/humble/share/geometry_msgs/cmake)
[1.366s] -- Found rosidl_generator_c: 3.1.5 (/opt/ros/humble/share/rosidl_generator_c/cmake)
[1.379s] -- Found rosidl_adapter: 3.1.5 (/opt/ros/humble/share/rosidl_adapter/cmake)
[1.396s] -- Found rosidl_generator_cpp: 3.1.5 (/opt/ros/humble/share/rosidl_generator_cpp/cmake)
[1.419s] -- Using all available rosidl_typesupport_c: rosidl_typesupport_fastrtps_c;rosidl_typesupport_introspection_c
[1.484s] -- Using all available rosidl_typesupport_cpp: rosidl_typesupport_fastrtps_cpp;rosidl_typesupport_introspection_cpp
[1.647s] -- Found moveit_common: 2.5.5 (/home/parallels/liam-workspace/install/moveit_common/share/moveit_common/cmake)
[1.731s] -- Found libdw: /usr/lib/aarch64-linux-gnu/libdw.so  
[1.742s] -- Could NOT find libbfd (missing: LIBBFD_LIBRARY LIBBFD_INCLUDE_DIR) 
[1.742s] -- BACKWARD_HAS_UNWIND=1
[1.742s] -- BACKWARD_HAS_BACKTRACE=0
[1.742s] -- BACKWARD_HAS_BACKTRACE_SYMBOL=0
[1.742s] -- BACKWARD_HAS_DW=1
[1.742s] -- BACKWARD_HAS_BFD=0
[1.742s] -- Found Backward: /opt/ros/humble/share/backward_ros/cmake  
[1.745s] [0mmoveit_task_constructor_core: You did not request a specific build type: Choosing 'Release' for maximum performance[0m
[1.749s] -- Found moveit_core: 2.5.5 (/home/parallels/liam-workspace/install/moveit_core/share/moveit_core/cmake)
[2.074s] -- Found Boost: /usr/lib/aarch64-linux-gnu/cmake/Boost-1.74.0/BoostConfig.cmake (found version "1.74.0") found components: chrono date_time filesystem iostreams program_options regex serialization system thread 
[2.170s] -- Found parameter_traits: 0.3.8 (/opt/ros/humble/share/parameter_traits/cmake)
[2.294s] -- Found rmw_implementation_cmake: 6.1.2 (/opt/ros/humble/share/rmw_implementation_cmake/cmake)
[2.305s] -- Found rmw_fastrtps_cpp: 6.2.6 (/opt/ros/humble/share/rmw_fastrtps_cpp/cmake)
[2.430s] -- Found OpenSSL: /usr/lib/aarch64-linux-gnu/libcrypto.so (found version "3.0.2")  
[2.463s] -- Found FastRTPS: /opt/ros/humble/include  
[2.518s] -- Using RMW implementation 'rmw_fastrtps_cpp' as default
[2.539s] -- Found Threads: TRUE  
[2.694s] -- Found Eigen3: TRUE (found version "3.4.0") 
[2.704s] -- Found rclcpp_lifecycle: 16.0.9 (/opt/ros/humble/share/rclcpp_lifecycle/cmake)
[2.749s] -- Found Boost: /usr/lib/aarch64-linux-gnu/cmake/Boost-1.74.0/BoostConfig.cmake (found version "1.74.0") found components: filesystem 
[2.869s] -- library: /usr/lib/aarch64-linux-gnu/libcurl.so
[3.149s] -- Ensuring Eigen3 include directory is part of orocos-kdl CMake target
[4.130s] -- Found moveit_ros_planning: 2.5.5 (/home/parallels/liam-workspace/install/moveit_ros_planning/share/moveit_ros_planning/cmake)
[4.133s] -- Found Boost: /usr/lib/aarch64-linux-gnu/cmake/Boost-1.74.0/BoostConfig.cmake (found version "1.74.0") found components: system filesystem date_time program_options thread chrono 
[4.474s] -- Found moveit_ros_planning_interface: 2.5.5 (/home/parallels/liam-workspace/install/moveit_ros_planning_interface/share/moveit_ros_planning_interface/cmake)
[4.477s] -- Found Boost: /usr/lib/aarch64-linux-gnu/cmake/Boost-1.74.0/BoostConfig.cmake (found version "1.74.0") found components: date_time filesystem program_options system thread 
[4.624s] -- Found Boost: /usr/lib/aarch64-linux-gnu/cmake/Boost-1.74.0/BoostConfig.cmake (found version "1.74.0") found components: thread system filesystem regex date_time program_options 
[4.805s] -- Found Boost: /usr/lib/aarch64-linux-gnu/cmake/Boost-1.74.0/BoostConfig.cmake (found version "1.74.0") found components: system filesystem date_time program_options thread 
[5.118s] -- Found moveit_task_constructor_msgs: 0.1.3 (/home/parallels/liam-workspace/install/moveit_task_constructor_msgs/share/moveit_task_constructor_msgs/cmake)
[5.316s] -- Found rviz_marker_tools: 0.1.3 (/home/parallels/liam-workspace/install/rviz_marker_tools/share/rviz_marker_tools/cmake)
[5.374s] -- Found ament_cmake_gtest: 1.3.9 (/opt/ros/humble/share/ament_cmake_gtest/cmake)
[5.379s] -- Found ament_cmake_gmock: 1.3.9 (/opt/ros/humble/share/ament_cmake_gmock/cmake)
[5.384s] -- Found launch_testing_ament_cmake: 1.0.6 (/opt/ros/humble/share/launch_testing_ament_cmake/cmake)
[5.390s] -- Found python_cmake_module: 0.10.0 (/opt/ros/humble/share/python_cmake_module/cmake)
[5.417s] -- Found PythonInterp: /usr/bin/python3 (found suitable version "3.10.12", minimum required is "3.6") 
[5.419s] -- Found PythonLibs: /usr/lib/aarch64-linux-gnu/libpython3.10.so (found suitable version "3.10.12", minimum required is "3.5") 
[5.419s] -- Using PYTHON_EXECUTABLE: /usr/bin/python3
[5.419s] -- Using PYTHON_INCLUDE_DIRS: /usr/include/python3.10
[5.419s] -- Using PYTHON_LIBRARIES: /usr/lib/aarch64-linux-gnu/libpython3.10.so
[5.433s] -- Found PythonExtra: .so  
[5.439s] -- Found gmock sources under '/opt/ros/humble/src/gmock_vendor': C++ tests using 'Google Mock' will be built
[5.447s] -- Found gtest sources under '/opt/ros/humble/src/gtest_vendor': C++ tests using 'Google Test' will be built
[5.462s] -- Configuring done
[5.707s] -- Generating done
[5.710s] -- Build files have been written to: /home/parallels/liam-workspace/build/moveit_task_constructor_core
[5.725s] Invoked command in '/home/parallels/liam-workspace/build/moveit_task_constructor_core' returned '0': AMENT_PREFIX_PATH=/home/parallels/liam-workspace/install/moveit_planners:/home/parallels/liam-workspace/install/pilz_industrial_motion_planner:/home/parallels/liam-workspace/install/moveit_ros_planning_interface:/home/parallels/liam-workspace/install/moveit_ros_move_group:/home/parallels/liam-workspace/install/moveit_ros_warehouse:/home/parallels/liam-workspace/install/moveit_planners_ompl:/home/parallels/liam-workspace/install/moveit_kinematics:/home/parallels/liam-workspace/install/moveit_ros_planning:/home/parallels/liam-workspace/install/moveit_ros_occupancy_map_monitor:/home/parallels/liam-workspace/install/moveit_core:/home/parallels/liam-workspace/install/rviz_marker_tools:/home/parallels/liam-workspace/install/moveit_configs_utils:/home/parallels/liam-workspace/install/srdfdom:/home/parallels/liam-workspace/install/moveit_task_constructor_msgs:/home/parallels/liam-workspace/install/moveit_common:/home/parallels/liam-workspace/install/launch_param_builder:${AMENT_PREFIX_PATH} CMAKE_PREFIX_PATH=/home/parallels/liam-workspace/install/moveit_planners:/home/parallels/liam-workspace/install/pilz_industrial_motion_planner:/home/parallels/liam-workspace/install/moveit_ros_planning_interface:/home/parallels/liam-workspace/install/moveit_ros_move_group:/home/parallels/liam-workspace/install/moveit_ros_warehouse:/home/parallels/liam-workspace/install/moveit_planners_ompl:/home/parallels/liam-workspace/install/moveit_kinematics:/home/parallels/liam-workspace/install/moveit_ros_planning:/home/parallels/liam-workspace/install/moveit_ros_occupancy_map_monitor:/home/parallels/liam-workspace/install/moveit_core:/home/parallels/liam-workspace/install/rviz_marker_tools:/home/parallels/liam-workspace/install/srdfdom:/home/parallels/liam-workspace/install/moveit_task_constructor_msgs:/home/parallels/liam-workspace/install/moveit_common:/home/parallels/liam-workspace/install/pantilt_bot_description:/home/parallels/liam-workspace/install/open_manipulator_srt_description:/home/parallels/ws_moveit2/install/pilz_industrial_motion_planner_testutils:/home/parallels/ws_moveit2/install/moveit_runtime:/home/parallels/ws_moveit2/install/moveit2_tutorials:/home/parallels/ws_moveit2/install/moveit:/home/parallels/ws_moveit2/install/moveit_planners:/home/parallels/ws_moveit2/install/pilz_industrial_motion_planner:/home/parallels/ws_moveit2/install/moveit_visual_tools:/home/parallels/ws_moveit2/install/moveit_task_constructor_visualization:/home/parallels/ws_moveit2/install/moveit_task_constructor_demo:/home/parallels/ws_moveit2/install/moveit_task_constructor_capabilities:/home/parallels/ws_moveit2/install/moveit_task_constructor_core:/home/parallels/ws_moveit2/install/moveit_ros_control_interface:/home/parallels/ws_moveit2/install/moveit_plugins:/home/parallels/ws_moveit2/install/moveit_simple_controller_manager:/home/parallels/ws_moveit2/install/moveit_setup_assistant:/home/parallels/ws_moveit2/install/moveit_setup_srdf_plugins:/home/parallels/ws_moveit2/install/moveit_setup_core_plugins:/home/parallels/ws_moveit2/install/moveit_setup_controllers:/home/parallels/ws_moveit2/install/moveit_setup_app_plugins:/home/parallels/ws_moveit2/install/moveit_setup_framework:/home/parallels/ws_moveit2/install/moveit_servo:/home/parallels/ws_moveit2/install/moveit_ros:/home/parallels/ws_moveit2/install/moveit_ros_visualization:/home/parallels/ws_moveit2/install/moveit_hybrid_planning:/home/parallels/ws_moveit2/install/moveit_ros_planning_interface:/home/parallels/ws_moveit2/install/moveit_ros_benchmarks:/home/parallels/ws_moveit2/install/moveit_ros_warehouse:/home/parallels/ws_moveit2/install/moveit_ros_robot_interaction:/home/parallels/ws_moveit2/install/moveit_ros_perception:/home/parallels/ws_moveit2/install/moveit_resources_prbt_pg70_support:/home/parallels/ws_moveit2/install/moveit_resources_prbt_moveit_config:/home/parallels/ws_moveit2/install/moveit_ros_move_group:/home/parallels/ws_moveit2/install/moveit_planners_ompl:/home/parallels/ws_moveit2/install/moveit_ros_planning:/home/parallels/ws_moveit2/install/moveit_ros_occupancy_map_monitor:/home/parallels/ws_moveit2/install/moveit_resources_prbt_ikfast_manipulator_plugin:/home/parallels/ws_moveit2/install/moveit_planners_chomp:/home/parallels/ws_moveit2/install/moveit_kinematics:/home/parallels/ws_moveit2/install/moveit_chomp_optimizer_adapter:/home/parallels/ws_moveit2/install/chomp_motion_planner:/home/parallels/ws_moveit2/install/moveit_core:/home/parallels/ws_moveit2/install/srdfdom:/home/parallels/ws_moveit2/install/rviz_marker_tools:/home/parallels/ws_moveit2/install/rosparam_shortcuts:/home/parallels/ws_moveit2/install/pantilt_bot_description:/home/parallels/ws_moveit2/install/open_manipulator_x_description:/home/parallels/ws_moveit2/install/moveit_task_constructor_msgs:/home/parallels/ws_moveit2/install/moveit_resources_prbt_support:/home/parallels/ws_moveit2/install/moveit_resources:/home/parallels/ws_moveit2/install/moveit_resources_pr2_description:/home/parallels/ws_moveit2/install/moveit_resources_panda_moveit_config:/home/parallels/ws_moveit2/install/moveit_resources_panda_description:/home/parallels/ws_moveit2/install/moveit_resources_fanuc_moveit_config:/home/parallels/ws_moveit2/install/moveit_resources_fanuc_description:/home/parallels/ws_moveit2/install/moveit_common:/home/parallels/ws_moveit2/install/dynamixel_workbench:/home/parallels/ws_moveit2/install/dynamixel_hardware:/home/parallels/ws_moveit2/install/dynamixel_workbench_toolbox:/home/parallels/ws_moveit2/install/dynamixel_workbench_msgs:/home/parallels/ws_moveit2/install/moveit_configs_utils:/home/parallels/ws_moveit2/install/launch_param_builder:/opt/ros/humble LD_LIBRARY_PATH=/home/parallels/liam-workspace/install/pilz_industrial_motion_planner/lib:/home/parallels/liam-workspace/install/moveit_ros_planning_interface/lib:/home/parallels/liam-workspace/install/moveit_ros_move_group/lib:/home/parallels/liam-workspace/install/moveit_ros_warehouse/lib:/home/parallels/liam-workspace/install/moveit_planners_ompl/lib:/home/parallels/liam-workspace/install/moveit_kinematics/lib:/home/parallels/liam-workspace/install/moveit_ros_planning/lib:/home/parallels/liam-workspace/install/moveit_ros_occupancy_map_monitor/lib:/home/parallels/liam-workspace/install/moveit_core/lib:/home/parallels/liam-workspace/install/rviz_marker_tools/lib:/home/parallels/liam-workspace/install/srdfdom/lib:/home/parallels/liam-workspace/install/moveit_task_constructor_msgs/lib:${LD_LIBRARY_PATH} PATH=/home/parallels/liam-workspace/install/moveit_core/bin:${PATH} PYTHONPATH=/home/parallels/liam-workspace/install/moveit_configs_utils/lib/python3.10/site-packages:/home/parallels/liam-workspace/install/srdfdom/local/lib/python3.10/dist-packages:/home/parallels/liam-workspace/install/moveit_task_constructor_msgs/local/lib/python3.10/dist-packages:/home/parallels/liam-workspace/install/launch_param_builder/lib/python3.10/site-packages:${PYTHONPATH} /usr/bin/cmake /home/parallels/liam-workspace/src/moveit_task_constructor/core -DCMAKE_INSTALL_PREFIX=/home/parallels/liam-workspace/install/moveit_task_constructor_core
[5.726s] Invoking command in '/home/parallels/liam-workspace/build/moveit_task_constructor_core': AMENT_PREFIX_PATH=/home/parallels/liam-workspace/install/moveit_planners:/home/parallels/liam-workspace/install/pilz_industrial_motion_planner:/home/parallels/liam-workspace/install/moveit_ros_planning_interface:/home/parallels/liam-workspace/install/moveit_ros_move_group:/home/parallels/liam-workspace/install/moveit_ros_warehouse:/home/parallels/liam-workspace/install/moveit_planners_ompl:/home/parallels/liam-workspace/install/moveit_kinematics:/home/parallels/liam-workspace/install/moveit_ros_planning:/home/parallels/liam-workspace/install/moveit_ros_occupancy_map_monitor:/home/parallels/liam-workspace/install/moveit_core:/home/parallels/liam-workspace/install/rviz_marker_tools:/home/parallels/liam-workspace/install/moveit_configs_utils:/home/parallels/liam-workspace/install/srdfdom:/home/parallels/liam-workspace/install/moveit_task_constructor_msgs:/home/parallels/liam-workspace/install/moveit_common:/home/parallels/liam-workspace/install/launch_param_builder:${AMENT_PREFIX_PATH} CMAKE_PREFIX_PATH=/home/parallels/liam-workspace/install/moveit_planners:/home/parallels/liam-workspace/install/pilz_industrial_motion_planner:/home/parallels/liam-workspace/install/moveit_ros_planning_interface:/home/parallels/liam-workspace/install/moveit_ros_move_group:/home/parallels/liam-workspace/install/moveit_ros_warehouse:/home/parallels/liam-workspace/install/moveit_planners_ompl:/home/parallels/liam-workspace/install/moveit_kinematics:/home/parallels/liam-workspace/install/moveit_ros_planning:/home/parallels/liam-workspace/install/moveit_ros_occupancy_map_monitor:/home/parallels/liam-workspace/install/moveit_core:/home/parallels/liam-workspace/install/rviz_marker_tools:/home/parallels/liam-workspace/install/srdfdom:/home/parallels/liam-workspace/install/moveit_task_constructor_msgs:/home/parallels/liam-workspace/install/moveit_common:/home/parallels/liam-workspace/install/pantilt_bot_description:/home/parallels/liam-workspace/install/open_manipulator_srt_description:/home/parallels/ws_moveit2/install/pilz_industrial_motion_planner_testutils:/home/parallels/ws_moveit2/install/moveit_runtime:/home/parallels/ws_moveit2/install/moveit2_tutorials:/home/parallels/ws_moveit2/install/moveit:/home/parallels/ws_moveit2/install/moveit_planners:/home/parallels/ws_moveit2/install/pilz_industrial_motion_planner:/home/parallels/ws_moveit2/install/moveit_visual_tools:/home/parallels/ws_moveit2/install/moveit_task_constructor_visualization:/home/parallels/ws_moveit2/install/moveit_task_constructor_demo:/home/parallels/ws_moveit2/install/moveit_task_constructor_capabilities:/home/parallels/ws_moveit2/install/moveit_task_constructor_core:/home/parallels/ws_moveit2/install/moveit_ros_control_interface:/home/parallels/ws_moveit2/install/moveit_plugins:/home/parallels/ws_moveit2/install/moveit_simple_controller_manager:/home/parallels/ws_moveit2/install/moveit_setup_assistant:/home/parallels/ws_moveit2/install/moveit_setup_srdf_plugins:/home/parallels/ws_moveit2/install/moveit_setup_core_plugins:/home/parallels/ws_moveit2/install/moveit_setup_controllers:/home/parallels/ws_moveit2/install/moveit_setup_app_plugins:/home/parallels/ws_moveit2/install/moveit_setup_framework:/home/parallels/ws_moveit2/install/moveit_servo:/home/parallels/ws_moveit2/install/moveit_ros:/home/parallels/ws_moveit2/install/moveit_ros_visualization:/home/parallels/ws_moveit2/install/moveit_hybrid_planning:/home/parallels/ws_moveit2/install/moveit_ros_planning_interface:/home/parallels/ws_moveit2/install/moveit_ros_benchmarks:/home/parallels/ws_moveit2/install/moveit_ros_warehouse:/home/parallels/ws_moveit2/install/moveit_ros_robot_interaction:/home/parallels/ws_moveit2/install/moveit_ros_perception:/home/parallels/ws_moveit2/install/moveit_resources_prbt_pg70_support:/home/parallels/ws_moveit2/install/moveit_resources_prbt_moveit_config:/home/parallels/ws_moveit2/install/moveit_ros_move_group:/home/parallels/ws_moveit2/install/moveit_planners_ompl:/home/parallels/ws_moveit2/install/moveit_ros_planning:/home/parallels/ws_moveit2/install/moveit_ros_occupancy_map_monitor:/home/parallels/ws_moveit2/install/moveit_resources_prbt_ikfast_manipulator_plugin:/home/parallels/ws_moveit2/install/moveit_planners_chomp:/home/parallels/ws_moveit2/install/moveit_kinematics:/home/parallels/ws_moveit2/install/moveit_chomp_optimizer_adapter:/home/parallels/ws_moveit2/install/chomp_motion_planner:/home/parallels/ws_moveit2/install/moveit_core:/home/parallels/ws_moveit2/install/srdfdom:/home/parallels/ws_moveit2/install/rviz_marker_tools:/home/parallels/ws_moveit2/install/rosparam_shortcuts:/home/parallels/ws_moveit2/install/pantilt_bot_description:/home/parallels/ws_moveit2/install/open_manipulator_x_description:/home/parallels/ws_moveit2/install/moveit_task_constructor_msgs:/home/parallels/ws_moveit2/install/moveit_resources_prbt_support:/home/parallels/ws_moveit2/install/moveit_resources:/home/parallels/ws_moveit2/install/moveit_resources_pr2_description:/home/parallels/ws_moveit2/install/moveit_resources_panda_moveit_config:/home/parallels/ws_moveit2/install/moveit_resources_panda_description:/home/parallels/ws_moveit2/install/moveit_resources_fanuc_moveit_config:/home/parallels/ws_moveit2/install/moveit_resources_fanuc_description:/home/parallels/ws_moveit2/install/moveit_common:/home/parallels/ws_moveit2/install/dynamixel_workbench:/home/parallels/ws_moveit2/install/dynamixel_hardware:/home/parallels/ws_moveit2/install/dynamixel_workbench_toolbox:/home/parallels/ws_moveit2/install/dynamixel_workbench_msgs:/home/parallels/ws_moveit2/install/moveit_configs_utils:/home/parallels/ws_moveit2/install/launch_param_builder:/opt/ros/humble LD_LIBRARY_PATH=/home/parallels/liam-workspace/install/pilz_industrial_motion_planner/lib:/home/parallels/liam-workspace/install/moveit_ros_planning_interface/lib:/home/parallels/liam-workspace/install/moveit_ros_move_group/lib:/home/parallels/liam-workspace/install/moveit_ros_warehouse/lib:/home/parallels/liam-workspace/install/moveit_planners_ompl/lib:/home/parallels/liam-workspace/install/moveit_kinematics/lib:/home/parallels/liam-workspace/install/moveit_ros_planning/lib:/home/parallels/liam-workspace/install/moveit_ros_occupancy_map_monitor/lib:/home/parallels/liam-workspace/install/moveit_core/lib:/home/parallels/liam-workspace/install/rviz_marker_tools/lib:/home/parallels/liam-workspace/install/srdfdom/lib:/home/parallels/liam-workspace/install/moveit_task_constructor_msgs/lib:${LD_LIBRARY_PATH} PATH=/home/parallels/liam-workspace/install/moveit_core/bin:${PATH} PYTHONPATH=/home/parallels/liam-workspace/install/moveit_configs_utils/lib/python3.10/site-packages:/home/parallels/liam-workspace/install/srdfdom/local/lib/python3.10/dist-packages:/home/parallels/liam-workspace/install/moveit_task_constructor_msgs/local/lib/python3.10/dist-packages:/home/parallels/liam-workspace/install/launch_param_builder/lib/python3.10/site-packages:${PYTHONPATH} /usr/bin/cmake --build /home/parallels/liam-workspace/build/moveit_task_constructor_core -- -j8 -l8
[5.770s] [  1%] [32mBuilding CXX object src/CMakeFiles/moveit_task_constructor_core.dir/container.cpp.o[0m
[13.379s] [  2%] [32mBuilding CXX object src/CMakeFiles/moveit_task_constructor_core.dir/marker_tools.cpp.o[0m
[17.730s] [  3%] [32mBuilding CXX object src/CMakeFiles/moveit_task_constructor_core.dir/merge.cpp.o[0m
[18.740s] [  5%] [32mBuilding CXX object src/CMakeFiles/moveit_task_constructor_core.dir/introspection.cpp.o[0m
[18.740s] [  6%] [32mBuilding CXX object src/CMakeFiles/moveit_task_constructor_core.dir/properties.cpp.o[0m
[19.752s] [  7%] [32mBuilding CXX object src/CMakeFiles/moveit_task_constructor_core.dir/cost_terms.cpp.o[0m
[20.528s] [  8%] [32mBuilding CXX object src/CMakeFiles/moveit_task_constructor_core.dir/stage.cpp.o[0m
[22.452s] [ 10%] [32mBuilding CXX object src/CMakeFiles/moveit_task_constructor_core.dir/storage.cpp.o[0m
[25.740s] [ 11%] [32mBuilding CXX object src/CMakeFiles/moveit_task_constructor_core.dir/task.cpp.o[0m
[27.705s] [ 12%] [32mBuilding CXX object src/CMakeFiles/moveit_task_constructor_core.dir/utils.cpp.o[0m
[27.836s] [ 13%] [32mBuilding CXX object src/CMakeFiles/moveit_task_constructor_core.dir/solvers/planner_interface.cpp.o[0m
[28.248s] [ 15%] [32mBuilding CXX object src/CMakeFiles/moveit_task_constructor_core.dir/solvers/cartesian_path.cpp.o[0m
[31.807s] [ 16%] [32mBuilding CXX object src/CMakeFiles/moveit_task_constructor_core.dir/solvers/joint_interpolation.cpp.o[0m
[32.359s] [ 17%] [32mBuilding CXX object src/CMakeFiles/moveit_task_constructor_core.dir/solvers/pipeline_planner.cpp.o[0m
[32.701s] [ 18%] [32mBuilding CXX object src/CMakeFiles/moveit_task_constructor_core.dir/solvers/multi_planner.cpp.o[0m
[44.458s] [ 20%] [32m[1mLinking CXX shared library libmoveit_task_constructor_core.so[0m
[44.695s] [ 20%] Built target moveit_task_constructor_core
[44.712s] [ 22%] [32mBuilding CXX object gtest/CMakeFiles/gtest.dir/src/gtest-all.cc.o[0m
[44.713s] [ 22%] [32mBuilding CXX object gmock/CMakeFiles/gmock_main.dir/src/gmock_main.cc.o[0m
[44.713s] [ 26%] [32mBuilding CXX object gmock/CMakeFiles/gmock.dir/src/gmock-all.cc.o[0m
[44.713s] [ 25%] [32mBuilding CXX object gmock/CMakeFiles/gmock.dir/opt/ros/humble/src/gtest_vendor/src/gtest-all.cc.o[0m
[44.713s] [ 26%] [32mBuilding CXX object gtest/CMakeFiles/gtest_main.dir/src/gtest_main.cc.o[0m
[45.195s] [ 27%] [32m[1mLinking CXX static library libgtest_main.a[0m
[45.223s] [ 27%] Built target gtest_main
[45.241s] [ 29%] [32mBuilding CXX object test/CMakeFiles/gtest_utils.dir/models.cpp.o[0m
[45.241s] [ 30%] [32mBuilding CXX object test/CMakeFiles/gtest_utils.dir/gtest_value_printers.cpp.o[0m
[45.246s] [ 31%] [32mBuilding CXX object test/CMakeFiles/gtest_utils.dir/stage_mockups.cpp.o[0m
[45.334s] [ 32%] [32m[1mLinking CXX static library libgmock_main.a[0m
[45.363s] [ 32%] Built target gmock_main
[45.390s] [ 34%] [32mBuilding CXX object src/stages/CMakeFiles/moveit_task_constructor_core_stages.dir/fix_collision_objects.cpp.o[0m
[45.394s] [ 35%] [32mBuilding CXX object src/stages/CMakeFiles/moveit_task_constructor_core_stages.dir/modify_planning_scene.cpp.o[0m
[46.548s] [ 36%] [32mBuilding CXX object src/stages/CMakeFiles/moveit_task_constructor_core_stages.dir/current_state.cpp.o[0m
[47.919s] [ 37%] [32mBuilding CXX object src/stages/CMakeFiles/moveit_task_constructor_core_stages.dir/fixed_state.cpp.o[0m
[48.673s] [ 39%] [32mBuilding CXX object src/stages/CMakeFiles/moveit_task_constructor_core_stages.dir/fixed_cartesian_poses.cpp.o[0m
[49.646s] [ 40%] [32m[1mLinking CXX static library libgmock.a[0m
[49.669s] [ 41%] [32m[1mLinking CXX static library libgtest.a[0m
[49.753s] [ 41%] Built target gtest
[49.774s] [ 43%] [32mBuilding CXX object src/stages/CMakeFiles/moveit_task_constructor_core_stages.dir/generate_pose.cpp.o[0m
[49.786s] [ 43%] Built target gmock
[50.814s] [ 44%] [32mBuilding CXX object src/stages/CMakeFiles/moveit_task_constructor_core_stages.dir/generate_random_pose.cpp.o[0m
[51.078s] [ 45%] [32m[1mLinking CXX shared library libgtest_utils.so[0m
[51.342s] [ 46%] [32mBuilding CXX object src/stages/CMakeFiles/moveit_task_constructor_core_stages.dir/generate_grasp_pose.cpp.o[0m
[51.353s] [ 46%] Built target gtest_utils
[52.393s] [ 48%] [32mBuilding CXX object src/stages/CMakeFiles/moveit_task_constructor_core_stages.dir/generate_place_pose.cpp.o[0m
[53.297s] [ 49%] [32mBuilding CXX object src/stages/CMakeFiles/moveit_task_constructor_core_stages.dir/compute_ik.cpp.o[0m
[60.178s] [ 50%] [32mBuilding CXX object src/stages/CMakeFiles/moveit_task_constructor_core_stages.dir/pick.cpp.o[0m
[64.740s] [ 51%] [32mBuilding CXX object src/stages/CMakeFiles/moveit_task_constructor_core_stages.dir/simple_grasp.cpp.o[0m
[64.750s] [ 53%] [32mBuilding CXX object src/stages/CMakeFiles/moveit_task_constructor_core_stages.dir/move_relative.cpp.o[0m
[89.803s] [ 54%] [32mBuilding CXX object src/stages/CMakeFiles/moveit_task_constructor_core_stages.dir/move_to.cpp.o[0m
[96.288s] [ 55%] [32mBuilding CXX object src/stages/CMakeFiles/moveit_task_constructor_core_stages.dir/connect.cpp.o[0m
[101.538s] [ 56%] [32mBuilding CXX object src/stages/CMakeFiles/moveit_task_constructor_core_stages.dir/predicate_filter.cpp.o[0m
[105.713s] [ 58%] [32mBuilding CXX object src/stages/CMakeFiles/moveit_task_constructor_core_stages.dir/passthrough.cpp.o[0m
[110.373s] [ 59%] [32m[1mLinking CXX shared library libmoveit_task_constructor_core_stages.so[0m
[110.576s] [ 59%] Built target moveit_task_constructor_core_stages
[110.595s] [ 60%] [32mBuilding CXX object src/stages/CMakeFiles/moveit_task_constructor_core_stage_plugins.dir/plugins.cpp.o[0m
[111.913s] [ 62%] [32m[1mLinking CXX shared library libmoveit_task_constructor_core_stage_plugins.so[0m
[112.023s] [ 62%] Built target moveit_task_constructor_core_stage_plugins
[112.039s] [ 63%] [32mBuilding CXX object test/CMakeFiles/moveit_task_constructor_core-test-cost-terms.dir/test_cost_terms.cpp.o[0m
[114.052s] [ 64%] [32mBuilding CXX object test/CMakeFiles/moveit_task_constructor_core-test-fallback.dir/test_fallback.cpp.o[0m
[115.070s] [ 65%] [32mBuilding CXX object test/CMakeFiles/moveit_task_constructor_core-test-properties.dir/test_properties.cpp.o[0m
[116.162s] [ 67%] [32mBuilding CXX object test/CMakeFiles/moveit_task_constructor_core-test-pruning.dir/test_pruning.cpp.o[0m
[117.216s] [ 68%] [32m[1mLinking CXX executable moveit_task_constructor_core-test-properties[0m
[117.264s] [ 69%] [32mBuilding CXX object test/CMakeFiles/moveit_task_constructor_core-test-serial.dir/test_serial.cpp.o[0m
[117.919s] [ 69%] Built target moveit_task_constructor_core-test-properties
[117.987s] [ 70%] [32mBuilding CXX object test/CMakeFiles/moveit_task_constructor_core-test-container.dir/test_container.cpp.o[0m
[118.044s] [ 72%] [32mBuilding CXX object test/CMakeFiles/moveit_task_constructor_core-test-stage.dir/test_stage.cpp.o[0m
[121.135s] [ 73%] [32m[1mLinking CXX executable moveit_task_constructor_core-test-cost-terms[0m
[121.912s] [ 73%] Built target moveit_task_constructor_core-test-cost-terms
[127.111s] [ 74%] [32m[1mLinking CXX executable moveit_task_constructor_core-test-pruning[0m
[127.976s] [ 74%] Built target moveit_task_constructor_core-test-pruning
[128.667s] [ 75%] [32m[1mLinking CXX executable moveit_task_constructor_core-test-fallback[0m
[128.963s] [ 75%] Built target moveit_task_constructor_core-test-fallback
[130.959s] [ 77%] [32m[1mLinking CXX executable moveit_task_constructor_core-test-stage[0m
[131.108s] [ 78%] [32m[1mLinking CXX executable moveit_task_constructor_core-test-serial[0m
[131.228s] [ 78%] Built target moveit_task_constructor_core-test-stage
[131.350s] [ 78%] Built target moveit_task_constructor_core-test-serial
[132.224s] [ 79%] [32m[1mLinking CXX executable moveit_task_constructor_core-test-container[0m
[132.478s] [ 79%] Built target moveit_task_constructor_core-test-container
[132.497s] [ 81%] [32mBuilding CXX object test/CMakeFiles/pick_pr2.dir/pick_pr2.cpp.o[0m
[137.567s] [ 82%] [32m[1mLinking CXX executable pick_pr2[0m
[137.827s] [ 82%] Built target pick_pr2
[137.852s] [ 83%] [32mBuilding CXX object test/CMakeFiles/pick_pa10.dir/pick_pa10.cpp.o[0m
[143.645s] [ 84%] [32m[1mLinking CXX executable pick_pa10[0m
[143.891s] [ 84%] Built target pick_pa10
[143.910s] [ 86%] [32mBuilding CXX object test/CMakeFiles/pick_ur5.dir/pick_ur5.cpp.o[0m
[143.910s] [ 88%] [32mBuilding CXX object test/CMakeFiles/moveit_task_constructor_core-test-move-relative.dir/test_move_relative.cpp.o[0m
[143.910s] [ 88%] [32mBuilding CXX object test/CMakeFiles/moveit_task_constructor_core-test-move-to.dir/test_move_to.cpp.o[0m
[150.416s] [ 89%] [32m[1mLinking CXX executable moveit_task_constructor_core-test-move-relative[0m
[150.423s] [ 91%] [32m[1mLinking CXX executable pick_ur5[0m
[150.711s] [ 91%] Built target moveit_task_constructor_core-test-move-relative
[150.799s] [ 92%] [32mBuilding CXX object test/CMakeFiles/moveit_task_constructor_core-test-interface-state.dir/test_interface_state.cpp.o[0m
[150.847s] [ 92%] Built target pick_ur5
[150.971s] [ 93%] [32mBuilding CXX object test/CMakeFiles/moveit_task_constructor_core-test-cost-queue.dir/test_cost_queue.cpp.o[0m
[154.107s] [ 94%] [32m[1mLinking CXX executable moveit_task_constructor_core-test-move-to[0m
[154.672s] [ 94%] Built target moveit_task_constructor_core-test-move-to
[154.695s] [ 96%] [32mBuilding CXX object test/CMakeFiles/moveit_task_constructor_core-test-mockups.dir/test_mockups.cpp.o[0m
[155.335s] [ 97%] [32m[1mLinking CXX executable moveit_task_constructor_core-test-cost-queue[0m
[155.808s] [ 97%] Built target moveit_task_constructor_core-test-cost-queue
[157.782s] [ 98%] [32m[1mLinking CXX executable moveit_task_constructor_core-test-interface-state[0m
[158.020s] [ 98%] Built target moveit_task_constructor_core-test-interface-state
[160.935s] [100%] [32m[1mLinking CXX executable moveit_task_constructor_core-test-mockups[0m
[161.168s] [100%] Built target moveit_task_constructor_core-test-mockups
[161.181s] Invoked command in '/home/parallels/liam-workspace/build/moveit_task_constructor_core' returned '0': AMENT_PREFIX_PATH=/home/parallels/liam-workspace/install/moveit_planners:/home/parallels/liam-workspace/install/pilz_industrial_motion_planner:/home/parallels/liam-workspace/install/moveit_ros_planning_interface:/home/parallels/liam-workspace/install/moveit_ros_move_group:/home/parallels/liam-workspace/install/moveit_ros_warehouse:/home/parallels/liam-workspace/install/moveit_planners_ompl:/home/parallels/liam-workspace/install/moveit_kinematics:/home/parallels/liam-workspace/install/moveit_ros_planning:/home/parallels/liam-workspace/install/moveit_ros_occupancy_map_monitor:/home/parallels/liam-workspace/install/moveit_core:/home/parallels/liam-workspace/install/rviz_marker_tools:/home/parallels/liam-workspace/install/moveit_configs_utils:/home/parallels/liam-workspace/install/srdfdom:/home/parallels/liam-workspace/install/moveit_task_constructor_msgs:/home/parallels/liam-workspace/install/moveit_common:/home/parallels/liam-workspace/install/launch_param_builder:${AMENT_PREFIX_PATH} CMAKE_PREFIX_PATH=/home/parallels/liam-workspace/install/moveit_planners:/home/parallels/liam-workspace/install/pilz_industrial_motion_planner:/home/parallels/liam-workspace/install/moveit_ros_planning_interface:/home/parallels/liam-workspace/install/moveit_ros_move_group:/home/parallels/liam-workspace/install/moveit_ros_warehouse:/home/parallels/liam-workspace/install/moveit_planners_ompl:/home/parallels/liam-workspace/install/moveit_kinematics:/home/parallels/liam-workspace/install/moveit_ros_planning:/home/parallels/liam-workspace/install/moveit_ros_occupancy_map_monitor:/home/parallels/liam-workspace/install/moveit_core:/home/parallels/liam-workspace/install/rviz_marker_tools:/home/parallels/liam-workspace/install/srdfdom:/home/parallels/liam-workspace/install/moveit_task_constructor_msgs:/home/parallels/liam-workspace/install/moveit_common:/home/parallels/liam-workspace/install/pantilt_bot_description:/home/parallels/liam-workspace/install/open_manipulator_srt_description:/home/parallels/ws_moveit2/install/pilz_industrial_motion_planner_testutils:/home/parallels/ws_moveit2/install/moveit_runtime:/home/parallels/ws_moveit2/install/moveit2_tutorials:/home/parallels/ws_moveit2/install/moveit:/home/parallels/ws_moveit2/install/moveit_planners:/home/parallels/ws_moveit2/install/pilz_industrial_motion_planner:/home/parallels/ws_moveit2/install/moveit_visual_tools:/home/parallels/ws_moveit2/install/moveit_task_constructor_visualization:/home/parallels/ws_moveit2/install/moveit_task_constructor_demo:/home/parallels/ws_moveit2/install/moveit_task_constructor_capabilities:/home/parallels/ws_moveit2/install/moveit_task_constructor_core:/home/parallels/ws_moveit2/install/moveit_ros_control_interface:/home/parallels/ws_moveit2/install/moveit_plugins:/home/parallels/ws_moveit2/install/moveit_simple_controller_manager:/home/parallels/ws_moveit2/install/moveit_setup_assistant:/home/parallels/ws_moveit2/install/moveit_setup_srdf_plugins:/home/parallels/ws_moveit2/install/moveit_setup_core_plugins:/home/parallels/ws_moveit2/install/moveit_setup_controllers:/home/parallels/ws_moveit2/install/moveit_setup_app_plugins:/home/parallels/ws_moveit2/install/moveit_setup_framework:/home/parallels/ws_moveit2/install/moveit_servo:/home/parallels/ws_moveit2/install/moveit_ros:/home/parallels/ws_moveit2/install/moveit_ros_visualization:/home/parallels/ws_moveit2/install/moveit_hybrid_planning:/home/parallels/ws_moveit2/install/moveit_ros_planning_interface:/home/parallels/ws_moveit2/install/moveit_ros_benchmarks:/home/parallels/ws_moveit2/install/moveit_ros_warehouse:/home/parallels/ws_moveit2/install/moveit_ros_robot_interaction:/home/parallels/ws_moveit2/install/moveit_ros_perception:/home/parallels/ws_moveit2/install/moveit_resources_prbt_pg70_support:/home/parallels/ws_moveit2/install/moveit_resources_prbt_moveit_config:/home/parallels/ws_moveit2/install/moveit_ros_move_group:/home/parallels/ws_moveit2/install/moveit_planners_ompl:/home/parallels/ws_moveit2/install/moveit_ros_planning:/home/parallels/ws_moveit2/install/moveit_ros_occupancy_map_monitor:/home/parallels/ws_moveit2/install/moveit_resources_prbt_ikfast_manipulator_plugin:/home/parallels/ws_moveit2/install/moveit_planners_chomp:/home/parallels/ws_moveit2/install/moveit_kinematics:/home/parallels/ws_moveit2/install/moveit_chomp_optimizer_adapter:/home/parallels/ws_moveit2/install/chomp_motion_planner:/home/parallels/ws_moveit2/install/moveit_core:/home/parallels/ws_moveit2/install/srdfdom:/home/parallels/ws_moveit2/install/rviz_marker_tools:/home/parallels/ws_moveit2/install/rosparam_shortcuts:/home/parallels/ws_moveit2/install/pantilt_bot_description:/home/parallels/ws_moveit2/install/open_manipulator_x_description:/home/parallels/ws_moveit2/install/moveit_task_constructor_msgs:/home/parallels/ws_moveit2/install/moveit_resources_prbt_support:/home/parallels/ws_moveit2/install/moveit_resources:/home/parallels/ws_moveit2/install/moveit_resources_pr2_description:/home/parallels/ws_moveit2/install/moveit_resources_panda_moveit_config:/home/parallels/ws_moveit2/install/moveit_resources_panda_description:/home/parallels/ws_moveit2/install/moveit_resources_fanuc_moveit_config:/home/parallels/ws_moveit2/install/moveit_resources_fanuc_description:/home/parallels/ws_moveit2/install/moveit_common:/home/parallels/ws_moveit2/install/dynamixel_workbench:/home/parallels/ws_moveit2/install/dynamixel_hardware:/home/parallels/ws_moveit2/install/dynamixel_workbench_toolbox:/home/parallels/ws_moveit2/install/dynamixel_workbench_msgs:/home/parallels/ws_moveit2/install/moveit_configs_utils:/home/parallels/ws_moveit2/install/launch_param_builder:/opt/ros/humble LD_LIBRARY_PATH=/home/parallels/liam-workspace/install/pilz_industrial_motion_planner/lib:/home/parallels/liam-workspace/install/moveit_ros_planning_interface/lib:/home/parallels/liam-workspace/install/moveit_ros_move_group/lib:/home/parallels/liam-workspace/install/moveit_ros_warehouse/lib:/home/parallels/liam-workspace/install/moveit_planners_ompl/lib:/home/parallels/liam-workspace/install/moveit_kinematics/lib:/home/parallels/liam-workspace/install/moveit_ros_planning/lib:/home/parallels/liam-workspace/install/moveit_ros_occupancy_map_monitor/lib:/home/parallels/liam-workspace/install/moveit_core/lib:/home/parallels/liam-workspace/install/rviz_marker_tools/lib:/home/parallels/liam-workspace/install/srdfdom/lib:/home/parallels/liam-workspace/install/moveit_task_constructor_msgs/lib:${LD_LIBRARY_PATH} PATH=/home/parallels/liam-workspace/install/moveit_core/bin:${PATH} PYTHONPATH=/home/parallels/liam-workspace/install/moveit_configs_utils/lib/python3.10/site-packages:/home/parallels/liam-workspace/install/srdfdom/local/lib/python3.10/dist-packages:/home/parallels/liam-workspace/install/moveit_task_constructor_msgs/local/lib/python3.10/dist-packages:/home/parallels/liam-workspace/install/launch_param_builder/lib/python3.10/site-packages:${PYTHONPATH} /usr/bin/cmake --build /home/parallels/liam-workspace/build/moveit_task_constructor_core -- -j8 -l8
[161.217s] Invoking command in '/home/parallels/liam-workspace/build/moveit_task_constructor_core': AMENT_PREFIX_PATH=/home/parallels/liam-workspace/install/moveit_planners:/home/parallels/liam-workspace/install/pilz_industrial_motion_planner:/home/parallels/liam-workspace/install/moveit_ros_planning_interface:/home/parallels/liam-workspace/install/moveit_ros_move_group:/home/parallels/liam-workspace/install/moveit_ros_warehouse:/home/parallels/liam-workspace/install/moveit_planners_ompl:/home/parallels/liam-workspace/install/moveit_kinematics:/home/parallels/liam-workspace/install/moveit_ros_planning:/home/parallels/liam-workspace/install/moveit_ros_occupancy_map_monitor:/home/parallels/liam-workspace/install/moveit_core:/home/parallels/liam-workspace/install/rviz_marker_tools:/home/parallels/liam-workspace/install/moveit_configs_utils:/home/parallels/liam-workspace/install/srdfdom:/home/parallels/liam-workspace/install/moveit_task_constructor_msgs:/home/parallels/liam-workspace/install/moveit_common:/home/parallels/liam-workspace/install/launch_param_builder:${AMENT_PREFIX_PATH} CMAKE_PREFIX_PATH=/home/parallels/liam-workspace/install/moveit_planners:/home/parallels/liam-workspace/install/pilz_industrial_motion_planner:/home/parallels/liam-workspace/install/moveit_ros_planning_interface:/home/parallels/liam-workspace/install/moveit_ros_move_group:/home/parallels/liam-workspace/install/moveit_ros_warehouse:/home/parallels/liam-workspace/install/moveit_planners_ompl:/home/parallels/liam-workspace/install/moveit_kinematics:/home/parallels/liam-workspace/install/moveit_ros_planning:/home/parallels/liam-workspace/install/moveit_ros_occupancy_map_monitor:/home/parallels/liam-workspace/install/moveit_core:/home/parallels/liam-workspace/install/rviz_marker_tools:/home/parallels/liam-workspace/install/srdfdom:/home/parallels/liam-workspace/install/moveit_task_constructor_msgs:/home/parallels/liam-workspace/install/moveit_common:/home/parallels/liam-workspace/install/pantilt_bot_description:/home/parallels/liam-workspace/install/open_manipulator_srt_description:/home/parallels/ws_moveit2/install/pilz_industrial_motion_planner_testutils:/home/parallels/ws_moveit2/install/moveit_runtime:/home/parallels/ws_moveit2/install/moveit2_tutorials:/home/parallels/ws_moveit2/install/moveit:/home/parallels/ws_moveit2/install/moveit_planners:/home/parallels/ws_moveit2/install/pilz_industrial_motion_planner:/home/parallels/ws_moveit2/install/moveit_visual_tools:/home/parallels/ws_moveit2/install/moveit_task_constructor_visualization:/home/parallels/ws_moveit2/install/moveit_task_constructor_demo:/home/parallels/ws_moveit2/install/moveit_task_constructor_capabilities:/home/parallels/ws_moveit2/install/moveit_task_constructor_core:/home/parallels/ws_moveit2/install/moveit_ros_control_interface:/home/parallels/ws_moveit2/install/moveit_plugins:/home/parallels/ws_moveit2/install/moveit_simple_controller_manager:/home/parallels/ws_moveit2/install/moveit_setup_assistant:/home/parallels/ws_moveit2/install/moveit_setup_srdf_plugins:/home/parallels/ws_moveit2/install/moveit_setup_core_plugins:/home/parallels/ws_moveit2/install/moveit_setup_controllers:/home/parallels/ws_moveit2/install/moveit_setup_app_plugins:/home/parallels/ws_moveit2/install/moveit_setup_framework:/home/parallels/ws_moveit2/install/moveit_servo:/home/parallels/ws_moveit2/install/moveit_ros:/home/parallels/ws_moveit2/install/moveit_ros_visualization:/home/parallels/ws_moveit2/install/moveit_hybrid_planning:/home/parallels/ws_moveit2/install/moveit_ros_planning_interface:/home/parallels/ws_moveit2/install/moveit_ros_benchmarks:/home/parallels/ws_moveit2/install/moveit_ros_warehouse:/home/parallels/ws_moveit2/install/moveit_ros_robot_interaction:/home/parallels/ws_moveit2/install/moveit_ros_perception:/home/parallels/ws_moveit2/install/moveit_resources_prbt_pg70_support:/home/parallels/ws_moveit2/install/moveit_resources_prbt_moveit_config:/home/parallels/ws_moveit2/install/moveit_ros_move_group:/home/parallels/ws_moveit2/install/moveit_planners_ompl:/home/parallels/ws_moveit2/install/moveit_ros_planning:/home/parallels/ws_moveit2/install/moveit_ros_occupancy_map_monitor:/home/parallels/ws_moveit2/install/moveit_resources_prbt_ikfast_manipulator_plugin:/home/parallels/ws_moveit2/install/moveit_planners_chomp:/home/parallels/ws_moveit2/install/moveit_kinematics:/home/parallels/ws_moveit2/install/moveit_chomp_optimizer_adapter:/home/parallels/ws_moveit2/install/chomp_motion_planner:/home/parallels/ws_moveit2/install/moveit_core:/home/parallels/ws_moveit2/install/srdfdom:/home/parallels/ws_moveit2/install/rviz_marker_tools:/home/parallels/ws_moveit2/install/rosparam_shortcuts:/home/parallels/ws_moveit2/install/pantilt_bot_description:/home/parallels/ws_moveit2/install/open_manipulator_x_description:/home/parallels/ws_moveit2/install/moveit_task_constructor_msgs:/home/parallels/ws_moveit2/install/moveit_resources_prbt_support:/home/parallels/ws_moveit2/install/moveit_resources:/home/parallels/ws_moveit2/install/moveit_resources_pr2_description:/home/parallels/ws_moveit2/install/moveit_resources_panda_moveit_config:/home/parallels/ws_moveit2/install/moveit_resources_panda_description:/home/parallels/ws_moveit2/install/moveit_resources_fanuc_moveit_config:/home/parallels/ws_moveit2/install/moveit_resources_fanuc_description:/home/parallels/ws_moveit2/install/moveit_common:/home/parallels/ws_moveit2/install/dynamixel_workbench:/home/parallels/ws_moveit2/install/dynamixel_hardware:/home/parallels/ws_moveit2/install/dynamixel_workbench_toolbox:/home/parallels/ws_moveit2/install/dynamixel_workbench_msgs:/home/parallels/ws_moveit2/install/moveit_configs_utils:/home/parallels/ws_moveit2/install/launch_param_builder:/opt/ros/humble LD_LIBRARY_PATH=/home/parallels/liam-workspace/install/pilz_industrial_motion_planner/lib:/home/parallels/liam-workspace/install/moveit_ros_planning_interface/lib:/home/parallels/liam-workspace/install/moveit_ros_move_group/lib:/home/parallels/liam-workspace/install/moveit_ros_warehouse/lib:/home/parallels/liam-workspace/install/moveit_planners_ompl/lib:/home/parallels/liam-workspace/install/moveit_kinematics/lib:/home/parallels/liam-workspace/install/moveit_ros_planning/lib:/home/parallels/liam-workspace/install/moveit_ros_occupancy_map_monitor/lib:/home/parallels/liam-workspace/install/moveit_core/lib:/home/parallels/liam-workspace/install/rviz_marker_tools/lib:/home/parallels/liam-workspace/install/srdfdom/lib:/home/parallels/liam-workspace/install/moveit_task_constructor_msgs/lib:${LD_LIBRARY_PATH} PATH=/home/parallels/liam-workspace/install/moveit_core/bin:${PATH} PYTHONPATH=/home/parallels/liam-workspace/install/moveit_configs_utils/lib/python3.10/site-packages:/home/parallels/liam-workspace/install/srdfdom/local/lib/python3.10/dist-packages:/home/parallels/liam-workspace/install/moveit_task_constructor_msgs/local/lib/python3.10/dist-packages:/home/parallels/liam-workspace/install/launch_param_builder/lib/python3.10/site-packages:${PYTHONPATH} /usr/bin/cmake --install /home/parallels/liam-workspace/build/moveit_task_constructor_core
[161.223s] -- Install configuration: "Release"
[161.223s] -- Installing: /home/parallels/liam-workspace/install/moveit_task_constructor_core/include
[161.223s] -- Installing: /home/parallels/liam-workspace/install/moveit_task_constructor_core/include/moveit
[161.223s] -- Installing: /home/parallels/liam-workspace/install/moveit_task_constructor_core/include/moveit/python
[161.224s] -- Installing: /home/parallels/liam-workspace/install/moveit_task_constructor_core/include/moveit/python/task_constructor
[161.224s] -- Installing: /home/parallels/liam-workspace/install/moveit_task_constructor_core/include/moveit/python/task_constructor/properties.h
[161.224s] -- Installing: /home/parallels/liam-workspace/install/moveit_task_constructor_core/include/moveit/python/python_tools
[161.224s] -- Installing: /home/parallels/liam-workspace/install/moveit_task_constructor_core/include/moveit/python/python_tools/ros_types.h
[161.225s] -- Installing: /home/parallels/liam-workspace/install/moveit_task_constructor_core/include/moveit/task_constructor
[161.225s] -- Installing: /home/parallels/liam-workspace/install/moveit_task_constructor_core/include/moveit/task_constructor/stage.h
[161.225s] -- Installing: /home/parallels/liam-workspace/install/moveit_task_constructor_core/include/moveit/task_constructor/stages.h
[161.225s] -- Installing: /home/parallels/liam-workspace/install/moveit_task_constructor_core/include/moveit/task_constructor/stages
[161.225s] -- Installing: /home/parallels/liam-workspace/install/moveit_task_constructor_core/include/moveit/task_constructor/stages/compute_ik.h
[161.225s] -- Installing: /home/parallels/liam-workspace/install/moveit_task_constructor_core/include/moveit/task_constructor/stages/generate_pose.h
[161.225s] -- Installing: /home/parallels/liam-workspace/install/moveit_task_constructor_core/include/moveit/task_constructor/stages/modify_planning_scene.h
[161.225s] -- Installing: /home/parallels/liam-workspace/install/moveit_task_constructor_core/include/moveit/task_constructor/stages/generate_place_pose.h
[161.226s] -- Installing: /home/parallels/liam-workspace/install/moveit_task_constructor_core/include/moveit/task_constructor/stages/move_to.h
[161.226s] -- Installing: /home/parallels/liam-workspace/install/moveit_task_constructor_core/include/moveit/task_constructor/stages/fixed_state.h
[161.226s] -- Installing: /home/parallels/liam-workspace/install/moveit_task_constructor_core/include/moveit/task_constructor/stages/fixed_cartesian_poses.h
[161.226s] -- Installing: /home/parallels/liam-workspace/install/moveit_task_constructor_core/include/moveit/task_constructor/stages/move_relative.h
[161.226s] -- Installing: /home/parallels/liam-workspace/install/moveit_task_constructor_core/include/moveit/task_constructor/stages/simple_grasp.h
[161.226s] -- Installing: /home/parallels/liam-workspace/install/moveit_task_constructor_core/include/moveit/task_constructor/stages/passthrough.h
[161.226s] -- Installing: /home/parallels/liam-workspace/install/moveit_task_constructor_core/include/moveit/task_constructor/stages/predicate_filter.h
[161.226s] -- Installing: /home/parallels/liam-workspace/install/moveit_task_constructor_core/include/moveit/task_constructor/stages/connect.h
[161.226s] -- Installing: /home/parallels/liam-workspace/install/moveit_task_constructor_core/include/moveit/task_constructor/stages/pick.h
[161.226s] -- Installing: /home/parallels/liam-workspace/install/moveit_task_constructor_core/include/moveit/task_constructor/stages/fix_collision_objects.h
[161.226s] -- Installing: /home/parallels/liam-workspace/install/moveit_task_constructor_core/include/moveit/task_constructor/stages/generate_random_pose.h
[161.226s] -- Installing: /home/parallels/liam-workspace/install/moveit_task_constructor_core/include/moveit/task_constructor/stages/generate_grasp_pose.h
[161.226s] -- Installing: /home/parallels/liam-workspace/install/moveit_task_constructor_core/include/moveit/task_constructor/stages/current_state.h
[161.226s] -- Installing: /home/parallels/liam-workspace/install/moveit_task_constructor_core/include/moveit/task_constructor/marker_tools.h
[161.226s] -- Installing: /home/parallels/liam-workspace/install/moveit_task_constructor_core/include/moveit/task_constructor/properties.h
[161.226s] -- Installing: /home/parallels/liam-workspace/install/moveit_task_constructor_core/include/moveit/task_constructor/storage.h
[161.226s] -- Installing: /home/parallels/liam-workspace/install/moveit_task_constructor_core/include/moveit/task_constructor/solvers
[161.226s] -- Installing: /home/parallels/liam-workspace/install/moveit_task_constructor_core/include/moveit/task_constructor/solvers/joint_interpolation.h
[161.226s] -- Installing: /home/parallels/liam-workspace/install/moveit_task_constructor_core/include/moveit/task_constructor/solvers/multi_planner.h
[161.226s] -- Installing: /home/parallels/liam-workspace/install/moveit_task_constructor_core/include/moveit/task_constructor/solvers/pipeline_planner.h
[161.227s] -- Installing: /home/parallels/liam-workspace/install/moveit_task_constructor_core/include/moveit/task_constructor/solvers/planner_interface.h
[161.227s] -- Installing: /home/parallels/liam-workspace/install/moveit_task_constructor_core/include/moveit/task_constructor/solvers/cartesian_path.h
[161.227s] -- Installing: /home/parallels/liam-workspace/install/moveit_task_constructor_core/include/moveit/task_constructor/type_traits.h
[161.227s] -- Installing: /home/parallels/liam-workspace/install/moveit_task_constructor_core/include/moveit/task_constructor/merge.h
[161.227s] -- Installing: /home/parallels/liam-workspace/install/moveit_task_constructor_core/include/moveit/task_constructor/container.h
[161.227s] -- Installing: /home/parallels/liam-workspace/install/moveit_task_constructor_core/include/moveit/task_constructor/task.h
[161.227s] -- Installing: /home/parallels/liam-workspace/install/moveit_task_constructor_core/include/moveit/task_constructor/utils.h
[161.227s] -- Installing: /home/parallels/liam-workspace/install/moveit_task_constructor_core/include/moveit/task_constructor/moveit_compat.h
[161.227s] -- Installing: /home/parallels/liam-workspace/install/moveit_task_constructor_core/include/moveit/task_constructor/trajectory_execution_info.h
[161.227s] -- Installing: /home/parallels/liam-workspace/install/moveit_task_constructor_core/include/moveit/task_constructor/cost_terms.h
[161.227s] -- Installing: /home/parallels/liam-workspace/install/moveit_task_constructor_core/include/moveit/task_constructor/introspection.h
[161.227s] -- Installing: /home/parallels/liam-workspace/install/moveit_task_constructor_core/include/moveit/task_constructor/solvers.h
[161.228s] -- Installing: /home/parallels/liam-workspace/install/moveit_task_constructor_core/include/moveit/task_constructor/cost_queue.h
[161.228s] -- Installing: /home/parallels/liam-workspace/install/moveit_task_constructor_core/share/moveit_task_constructor_core/motion_planning_stages_plugin_description.xml
[161.228s] -- Installing: /home/parallels/liam-workspace/install/moveit_task_constructor_core/share/moveit_task_constructor_core/environment/library_path.sh
[161.228s] -- Installing: /home/parallels/liam-workspace/install/moveit_task_constructor_core/share/moveit_task_constructor_core/environment/library_path.dsv
[161.228s] -- Installing: /home/parallels/liam-workspace/install/moveit_task_constructor_core/share/ament_index/resource_index/package_run_dependencies/moveit_task_constructor_core
[161.228s] -- Installing: /home/parallels/liam-workspace/install/moveit_task_constructor_core/share/ament_index/resource_index/parent_prefix_path/moveit_task_constructor_core
[161.228s] -- Installing: /home/parallels/liam-workspace/install/moveit_task_constructor_core/share/moveit_task_constructor_core/environment/ament_prefix_path.sh
[161.228s] -- Installing: /home/parallels/liam-workspace/install/moveit_task_constructor_core/share/moveit_task_constructor_core/environment/ament_prefix_path.dsv
[161.229s] -- Installing: /home/parallels/liam-workspace/install/moveit_task_constructor_core/share/moveit_task_constructor_core/environment/path.sh
[161.229s] -- Installing: /home/parallels/liam-workspace/install/moveit_task_constructor_core/share/moveit_task_constructor_core/environment/path.dsv
[161.229s] -- Installing: /home/parallels/liam-workspace/install/moveit_task_constructor_core/share/moveit_task_constructor_core/local_setup.bash
[161.229s] -- Installing: /home/parallels/liam-workspace/install/moveit_task_constructor_core/share/moveit_task_constructor_core/local_setup.sh
[161.229s] -- Installing: /home/parallels/liam-workspace/install/moveit_task_constructor_core/share/moveit_task_constructor_core/local_setup.zsh
[161.229s] -- Installing: /home/parallels/liam-workspace/install/moveit_task_constructor_core/share/moveit_task_constructor_core/local_setup.dsv
[161.229s] -- Installing: /home/parallels/liam-workspace/install/moveit_task_constructor_core/share/moveit_task_constructor_core/package.dsv
[161.229s] -- Installing: /home/parallels/liam-workspace/install/moveit_task_constructor_core/share/ament_index/resource_index/packages/moveit_task_constructor_core
[161.229s] -- Installing: /home/parallels/liam-workspace/install/moveit_task_constructor_core/share/ament_index/resource_index/moveit_task_constructor_core__pluginlib__plugin/moveit_task_constructor_core
[161.229s] -- Installing: /home/parallels/liam-workspace/install/moveit_task_constructor_core/share/moveit_task_constructor_core/cmake/moveit_task_constructor_coreTargetsExport.cmake
[161.229s] -- Installing: /home/parallels/liam-workspace/install/moveit_task_constructor_core/share/moveit_task_constructor_core/cmake/moveit_task_constructor_coreTargetsExport-release.cmake
[161.229s] -- Installing: /home/parallels/liam-workspace/install/moveit_task_constructor_core/share/moveit_task_constructor_core/cmake/ament_cmake_export_targets-extras.cmake
[161.229s] -- Installing: /home/parallels/liam-workspace/install/moveit_task_constructor_core/share/moveit_task_constructor_core/cmake/ament_cmake_export_dependencies-extras.cmake
[161.229s] -- Installing: /home/parallels/liam-workspace/install/moveit_task_constructor_core/share/moveit_task_constructor_core/cmake/moveit_task_constructor_coreConfig.cmake
[161.229s] -- Installing: /home/parallels/liam-workspace/install/moveit_task_constructor_core/share/moveit_task_constructor_core/cmake/moveit_task_constructor_coreConfig-version.cmake
[161.229s] -- Installing: /home/parallels/liam-workspace/install/moveit_task_constructor_core/share/moveit_task_constructor_core/package.xml
[161.230s] -- Installing: /home/parallels/liam-workspace/install/moveit_task_constructor_core/lib/libmoveit_task_constructor_core.so
[161.231s] -- Set runtime path of "/home/parallels/liam-workspace/install/moveit_task_constructor_core/lib/libmoveit_task_constructor_core.so" to ""
[161.231s] -- Installing: /home/parallels/liam-workspace/install/moveit_task_constructor_core/lib/libmoveit_task_constructor_core_stages.so
[161.232s] -- Set runtime path of "/home/parallels/liam-workspace/install/moveit_task_constructor_core/lib/libmoveit_task_constructor_core_stages.so" to ""
[161.232s] -- Installing: /home/parallels/liam-workspace/install/moveit_task_constructor_core/lib/libmoveit_task_constructor_core_stage_plugins.so
[161.232s] -- Set runtime path of "/home/parallels/liam-workspace/install/moveit_task_constructor_core/lib/libmoveit_task_constructor_core_stage_plugins.so" to ""
[161.233s] Invoked command in '/home/parallels/liam-workspace/build/moveit_task_constructor_core' returned '0': AMENT_PREFIX_PATH=/home/parallels/liam-workspace/install/moveit_planners:/home/parallels/liam-workspace/install/pilz_industrial_motion_planner:/home/parallels/liam-workspace/install/moveit_ros_planning_interface:/home/parallels/liam-workspace/install/moveit_ros_move_group:/home/parallels/liam-workspace/install/moveit_ros_warehouse:/home/parallels/liam-workspace/install/moveit_planners_ompl:/home/parallels/liam-workspace/install/moveit_kinematics:/home/parallels/liam-workspace/install/moveit_ros_planning:/home/parallels/liam-workspace/install/moveit_ros_occupancy_map_monitor:/home/parallels/liam-workspace/install/moveit_core:/home/parallels/liam-workspace/install/rviz_marker_tools:/home/parallels/liam-workspace/install/moveit_configs_utils:/home/parallels/liam-workspace/install/srdfdom:/home/parallels/liam-workspace/install/moveit_task_constructor_msgs:/home/parallels/liam-workspace/install/moveit_common:/home/parallels/liam-workspace/install/launch_param_builder:${AMENT_PREFIX_PATH} CMAKE_PREFIX_PATH=/home/parallels/liam-workspace/install/moveit_planners:/home/parallels/liam-workspace/install/pilz_industrial_motion_planner:/home/parallels/liam-workspace/install/moveit_ros_planning_interface:/home/parallels/liam-workspace/install/moveit_ros_move_group:/home/parallels/liam-workspace/install/moveit_ros_warehouse:/home/parallels/liam-workspace/install/moveit_planners_ompl:/home/parallels/liam-workspace/install/moveit_kinematics:/home/parallels/liam-workspace/install/moveit_ros_planning:/home/parallels/liam-workspace/install/moveit_ros_occupancy_map_monitor:/home/parallels/liam-workspace/install/moveit_core:/home/parallels/liam-workspace/install/rviz_marker_tools:/home/parallels/liam-workspace/install/srdfdom:/home/parallels/liam-workspace/install/moveit_task_constructor_msgs:/home/parallels/liam-workspace/install/moveit_common:/home/parallels/liam-workspace/install/pantilt_bot_description:/home/parallels/liam-workspace/install/open_manipulator_srt_description:/home/parallels/ws_moveit2/install/pilz_industrial_motion_planner_testutils:/home/parallels/ws_moveit2/install/moveit_runtime:/home/parallels/ws_moveit2/install/moveit2_tutorials:/home/parallels/ws_moveit2/install/moveit:/home/parallels/ws_moveit2/install/moveit_planners:/home/parallels/ws_moveit2/install/pilz_industrial_motion_planner:/home/parallels/ws_moveit2/install/moveit_visual_tools:/home/parallels/ws_moveit2/install/moveit_task_constructor_visualization:/home/parallels/ws_moveit2/install/moveit_task_constructor_demo:/home/parallels/ws_moveit2/install/moveit_task_constructor_capabilities:/home/parallels/ws_moveit2/install/moveit_task_constructor_core:/home/parallels/ws_moveit2/install/moveit_ros_control_interface:/home/parallels/ws_moveit2/install/moveit_plugins:/home/parallels/ws_moveit2/install/moveit_simple_controller_manager:/home/parallels/ws_moveit2/install/moveit_setup_assistant:/home/parallels/ws_moveit2/install/moveit_setup_srdf_plugins:/home/parallels/ws_moveit2/install/moveit_setup_core_plugins:/home/parallels/ws_moveit2/install/moveit_setup_controllers:/home/parallels/ws_moveit2/install/moveit_setup_app_plugins:/home/parallels/ws_moveit2/install/moveit_setup_framework:/home/parallels/ws_moveit2/install/moveit_servo:/home/parallels/ws_moveit2/install/moveit_ros:/home/parallels/ws_moveit2/install/moveit_ros_visualization:/home/parallels/ws_moveit2/install/moveit_hybrid_planning:/home/parallels/ws_moveit2/install/moveit_ros_planning_interface:/home/parallels/ws_moveit2/install/moveit_ros_benchmarks:/home/parallels/ws_moveit2/install/moveit_ros_warehouse:/home/parallels/ws_moveit2/install/moveit_ros_robot_interaction:/home/parallels/ws_moveit2/install/moveit_ros_perception:/home/parallels/ws_moveit2/install/moveit_resources_prbt_pg70_support:/home/parallels/ws_moveit2/install/moveit_resources_prbt_moveit_config:/home/parallels/ws_moveit2/install/moveit_ros_move_group:/home/parallels/ws_moveit2/install/moveit_planners_ompl:/home/parallels/ws_moveit2/install/moveit_ros_planning:/home/parallels/ws_moveit2/install/moveit_ros_occupancy_map_monitor:/home/parallels/ws_moveit2/install/moveit_resources_prbt_ikfast_manipulator_plugin:/home/parallels/ws_moveit2/install/moveit_planners_chomp:/home/parallels/ws_moveit2/install/moveit_kinematics:/home/parallels/ws_moveit2/install/moveit_chomp_optimizer_adapter:/home/parallels/ws_moveit2/install/chomp_motion_planner:/home/parallels/ws_moveit2/install/moveit_core:/home/parallels/ws_moveit2/install/srdfdom:/home/parallels/ws_moveit2/install/rviz_marker_tools:/home/parallels/ws_moveit2/install/rosparam_shortcuts:/home/parallels/ws_moveit2/install/pantilt_bot_description:/home/parallels/ws_moveit2/install/open_manipulator_x_description:/home/parallels/ws_moveit2/install/moveit_task_constructor_msgs:/home/parallels/ws_moveit2/install/moveit_resources_prbt_support:/home/parallels/ws_moveit2/install/moveit_resources:/home/parallels/ws_moveit2/install/moveit_resources_pr2_description:/home/parallels/ws_moveit2/install/moveit_resources_panda_moveit_config:/home/parallels/ws_moveit2/install/moveit_resources_panda_description:/home/parallels/ws_moveit2/install/moveit_resources_fanuc_moveit_config:/home/parallels/ws_moveit2/install/moveit_resources_fanuc_description:/home/parallels/ws_moveit2/install/moveit_common:/home/parallels/ws_moveit2/install/dynamixel_workbench:/home/parallels/ws_moveit2/install/dynamixel_hardware:/home/parallels/ws_moveit2/install/dynamixel_workbench_toolbox:/home/parallels/ws_moveit2/install/dynamixel_workbench_msgs:/home/parallels/ws_moveit2/install/moveit_configs_utils:/home/parallels/ws_moveit2/install/launch_param_builder:/opt/ros/humble LD_LIBRARY_PATH=/home/parallels/liam-workspace/install/pilz_industrial_motion_planner/lib:/home/parallels/liam-workspace/install/moveit_ros_planning_interface/lib:/home/parallels/liam-workspace/install/moveit_ros_move_group/lib:/home/parallels/liam-workspace/install/moveit_ros_warehouse/lib:/home/parallels/liam-workspace/install/moveit_planners_ompl/lib:/home/parallels/liam-workspace/install/moveit_kinematics/lib:/home/parallels/liam-workspace/install/moveit_ros_planning/lib:/home/parallels/liam-workspace/install/moveit_ros_occupancy_map_monitor/lib:/home/parallels/liam-workspace/install/moveit_core/lib:/home/parallels/liam-workspace/install/rviz_marker_tools/lib:/home/parallels/liam-workspace/install/srdfdom/lib:/home/parallels/liam-workspace/install/moveit_task_constructor_msgs/lib:${LD_LIBRARY_PATH} PATH=/home/parallels/liam-workspace/install/moveit_core/bin:${PATH} PYTHONPATH=/home/parallels/liam-workspace/install/moveit_configs_utils/lib/python3.10/site-packages:/home/parallels/liam-workspace/install/srdfdom/local/lib/python3.10/dist-packages:/home/parallels/liam-workspace/install/moveit_task_constructor_msgs/local/lib/python3.10/dist-packages:/home/parallels/liam-workspace/install/launch_param_builder/lib/python3.10/site-packages:${PYTHONPATH} /usr/bin/cmake --install /home/parallels/liam-workspace/build/moveit_task_constructor_core
