[0.016s] Invoking command in '/home/parallels/liam workspace/build/srdfdom': CMAKE_PREFIX_PATH=${CMAKE_PREFIX_PATH}:/home/parallels/ws_moveit2/install/moveit_configs_utils:/home/parallels/ws_moveit2/install/launch_param_builder:/opt/ros/humble /usr/bin/cmake /home/parallels/liam workspace/src/srdfdom -DCMAKE_INSTALL_PREFIX=/home/parallels/liam workspace/install/srdfdom
[0.149s] -- The CXX compiler identification is GNU 11.4.0
[0.149s] -- Detecting CXX compiler ABI info
[0.149s] -- Detecting CXX compiler ABI info - done
[0.149s] -- Check for working CXX compiler: /usr/bin/c++ - skipped
[0.149s] -- Detecting CXX compile features
[0.149s] -- Detecting CXX compile features - done
[0.149s] -- Found Boost: /usr/lib/aarch64-linux-gnu/cmake/Boost-1.74.0/BoostConfig.cmake (found version "1.74.0")  
[0.154s] -- Found ament_cmake: 1.3.9 (/opt/ros/humble/share/ament_cmake/cmake)
[0.246s] -- Found Python3: /usr/bin/python3 (found version "3.10.12") found components: Interpreter 
[0.338s] -- Found urdf: 2.6.0 (/opt/ros/humble/share/urdf/cmake)
[0.396s] -- Found TinyXML2 via Config file: TinyXML2_DIR-NOTFOUND
[0.450s] -- Found ament_cmake_gtest: 1.3.9 (/opt/ros/humble/share/ament_cmake_gtest/cmake)
[0.453s] -- Found ament_cmake_pytest: 1.3.9 (/opt/ros/humble/share/ament_cmake_pytest/cmake)
[0.629s] -- Found gtest sources under '/opt/ros/humble/src/gtest_vendor': C++ tests using 'Google Test' will be built
[0.654s] -- The C compiler identification is GNU 11.4.0
[0.657s] -- Detecting C compiler ABI info
[0.702s] -- Detecting C compiler ABI info - done
[0.706s] -- Check for working C compiler: /usr/bin/cc - skipped
[0.706s] -- Detecting C compile features
[0.707s] -- Detecting C compile features - done
[0.708s] -- Looking for C++ include pthread.h
[0.763s] -- Looking for C++ include pthread.h - found
[0.763s] -- Performing Test CMAKE_HAVE_LIBC_PTHREAD
[0.818s] -- Performing Test CMAKE_HAVE_LIBC_PTHREAD - Success
[0.819s] -- Found Threads: TRUE  
[0.824s] -- Found ament_lint_auto: 0.12.11 (/opt/ros/humble/share/ament_lint_auto/cmake)
[0.839s] -- Configuring done
[0.845s] -- Generating done
[0.846s] -- Build files have been written to: /home/parallels/liam workspace/build/srdfdom
[0.851s] Invoked command in '/home/parallels/liam workspace/build/srdfdom' returned '0': CMAKE_PREFIX_PATH=${CMAKE_PREFIX_PATH}:/home/parallels/ws_moveit2/install/moveit_configs_utils:/home/parallels/ws_moveit2/install/launch_param_builder:/opt/ros/humble /usr/bin/cmake /home/parallels/liam workspace/src/srdfdom -DCMAKE_INSTALL_PREFIX=/home/parallels/liam workspace/install/srdfdom
[0.852s] Invoking command in '/home/parallels/liam workspace/build/srdfdom': CMAKE_PREFIX_PATH=${CMAKE_PREFIX_PATH}:/home/parallels/ws_moveit2/install/moveit_configs_utils:/home/parallels/ws_moveit2/install/launch_param_builder:/opt/ros/humble /usr/bin/cmake --build /home/parallels/liam workspace/build/srdfdom -- -j8 -l8
[0.890s] [  9%] [32mBuilding CXX object CMakeFiles/srdfdom.dir/src/srdf_writer.cpp.o[0m
[0.890s] [ 18%] [32mBuilding CXX object CMakeFiles/srdfdom.dir/src/model.cpp.o[0m
[0.890s] [ 27%] [32mBuilding CXX object gtest/CMakeFiles/gtest.dir/src/gtest-all.cc.o[0m
[0.896s] [ 27%] Built target ament_cmake_python_copy_srdfdom
[0.900s] [ 36%] [32mBuilding CXX object gtest/CMakeFiles/gtest_main.dir/src/gtest_main.cc.o[0m
[1.029s] running egg_info
[1.029s] creating srdfdom.egg-info
[1.030s] writing srdfdom.egg-info/PKG-INFO
[1.030s] writing dependency_links to srdfdom.egg-info/dependency_links.txt
[1.030s] writing top-level names to srdfdom.egg-info/top_level.txt
[1.030s] writing manifest file 'srdfdom.egg-info/SOURCES.txt'
[1.031s] reading manifest file 'srdfdom.egg-info/SOURCES.txt'
[1.031s] writing manifest file 'srdfdom.egg-info/SOURCES.txt'
[1.055s] [ 36%] Built target ament_cmake_python_build_srdfdom_egg
[1.226s] [ 45%] [32m[1mLinking CXX static library libgtest_main.a[0m
[1.254s] [ 45%] Built target gtest_main
[1.784s] [ 54%] [32m[1mLinking CXX shared library libsrdfdom.so[0m
[1.871s] [ 54%] Built target srdfdom
[2.280s] [ 63%] [32m[1mLinking CXX static library libgtest.a[0m
[2.317s] [ 63%] Built target gtest
[2.332s] [ 72%] [32mBuilding CXX object CMakeFiles/test_cpp_C.dir/test/test_parser.cpp.o[0m
[2.332s] [ 81%] [32mBuilding CXX object CMakeFiles/test_cpp_nl_NL.UTF-8.dir/test/test_parser.cpp.o[0m
[2.926s] [ 90%] [32m[1mLinking CXX executable test_cpp_nl_NL.UTF-8[0m
[2.928s] [100%] [32m[1mLinking CXX executable test_cpp_C[0m
[3.018s] [100%] Built target test_cpp_nl_NL.UTF-8
[3.021s] [100%] Built target test_cpp_C
[3.029s] Invoked command in '/home/parallels/liam workspace/build/srdfdom' returned '0': CMAKE_PREFIX_PATH=${CMAKE_PREFIX_PATH}:/home/parallels/ws_moveit2/install/moveit_configs_utils:/home/parallels/ws_moveit2/install/launch_param_builder:/opt/ros/humble /usr/bin/cmake --build /home/parallels/liam workspace/build/srdfdom -- -j8 -l8
[3.060s] Invoking command in '/home/parallels/liam workspace/build/srdfdom': CMAKE_PREFIX_PATH=${CMAKE_PREFIX_PATH}:/home/parallels/ws_moveit2/install/moveit_configs_utils:/home/parallels/ws_moveit2/install/launch_param_builder:/opt/ros/humble /usr/bin/cmake --install /home/parallels/liam workspace/build/srdfdom
[3.066s] -- Install configuration: ""
[3.066s] -- Installing: /home/parallels/liam workspace/install/srdfdom/lib/libsrdfdom.so.2.0.4
[3.067s] -- Set runtime path of "/home/parallels/liam workspace/install/srdfdom/lib/libsrdfdom.so.2.0.4" to ""
[3.067s] -- Installing: /home/parallels/liam workspace/install/srdfdom/lib/libsrdfdom.so
[3.067s] -- Installing: /home/parallels/liam workspace/install/srdfdom/include/srdfdom
[3.067s] -- Installing: /home/parallels/liam workspace/install/srdfdom/include/srdfdom/model.h
[3.067s] -- Installing: /home/parallels/liam workspace/install/srdfdom/include/srdfdom/visibility_control.h
[3.067s] -- Installing: /home/parallels/liam workspace/install/srdfdom/include/srdfdom/srdf_writer.h
[3.067s] -- Installing: /home/parallels/liam workspace/install/srdfdom/lib/srdfdom/display_srdf
[3.067s] -- Installing: /home/parallels/liam workspace/install/srdfdom/share/srdfdom/environment/pythonpath.sh
[3.067s] -- Installing: /home/parallels/liam workspace/install/srdfdom/share/srdfdom/environment/pythonpath.dsv
[3.067s] -- Installing: /home/parallels/liam workspace/install/srdfdom/local/lib/python3.10/dist-packages/srdfdom-2.0.4-py3.10.egg-info
[3.067s] -- Installing: /home/parallels/liam workspace/install/srdfdom/local/lib/python3.10/dist-packages/srdfdom-2.0.4-py3.10.egg-info/dependency_links.txt
[3.067s] -- Installing: /home/parallels/liam workspace/install/srdfdom/local/lib/python3.10/dist-packages/srdfdom-2.0.4-py3.10.egg-info/top_level.txt
[3.067s] -- Installing: /home/parallels/liam workspace/install/srdfdom/local/lib/python3.10/dist-packages/srdfdom-2.0.4-py3.10.egg-info/PKG-INFO
[3.068s] -- Installing: /home/parallels/liam workspace/install/srdfdom/local/lib/python3.10/dist-packages/srdfdom-2.0.4-py3.10.egg-info/SOURCES.txt
[3.068s] -- Installing: /home/parallels/liam workspace/install/srdfdom/local/lib/python3.10/dist-packages/srdfdom
[3.068s] -- Installing: /home/parallels/liam workspace/install/srdfdom/local/lib/python3.10/dist-packages/srdfdom/srdf.py
[3.068s] -- Installing: /home/parallels/liam workspace/install/srdfdom/local/lib/python3.10/dist-packages/srdfdom/__init__.py
[3.085s] Listing '/home/parallels/liam workspace/install/srdfdom/local/lib/python3.10/dist-packages/srdfdom'...
[3.085s] Compiling '/home/parallels/liam workspace/install/srdfdom/local/lib/python3.10/dist-packages/srdfdom/__init__.py'...
[3.085s] Compiling '/home/parallels/liam workspace/install/srdfdom/local/lib/python3.10/dist-packages/srdfdom/srdf.py'...
[3.087s] -- Installing: /home/parallels/liam workspace/install/srdfdom/share/srdfdom/environment/library_path.sh
[3.088s] -- Installing: /home/parallels/liam workspace/install/srdfdom/share/srdfdom/environment/library_path.dsv
[3.088s] -- Installing: /home/parallels/liam workspace/install/srdfdom/share/ament_index/resource_index/package_run_dependencies/srdfdom
[3.088s] -- Installing: /home/parallels/liam workspace/install/srdfdom/share/ament_index/resource_index/parent_prefix_path/srdfdom
[3.088s] -- Installing: /home/parallels/liam workspace/install/srdfdom/share/srdfdom/environment/ament_prefix_path.sh
[3.088s] -- Installing: /home/parallels/liam workspace/install/srdfdom/share/srdfdom/environment/ament_prefix_path.dsv
[3.088s] -- Installing: /home/parallels/liam workspace/install/srdfdom/share/srdfdom/environment/path.sh
[3.088s] -- Installing: /home/parallels/liam workspace/install/srdfdom/share/srdfdom/environment/path.dsv
[3.088s] -- Installing: /home/parallels/liam workspace/install/srdfdom/share/srdfdom/local_setup.bash
[3.088s] -- Installing: /home/parallels/liam workspace/install/srdfdom/share/srdfdom/local_setup.sh
[3.088s] -- Installing: /home/parallels/liam workspace/install/srdfdom/share/srdfdom/local_setup.zsh
[3.088s] -- Installing: /home/parallels/liam workspace/install/srdfdom/share/srdfdom/local_setup.dsv
[3.089s] -- Installing: /home/parallels/liam workspace/install/srdfdom/share/srdfdom/package.dsv
[3.089s] -- Installing: /home/parallels/liam workspace/install/srdfdom/share/ament_index/resource_index/packages/srdfdom
[3.089s] -- Installing: /home/parallels/liam workspace/install/srdfdom/share/srdfdom/cmake/srdfdomTargetsExport.cmake
[3.089s] -- Installing: /home/parallels/liam workspace/install/srdfdom/share/srdfdom/cmake/srdfdomTargetsExport-noconfig.cmake
[3.089s] -- Installing: /home/parallels/liam workspace/install/srdfdom/share/srdfdom/cmake/ament_cmake_export_targets-extras.cmake
[3.089s] -- Installing: /home/parallels/liam workspace/install/srdfdom/share/srdfdom/cmake/ament_cmake_export_dependencies-extras.cmake
[3.089s] -- Installing: /home/parallels/liam workspace/install/srdfdom/share/srdfdom/cmake/srdfdomConfig.cmake
[3.089s] -- Installing: /home/parallels/liam workspace/install/srdfdom/share/srdfdom/cmake/srdfdomConfig-version.cmake
[3.089s] -- Installing: /home/parallels/liam workspace/install/srdfdom/share/srdfdom/package.xml
[3.090s] Invoked command in '/home/parallels/liam workspace/build/srdfdom' returned '0': CMAKE_PREFIX_PATH=${CMAKE_PREFIX_PATH}:/home/parallels/ws_moveit2/install/moveit_configs_utils:/home/parallels/ws_moveit2/install/launch_param_builder:/opt/ros/humble /usr/bin/cmake --install /home/parallels/liam workspace/build/srdfdom
