[0.007s] Invoking command in '/home/parallels/liam-workspace/build/pantilt_bot_description': CMAKE_PREFIX_PATH=${CMAKE_PREFIX_PATH}:/home/parallels/ws_moveit2/install/moveit_configs_utils:/home/parallels/ws_moveit2/install/launch_param_builder:/opt/ros/humble /usr/bin/cmake /home/parallels/liam-workspace/src/dynamixel_hardware/pantilt_bot_description -DCMAKE_INSTALL_PREFIX=/home/parallels/liam-workspace/install/pantilt_bot_description
[0.048s] -- The C compiler identification is GNU 11.4.0
[0.082s] -- The CXX compiler identification is GNU 11.4.0
[0.086s] -- Detecting C compiler ABI info
[0.127s] -- Detecting C compiler ABI info - done
[0.131s] -- Check for working C compiler: /usr/bin/cc - skipped
[0.131s] -- Detecting C compile features
[0.131s] -- Detecting C compile features - done
[0.132s] -- Detecting CXX compiler ABI info
[0.179s] -- Detecting CXX compiler ABI info - done
[0.183s] -- Check for working CXX compiler: /usr/bin/c++ - skipped
[0.183s] -- Detecting CXX compile features
[0.183s] -- Detecting CXX compile features - done
[0.189s] -- Found ament_cmake: 1.3.9 (/opt/ros/humble/share/ament_cmake/cmake)
[0.271s] -- Found Python3: /usr/bin/python3 (found version "3.10.12") found components: Interpreter 
[0.353s] -- Found robot_state_publisher: 3.0.3 (/opt/ros/humble/share/robot_state_publisher/cmake)
[0.399s] -- Found rosidl_generator_c: 3.1.5 (/opt/ros/humble/share/rosidl_generator_c/cmake)
[0.407s] -- Found rosidl_adapter: 3.1.5 (/opt/ros/humble/share/rosidl_adapter/cmake)
[0.417s] -- Found rosidl_generator_cpp: 3.1.5 (/opt/ros/humble/share/rosidl_generator_cpp/cmake)
[0.431s] -- Using all available rosidl_typesupport_c: rosidl_typesupport_fastrtps_c;rosidl_typesupport_introspection_c
[0.450s] -- Using all available rosidl_typesupport_cpp: rosidl_typesupport_fastrtps_cpp;rosidl_typesupport_introspection_cpp
[0.553s] -- Found eigen3_cmake_module: 0.1.1 (/opt/ros/humble/share/eigen3_cmake_module/cmake)
[0.553s] -- Found Eigen3: TRUE (found version "3.4.0") 
[0.553s] -- Ensuring Eigen3 include directory is part of orocos-kdl CMake target
[0.623s] -- Found rmw_implementation_cmake: 6.1.2 (/opt/ros/humble/share/rmw_implementation_cmake/cmake)
[0.628s] -- Found rmw_fastrtps_cpp: 6.2.6 (/opt/ros/humble/share/rmw_fastrtps_cpp/cmake)
[0.706s] -- Found OpenSSL: /usr/lib/aarch64-linux-gnu/libcrypto.so (found version "3.0.2")  
[0.726s] -- Found FastRTPS: /opt/ros/humble/include  
[0.762s] -- Using RMW implementation 'rmw_fastrtps_cpp' as default
[0.776s] -- Looking for pthread.h
[0.818s] -- Looking for pthread.h - found
[0.818s] -- Performing Test CMAKE_HAVE_LIBC_PTHREAD
[0.860s] -- Performing Test CMAKE_HAVE_LIBC_PTHREAD - Success
[0.860s] -- Found Threads: TRUE  
[1.278s] -- Found xacro: 2.0.8 (/opt/ros/humble/share/xacro/cmake)
[1.281s] -- Found rviz2: 11.2.12 (/opt/ros/humble/share/rviz2/cmake)
[1.285s] -- Found ros2_control: 2.41.0 (/opt/ros/humble/share/ros2_control/cmake)
[1.289s] -- Found ros2_controllers: 2.34.0 (/opt/ros/humble/share/ros2_controllers/cmake)
[1.291s] -- Found dynamixel_hardware: 0.0.0 (/home/parallels/ws_moveit2/install/dynamixel_hardware/share/dynamixel_hardware/cmake)
[1.588s] -- Found realsense2_description: 4.54.1 (/opt/ros/humble/share/realsense2_description/cmake)
[1.622s] -- Configuring done
[1.626s] -- Generating done
[1.626s] -- Build files have been written to: /home/parallels/liam-workspace/build/pantilt_bot_description
[1.632s] Invoked command in '/home/parallels/liam-workspace/build/pantilt_bot_description' returned '0': CMAKE_PREFIX_PATH=${CMAKE_PREFIX_PATH}:/home/parallels/ws_moveit2/install/moveit_configs_utils:/home/parallels/ws_moveit2/install/launch_param_builder:/opt/ros/humble /usr/bin/cmake /home/parallels/liam-workspace/src/dynamixel_hardware/pantilt_bot_description -DCMAKE_INSTALL_PREFIX=/home/parallels/liam-workspace/install/pantilt_bot_description
[1.633s] Invoking command in '/home/parallels/liam-workspace/build/pantilt_bot_description': CMAKE_PREFIX_PATH=${CMAKE_PREFIX_PATH}:/home/parallels/ws_moveit2/install/moveit_configs_utils:/home/parallels/ws_moveit2/install/launch_param_builder:/opt/ros/humble /usr/bin/cmake --build /home/parallels/liam-workspace/build/pantilt_bot_description -- -j8 -l8
[1.659s] Invoked command in '/home/parallels/liam-workspace/build/pantilt_bot_description' returned '0': CMAKE_PREFIX_PATH=${CMAKE_PREFIX_PATH}:/home/parallels/ws_moveit2/install/moveit_configs_utils:/home/parallels/ws_moveit2/install/launch_param_builder:/opt/ros/humble /usr/bin/cmake --build /home/parallels/liam-workspace/build/pantilt_bot_description -- -j8 -l8
[1.681s] Invoking command in '/home/parallels/liam-workspace/build/pantilt_bot_description': CMAKE_PREFIX_PATH=${CMAKE_PREFIX_PATH}:/home/parallels/ws_moveit2/install/moveit_configs_utils:/home/parallels/ws_moveit2/install/launch_param_builder:/opt/ros/humble /usr/bin/cmake --install /home/parallels/liam-workspace/build/pantilt_bot_description
[1.685s] -- Install configuration: ""
[1.685s] -- Installing: /home/parallels/liam-workspace/install/pantilt_bot_description/share/pantilt_bot_description/meshes
[1.685s] -- Installing: /home/parallels/liam-workspace/install/pantilt_bot_description/share/pantilt_bot_description/meshes/joint2.stl
[1.686s] -- Installing: /home/parallels/liam-workspace/install/pantilt_bot_description/share/pantilt_bot_description/meshes/joint2_horn.stl
[1.686s] -- Installing: /home/parallels/liam-workspace/install/pantilt_bot_description/share/pantilt_bot_description/meshes/joint1_horn.stl
[1.686s] -- Installing: /home/parallels/liam-workspace/install/pantilt_bot_description/share/pantilt_bot_description/meshes/joint1.stl
[1.686s] -- Installing: /home/parallels/liam-workspace/install/pantilt_bot_description/share/pantilt_bot_description/urdf
[1.686s] -- Installing: /home/parallels/liam-workspace/install/pantilt_bot_description/share/pantilt_bot_description/urdf/pantilt_bot.ros2_control_gazebo.xacro
[1.686s] -- Installing: /home/parallels/liam-workspace/install/pantilt_bot_description/share/pantilt_bot_description/urdf/pantilt_bot.material.xacro
[1.686s] -- Installing: /home/parallels/liam-workspace/install/pantilt_bot_description/share/pantilt_bot_description/urdf/pantilt_bot.urdf.xacro
[1.687s] -- Installing: /home/parallels/liam-workspace/install/pantilt_bot_description/share/pantilt_bot_description/urdf/pantilt_bot.xacro
[1.687s] -- Installing: /home/parallels/liam-workspace/install/pantilt_bot_description/share/pantilt_bot_description/urdf/pantilt_bot.ros2_control.xacro
[1.687s] -- Installing: /home/parallels/liam-workspace/install/pantilt_bot_description/share/pantilt_bot_description/urdf/pantilt_bot_gazebo.urdf.xacro
[1.687s] -- Installing: /home/parallels/liam-workspace/install/pantilt_bot_description/share/pantilt_bot_description/controllers
[1.687s] -- Installing: /home/parallels/liam-workspace/install/pantilt_bot_description/share/pantilt_bot_description/controllers/controllers.yaml
[1.687s] -- Installing: /home/parallels/liam-workspace/install/pantilt_bot_description/share/pantilt_bot_description/launch
[1.687s] -- Installing: /home/parallels/liam-workspace/install/pantilt_bot_description/share/pantilt_bot_description/launch/display.launch.py
[1.687s] -- Installing: /home/parallels/liam-workspace/install/pantilt_bot_description/share/pantilt_bot_description/launch/pantilt_bot_gazebo.launch.py
[1.687s] -- Installing: /home/parallels/liam-workspace/install/pantilt_bot_description/share/pantilt_bot_description/launch/pantilt_bot.launch.py
[1.687s] -- Installing: /home/parallels/liam-workspace/install/pantilt_bot_description/share/pantilt_bot_description/launch/pantilt_bot.rviz
[1.687s] -- Installing: /home/parallels/liam-workspace/install/pantilt_bot_description/share/ament_index/resource_index/package_run_dependencies/pantilt_bot_description
[1.687s] -- Installing: /home/parallels/liam-workspace/install/pantilt_bot_description/share/ament_index/resource_index/parent_prefix_path/pantilt_bot_description
[1.687s] -- Installing: /home/parallels/liam-workspace/install/pantilt_bot_description/share/pantilt_bot_description/environment/ament_prefix_path.sh
[1.687s] -- Installing: /home/parallels/liam-workspace/install/pantilt_bot_description/share/pantilt_bot_description/environment/ament_prefix_path.dsv
[1.687s] -- Installing: /home/parallels/liam-workspace/install/pantilt_bot_description/share/pantilt_bot_description/environment/path.sh
[1.687s] -- Installing: /home/parallels/liam-workspace/install/pantilt_bot_description/share/pantilt_bot_description/environment/path.dsv
[1.688s] -- Installing: /home/parallels/liam-workspace/install/pantilt_bot_description/share/pantilt_bot_description/local_setup.bash
[1.688s] -- Installing: /home/parallels/liam-workspace/install/pantilt_bot_description/share/pantilt_bot_description/local_setup.sh
[1.688s] -- Installing: /home/parallels/liam-workspace/install/pantilt_bot_description/share/pantilt_bot_description/local_setup.zsh
[1.688s] -- Installing: /home/parallels/liam-workspace/install/pantilt_bot_description/share/pantilt_bot_description/local_setup.dsv
[1.688s] -- Installing: /home/parallels/liam-workspace/install/pantilt_bot_description/share/pantilt_bot_description/package.dsv
[1.688s] -- Installing: /home/parallels/liam-workspace/install/pantilt_bot_description/share/ament_index/resource_index/packages/pantilt_bot_description
[1.688s] -- Installing: /home/parallels/liam-workspace/install/pantilt_bot_description/share/pantilt_bot_description/cmake/pantilt_bot_descriptionConfig.cmake
[1.688s] -- Installing: /home/parallels/liam-workspace/install/pantilt_bot_description/share/pantilt_bot_description/cmake/pantilt_bot_descriptionConfig-version.cmake
[1.688s] -- Installing: /home/parallels/liam-workspace/install/pantilt_bot_description/share/pantilt_bot_description/package.xml
[1.689s] Invoked command in '/home/parallels/liam-workspace/build/pantilt_bot_description' returned '0': CMAKE_PREFIX_PATH=${CMAKE_PREFIX_PATH}:/home/parallels/ws_moveit2/install/moveit_configs_utils:/home/parallels/ws_moveit2/install/launch_param_builder:/opt/ros/humble /usr/bin/cmake --install /home/parallels/liam-workspace/build/pantilt_bot_description
