[0.028s] Invoking command in '/home/parallels/liam-workspace/build/srdfdom': CMAKE_PREFIX_PATH=${CMAKE_PREFIX_PATH}:/home/parallels/ws_moveit2/install/moveit_configs_utils:/home/parallels/ws_moveit2/install/launch_param_builder:/opt/ros/humble /usr/bin/cmake /home/parallels/liam-workspace/src/srdfdom -DCMAKE_INSTALL_PREFIX=/home/parallels/liam-workspace/install/srdfdom
[0.167s] -- The CXX compiler identification is GNU 11.4.0
[0.168s] -- Detecting CXX compiler ABI info
[0.172s] -- Detecting CXX compiler ABI info - done
[0.176s] -- Check for working CXX compiler: /usr/bin/c++ - skipped
[0.176s] -- Detecting CXX compile features
[0.176s] -- Detecting CXX compile features - done
[0.192s] -- Found Boost: /usr/lib/aarch64-linux-gnu/cmake/Boost-1.74.0/BoostConfig.cmake (found version "1.74.0")  
[0.210s] -- Found ament_cmake: 1.3.9 (/opt/ros/humble/share/ament_cmake/cmake)
[0.307s] -- Found Python3: /usr/bin/python3 (found version "3.10.12") found components: Interpreter 
[0.404s] -- Found urdf: 2.6.0 (/opt/ros/humble/share/urdf/cmake)
[0.474s] -- Found TinyXML2 via Config file: TinyXML2_DIR-NOTFOUND
[0.538s] -- Found ament_cmake_gtest: 1.3.9 (/opt/ros/humble/share/ament_cmake_gtest/cmake)
[0.538s] -- Found ament_cmake_pytest: 1.3.9 (/opt/ros/humble/share/ament_cmake_pytest/cmake)
[0.774s] -- Found gtest sources under '/opt/ros/humble/src/gtest_vendor': C++ tests using 'Google Test' will be built
[0.798s] -- The C compiler identification is GNU 11.4.0
[0.803s] -- Detecting C compiler ABI info
[0.858s] -- Detecting C compiler ABI info - done
[0.869s] -- Check for working C compiler: /usr/bin/cc - skipped
[0.870s] -- Detecting C compile features
[0.870s] -- Detecting C compile features - done
[0.875s] -- Looking for C++ include pthread.h
[0.943s] -- Looking for C++ include pthread.h - found
[0.943s] -- Performing Test CMAKE_HAVE_LIBC_PTHREAD
[1.004s] -- Performing Test CMAKE_HAVE_LIBC_PTHREAD - Success
[1.004s] -- Found Threads: TRUE  
[1.010s] -- Found ament_lint_auto: 0.12.11 (/opt/ros/humble/share/ament_lint_auto/cmake)
[1.025s] -- Configuring done
[1.032s] -- Generating done
[1.033s] -- Build files have been written to: /home/parallels/liam-workspace/build/srdfdom
[1.037s] Invoked command in '/home/parallels/liam-workspace/build/srdfdom' returned '0': CMAKE_PREFIX_PATH=${CMAKE_PREFIX_PATH}:/home/parallels/ws_moveit2/install/moveit_configs_utils:/home/parallels/ws_moveit2/install/launch_param_builder:/opt/ros/humble /usr/bin/cmake /home/parallels/liam-workspace/src/srdfdom -DCMAKE_INSTALL_PREFIX=/home/parallels/liam-workspace/install/srdfdom
[1.037s] Invoking command in '/home/parallels/liam-workspace/build/srdfdom': CMAKE_PREFIX_PATH=${CMAKE_PREFIX_PATH}:/home/parallels/ws_moveit2/install/moveit_configs_utils:/home/parallels/ws_moveit2/install/launch_param_builder:/opt/ros/humble /usr/bin/cmake --build /home/parallels/liam-workspace/build/srdfdom -- -j8 -l8
[1.210s] [ 18%] [32mBuilding CXX object CMakeFiles/srdfdom.dir/src/srdf_writer.cpp.o[0m
[1.210s] [ 18%] [32mBuilding CXX object CMakeFiles/srdfdom.dir/src/model.cpp.o[0m
[1.210s] [ 18%] Built target ament_cmake_python_copy_srdfdom
[1.210s] [ 27%] [32mBuilding CXX object gtest/CMakeFiles/gtest_main.dir/src/gtest_main.cc.o[0m
[1.210s] [ 36%] [32mBuilding CXX object gtest/CMakeFiles/gtest.dir/src/gtest-all.cc.o[0m
[1.224s] running egg_info
[1.225s] creating srdfdom.egg-info
[1.231s] writing srdfdom.egg-info/PKG-INFO
[1.231s] writing dependency_links to srdfdom.egg-info/dependency_links.txt
[1.231s] writing top-level names to srdfdom.egg-info/top_level.txt
[1.231s] writing manifest file 'srdfdom.egg-info/SOURCES.txt'
[1.231s] reading manifest file 'srdfdom.egg-info/SOURCES.txt'
[1.231s] writing manifest file 'srdfdom.egg-info/SOURCES.txt'
[1.248s] [ 36%] Built target ament_cmake_python_build_srdfdom_egg
[1.580s] [ 45%] [32m[1mLinking CXX static library libgtest_main.a[0m
[1.644s] [ 45%] Built target gtest_main
[2.344s] [ 54%] [32m[1mLinking CXX shared library libsrdfdom.so[0m
[2.441s] [ 54%] Built target srdfdom
[2.795s] [ 63%] [32m[1mLinking CXX static library libgtest.a[0m
[2.848s] [ 63%] Built target gtest
[2.864s] [ 72%] [32mBuilding CXX object CMakeFiles/test_cpp_C.dir/test/test_parser.cpp.o[0m
[2.865s] [ 81%] [32mBuilding CXX object CMakeFiles/test_cpp_nl_NL.UTF-8.dir/test/test_parser.cpp.o[0m
[3.560s] [ 90%] [32m[1mLinking CXX executable test_cpp_nl_NL.UTF-8[0m
[3.566s] [100%] [32m[1mLinking CXX executable test_cpp_C[0m
[3.755s] [100%] Built target test_cpp_C
[3.784s] [100%] Built target test_cpp_nl_NL.UTF-8
[3.819s] Invoked command in '/home/parallels/liam-workspace/build/srdfdom' returned '0': CMAKE_PREFIX_PATH=${CMAKE_PREFIX_PATH}:/home/parallels/ws_moveit2/install/moveit_configs_utils:/home/parallels/ws_moveit2/install/launch_param_builder:/opt/ros/humble /usr/bin/cmake --build /home/parallels/liam-workspace/build/srdfdom -- -j8 -l8
[4.235s] Invoking command in '/home/parallels/liam-workspace/build/srdfdom': CMAKE_PREFIX_PATH=${CMAKE_PREFIX_PATH}:/home/parallels/ws_moveit2/install/moveit_configs_utils:/home/parallels/ws_moveit2/install/launch_param_builder:/opt/ros/humble /usr/bin/cmake --install /home/parallels/liam-workspace/build/srdfdom
[4.252s] -- Install configuration: ""
[4.252s] -- Installing: /home/parallels/liam-workspace/install/srdfdom/lib/libsrdfdom.so.2.0.4
[4.254s] -- Set runtime path of "/home/parallels/liam-workspace/install/srdfdom/lib/libsrdfdom.so.2.0.4" to ""
[4.254s] -- Installing: /home/parallels/liam-workspace/install/srdfdom/lib/libsrdfdom.so
[4.254s] -- Installing: /home/parallels/liam-workspace/install/srdfdom/include/srdfdom
[4.254s] -- Installing: /home/parallels/liam-workspace/install/srdfdom/include/srdfdom/model.h
[4.254s] -- Installing: /home/parallels/liam-workspace/install/srdfdom/include/srdfdom/visibility_control.h
[4.254s] -- Installing: /home/parallels/liam-workspace/install/srdfdom/include/srdfdom/srdf_writer.h
[4.254s] -- Installing: /home/parallels/liam-workspace/install/srdfdom/lib/srdfdom/display_srdf
[4.255s] -- Installing: /home/parallels/liam-workspace/install/srdfdom/share/srdfdom/environment/pythonpath.sh
[4.255s] -- Installing: /home/parallels/liam-workspace/install/srdfdom/share/srdfdom/environment/pythonpath.dsv
[4.255s] -- Installing: /home/parallels/liam-workspace/install/srdfdom/local/lib/python3.10/dist-packages/srdfdom-2.0.4-py3.10.egg-info
[4.255s] -- Installing: /home/parallels/liam-workspace/install/srdfdom/local/lib/python3.10/dist-packages/srdfdom-2.0.4-py3.10.egg-info/dependency_links.txt
[4.256s] -- Installing: /home/parallels/liam-workspace/install/srdfdom/local/lib/python3.10/dist-packages/srdfdom-2.0.4-py3.10.egg-info/top_level.txt
[4.257s] -- Installing: /home/parallels/liam-workspace/install/srdfdom/local/lib/python3.10/dist-packages/srdfdom-2.0.4-py3.10.egg-info/PKG-INFO
[4.257s] -- Installing: /home/parallels/liam-workspace/install/srdfdom/local/lib/python3.10/dist-packages/srdfdom-2.0.4-py3.10.egg-info/SOURCES.txt
[4.258s] -- Installing: /home/parallels/liam-workspace/install/srdfdom/local/lib/python3.10/dist-packages/srdfdom
[4.261s] -- Installing: /home/parallels/liam-workspace/install/srdfdom/local/lib/python3.10/dist-packages/srdfdom/srdf.py
[4.262s] -- Installing: /home/parallels/liam-workspace/install/srdfdom/local/lib/python3.10/dist-packages/srdfdom/__init__.py
[4.317s] Listing '/home/parallels/liam-workspace/install/srdfdom/local/lib/python3.10/dist-packages/srdfdom'...
[4.317s] Compiling '/home/parallels/liam-workspace/install/srdfdom/local/lib/python3.10/dist-packages/srdfdom/__init__.py'...
[4.317s] Compiling '/home/parallels/liam-workspace/install/srdfdom/local/lib/python3.10/dist-packages/srdfdom/srdf.py'...
[4.322s] -- Installing: /home/parallels/liam-workspace/install/srdfdom/share/srdfdom/environment/library_path.sh
[4.322s] -- Installing: /home/parallels/liam-workspace/install/srdfdom/share/srdfdom/environment/library_path.dsv
[4.322s] -- Installing: /home/parallels/liam-workspace/install/srdfdom/share/ament_index/resource_index/package_run_dependencies/srdfdom
[4.322s] -- Installing: /home/parallels/liam-workspace/install/srdfdom/share/ament_index/resource_index/parent_prefix_path/srdfdom
[4.322s] -- Installing: /home/parallels/liam-workspace/install/srdfdom/share/srdfdom/environment/ament_prefix_path.sh
[4.322s] -- Installing: /home/parallels/liam-workspace/install/srdfdom/share/srdfdom/environment/ament_prefix_path.dsv
[4.322s] -- Installing: /home/parallels/liam-workspace/install/srdfdom/share/srdfdom/environment/path.sh
[4.322s] -- Installing: /home/parallels/liam-workspace/install/srdfdom/share/srdfdom/environment/path.dsv
[4.322s] -- Installing: /home/parallels/liam-workspace/install/srdfdom/share/srdfdom/local_setup.bash
[4.322s] -- Installing: /home/parallels/liam-workspace/install/srdfdom/share/srdfdom/local_setup.sh
[4.322s] -- Installing: /home/parallels/liam-workspace/install/srdfdom/share/srdfdom/local_setup.zsh
[4.322s] -- Installing: /home/parallels/liam-workspace/install/srdfdom/share/srdfdom/local_setup.dsv
[4.323s] -- Installing: /home/parallels/liam-workspace/install/srdfdom/share/srdfdom/package.dsv
[4.323s] -- Installing: /home/parallels/liam-workspace/install/srdfdom/share/ament_index/resource_index/packages/srdfdom
[4.323s] -- Installing: /home/parallels/liam-workspace/install/srdfdom/share/srdfdom/cmake/srdfdomTargetsExport.cmake
[4.323s] -- Installing: /home/parallels/liam-workspace/install/srdfdom/share/srdfdom/cmake/srdfdomTargetsExport-noconfig.cmake
[4.323s] -- Installing: /home/parallels/liam-workspace/install/srdfdom/share/srdfdom/cmake/ament_cmake_export_targets-extras.cmake
[4.323s] -- Installing: /home/parallels/liam-workspace/install/srdfdom/share/srdfdom/cmake/ament_cmake_export_dependencies-extras.cmake
[4.323s] -- Installing: /home/parallels/liam-workspace/install/srdfdom/share/srdfdom/cmake/srdfdomConfig.cmake
[4.323s] -- Installing: /home/parallels/liam-workspace/install/srdfdom/share/srdfdom/cmake/srdfdomConfig-version.cmake
[4.323s] -- Installing: /home/parallels/liam-workspace/install/srdfdom/share/srdfdom/package.xml
[4.323s] Invoked command in '/home/parallels/liam-workspace/build/srdfdom' returned '0': CMAKE_PREFIX_PATH=${CMAKE_PREFIX_PATH}:/home/parallels/ws_moveit2/install/moveit_configs_utils:/home/parallels/ws_moveit2/install/launch_param_builder:/opt/ros/humble /usr/bin/cmake --install /home/parallels/liam-workspace/build/srdfdom
