[0.154s] Invoking command in '/home/parallels/liam-workspace/build/moveit_resources_fanuc_description': CMAKE_PREFIX_PATH=${CMAKE_PREFIX_PATH}:/home/parallels/ws_moveit2/install/moveit_configs_utils:/home/parallels/ws_moveit2/install/launch_param_builder:/opt/ros/humble /usr/bin/cmake /home/parallels/liam-workspace/src/moveit_resources/fanuc_description -DCMAKE_INSTALL_PREFIX=/home/parallels/liam-workspace/install/moveit_resources_fanuc_description
[0.205s] -- The C compiler identification is GNU 11.4.0
[0.239s] -- The CXX compiler identification is GNU 11.4.0
[0.244s] -- Detecting C compiler ABI info
[0.294s] -- Detecting C compiler ABI info - done
[0.298s] -- Check for working C compiler: /usr/bin/cc - skipped
[0.298s] -- Detecting C compile features
[0.298s] -- Detecting C compile features - done
[0.303s] -- Detecting CXX compiler ABI info
[0.356s] -- Detecting CXX compiler ABI info - done
[0.359s] -- Check for working CXX compiler: /usr/bin/c++ - skipped
[0.360s] -- Detecting CXX compile features
[0.360s] -- Detecting CXX compile features - done
[0.364s] -- Found ament_cmake: 1.3.9 (/opt/ros/humble/share/ament_cmake/cmake)
[0.456s] -- Found Python3: /usr/bin/python3 (found version "3.10.12") found components: Interpreter 
[0.583s] -- Configuring done
[0.584s] -- Generating done
[0.584s] -- Build files have been written to: /home/parallels/liam-workspace/build/moveit_resources_fanuc_description
[0.593s] Invoked command in '/home/parallels/liam-workspace/build/moveit_resources_fanuc_description' returned '0': CMAKE_PREFIX_PATH=${CMAKE_PREFIX_PATH}:/home/parallels/ws_moveit2/install/moveit_configs_utils:/home/parallels/ws_moveit2/install/launch_param_builder:/opt/ros/humble /usr/bin/cmake /home/parallels/liam-workspace/src/moveit_resources/fanuc_description -DCMAKE_INSTALL_PREFIX=/home/parallels/liam-workspace/install/moveit_resources_fanuc_description
[0.593s] Invoking command in '/home/parallels/liam-workspace/build/moveit_resources_fanuc_description': CMAKE_PREFIX_PATH=${CMAKE_PREFIX_PATH}:/home/parallels/ws_moveit2/install/moveit_configs_utils:/home/parallels/ws_moveit2/install/launch_param_builder:/opt/ros/humble /usr/bin/cmake --build /home/parallels/liam-workspace/build/moveit_resources_fanuc_description -- -j8 -l8
[0.620s] Invoked command in '/home/parallels/liam-workspace/build/moveit_resources_fanuc_description' returned '0': CMAKE_PREFIX_PATH=${CMAKE_PREFIX_PATH}:/home/parallels/ws_moveit2/install/moveit_configs_utils:/home/parallels/ws_moveit2/install/launch_param_builder:/opt/ros/humble /usr/bin/cmake --build /home/parallels/liam-workspace/build/moveit_resources_fanuc_description -- -j8 -l8
[0.649s] Invoking command in '/home/parallels/liam-workspace/build/moveit_resources_fanuc_description': CMAKE_PREFIX_PATH=${CMAKE_PREFIX_PATH}:/home/parallels/ws_moveit2/install/moveit_configs_utils:/home/parallels/ws_moveit2/install/launch_param_builder:/opt/ros/humble /usr/bin/cmake --install /home/parallels/liam-workspace/build/moveit_resources_fanuc_description
[0.655s] -- Install configuration: ""
[0.655s] -- Installing: /home/parallels/liam-workspace/install/moveit_resources_fanuc_description/share/ament_index/resource_index/package_run_dependencies/moveit_resources_fanuc_description
[0.655s] -- Installing: /home/parallels/liam-workspace/install/moveit_resources_fanuc_description/share/ament_index/resource_index/parent_prefix_path/moveit_resources_fanuc_description
[0.655s] -- Installing: /home/parallels/liam-workspace/install/moveit_resources_fanuc_description/share/moveit_resources_fanuc_description/environment/ament_prefix_path.sh
[0.655s] -- Installing: /home/parallels/liam-workspace/install/moveit_resources_fanuc_description/share/moveit_resources_fanuc_description/environment/ament_prefix_path.dsv
[0.655s] -- Installing: /home/parallels/liam-workspace/install/moveit_resources_fanuc_description/share/moveit_resources_fanuc_description/environment/path.sh
[0.655s] -- Installing: /home/parallels/liam-workspace/install/moveit_resources_fanuc_description/share/moveit_resources_fanuc_description/environment/path.dsv
[0.655s] -- Installing: /home/parallels/liam-workspace/install/moveit_resources_fanuc_description/share/moveit_resources_fanuc_description/local_setup.bash
[0.656s] -- Installing: /home/parallels/liam-workspace/install/moveit_resources_fanuc_description/share/moveit_resources_fanuc_description/local_setup.sh
[0.656s] -- Installing: /home/parallels/liam-workspace/install/moveit_resources_fanuc_description/share/moveit_resources_fanuc_description/local_setup.zsh
[0.656s] -- Installing: /home/parallels/liam-workspace/install/moveit_resources_fanuc_description/share/moveit_resources_fanuc_description/local_setup.dsv
[0.657s] -- Installing: /home/parallels/liam-workspace/install/moveit_resources_fanuc_description/share/moveit_resources_fanuc_description/package.dsv
[0.657s] -- Installing: /home/parallels/liam-workspace/install/moveit_resources_fanuc_description/share/ament_index/resource_index/packages/moveit_resources_fanuc_description
[0.657s] -- Installing: /home/parallels/liam-workspace/install/moveit_resources_fanuc_description/share/moveit_resources_fanuc_description/cmake/moveit_resources_fanuc_descriptionConfig.cmake
[0.657s] -- Installing: /home/parallels/liam-workspace/install/moveit_resources_fanuc_description/share/moveit_resources_fanuc_description/cmake/moveit_resources_fanuc_descriptionConfig-version.cmake
[0.657s] -- Installing: /home/parallels/liam-workspace/install/moveit_resources_fanuc_description/share/moveit_resources_fanuc_description/package.xml
[0.657s] -- Installing: /home/parallels/liam-workspace/install/moveit_resources_fanuc_description/share/moveit_resources_fanuc_description/meshes
[0.657s] -- Installing: /home/parallels/liam-workspace/install/moveit_resources_fanuc_description/share/moveit_resources_fanuc_description/meshes/visual
[0.657s] -- Installing: /home/parallels/liam-workspace/install/moveit_resources_fanuc_description/share/moveit_resources_fanuc_description/meshes/visual/base_link.stl
[0.658s] -- Installing: /home/parallels/liam-workspace/install/moveit_resources_fanuc_description/share/moveit_resources_fanuc_description/meshes/visual/link_3.stl
[0.659s] -- Installing: /home/parallels/liam-workspace/install/moveit_resources_fanuc_description/share/moveit_resources_fanuc_description/meshes/visual/link_2.stl
[0.660s] -- Installing: /home/parallels/liam-workspace/install/moveit_resources_fanuc_description/share/moveit_resources_fanuc_description/meshes/visual/link_4.stl
[0.660s] -- Installing: /home/parallels/liam-workspace/install/moveit_resources_fanuc_description/share/moveit_resources_fanuc_description/meshes/visual/link_1.stl
[0.661s] -- Installing: /home/parallels/liam-workspace/install/moveit_resources_fanuc_description/share/moveit_resources_fanuc_description/meshes/visual/link_5.stl
[0.662s] -- Installing: /home/parallels/liam-workspace/install/moveit_resources_fanuc_description/share/moveit_resources_fanuc_description/meshes/visual/link_6.stl
[0.662s] -- Installing: /home/parallels/liam-workspace/install/moveit_resources_fanuc_description/share/moveit_resources_fanuc_description/meshes/collision
[0.662s] -- Installing: /home/parallels/liam-workspace/install/moveit_resources_fanuc_description/share/moveit_resources_fanuc_description/meshes/collision/base_link.stl
[0.663s] -- Installing: /home/parallels/liam-workspace/install/moveit_resources_fanuc_description/share/moveit_resources_fanuc_description/meshes/collision/link_3.stl
[0.663s] -- Installing: /home/parallels/liam-workspace/install/moveit_resources_fanuc_description/share/moveit_resources_fanuc_description/meshes/collision/link_2.stl
[0.664s] -- Installing: /home/parallels/liam-workspace/install/moveit_resources_fanuc_description/share/moveit_resources_fanuc_description/meshes/collision/link_4.stl
[0.664s] -- Installing: /home/parallels/liam-workspace/install/moveit_resources_fanuc_description/share/moveit_resources_fanuc_description/meshes/collision/link_1.stl
[0.665s] -- Installing: /home/parallels/liam-workspace/install/moveit_resources_fanuc_description/share/moveit_resources_fanuc_description/meshes/collision/link_5.stl
[0.665s] -- Installing: /home/parallels/liam-workspace/install/moveit_resources_fanuc_description/share/moveit_resources_fanuc_description/meshes/collision/link_6.stl
[0.666s] -- Installing: /home/parallels/liam-workspace/install/moveit_resources_fanuc_description/share/moveit_resources_fanuc_description/urdf
[0.666s] -- Installing: /home/parallels/liam-workspace/install/moveit_resources_fanuc_description/share/moveit_resources_fanuc_description/urdf/fanuc.urdf
[0.673s] Invoked command in '/home/parallels/liam-workspace/build/moveit_resources_fanuc_description' returned '0': CMAKE_PREFIX_PATH=${CMAKE_PREFIX_PATH}:/home/parallels/ws_moveit2/install/moveit_configs_utils:/home/parallels/ws_moveit2/install/launch_param_builder:/opt/ros/humble /usr/bin/cmake --install /home/parallels/liam-workspace/build/moveit_resources_fanuc_description
