[0.016s] Invoking command in '/home/parallels/liam-workspace/build/moveit_visual_tools': AMENT_PREFIX_PATH=/home/parallels/liam-workspace/install/moveit_ros_planning:/home/parallels/liam-workspace/install/moveit_ros_occupancy_map_monitor:/home/parallels/liam-workspace/install/moveit_core:/home/parallels/liam-workspace/install/srdfdom:/home/parallels/liam-workspace/install/moveit_common:${AMENT_PREFIX_PATH} CMAKE_PREFIX_PATH=/home/parallels/liam-workspace/install/moveit_ros_planning:/home/parallels/liam-workspace/install/moveit_ros_occupancy_map_monitor:/home/parallels/liam-workspace/install/moveit_core:/home/parallels/liam-workspace/install/srdfdom:/home/parallels/liam-workspace/install/moveit_common:/home/parallels/liam-workspace/install/pantilt_bot_description:/home/parallels/liam-workspace/install/open_manipulator_srt_description:/home/parallels/ws_moveit2/install/pilz_industrial_motion_planner_testutils:/home/parallels/ws_moveit2/install/moveit_runtime:/home/parallels/ws_moveit2/install/moveit2_tutorials:/home/parallels/ws_moveit2/install/moveit:/home/parallels/ws_moveit2/install/moveit_planners:/home/parallels/ws_moveit2/install/pilz_industrial_motion_planner:/home/parallels/ws_moveit2/install/moveit_visual_tools:/home/parallels/ws_moveit2/install/moveit_task_constructor_visualization:/home/parallels/ws_moveit2/install/moveit_task_constructor_demo:/home/parallels/ws_moveit2/install/moveit_task_constructor_capabilities:/home/parallels/ws_moveit2/install/moveit_task_constructor_core:/home/parallels/ws_moveit2/install/moveit_ros_control_interface:/home/parallels/ws_moveit2/install/moveit_plugins:/home/parallels/ws_moveit2/install/moveit_simple_controller_manager:/home/parallels/ws_moveit2/install/moveit_setup_assistant:/home/parallels/ws_moveit2/install/moveit_setup_srdf_plugins:/home/parallels/ws_moveit2/install/moveit_setup_core_plugins:/home/parallels/ws_moveit2/install/moveit_setup_controllers:/home/parallels/ws_moveit2/install/moveit_setup_app_plugins:/home/parallels/ws_moveit2/install/moveit_setup_framework:/home/parallels/ws_moveit2/install/moveit_servo:/home/parallels/ws_moveit2/install/moveit_ros:/home/parallels/ws_moveit2/install/moveit_ros_visualization:/home/parallels/ws_moveit2/install/moveit_hybrid_planning:/home/parallels/ws_moveit2/install/moveit_ros_planning_interface:/home/parallels/ws_moveit2/install/moveit_ros_benchmarks:/home/parallels/ws_moveit2/install/moveit_ros_warehouse:/home/parallels/ws_moveit2/install/moveit_ros_robot_interaction:/home/parallels/ws_moveit2/install/moveit_ros_perception:/home/parallels/ws_moveit2/install/moveit_resources_prbt_pg70_support:/home/parallels/ws_moveit2/install/moveit_resources_prbt_moveit_config:/home/parallels/ws_moveit2/install/moveit_ros_move_group:/home/parallels/ws_moveit2/install/moveit_planners_ompl:/home/parallels/ws_moveit2/install/moveit_ros_planning:/home/parallels/ws_moveit2/install/moveit_ros_occupancy_map_monitor:/home/parallels/ws_moveit2/install/moveit_resources_prbt_ikfast_manipulator_plugin:/home/parallels/ws_moveit2/install/moveit_planners_chomp:/home/parallels/ws_moveit2/install/moveit_kinematics:/home/parallels/ws_moveit2/install/moveit_chomp_optimizer_adapter:/home/parallels/ws_moveit2/install/chomp_motion_planner:/home/parallels/ws_moveit2/install/moveit_core:/home/parallels/ws_moveit2/install/srdfdom:/home/parallels/ws_moveit2/install/rviz_marker_tools:/home/parallels/ws_moveit2/install/rosparam_shortcuts:/home/parallels/ws_moveit2/install/pantilt_bot_description:/home/parallels/ws_moveit2/install/open_manipulator_x_description:/home/parallels/ws_moveit2/install/moveit_task_constructor_msgs:/home/parallels/ws_moveit2/install/moveit_resources_prbt_support:/home/parallels/ws_moveit2/install/moveit_resources:/home/parallels/ws_moveit2/install/moveit_resources_pr2_description:/home/parallels/ws_moveit2/install/moveit_resources_panda_moveit_config:/home/parallels/ws_moveit2/install/moveit_resources_panda_description:/home/parallels/ws_moveit2/install/moveit_resources_fanuc_moveit_config:/home/parallels/ws_moveit2/install/moveit_resources_fanuc_description:/home/parallels/ws_moveit2/install/moveit_common:/home/parallels/ws_moveit2/install/dynamixel_workbench:/home/parallels/ws_moveit2/install/dynamixel_hardware:/home/parallels/ws_moveit2/install/dynamixel_workbench_toolbox:/home/parallels/ws_moveit2/install/dynamixel_workbench_msgs:/home/parallels/ws_moveit2/install/moveit_configs_utils:/home/parallels/ws_moveit2/install/launch_param_builder:/opt/ros/humble LD_LIBRARY_PATH=/home/parallels/liam-workspace/install/moveit_ros_planning/lib:/home/parallels/liam-workspace/install/moveit_ros_occupancy_map_monitor/lib:/home/parallels/liam-workspace/install/moveit_core/lib:/home/parallels/liam-workspace/install/srdfdom/lib:${LD_LIBRARY_PATH} PATH=/home/parallels/liam-workspace/install/moveit_core/bin:${PATH} PYTHONPATH=/home/parallels/liam-workspace/install/srdfdom/local/lib/python3.10/dist-packages:${PYTHONPATH} /usr/bin/cmake /home/parallels/liam-workspace/src/moveit_visual_tools -DCMAKE_INSTALL_PREFIX=/home/parallels/liam-workspace/install/moveit_visual_tools
[0.053s] -- The C compiler identification is GNU 11.4.0
[0.087s] -- The CXX compiler identification is GNU 11.4.0
[0.090s] -- Detecting C compiler ABI info
[0.136s] -- Detecting C compiler ABI info - done
[0.140s] -- Check for working C compiler: /usr/bin/cc - skipped
[0.140s] -- Detecting C compile features
[0.140s] -- Detecting C compile features - done
[0.142s] -- Detecting CXX compiler ABI info
[0.196s] -- Detecting CXX compiler ABI info - done
[0.200s] -- Check for working CXX compiler: /usr/bin/c++ - skipped
[0.200s] -- Detecting CXX compile features
[0.201s] -- Detecting CXX compile features - done
[0.201s] -- Found moveit_common: 2.5.5 (/home/parallels/liam-workspace/install/moveit_common/share/moveit_common/cmake)
[0.206s] -- Found ament_cmake: 1.3.9 (/opt/ros/humble/share/ament_cmake/cmake)
[0.297s] -- Found Python3: /usr/bin/python3 (found version "3.10.12") found components: Interpreter 
[0.432s] -- Found libdw: /usr/lib/aarch64-linux-gnu/libdw.so  
[0.437s] -- Could NOT find libbfd (missing: LIBBFD_LIBRARY LIBBFD_INCLUDE_DIR) 
[0.437s] -- BACKWARD_HAS_UNWIND=1
[0.437s] -- BACKWARD_HAS_BACKTRACE=0
[0.437s] -- BACKWARD_HAS_BACKTRACE_SYMBOL=0
[0.437s] -- BACKWARD_HAS_DW=1
[0.437s] -- BACKWARD_HAS_BFD=0
[0.437s] -- Found Backward: /opt/ros/humble/share/backward_ros/cmake  
[0.438s] [0mmoveit_visual_tools: You did not request a specific build type: Choosing 'Release' for maximum performance[0m
[0.453s] -- Found Boost: /usr/lib/aarch64-linux-gnu/cmake/Boost-1.74.0/BoostConfig.cmake (found version "1.74.0") found components: system 
[0.465s] -- Found geometry_msgs: 4.2.3 (/opt/ros/humble/share/geometry_msgs/cmake)
[0.517s] -- Found rosidl_generator_c: 3.1.5 (/opt/ros/humble/share/rosidl_generator_c/cmake)
[0.527s] -- Found rosidl_adapter: 3.1.5 (/opt/ros/humble/share/rosidl_adapter/cmake)
[0.538s] -- Found rosidl_generator_cpp: 3.1.5 (/opt/ros/humble/share/rosidl_generator_cpp/cmake)
[0.554s] -- Using all available rosidl_typesupport_c: rosidl_typesupport_fastrtps_c;rosidl_typesupport_introspection_c
[0.576s] -- Using all available rosidl_typesupport_cpp: rosidl_typesupport_fastrtps_cpp;rosidl_typesupport_introspection_cpp
[0.657s] -- Found graph_msgs: 0.2.0 (/opt/ros/humble/share/graph_msgs/cmake)
[0.712s] -- Found moveit_core: 2.5.5 (/home/parallels/liam-workspace/install/moveit_core/share/moveit_core/cmake)
[0.887s] -- Found Boost: /usr/lib/aarch64-linux-gnu/cmake/Boost-1.74.0/BoostConfig.cmake (found version "1.74.0") found components: chrono date_time filesystem iostreams program_options regex serialization system thread 
[0.946s] -- Found parameter_traits: 0.3.8 (/opt/ros/humble/share/parameter_traits/cmake)
[1.020s] -- Found rmw_implementation_cmake: 6.1.2 (/opt/ros/humble/share/rmw_implementation_cmake/cmake)
[1.026s] -- Found rmw_fastrtps_cpp: 6.2.6 (/opt/ros/humble/share/rmw_fastrtps_cpp/cmake)
[1.117s] -- Found OpenSSL: /usr/lib/aarch64-linux-gnu/libcrypto.so (found version "3.0.2")  
[1.138s] -- Found FastRTPS: /opt/ros/humble/include  
[1.181s] -- Using RMW implementation 'rmw_fastrtps_cpp' as default
[1.197s] -- Found Threads: TRUE  
[1.304s] -- Found Eigen3: TRUE (found version "3.4.0") 
[1.309s] -- Found rclcpp_lifecycle: 16.0.9 (/opt/ros/humble/share/rclcpp_lifecycle/cmake)
[1.347s] -- Found Boost: /usr/lib/aarch64-linux-gnu/cmake/Boost-1.74.0/BoostConfig.cmake (found version "1.74.0") found components: filesystem 
[1.440s] -- library: /usr/lib/aarch64-linux-gnu/libcurl.so
[1.658s] -- Ensuring Eigen3 include directory is part of orocos-kdl CMake target
[2.445s] -- Found moveit_ros_planning: 2.5.5 (/home/parallels/liam-workspace/install/moveit_ros_planning/share/moveit_ros_planning/cmake)
[2.448s] -- Found Boost: /usr/lib/aarch64-linux-gnu/cmake/Boost-1.74.0/BoostConfig.cmake (found version "1.74.0") found components: system filesystem date_time program_options thread chrono 
[2.760s] -- Found rviz_visual_tools: 4.1.4 (/opt/ros/humble/share/rviz_visual_tools/cmake)
[2.883s] -- Setting OGRE_DIR to: '/opt/ros/humble/share/rviz_ogre_vendor/cmake/../../../opt/rviz_ogre_vendor/lib/OGRE/cmake'
[2.884s] -- Found OGRE
[2.884s] --   static     : OFF
[2.884s] --   components : HLMS;MeshLodGenerator;Overlay;Paging;Property;RTShaderSystem;Terrain;Volume
[2.884s] --   plugins    : Plugin_BSPSceneManager;Plugin_OctreeSceneManager;Plugin_PCZSceneManager;Plugin_ParticleFX;RenderSystem_GL;RenderSystem_GL3Plus;Codec_STBI
[2.884s] --   media      : /opt/ros/humble/opt/rviz_ogre_vendor/share/OGRE/Media
[2.884s] -- OGRE_LIBRARIES: OgreHLMS;OgreMeshLodGenerator;OgreOverlay;OgrePaging;OgreProperty;OgreRTShaderSystem;OgreTerrain;OgreVolume;OgreMain
[2.884s] -- OGRE_LIBRARY_DIRS: /opt/ros/humble/opt/rviz_ogre_vendor/lib
[2.884s] -- OGRE_PLUGINS: Plugin_BSPSceneManager;Plugin_OctreeSceneManager;Plugin_PCZSceneManager;Plugin_ParticleFX;RenderSystem_GL;RenderSystem_GL3Plus;Codec_STBI
[2.884s] -- OGRE_PLUGIN_DIR: /opt/ros/humble/opt/rviz_ogre_vendor/lib/OGRE
[2.884s] -- rviz_ogre_vendor::OgreOverlay for IMPORTED_LOCATION_RELEASE: /opt/ros/humble/opt/rviz_ogre_vendor/lib/libOgreOverlay.so
[2.885s] -- rviz_ogre_vendor::OgreOverlay for IMPORTED_LOCATION_DEBUG: /opt/ros/humble/opt/rviz_ogre_vendor/lib/libOgreOverlay.so
[2.885s] -- rviz_ogre_vendor::OgreMain for IMPORTED_LOCATION_RELEASE: /opt/ros/humble/opt/rviz_ogre_vendor/lib/libOgreMain.so
[2.885s] -- rviz_ogre_vendor::OgreMain for IMPORTED_LOCATION_DEBUG: /opt/ros/humble/opt/rviz_ogre_vendor/lib/libOgreMain.so
[2.885s] -- Could not find freeimage library
[2.906s] -- Found ZLIB: /usr/lib/aarch64-linux-gnu/libz.so (found version "1.2.11") 
[2.911s] -- Found OpenGL: /usr/lib/aarch64-linux-gnu/libOpenGL.so   
[3.008s] -- Found X11: /usr/include   
[3.008s] -- Looking for XOpenDisplay in /usr/lib/aarch64-linux-gnu/libX11.so;/usr/lib/aarch64-linux-gnu/libXext.so
[3.075s] -- Looking for XOpenDisplay in /usr/lib/aarch64-linux-gnu/libX11.so;/usr/lib/aarch64-linux-gnu/libXext.so - found
[3.075s] -- Looking for gethostbyname
[3.296s] -- Looking for gethostbyname - found
[3.296s] -- Looking for connect
[3.633s] -- Looking for connect - found
[3.633s] -- Looking for remove
[4.033s] -- Looking for remove - found
[4.033s] -- Looking for shmat
[4.525s] -- Looking for shmat - found
[4.525s] -- Looking for IceConnectionNumber in ICE
[5.017s] -- Looking for IceConnectionNumber in ICE - found
[5.019s] -- rviz_ogre_vendor::RenderSystem_GL for IMPORTED_LOCATION_RELEASE: _render_system_gl_static_library_abs-NOTFOUND
[5.019s] -- rviz_ogre_vendor::RenderSystem_GL for IMPORTED_LOCATION_DEBUG: _render_system_gl_static_library_abs-NOTFOUND
[7.742s] -- Found ament_lint_auto: 0.12.11 (/opt/ros/humble/share/ament_lint_auto/cmake)
[7.899s] -- Added test 'copyright' to check source files copyright and LICENSE
[7.911s] -- Added test 'flake8' to check Python code syntax and style conventions
[7.913s] -- Added test 'lint_cmake' to check CMake code style
[7.914s] -- Added test 'pep257' to check Python code against some of the docstring style conventions in PEP 257
[7.915s] -- Added test 'xmllint' to check XML markup files
[7.916s] -- Configuring done
[8.110s] -- Generating done
[8.118s] -- Build files have been written to: /home/parallels/liam-workspace/build/moveit_visual_tools
[8.170s] Invoked command in '/home/parallels/liam-workspace/build/moveit_visual_tools' returned '0': AMENT_PREFIX_PATH=/home/parallels/liam-workspace/install/moveit_ros_planning:/home/parallels/liam-workspace/install/moveit_ros_occupancy_map_monitor:/home/parallels/liam-workspace/install/moveit_core:/home/parallels/liam-workspace/install/srdfdom:/home/parallels/liam-workspace/install/moveit_common:${AMENT_PREFIX_PATH} CMAKE_PREFIX_PATH=/home/parallels/liam-workspace/install/moveit_ros_planning:/home/parallels/liam-workspace/install/moveit_ros_occupancy_map_monitor:/home/parallels/liam-workspace/install/moveit_core:/home/parallels/liam-workspace/install/srdfdom:/home/parallels/liam-workspace/install/moveit_common:/home/parallels/liam-workspace/install/pantilt_bot_description:/home/parallels/liam-workspace/install/open_manipulator_srt_description:/home/parallels/ws_moveit2/install/pilz_industrial_motion_planner_testutils:/home/parallels/ws_moveit2/install/moveit_runtime:/home/parallels/ws_moveit2/install/moveit2_tutorials:/home/parallels/ws_moveit2/install/moveit:/home/parallels/ws_moveit2/install/moveit_planners:/home/parallels/ws_moveit2/install/pilz_industrial_motion_planner:/home/parallels/ws_moveit2/install/moveit_visual_tools:/home/parallels/ws_moveit2/install/moveit_task_constructor_visualization:/home/parallels/ws_moveit2/install/moveit_task_constructor_demo:/home/parallels/ws_moveit2/install/moveit_task_constructor_capabilities:/home/parallels/ws_moveit2/install/moveit_task_constructor_core:/home/parallels/ws_moveit2/install/moveit_ros_control_interface:/home/parallels/ws_moveit2/install/moveit_plugins:/home/parallels/ws_moveit2/install/moveit_simple_controller_manager:/home/parallels/ws_moveit2/install/moveit_setup_assistant:/home/parallels/ws_moveit2/install/moveit_setup_srdf_plugins:/home/parallels/ws_moveit2/install/moveit_setup_core_plugins:/home/parallels/ws_moveit2/install/moveit_setup_controllers:/home/parallels/ws_moveit2/install/moveit_setup_app_plugins:/home/parallels/ws_moveit2/install/moveit_setup_framework:/home/parallels/ws_moveit2/install/moveit_servo:/home/parallels/ws_moveit2/install/moveit_ros:/home/parallels/ws_moveit2/install/moveit_ros_visualization:/home/parallels/ws_moveit2/install/moveit_hybrid_planning:/home/parallels/ws_moveit2/install/moveit_ros_planning_interface:/home/parallels/ws_moveit2/install/moveit_ros_benchmarks:/home/parallels/ws_moveit2/install/moveit_ros_warehouse:/home/parallels/ws_moveit2/install/moveit_ros_robot_interaction:/home/parallels/ws_moveit2/install/moveit_ros_perception:/home/parallels/ws_moveit2/install/moveit_resources_prbt_pg70_support:/home/parallels/ws_moveit2/install/moveit_resources_prbt_moveit_config:/home/parallels/ws_moveit2/install/moveit_ros_move_group:/home/parallels/ws_moveit2/install/moveit_planners_ompl:/home/parallels/ws_moveit2/install/moveit_ros_planning:/home/parallels/ws_moveit2/install/moveit_ros_occupancy_map_monitor:/home/parallels/ws_moveit2/install/moveit_resources_prbt_ikfast_manipulator_plugin:/home/parallels/ws_moveit2/install/moveit_planners_chomp:/home/parallels/ws_moveit2/install/moveit_kinematics:/home/parallels/ws_moveit2/install/moveit_chomp_optimizer_adapter:/home/parallels/ws_moveit2/install/chomp_motion_planner:/home/parallels/ws_moveit2/install/moveit_core:/home/parallels/ws_moveit2/install/srdfdom:/home/parallels/ws_moveit2/install/rviz_marker_tools:/home/parallels/ws_moveit2/install/rosparam_shortcuts:/home/parallels/ws_moveit2/install/pantilt_bot_description:/home/parallels/ws_moveit2/install/open_manipulator_x_description:/home/parallels/ws_moveit2/install/moveit_task_constructor_msgs:/home/parallels/ws_moveit2/install/moveit_resources_prbt_support:/home/parallels/ws_moveit2/install/moveit_resources:/home/parallels/ws_moveit2/install/moveit_resources_pr2_description:/home/parallels/ws_moveit2/install/moveit_resources_panda_moveit_config:/home/parallels/ws_moveit2/install/moveit_resources_panda_description:/home/parallels/ws_moveit2/install/moveit_resources_fanuc_moveit_config:/home/parallels/ws_moveit2/install/moveit_resources_fanuc_description:/home/parallels/ws_moveit2/install/moveit_common:/home/parallels/ws_moveit2/install/dynamixel_workbench:/home/parallels/ws_moveit2/install/dynamixel_hardware:/home/parallels/ws_moveit2/install/dynamixel_workbench_toolbox:/home/parallels/ws_moveit2/install/dynamixel_workbench_msgs:/home/parallels/ws_moveit2/install/moveit_configs_utils:/home/parallels/ws_moveit2/install/launch_param_builder:/opt/ros/humble LD_LIBRARY_PATH=/home/parallels/liam-workspace/install/moveit_ros_planning/lib:/home/parallels/liam-workspace/install/moveit_ros_occupancy_map_monitor/lib:/home/parallels/liam-workspace/install/moveit_core/lib:/home/parallels/liam-workspace/install/srdfdom/lib:${LD_LIBRARY_PATH} PATH=/home/parallels/liam-workspace/install/moveit_core/bin:${PATH} PYTHONPATH=/home/parallels/liam-workspace/install/srdfdom/local/lib/python3.10/dist-packages:${PYTHONPATH} /usr/bin/cmake /home/parallels/liam-workspace/src/moveit_visual_tools -DCMAKE_INSTALL_PREFIX=/home/parallels/liam-workspace/install/moveit_visual_tools
[8.170s] Invoking command in '/home/parallels/liam-workspace/build/moveit_visual_tools': AMENT_PREFIX_PATH=/home/parallels/liam-workspace/install/moveit_ros_planning:/home/parallels/liam-workspace/install/moveit_ros_occupancy_map_monitor:/home/parallels/liam-workspace/install/moveit_core:/home/parallels/liam-workspace/install/srdfdom:/home/parallels/liam-workspace/install/moveit_common:${AMENT_PREFIX_PATH} CMAKE_PREFIX_PATH=/home/parallels/liam-workspace/install/moveit_ros_planning:/home/parallels/liam-workspace/install/moveit_ros_occupancy_map_monitor:/home/parallels/liam-workspace/install/moveit_core:/home/parallels/liam-workspace/install/srdfdom:/home/parallels/liam-workspace/install/moveit_common:/home/parallels/liam-workspace/install/pantilt_bot_description:/home/parallels/liam-workspace/install/open_manipulator_srt_description:/home/parallels/ws_moveit2/install/pilz_industrial_motion_planner_testutils:/home/parallels/ws_moveit2/install/moveit_runtime:/home/parallels/ws_moveit2/install/moveit2_tutorials:/home/parallels/ws_moveit2/install/moveit:/home/parallels/ws_moveit2/install/moveit_planners:/home/parallels/ws_moveit2/install/pilz_industrial_motion_planner:/home/parallels/ws_moveit2/install/moveit_visual_tools:/home/parallels/ws_moveit2/install/moveit_task_constructor_visualization:/home/parallels/ws_moveit2/install/moveit_task_constructor_demo:/home/parallels/ws_moveit2/install/moveit_task_constructor_capabilities:/home/parallels/ws_moveit2/install/moveit_task_constructor_core:/home/parallels/ws_moveit2/install/moveit_ros_control_interface:/home/parallels/ws_moveit2/install/moveit_plugins:/home/parallels/ws_moveit2/install/moveit_simple_controller_manager:/home/parallels/ws_moveit2/install/moveit_setup_assistant:/home/parallels/ws_moveit2/install/moveit_setup_srdf_plugins:/home/parallels/ws_moveit2/install/moveit_setup_core_plugins:/home/parallels/ws_moveit2/install/moveit_setup_controllers:/home/parallels/ws_moveit2/install/moveit_setup_app_plugins:/home/parallels/ws_moveit2/install/moveit_setup_framework:/home/parallels/ws_moveit2/install/moveit_servo:/home/parallels/ws_moveit2/install/moveit_ros:/home/parallels/ws_moveit2/install/moveit_ros_visualization:/home/parallels/ws_moveit2/install/moveit_hybrid_planning:/home/parallels/ws_moveit2/install/moveit_ros_planning_interface:/home/parallels/ws_moveit2/install/moveit_ros_benchmarks:/home/parallels/ws_moveit2/install/moveit_ros_warehouse:/home/parallels/ws_moveit2/install/moveit_ros_robot_interaction:/home/parallels/ws_moveit2/install/moveit_ros_perception:/home/parallels/ws_moveit2/install/moveit_resources_prbt_pg70_support:/home/parallels/ws_moveit2/install/moveit_resources_prbt_moveit_config:/home/parallels/ws_moveit2/install/moveit_ros_move_group:/home/parallels/ws_moveit2/install/moveit_planners_ompl:/home/parallels/ws_moveit2/install/moveit_ros_planning:/home/parallels/ws_moveit2/install/moveit_ros_occupancy_map_monitor:/home/parallels/ws_moveit2/install/moveit_resources_prbt_ikfast_manipulator_plugin:/home/parallels/ws_moveit2/install/moveit_planners_chomp:/home/parallels/ws_moveit2/install/moveit_kinematics:/home/parallels/ws_moveit2/install/moveit_chomp_optimizer_adapter:/home/parallels/ws_moveit2/install/chomp_motion_planner:/home/parallels/ws_moveit2/install/moveit_core:/home/parallels/ws_moveit2/install/srdfdom:/home/parallels/ws_moveit2/install/rviz_marker_tools:/home/parallels/ws_moveit2/install/rosparam_shortcuts:/home/parallels/ws_moveit2/install/pantilt_bot_description:/home/parallels/ws_moveit2/install/open_manipulator_x_description:/home/parallels/ws_moveit2/install/moveit_task_constructor_msgs:/home/parallels/ws_moveit2/install/moveit_resources_prbt_support:/home/parallels/ws_moveit2/install/moveit_resources:/home/parallels/ws_moveit2/install/moveit_resources_pr2_description:/home/parallels/ws_moveit2/install/moveit_resources_panda_moveit_config:/home/parallels/ws_moveit2/install/moveit_resources_panda_description:/home/parallels/ws_moveit2/install/moveit_resources_fanuc_moveit_config:/home/parallels/ws_moveit2/install/moveit_resources_fanuc_description:/home/parallels/ws_moveit2/install/moveit_common:/home/parallels/ws_moveit2/install/dynamixel_workbench:/home/parallels/ws_moveit2/install/dynamixel_hardware:/home/parallels/ws_moveit2/install/dynamixel_workbench_toolbox:/home/parallels/ws_moveit2/install/dynamixel_workbench_msgs:/home/parallels/ws_moveit2/install/moveit_configs_utils:/home/parallels/ws_moveit2/install/launch_param_builder:/opt/ros/humble LD_LIBRARY_PATH=/home/parallels/liam-workspace/install/moveit_ros_planning/lib:/home/parallels/liam-workspace/install/moveit_ros_occupancy_map_monitor/lib:/home/parallels/liam-workspace/install/moveit_core/lib:/home/parallels/liam-workspace/install/srdfdom/lib:${LD_LIBRARY_PATH} PATH=/home/parallels/liam-workspace/install/moveit_core/bin:${PATH} PYTHONPATH=/home/parallels/liam-workspace/install/srdfdom/local/lib/python3.10/dist-packages:${PYTHONPATH} /usr/bin/cmake --build /home/parallels/liam-workspace/build/moveit_visual_tools -- -j8 -l8
[8.506s] [ 16%] [32mBuilding CXX object CMakeFiles/moveit_visual_tools.dir/src/imarker_robot_state.cpp.o[0m
[8.514s] [ 33%] [32mBuilding CXX object CMakeFiles/moveit_visual_tools.dir/src/imarker_end_effector.cpp.o[0m
[8.514s] [ 50%] [32mBuilding CXX object CMakeFiles/moveit_visual_tools.dir/src/moveit_visual_tools.cpp.o[0m
[56.154s] [ 66%] [32m[1mLinking CXX shared library libmoveit_visual_tools.so[0m
[56.445s] [ 66%] Built target moveit_visual_tools
[56.461s] [ 83%] [32mBuilding CXX object CMakeFiles/moveit_visual_tools_demo.dir/src/moveit_visual_tools_demo.cpp.o[0m
[63.049s] [100%] [32m[1mLinking CXX executable moveit_visual_tools_demo[0m
[63.320s] [100%] Built target moveit_visual_tools_demo
[63.330s] Invoked command in '/home/parallels/liam-workspace/build/moveit_visual_tools' returned '0': AMENT_PREFIX_PATH=/home/parallels/liam-workspace/install/moveit_ros_planning:/home/parallels/liam-workspace/install/moveit_ros_occupancy_map_monitor:/home/parallels/liam-workspace/install/moveit_core:/home/parallels/liam-workspace/install/srdfdom:/home/parallels/liam-workspace/install/moveit_common:${AMENT_PREFIX_PATH} CMAKE_PREFIX_PATH=/home/parallels/liam-workspace/install/moveit_ros_planning:/home/parallels/liam-workspace/install/moveit_ros_occupancy_map_monitor:/home/parallels/liam-workspace/install/moveit_core:/home/parallels/liam-workspace/install/srdfdom:/home/parallels/liam-workspace/install/moveit_common:/home/parallels/liam-workspace/install/pantilt_bot_description:/home/parallels/liam-workspace/install/open_manipulator_srt_description:/home/parallels/ws_moveit2/install/pilz_industrial_motion_planner_testutils:/home/parallels/ws_moveit2/install/moveit_runtime:/home/parallels/ws_moveit2/install/moveit2_tutorials:/home/parallels/ws_moveit2/install/moveit:/home/parallels/ws_moveit2/install/moveit_planners:/home/parallels/ws_moveit2/install/pilz_industrial_motion_planner:/home/parallels/ws_moveit2/install/moveit_visual_tools:/home/parallels/ws_moveit2/install/moveit_task_constructor_visualization:/home/parallels/ws_moveit2/install/moveit_task_constructor_demo:/home/parallels/ws_moveit2/install/moveit_task_constructor_capabilities:/home/parallels/ws_moveit2/install/moveit_task_constructor_core:/home/parallels/ws_moveit2/install/moveit_ros_control_interface:/home/parallels/ws_moveit2/install/moveit_plugins:/home/parallels/ws_moveit2/install/moveit_simple_controller_manager:/home/parallels/ws_moveit2/install/moveit_setup_assistant:/home/parallels/ws_moveit2/install/moveit_setup_srdf_plugins:/home/parallels/ws_moveit2/install/moveit_setup_core_plugins:/home/parallels/ws_moveit2/install/moveit_setup_controllers:/home/parallels/ws_moveit2/install/moveit_setup_app_plugins:/home/parallels/ws_moveit2/install/moveit_setup_framework:/home/parallels/ws_moveit2/install/moveit_servo:/home/parallels/ws_moveit2/install/moveit_ros:/home/parallels/ws_moveit2/install/moveit_ros_visualization:/home/parallels/ws_moveit2/install/moveit_hybrid_planning:/home/parallels/ws_moveit2/install/moveit_ros_planning_interface:/home/parallels/ws_moveit2/install/moveit_ros_benchmarks:/home/parallels/ws_moveit2/install/moveit_ros_warehouse:/home/parallels/ws_moveit2/install/moveit_ros_robot_interaction:/home/parallels/ws_moveit2/install/moveit_ros_perception:/home/parallels/ws_moveit2/install/moveit_resources_prbt_pg70_support:/home/parallels/ws_moveit2/install/moveit_resources_prbt_moveit_config:/home/parallels/ws_moveit2/install/moveit_ros_move_group:/home/parallels/ws_moveit2/install/moveit_planners_ompl:/home/parallels/ws_moveit2/install/moveit_ros_planning:/home/parallels/ws_moveit2/install/moveit_ros_occupancy_map_monitor:/home/parallels/ws_moveit2/install/moveit_resources_prbt_ikfast_manipulator_plugin:/home/parallels/ws_moveit2/install/moveit_planners_chomp:/home/parallels/ws_moveit2/install/moveit_kinematics:/home/parallels/ws_moveit2/install/moveit_chomp_optimizer_adapter:/home/parallels/ws_moveit2/install/chomp_motion_planner:/home/parallels/ws_moveit2/install/moveit_core:/home/parallels/ws_moveit2/install/srdfdom:/home/parallels/ws_moveit2/install/rviz_marker_tools:/home/parallels/ws_moveit2/install/rosparam_shortcuts:/home/parallels/ws_moveit2/install/pantilt_bot_description:/home/parallels/ws_moveit2/install/open_manipulator_x_description:/home/parallels/ws_moveit2/install/moveit_task_constructor_msgs:/home/parallels/ws_moveit2/install/moveit_resources_prbt_support:/home/parallels/ws_moveit2/install/moveit_resources:/home/parallels/ws_moveit2/install/moveit_resources_pr2_description:/home/parallels/ws_moveit2/install/moveit_resources_panda_moveit_config:/home/parallels/ws_moveit2/install/moveit_resources_panda_description:/home/parallels/ws_moveit2/install/moveit_resources_fanuc_moveit_config:/home/parallels/ws_moveit2/install/moveit_resources_fanuc_description:/home/parallels/ws_moveit2/install/moveit_common:/home/parallels/ws_moveit2/install/dynamixel_workbench:/home/parallels/ws_moveit2/install/dynamixel_hardware:/home/parallels/ws_moveit2/install/dynamixel_workbench_toolbox:/home/parallels/ws_moveit2/install/dynamixel_workbench_msgs:/home/parallels/ws_moveit2/install/moveit_configs_utils:/home/parallels/ws_moveit2/install/launch_param_builder:/opt/ros/humble LD_LIBRARY_PATH=/home/parallels/liam-workspace/install/moveit_ros_planning/lib:/home/parallels/liam-workspace/install/moveit_ros_occupancy_map_monitor/lib:/home/parallels/liam-workspace/install/moveit_core/lib:/home/parallels/liam-workspace/install/srdfdom/lib:${LD_LIBRARY_PATH} PATH=/home/parallels/liam-workspace/install/moveit_core/bin:${PATH} PYTHONPATH=/home/parallels/liam-workspace/install/srdfdom/local/lib/python3.10/dist-packages:${PYTHONPATH} /usr/bin/cmake --build /home/parallels/liam-workspace/build/moveit_visual_tools -- -j8 -l8
[63.361s] Invoking command in '/home/parallels/liam-workspace/build/moveit_visual_tools': AMENT_PREFIX_PATH=/home/parallels/liam-workspace/install/moveit_ros_planning:/home/parallels/liam-workspace/install/moveit_ros_occupancy_map_monitor:/home/parallels/liam-workspace/install/moveit_core:/home/parallels/liam-workspace/install/srdfdom:/home/parallels/liam-workspace/install/moveit_common:${AMENT_PREFIX_PATH} CMAKE_PREFIX_PATH=/home/parallels/liam-workspace/install/moveit_ros_planning:/home/parallels/liam-workspace/install/moveit_ros_occupancy_map_monitor:/home/parallels/liam-workspace/install/moveit_core:/home/parallels/liam-workspace/install/srdfdom:/home/parallels/liam-workspace/install/moveit_common:/home/parallels/liam-workspace/install/pantilt_bot_description:/home/parallels/liam-workspace/install/open_manipulator_srt_description:/home/parallels/ws_moveit2/install/pilz_industrial_motion_planner_testutils:/home/parallels/ws_moveit2/install/moveit_runtime:/home/parallels/ws_moveit2/install/moveit2_tutorials:/home/parallels/ws_moveit2/install/moveit:/home/parallels/ws_moveit2/install/moveit_planners:/home/parallels/ws_moveit2/install/pilz_industrial_motion_planner:/home/parallels/ws_moveit2/install/moveit_visual_tools:/home/parallels/ws_moveit2/install/moveit_task_constructor_visualization:/home/parallels/ws_moveit2/install/moveit_task_constructor_demo:/home/parallels/ws_moveit2/install/moveit_task_constructor_capabilities:/home/parallels/ws_moveit2/install/moveit_task_constructor_core:/home/parallels/ws_moveit2/install/moveit_ros_control_interface:/home/parallels/ws_moveit2/install/moveit_plugins:/home/parallels/ws_moveit2/install/moveit_simple_controller_manager:/home/parallels/ws_moveit2/install/moveit_setup_assistant:/home/parallels/ws_moveit2/install/moveit_setup_srdf_plugins:/home/parallels/ws_moveit2/install/moveit_setup_core_plugins:/home/parallels/ws_moveit2/install/moveit_setup_controllers:/home/parallels/ws_moveit2/install/moveit_setup_app_plugins:/home/parallels/ws_moveit2/install/moveit_setup_framework:/home/parallels/ws_moveit2/install/moveit_servo:/home/parallels/ws_moveit2/install/moveit_ros:/home/parallels/ws_moveit2/install/moveit_ros_visualization:/home/parallels/ws_moveit2/install/moveit_hybrid_planning:/home/parallels/ws_moveit2/install/moveit_ros_planning_interface:/home/parallels/ws_moveit2/install/moveit_ros_benchmarks:/home/parallels/ws_moveit2/install/moveit_ros_warehouse:/home/parallels/ws_moveit2/install/moveit_ros_robot_interaction:/home/parallels/ws_moveit2/install/moveit_ros_perception:/home/parallels/ws_moveit2/install/moveit_resources_prbt_pg70_support:/home/parallels/ws_moveit2/install/moveit_resources_prbt_moveit_config:/home/parallels/ws_moveit2/install/moveit_ros_move_group:/home/parallels/ws_moveit2/install/moveit_planners_ompl:/home/parallels/ws_moveit2/install/moveit_ros_planning:/home/parallels/ws_moveit2/install/moveit_ros_occupancy_map_monitor:/home/parallels/ws_moveit2/install/moveit_resources_prbt_ikfast_manipulator_plugin:/home/parallels/ws_moveit2/install/moveit_planners_chomp:/home/parallels/ws_moveit2/install/moveit_kinematics:/home/parallels/ws_moveit2/install/moveit_chomp_optimizer_adapter:/home/parallels/ws_moveit2/install/chomp_motion_planner:/home/parallels/ws_moveit2/install/moveit_core:/home/parallels/ws_moveit2/install/srdfdom:/home/parallels/ws_moveit2/install/rviz_marker_tools:/home/parallels/ws_moveit2/install/rosparam_shortcuts:/home/parallels/ws_moveit2/install/pantilt_bot_description:/home/parallels/ws_moveit2/install/open_manipulator_x_description:/home/parallels/ws_moveit2/install/moveit_task_constructor_msgs:/home/parallels/ws_moveit2/install/moveit_resources_prbt_support:/home/parallels/ws_moveit2/install/moveit_resources:/home/parallels/ws_moveit2/install/moveit_resources_pr2_description:/home/parallels/ws_moveit2/install/moveit_resources_panda_moveit_config:/home/parallels/ws_moveit2/install/moveit_resources_panda_description:/home/parallels/ws_moveit2/install/moveit_resources_fanuc_moveit_config:/home/parallels/ws_moveit2/install/moveit_resources_fanuc_description:/home/parallels/ws_moveit2/install/moveit_common:/home/parallels/ws_moveit2/install/dynamixel_workbench:/home/parallels/ws_moveit2/install/dynamixel_hardware:/home/parallels/ws_moveit2/install/dynamixel_workbench_toolbox:/home/parallels/ws_moveit2/install/dynamixel_workbench_msgs:/home/parallels/ws_moveit2/install/moveit_configs_utils:/home/parallels/ws_moveit2/install/launch_param_builder:/opt/ros/humble LD_LIBRARY_PATH=/home/parallels/liam-workspace/install/moveit_ros_planning/lib:/home/parallels/liam-workspace/install/moveit_ros_occupancy_map_monitor/lib:/home/parallels/liam-workspace/install/moveit_core/lib:/home/parallels/liam-workspace/install/srdfdom/lib:${LD_LIBRARY_PATH} PATH=/home/parallels/liam-workspace/install/moveit_core/bin:${PATH} PYTHONPATH=/home/parallels/liam-workspace/install/srdfdom/local/lib/python3.10/dist-packages:${PYTHONPATH} /usr/bin/cmake --install /home/parallels/liam-workspace/build/moveit_visual_tools
[63.367s] -- Install configuration: "Release"
[63.367s] -- Installing: /home/parallels/liam-workspace/install/moveit_visual_tools/share/moveit_visual_tools/environment/library_path.sh
[63.367s] -- Installing: /home/parallels/liam-workspace/install/moveit_visual_tools/share/moveit_visual_tools/environment/library_path.dsv
[63.367s] -- Installing: /home/parallels/liam-workspace/install/moveit_visual_tools/lib/libmoveit_visual_tools.so
[63.368s] -- Set runtime path of "/home/parallels/liam-workspace/install/moveit_visual_tools/lib/libmoveit_visual_tools.so" to ""
[63.368s] -- Installing: /home/parallels/liam-workspace/install/moveit_visual_tools/lib/moveit_visual_tools/moveit_visual_tools_demo
[63.368s] -- Set runtime path of "/home/parallels/liam-workspace/install/moveit_visual_tools/lib/moveit_visual_tools/moveit_visual_tools_demo" to ""
[63.368s] -- Installing: /home/parallels/liam-workspace/install/moveit_visual_tools/include
[63.368s] -- Installing: /home/parallels/liam-workspace/install/moveit_visual_tools/include/moveit_visual_tools
[63.368s] -- Installing: /home/parallels/liam-workspace/install/moveit_visual_tools/include/moveit_visual_tools/imarker_end_effector.h
[63.368s] -- Installing: /home/parallels/liam-workspace/install/moveit_visual_tools/include/moveit_visual_tools/moveit_visual_tools.h
[63.368s] -- Installing: /home/parallels/liam-workspace/install/moveit_visual_tools/include/moveit_visual_tools/imarker_robot_state.h
[63.369s] -- Installing: /home/parallels/liam-workspace/install/moveit_visual_tools/share/moveit_visual_tools/launch
[63.369s] -- Installing: /home/parallels/liam-workspace/install/moveit_visual_tools/share/moveit_visual_tools/launch/demo.rviz
[63.369s] -- Installing: /home/parallels/liam-workspace/install/moveit_visual_tools/share/moveit_visual_tools/launch/demo_rviz.launch.py
[63.369s] -- Installing: /home/parallels/liam-workspace/install/moveit_visual_tools/share/moveit_visual_tools/resources
[63.369s] -- Installing: /home/parallels/liam-workspace/install/moveit_visual_tools/share/moveit_visual_tools/resources/demo_mesh.stl
[63.370s] -- Installing: /home/parallels/liam-workspace/install/moveit_visual_tools/share/moveit_visual_tools/resources/screenshot.png
[63.370s] -- Installing: /home/parallels/liam-workspace/install/moveit_visual_tools/share/moveit_visual_tools/resources/rrbot.srdf
[63.370s] -- Installing: /home/parallels/liam-workspace/install/moveit_visual_tools/share/moveit_visual_tools/resources/rrbot.urdf
[63.370s] -- Installing: /home/parallels/liam-workspace/install/moveit_visual_tools/share/moveit_visual_tools/resources/demo.png
[63.371s] -- Installing: /home/parallels/liam-workspace/install/moveit_visual_tools/share/ament_index/resource_index/package_run_dependencies/moveit_visual_tools
[63.371s] -- Installing: /home/parallels/liam-workspace/install/moveit_visual_tools/share/ament_index/resource_index/parent_prefix_path/moveit_visual_tools
[63.371s] -- Installing: /home/parallels/liam-workspace/install/moveit_visual_tools/share/moveit_visual_tools/environment/ament_prefix_path.sh
[63.371s] -- Installing: /home/parallels/liam-workspace/install/moveit_visual_tools/share/moveit_visual_tools/environment/ament_prefix_path.dsv
[63.371s] -- Installing: /home/parallels/liam-workspace/install/moveit_visual_tools/share/moveit_visual_tools/environment/path.sh
[63.371s] -- Installing: /home/parallels/liam-workspace/install/moveit_visual_tools/share/moveit_visual_tools/environment/path.dsv
[63.371s] -- Installing: /home/parallels/liam-workspace/install/moveit_visual_tools/share/moveit_visual_tools/local_setup.bash
[63.371s] -- Installing: /home/parallels/liam-workspace/install/moveit_visual_tools/share/moveit_visual_tools/local_setup.sh
[63.371s] -- Installing: /home/parallels/liam-workspace/install/moveit_visual_tools/share/moveit_visual_tools/local_setup.zsh
[63.371s] -- Installing: /home/parallels/liam-workspace/install/moveit_visual_tools/share/moveit_visual_tools/local_setup.dsv
[63.372s] -- Installing: /home/parallels/liam-workspace/install/moveit_visual_tools/share/moveit_visual_tools/package.dsv
[63.372s] -- Installing: /home/parallels/liam-workspace/install/moveit_visual_tools/share/ament_index/resource_index/packages/moveit_visual_tools
[63.372s] -- Installing: /home/parallels/liam-workspace/install/moveit_visual_tools/share/moveit_visual_tools/cmake/export_moveit_visual_toolsExport.cmake
[63.372s] -- Installing: /home/parallels/liam-workspace/install/moveit_visual_tools/share/moveit_visual_tools/cmake/export_moveit_visual_toolsExport-release.cmake
[63.372s] -- Installing: /home/parallels/liam-workspace/install/moveit_visual_tools/share/moveit_visual_tools/cmake/ament_cmake_export_targets-extras.cmake
[63.372s] -- Installing: /home/parallels/liam-workspace/install/moveit_visual_tools/share/moveit_visual_tools/cmake/ament_cmake_export_dependencies-extras.cmake
[63.372s] -- Installing: /home/parallels/liam-workspace/install/moveit_visual_tools/share/moveit_visual_tools/cmake/moveit_visual_toolsConfig.cmake
[63.372s] -- Installing: /home/parallels/liam-workspace/install/moveit_visual_tools/share/moveit_visual_tools/cmake/moveit_visual_toolsConfig-version.cmake
[63.372s] -- Installing: /home/parallels/liam-workspace/install/moveit_visual_tools/share/moveit_visual_tools/package.xml
[63.373s] Invoked command in '/home/parallels/liam-workspace/build/moveit_visual_tools' returned '0': AMENT_PREFIX_PATH=/home/parallels/liam-workspace/install/moveit_ros_planning:/home/parallels/liam-workspace/install/moveit_ros_occupancy_map_monitor:/home/parallels/liam-workspace/install/moveit_core:/home/parallels/liam-workspace/install/srdfdom:/home/parallels/liam-workspace/install/moveit_common:${AMENT_PREFIX_PATH} CMAKE_PREFIX_PATH=/home/parallels/liam-workspace/install/moveit_ros_planning:/home/parallels/liam-workspace/install/moveit_ros_occupancy_map_monitor:/home/parallels/liam-workspace/install/moveit_core:/home/parallels/liam-workspace/install/srdfdom:/home/parallels/liam-workspace/install/moveit_common:/home/parallels/liam-workspace/install/pantilt_bot_description:/home/parallels/liam-workspace/install/open_manipulator_srt_description:/home/parallels/ws_moveit2/install/pilz_industrial_motion_planner_testutils:/home/parallels/ws_moveit2/install/moveit_runtime:/home/parallels/ws_moveit2/install/moveit2_tutorials:/home/parallels/ws_moveit2/install/moveit:/home/parallels/ws_moveit2/install/moveit_planners:/home/parallels/ws_moveit2/install/pilz_industrial_motion_planner:/home/parallels/ws_moveit2/install/moveit_visual_tools:/home/parallels/ws_moveit2/install/moveit_task_constructor_visualization:/home/parallels/ws_moveit2/install/moveit_task_constructor_demo:/home/parallels/ws_moveit2/install/moveit_task_constructor_capabilities:/home/parallels/ws_moveit2/install/moveit_task_constructor_core:/home/parallels/ws_moveit2/install/moveit_ros_control_interface:/home/parallels/ws_moveit2/install/moveit_plugins:/home/parallels/ws_moveit2/install/moveit_simple_controller_manager:/home/parallels/ws_moveit2/install/moveit_setup_assistant:/home/parallels/ws_moveit2/install/moveit_setup_srdf_plugins:/home/parallels/ws_moveit2/install/moveit_setup_core_plugins:/home/parallels/ws_moveit2/install/moveit_setup_controllers:/home/parallels/ws_moveit2/install/moveit_setup_app_plugins:/home/parallels/ws_moveit2/install/moveit_setup_framework:/home/parallels/ws_moveit2/install/moveit_servo:/home/parallels/ws_moveit2/install/moveit_ros:/home/parallels/ws_moveit2/install/moveit_ros_visualization:/home/parallels/ws_moveit2/install/moveit_hybrid_planning:/home/parallels/ws_moveit2/install/moveit_ros_planning_interface:/home/parallels/ws_moveit2/install/moveit_ros_benchmarks:/home/parallels/ws_moveit2/install/moveit_ros_warehouse:/home/parallels/ws_moveit2/install/moveit_ros_robot_interaction:/home/parallels/ws_moveit2/install/moveit_ros_perception:/home/parallels/ws_moveit2/install/moveit_resources_prbt_pg70_support:/home/parallels/ws_moveit2/install/moveit_resources_prbt_moveit_config:/home/parallels/ws_moveit2/install/moveit_ros_move_group:/home/parallels/ws_moveit2/install/moveit_planners_ompl:/home/parallels/ws_moveit2/install/moveit_ros_planning:/home/parallels/ws_moveit2/install/moveit_ros_occupancy_map_monitor:/home/parallels/ws_moveit2/install/moveit_resources_prbt_ikfast_manipulator_plugin:/home/parallels/ws_moveit2/install/moveit_planners_chomp:/home/parallels/ws_moveit2/install/moveit_kinematics:/home/parallels/ws_moveit2/install/moveit_chomp_optimizer_adapter:/home/parallels/ws_moveit2/install/chomp_motion_planner:/home/parallels/ws_moveit2/install/moveit_core:/home/parallels/ws_moveit2/install/srdfdom:/home/parallels/ws_moveit2/install/rviz_marker_tools:/home/parallels/ws_moveit2/install/rosparam_shortcuts:/home/parallels/ws_moveit2/install/pantilt_bot_description:/home/parallels/ws_moveit2/install/open_manipulator_x_description:/home/parallels/ws_moveit2/install/moveit_task_constructor_msgs:/home/parallels/ws_moveit2/install/moveit_resources_prbt_support:/home/parallels/ws_moveit2/install/moveit_resources:/home/parallels/ws_moveit2/install/moveit_resources_pr2_description:/home/parallels/ws_moveit2/install/moveit_resources_panda_moveit_config:/home/parallels/ws_moveit2/install/moveit_resources_panda_description:/home/parallels/ws_moveit2/install/moveit_resources_fanuc_moveit_config:/home/parallels/ws_moveit2/install/moveit_resources_fanuc_description:/home/parallels/ws_moveit2/install/moveit_common:/home/parallels/ws_moveit2/install/dynamixel_workbench:/home/parallels/ws_moveit2/install/dynamixel_hardware:/home/parallels/ws_moveit2/install/dynamixel_workbench_toolbox:/home/parallels/ws_moveit2/install/dynamixel_workbench_msgs:/home/parallels/ws_moveit2/install/moveit_configs_utils:/home/parallels/ws_moveit2/install/launch_param_builder:/opt/ros/humble LD_LIBRARY_PATH=/home/parallels/liam-workspace/install/moveit_ros_planning/lib:/home/parallels/liam-workspace/install/moveit_ros_occupancy_map_monitor/lib:/home/parallels/liam-workspace/install/moveit_core/lib:/home/parallels/liam-workspace/install/srdfdom/lib:${LD_LIBRARY_PATH} PATH=/home/parallels/liam-workspace/install/moveit_core/bin:${PATH} PYTHONPATH=/home/parallels/liam-workspace/install/srdfdom/local/lib/python3.10/dist-packages:${PYTHONPATH} /usr/bin/cmake --install /home/parallels/liam-workspace/build/moveit_visual_tools
