[0.042s] Invoking command in '/home/parallels/liam workspace/build/moveit_task_constructor_core': AMENT_PREFIX_PATH=/home/parallels/liam workspace/install/moveit_planners:/home/parallels/liam workspace/install/pilz_industrial_motion_planner:/home/parallels/liam workspace/install/moveit_ros_planning_interface:/home/parallels/liam workspace/install/moveit_ros_move_group:/home/parallels/liam workspace/install/moveit_ros_warehouse:/home/parallels/liam workspace/install/moveit_planners_ompl:/home/parallels/liam workspace/install/moveit_kinematics:/home/parallels/liam workspace/install/moveit_ros_planning:/home/parallels/liam workspace/install/moveit_ros_occupancy_map_monitor:/home/parallels/liam workspace/install/moveit_core:/home/parallels/liam workspace/install/rviz_marker_tools:/home/parallels/liam workspace/install/moveit_configs_utils:/home/parallels/liam workspace/install/srdfdom:/home/parallels/liam workspace/install/moveit_task_constructor_msgs:/home/parallels/liam workspace/install/moveit_common:/home/parallels/liam workspace/install/launch_param_builder:${AMENT_PREFIX_PATH} CMAKE_PREFIX_PATH=/home/parallels/liam workspace/install/moveit_planners:/home/parallels/liam workspace/install/pilz_industrial_motion_planner:/home/parallels/liam workspace/install/moveit_ros_planning_interface:/home/parallels/liam workspace/install/moveit_ros_move_group:/home/parallels/liam workspace/install/moveit_ros_warehouse:/home/parallels/liam workspace/install/moveit_planners_ompl:/home/parallels/liam workspace/install/moveit_kinematics:/home/parallels/liam workspace/install/moveit_ros_planning:/home/parallels/liam workspace/install/moveit_ros_occupancy_map_monitor:/home/parallels/liam workspace/install/moveit_core:/home/parallels/liam workspace/install/rviz_marker_tools:/home/parallels/liam workspace/install/srdfdom:/home/parallels/liam workspace/install/moveit_task_constructor_msgs:/home/parallels/liam workspace/install/moveit_common:/home/parallels/ws_moveit2/install/pilz_industrial_motion_planner_testutils:/home/parallels/ws_moveit2/install/moveit_runtime:/home/parallels/ws_moveit2/install/moveit2_tutorials:/home/parallels/ws_moveit2/install/moveit:/home/parallels/ws_moveit2/install/moveit_planners:/home/parallels/ws_moveit2/install/pilz_industrial_motion_planner:/home/parallels/ws_moveit2/install/moveit_visual_tools:/home/parallels/ws_moveit2/install/moveit_task_constructor_visualization:/home/parallels/ws_moveit2/install/moveit_task_constructor_demo:/home/parallels/ws_moveit2/install/moveit_task_constructor_capabilities:/home/parallels/ws_moveit2/install/moveit_task_constructor_core:/home/parallels/ws_moveit2/install/moveit_ros_control_interface:/home/parallels/ws_moveit2/install/moveit_plugins:/home/parallels/ws_moveit2/install/moveit_simple_controller_manager:/home/parallels/ws_moveit2/install/moveit_setup_assistant:/home/parallels/ws_moveit2/install/moveit_setup_srdf_plugins:/home/parallels/ws_moveit2/install/moveit_setup_core_plugins:/home/parallels/ws_moveit2/install/moveit_setup_controllers:/home/parallels/ws_moveit2/install/moveit_setup_app_plugins:/home/parallels/ws_moveit2/install/moveit_setup_framework:/home/parallels/ws_moveit2/install/moveit_servo:/home/parallels/ws_moveit2/install/moveit_ros:/home/parallels/ws_moveit2/install/moveit_ros_visualization:/home/parallels/ws_moveit2/install/moveit_hybrid_planning:/home/parallels/ws_moveit2/install/moveit_ros_planning_interface:/home/parallels/ws_moveit2/install/moveit_ros_benchmarks:/home/parallels/ws_moveit2/install/moveit_ros_warehouse:/home/parallels/ws_moveit2/install/moveit_ros_robot_interaction:/home/parallels/ws_moveit2/install/moveit_ros_perception:/home/parallels/ws_moveit2/install/moveit_resources_prbt_pg70_support:/home/parallels/ws_moveit2/install/moveit_resources_prbt_moveit_config:/home/parallels/ws_moveit2/install/moveit_ros_move_group:/home/parallels/ws_moveit2/install/moveit_planners_ompl:/home/parallels/ws_moveit2/install/moveit_ros_planning:/home/parallels/ws_moveit2/install/moveit_ros_occupancy_map_monitor:/home/parallels/ws_moveit2/install/moveit_resources_prbt_ikfast_manipulator_plugin:/home/parallels/ws_moveit2/install/moveit_planners_chomp:/home/parallels/ws_moveit2/install/moveit_kinematics:/home/parallels/ws_moveit2/install/moveit_chomp_optimizer_adapter:/home/parallels/ws_moveit2/install/chomp_motion_planner:/home/parallels/ws_moveit2/install/moveit_core:/home/parallels/ws_moveit2/install/srdfdom:/home/parallels/ws_moveit2/install/rviz_marker_tools:/home/parallels/ws_moveit2/install/rosparam_shortcuts:/home/parallels/ws_moveit2/install/pantilt_bot_description:/home/parallels/ws_moveit2/install/open_manipulator_x_description:/home/parallels/ws_moveit2/install/moveit_task_constructor_msgs:/home/parallels/ws_moveit2/install/moveit_resources_prbt_support:/home/parallels/ws_moveit2/install/moveit_resources:/home/parallels/ws_moveit2/install/moveit_resources_pr2_description:/home/parallels/ws_moveit2/install/moveit_resources_panda_moveit_config:/home/parallels/ws_moveit2/install/moveit_resources_panda_description:/home/parallels/ws_moveit2/install/moveit_resources_fanuc_moveit_config:/home/parallels/ws_moveit2/install/moveit_resources_fanuc_description:/home/parallels/ws_moveit2/install/moveit_common:/home/parallels/ws_moveit2/install/dynamixel_workbench:/home/parallels/ws_moveit2/install/dynamixel_hardware:/home/parallels/ws_moveit2/install/dynamixel_workbench_toolbox:/home/parallels/ws_moveit2/install/dynamixel_workbench_msgs:/home/parallels/ws_moveit2/install/moveit_configs_utils:/home/parallels/ws_moveit2/install/launch_param_builder:/opt/ros/humble LD_LIBRARY_PATH=/home/parallels/liam workspace/install/pilz_industrial_motion_planner/lib:/home/parallels/liam workspace/install/moveit_ros_planning_interface/lib:/home/parallels/liam workspace/install/moveit_ros_move_group/lib:/home/parallels/liam workspace/install/moveit_ros_warehouse/lib:/home/parallels/liam workspace/install/moveit_planners_ompl/lib:/home/parallels/liam workspace/install/moveit_kinematics/lib:/home/parallels/liam workspace/install/moveit_ros_planning/lib:/home/parallels/liam workspace/install/moveit_ros_occupancy_map_monitor/lib:/home/parallels/liam workspace/install/moveit_core/lib:/home/parallels/liam workspace/install/rviz_marker_tools/lib:/home/parallels/liam workspace/install/srdfdom/lib:/home/parallels/liam workspace/install/moveit_task_constructor_msgs/lib:${LD_LIBRARY_PATH} PATH=/home/parallels/liam workspace/install/moveit_core/bin:${PATH} PYTHONPATH=/home/parallels/liam workspace/install/moveit_configs_utils/lib/python3.10/site-packages:/home/parallels/liam workspace/install/srdfdom/local/lib/python3.10/dist-packages:/home/parallels/liam workspace/install/moveit_task_constructor_msgs/local/lib/python3.10/dist-packages:/home/parallels/liam workspace/install/launch_param_builder/lib/python3.10/site-packages:${PYTHONPATH} /usr/bin/cmake /home/parallels/liam workspace/src/moveit_task_constructor/core -DCMAKE_INSTALL_PREFIX=/home/parallels/liam workspace/install/moveit_task_constructor_core
[0.083s] -- The C compiler identification is GNU 11.4.0
[0.117s] -- The CXX compiler identification is GNU 11.4.0
[0.121s] -- Detecting C compiler ABI info
[0.174s] -- Detecting C compiler ABI info - done
[0.177s] -- Check for working C compiler: /usr/bin/cc - skipped
[0.177s] -- Detecting C compile features
[0.177s] -- Detecting C compile features - done
[0.179s] -- Detecting CXX compiler ABI info
[0.238s] -- Detecting CXX compiler ABI info - done
[0.242s] -- Check for working CXX compiler: /usr/bin/c++ - skipped
[0.243s] -- Detecting CXX compile features
[0.243s] -- Detecting CXX compile features - done
[0.248s] -- Found ament_cmake: 1.3.9 (/opt/ros/humble/share/ament_cmake/cmake)
[0.348s] -- Found Python3: /usr/bin/python3 (found version "3.10.12") found components: Interpreter 
[0.462s] -- Found Boost: /usr/lib/aarch64-linux-gnu/cmake/Boost-1.74.0/BoostConfig.cmake (found version "1.74.0")  
[0.467s] -- Found geometry_msgs: 4.2.3 (/opt/ros/humble/share/geometry_msgs/cmake)
[0.529s] -- Found rosidl_generator_c: 3.1.5 (/opt/ros/humble/share/rosidl_generator_c/cmake)
[0.540s] -- Found rosidl_adapter: 3.1.5 (/opt/ros/humble/share/rosidl_adapter/cmake)
[0.553s] -- Found rosidl_generator_cpp: 3.1.5 (/opt/ros/humble/share/rosidl_generator_cpp/cmake)
[0.571s] -- Using all available rosidl_typesupport_c: rosidl_typesupport_fastrtps_c;rosidl_typesupport_introspection_c
[0.595s] -- Using all available rosidl_typesupport_cpp: rosidl_typesupport_fastrtps_cpp;rosidl_typesupport_introspection_cpp
[0.677s] -- Found moveit_common: 2.5.5 (/home/parallels/liam workspace/install/moveit_common/share/moveit_common/cmake)
[0.720s] -- Found libdw: /usr/lib/aarch64-linux-gnu/libdw.so  
[0.726s] -- Could NOT find libbfd (missing: LIBBFD_LIBRARY LIBBFD_INCLUDE_DIR) 
[0.726s] -- BACKWARD_HAS_UNWIND=1
[0.726s] -- BACKWARD_HAS_BACKTRACE=0
[0.726s] -- BACKWARD_HAS_BACKTRACE_SYMBOL=0
[0.726s] -- BACKWARD_HAS_DW=1
[0.726s] -- BACKWARD_HAS_BFD=0
[0.726s] -- Found Backward: /opt/ros/humble/share/backward_ros/cmake  
[0.726s] [0mmoveit_task_constructor_core: You did not request a specific build type: Choosing 'Release' for maximum performance[0m
[0.727s] -- Found moveit_core: 2.5.5 (/home/parallels/liam workspace/install/moveit_core/share/moveit_core/cmake)
[0.925s] -- Found Boost: /usr/lib/aarch64-linux-gnu/cmake/Boost-1.74.0/BoostConfig.cmake (found version "1.74.0") found components: chrono date_time filesystem iostreams program_options regex serialization system thread 
[0.996s] -- Found parameter_traits: 0.3.8 (/opt/ros/humble/share/parameter_traits/cmake)
[1.074s] -- Found rmw_implementation_cmake: 6.1.2 (/opt/ros/humble/share/rmw_implementation_cmake/cmake)
[1.081s] -- Found rmw_fastrtps_cpp: 6.2.6 (/opt/ros/humble/share/rmw_fastrtps_cpp/cmake)
[1.176s] -- Found OpenSSL: /usr/lib/aarch64-linux-gnu/libcrypto.so (found version "3.0.2")  
[1.200s] -- Found FastRTPS: /opt/ros/humble/include  
[1.253s] -- Using RMW implementation 'rmw_fastrtps_cpp' as default
[1.272s] -- Found Threads: TRUE  
[1.389s] -- Found Eigen3: TRUE (found version "3.4.0") 
[1.394s] -- Found rclcpp_lifecycle: 16.0.9 (/opt/ros/humble/share/rclcpp_lifecycle/cmake)
[1.435s] -- Found Boost: /usr/lib/aarch64-linux-gnu/cmake/Boost-1.74.0/BoostConfig.cmake (found version "1.74.0") found components: filesystem 
[1.536s] -- library: /usr/lib/aarch64-linux-gnu/libcurl.so
[1.764s] -- Ensuring Eigen3 include directory is part of orocos-kdl CMake target
[2.592s] -- Found moveit_ros_planning: 2.5.5 (/home/parallels/liam workspace/install/moveit_ros_planning/share/moveit_ros_planning/cmake)
[2.595s] -- Found Boost: /usr/lib/aarch64-linux-gnu/cmake/Boost-1.74.0/BoostConfig.cmake (found version "1.74.0") found components: system filesystem date_time program_options thread chrono 
[2.906s] -- Found moveit_ros_planning_interface: 2.5.5 (/home/parallels/liam workspace/install/moveit_ros_planning_interface/share/moveit_ros_planning_interface/cmake)
[2.910s] -- Found Boost: /usr/lib/aarch64-linux-gnu/cmake/Boost-1.74.0/BoostConfig.cmake (found version "1.74.0") found components: date_time filesystem program_options system thread 
[3.050s] -- Found Boost: /usr/lib/aarch64-linux-gnu/cmake/Boost-1.74.0/BoostConfig.cmake (found version "1.74.0") found components: thread system filesystem regex date_time program_options 
[3.228s] -- Found Boost: /usr/lib/aarch64-linux-gnu/cmake/Boost-1.74.0/BoostConfig.cmake (found version "1.74.0") found components: system filesystem date_time program_options thread 
[3.541s] -- Found moveit_task_constructor_msgs: 0.1.3 (/home/parallels/liam workspace/install/moveit_task_constructor_msgs/share/moveit_task_constructor_msgs/cmake)
[3.737s] -- Found rviz_marker_tools: 0.1.3 (/home/parallels/liam workspace/install/rviz_marker_tools/share/rviz_marker_tools/cmake)
[3.792s] -- Found ament_cmake_gtest: 1.3.9 (/opt/ros/humble/share/ament_cmake_gtest/cmake)
[3.798s] -- Found ament_cmake_gmock: 1.3.9 (/opt/ros/humble/share/ament_cmake_gmock/cmake)
[3.802s] -- Found launch_testing_ament_cmake: 1.0.6 (/opt/ros/humble/share/launch_testing_ament_cmake/cmake)
[3.807s] -- Found python_cmake_module: 0.10.0 (/opt/ros/humble/share/python_cmake_module/cmake)
[3.821s] -- Found PythonInterp: /usr/bin/python3 (found suitable version "3.10.12", minimum required is "3.6") 
[3.827s] -- Found PythonLibs: /usr/lib/aarch64-linux-gnu/libpython3.10.so (found suitable version "3.10.12", minimum required is "3.5") 
[3.827s] -- Using PYTHON_EXECUTABLE: /usr/bin/python3
[3.827s] -- Using PYTHON_INCLUDE_DIRS: /usr/include/python3.10
[3.827s] -- Using PYTHON_LIBRARIES: /usr/lib/aarch64-linux-gnu/libpython3.10.so
[3.841s] -- Found PythonExtra: .so  
[3.847s] -- Found gmock sources under '/opt/ros/humble/src/gmock_vendor': C++ tests using 'Google Mock' will be built
[3.854s] -- Found gtest sources under '/opt/ros/humble/src/gtest_vendor': C++ tests using 'Google Test' will be built
[3.868s] -- Configuring done
[4.110s] -- Generating done
[4.112s] -- Build files have been written to: /home/parallels/liam workspace/build/moveit_task_constructor_core
[4.126s] Invoked command in '/home/parallels/liam workspace/build/moveit_task_constructor_core' returned '0': AMENT_PREFIX_PATH=/home/parallels/liam workspace/install/moveit_planners:/home/parallels/liam workspace/install/pilz_industrial_motion_planner:/home/parallels/liam workspace/install/moveit_ros_planning_interface:/home/parallels/liam workspace/install/moveit_ros_move_group:/home/parallels/liam workspace/install/moveit_ros_warehouse:/home/parallels/liam workspace/install/moveit_planners_ompl:/home/parallels/liam workspace/install/moveit_kinematics:/home/parallels/liam workspace/install/moveit_ros_planning:/home/parallels/liam workspace/install/moveit_ros_occupancy_map_monitor:/home/parallels/liam workspace/install/moveit_core:/home/parallels/liam workspace/install/rviz_marker_tools:/home/parallels/liam workspace/install/moveit_configs_utils:/home/parallels/liam workspace/install/srdfdom:/home/parallels/liam workspace/install/moveit_task_constructor_msgs:/home/parallels/liam workspace/install/moveit_common:/home/parallels/liam workspace/install/launch_param_builder:${AMENT_PREFIX_PATH} CMAKE_PREFIX_PATH=/home/parallels/liam workspace/install/moveit_planners:/home/parallels/liam workspace/install/pilz_industrial_motion_planner:/home/parallels/liam workspace/install/moveit_ros_planning_interface:/home/parallels/liam workspace/install/moveit_ros_move_group:/home/parallels/liam workspace/install/moveit_ros_warehouse:/home/parallels/liam workspace/install/moveit_planners_ompl:/home/parallels/liam workspace/install/moveit_kinematics:/home/parallels/liam workspace/install/moveit_ros_planning:/home/parallels/liam workspace/install/moveit_ros_occupancy_map_monitor:/home/parallels/liam workspace/install/moveit_core:/home/parallels/liam workspace/install/rviz_marker_tools:/home/parallels/liam workspace/install/srdfdom:/home/parallels/liam workspace/install/moveit_task_constructor_msgs:/home/parallels/liam workspace/install/moveit_common:/home/parallels/ws_moveit2/install/pilz_industrial_motion_planner_testutils:/home/parallels/ws_moveit2/install/moveit_runtime:/home/parallels/ws_moveit2/install/moveit2_tutorials:/home/parallels/ws_moveit2/install/moveit:/home/parallels/ws_moveit2/install/moveit_planners:/home/parallels/ws_moveit2/install/pilz_industrial_motion_planner:/home/parallels/ws_moveit2/install/moveit_visual_tools:/home/parallels/ws_moveit2/install/moveit_task_constructor_visualization:/home/parallels/ws_moveit2/install/moveit_task_constructor_demo:/home/parallels/ws_moveit2/install/moveit_task_constructor_capabilities:/home/parallels/ws_moveit2/install/moveit_task_constructor_core:/home/parallels/ws_moveit2/install/moveit_ros_control_interface:/home/parallels/ws_moveit2/install/moveit_plugins:/home/parallels/ws_moveit2/install/moveit_simple_controller_manager:/home/parallels/ws_moveit2/install/moveit_setup_assistant:/home/parallels/ws_moveit2/install/moveit_setup_srdf_plugins:/home/parallels/ws_moveit2/install/moveit_setup_core_plugins:/home/parallels/ws_moveit2/install/moveit_setup_controllers:/home/parallels/ws_moveit2/install/moveit_setup_app_plugins:/home/parallels/ws_moveit2/install/moveit_setup_framework:/home/parallels/ws_moveit2/install/moveit_servo:/home/parallels/ws_moveit2/install/moveit_ros:/home/parallels/ws_moveit2/install/moveit_ros_visualization:/home/parallels/ws_moveit2/install/moveit_hybrid_planning:/home/parallels/ws_moveit2/install/moveit_ros_planning_interface:/home/parallels/ws_moveit2/install/moveit_ros_benchmarks:/home/parallels/ws_moveit2/install/moveit_ros_warehouse:/home/parallels/ws_moveit2/install/moveit_ros_robot_interaction:/home/parallels/ws_moveit2/install/moveit_ros_perception:/home/parallels/ws_moveit2/install/moveit_resources_prbt_pg70_support:/home/parallels/ws_moveit2/install/moveit_resources_prbt_moveit_config:/home/parallels/ws_moveit2/install/moveit_ros_move_group:/home/parallels/ws_moveit2/install/moveit_planners_ompl:/home/parallels/ws_moveit2/install/moveit_ros_planning:/home/parallels/ws_moveit2/install/moveit_ros_occupancy_map_monitor:/home/parallels/ws_moveit2/install/moveit_resources_prbt_ikfast_manipulator_plugin:/home/parallels/ws_moveit2/install/moveit_planners_chomp:/home/parallels/ws_moveit2/install/moveit_kinematics:/home/parallels/ws_moveit2/install/moveit_chomp_optimizer_adapter:/home/parallels/ws_moveit2/install/chomp_motion_planner:/home/parallels/ws_moveit2/install/moveit_core:/home/parallels/ws_moveit2/install/srdfdom:/home/parallels/ws_moveit2/install/rviz_marker_tools:/home/parallels/ws_moveit2/install/rosparam_shortcuts:/home/parallels/ws_moveit2/install/pantilt_bot_description:/home/parallels/ws_moveit2/install/open_manipulator_x_description:/home/parallels/ws_moveit2/install/moveit_task_constructor_msgs:/home/parallels/ws_moveit2/install/moveit_resources_prbt_support:/home/parallels/ws_moveit2/install/moveit_resources:/home/parallels/ws_moveit2/install/moveit_resources_pr2_description:/home/parallels/ws_moveit2/install/moveit_resources_panda_moveit_config:/home/parallels/ws_moveit2/install/moveit_resources_panda_description:/home/parallels/ws_moveit2/install/moveit_resources_fanuc_moveit_config:/home/parallels/ws_moveit2/install/moveit_resources_fanuc_description:/home/parallels/ws_moveit2/install/moveit_common:/home/parallels/ws_moveit2/install/dynamixel_workbench:/home/parallels/ws_moveit2/install/dynamixel_hardware:/home/parallels/ws_moveit2/install/dynamixel_workbench_toolbox:/home/parallels/ws_moveit2/install/dynamixel_workbench_msgs:/home/parallels/ws_moveit2/install/moveit_configs_utils:/home/parallels/ws_moveit2/install/launch_param_builder:/opt/ros/humble LD_LIBRARY_PATH=/home/parallels/liam workspace/install/pilz_industrial_motion_planner/lib:/home/parallels/liam workspace/install/moveit_ros_planning_interface/lib:/home/parallels/liam workspace/install/moveit_ros_move_group/lib:/home/parallels/liam workspace/install/moveit_ros_warehouse/lib:/home/parallels/liam workspace/install/moveit_planners_ompl/lib:/home/parallels/liam workspace/install/moveit_kinematics/lib:/home/parallels/liam workspace/install/moveit_ros_planning/lib:/home/parallels/liam workspace/install/moveit_ros_occupancy_map_monitor/lib:/home/parallels/liam workspace/install/moveit_core/lib:/home/parallels/liam workspace/install/rviz_marker_tools/lib:/home/parallels/liam workspace/install/srdfdom/lib:/home/parallels/liam workspace/install/moveit_task_constructor_msgs/lib:${LD_LIBRARY_PATH} PATH=/home/parallels/liam workspace/install/moveit_core/bin:${PATH} PYTHONPATH=/home/parallels/liam workspace/install/moveit_configs_utils/lib/python3.10/site-packages:/home/parallels/liam workspace/install/srdfdom/local/lib/python3.10/dist-packages:/home/parallels/liam workspace/install/moveit_task_constructor_msgs/local/lib/python3.10/dist-packages:/home/parallels/liam workspace/install/launch_param_builder/lib/python3.10/site-packages:${PYTHONPATH} /usr/bin/cmake /home/parallels/liam workspace/src/moveit_task_constructor/core -DCMAKE_INSTALL_PREFIX=/home/parallels/liam workspace/install/moveit_task_constructor_core
[4.128s] Invoking command in '/home/parallels/liam workspace/build/moveit_task_constructor_core': AMENT_PREFIX_PATH=/home/parallels/liam workspace/install/moveit_planners:/home/parallels/liam workspace/install/pilz_industrial_motion_planner:/home/parallels/liam workspace/install/moveit_ros_planning_interface:/home/parallels/liam workspace/install/moveit_ros_move_group:/home/parallels/liam workspace/install/moveit_ros_warehouse:/home/parallels/liam workspace/install/moveit_planners_ompl:/home/parallels/liam workspace/install/moveit_kinematics:/home/parallels/liam workspace/install/moveit_ros_planning:/home/parallels/liam workspace/install/moveit_ros_occupancy_map_monitor:/home/parallels/liam workspace/install/moveit_core:/home/parallels/liam workspace/install/rviz_marker_tools:/home/parallels/liam workspace/install/moveit_configs_utils:/home/parallels/liam workspace/install/srdfdom:/home/parallels/liam workspace/install/moveit_task_constructor_msgs:/home/parallels/liam workspace/install/moveit_common:/home/parallels/liam workspace/install/launch_param_builder:${AMENT_PREFIX_PATH} CMAKE_PREFIX_PATH=/home/parallels/liam workspace/install/moveit_planners:/home/parallels/liam workspace/install/pilz_industrial_motion_planner:/home/parallels/liam workspace/install/moveit_ros_planning_interface:/home/parallels/liam workspace/install/moveit_ros_move_group:/home/parallels/liam workspace/install/moveit_ros_warehouse:/home/parallels/liam workspace/install/moveit_planners_ompl:/home/parallels/liam workspace/install/moveit_kinematics:/home/parallels/liam workspace/install/moveit_ros_planning:/home/parallels/liam workspace/install/moveit_ros_occupancy_map_monitor:/home/parallels/liam workspace/install/moveit_core:/home/parallels/liam workspace/install/rviz_marker_tools:/home/parallels/liam workspace/install/srdfdom:/home/parallels/liam workspace/install/moveit_task_constructor_msgs:/home/parallels/liam workspace/install/moveit_common:/home/parallels/ws_moveit2/install/pilz_industrial_motion_planner_testutils:/home/parallels/ws_moveit2/install/moveit_runtime:/home/parallels/ws_moveit2/install/moveit2_tutorials:/home/parallels/ws_moveit2/install/moveit:/home/parallels/ws_moveit2/install/moveit_planners:/home/parallels/ws_moveit2/install/pilz_industrial_motion_planner:/home/parallels/ws_moveit2/install/moveit_visual_tools:/home/parallels/ws_moveit2/install/moveit_task_constructor_visualization:/home/parallels/ws_moveit2/install/moveit_task_constructor_demo:/home/parallels/ws_moveit2/install/moveit_task_constructor_capabilities:/home/parallels/ws_moveit2/install/moveit_task_constructor_core:/home/parallels/ws_moveit2/install/moveit_ros_control_interface:/home/parallels/ws_moveit2/install/moveit_plugins:/home/parallels/ws_moveit2/install/moveit_simple_controller_manager:/home/parallels/ws_moveit2/install/moveit_setup_assistant:/home/parallels/ws_moveit2/install/moveit_setup_srdf_plugins:/home/parallels/ws_moveit2/install/moveit_setup_core_plugins:/home/parallels/ws_moveit2/install/moveit_setup_controllers:/home/parallels/ws_moveit2/install/moveit_setup_app_plugins:/home/parallels/ws_moveit2/install/moveit_setup_framework:/home/parallels/ws_moveit2/install/moveit_servo:/home/parallels/ws_moveit2/install/moveit_ros:/home/parallels/ws_moveit2/install/moveit_ros_visualization:/home/parallels/ws_moveit2/install/moveit_hybrid_planning:/home/parallels/ws_moveit2/install/moveit_ros_planning_interface:/home/parallels/ws_moveit2/install/moveit_ros_benchmarks:/home/parallels/ws_moveit2/install/moveit_ros_warehouse:/home/parallels/ws_moveit2/install/moveit_ros_robot_interaction:/home/parallels/ws_moveit2/install/moveit_ros_perception:/home/parallels/ws_moveit2/install/moveit_resources_prbt_pg70_support:/home/parallels/ws_moveit2/install/moveit_resources_prbt_moveit_config:/home/parallels/ws_moveit2/install/moveit_ros_move_group:/home/parallels/ws_moveit2/install/moveit_planners_ompl:/home/parallels/ws_moveit2/install/moveit_ros_planning:/home/parallels/ws_moveit2/install/moveit_ros_occupancy_map_monitor:/home/parallels/ws_moveit2/install/moveit_resources_prbt_ikfast_manipulator_plugin:/home/parallels/ws_moveit2/install/moveit_planners_chomp:/home/parallels/ws_moveit2/install/moveit_kinematics:/home/parallels/ws_moveit2/install/moveit_chomp_optimizer_adapter:/home/parallels/ws_moveit2/install/chomp_motion_planner:/home/parallels/ws_moveit2/install/moveit_core:/home/parallels/ws_moveit2/install/srdfdom:/home/parallels/ws_moveit2/install/rviz_marker_tools:/home/parallels/ws_moveit2/install/rosparam_shortcuts:/home/parallels/ws_moveit2/install/pantilt_bot_description:/home/parallels/ws_moveit2/install/open_manipulator_x_description:/home/parallels/ws_moveit2/install/moveit_task_constructor_msgs:/home/parallels/ws_moveit2/install/moveit_resources_prbt_support:/home/parallels/ws_moveit2/install/moveit_resources:/home/parallels/ws_moveit2/install/moveit_resources_pr2_description:/home/parallels/ws_moveit2/install/moveit_resources_panda_moveit_config:/home/parallels/ws_moveit2/install/moveit_resources_panda_description:/home/parallels/ws_moveit2/install/moveit_resources_fanuc_moveit_config:/home/parallels/ws_moveit2/install/moveit_resources_fanuc_description:/home/parallels/ws_moveit2/install/moveit_common:/home/parallels/ws_moveit2/install/dynamixel_workbench:/home/parallels/ws_moveit2/install/dynamixel_hardware:/home/parallels/ws_moveit2/install/dynamixel_workbench_toolbox:/home/parallels/ws_moveit2/install/dynamixel_workbench_msgs:/home/parallels/ws_moveit2/install/moveit_configs_utils:/home/parallels/ws_moveit2/install/launch_param_builder:/opt/ros/humble LD_LIBRARY_PATH=/home/parallels/liam workspace/install/pilz_industrial_motion_planner/lib:/home/parallels/liam workspace/install/moveit_ros_planning_interface/lib:/home/parallels/liam workspace/install/moveit_ros_move_group/lib:/home/parallels/liam workspace/install/moveit_ros_warehouse/lib:/home/parallels/liam workspace/install/moveit_planners_ompl/lib:/home/parallels/liam workspace/install/moveit_kinematics/lib:/home/parallels/liam workspace/install/moveit_ros_planning/lib:/home/parallels/liam workspace/install/moveit_ros_occupancy_map_monitor/lib:/home/parallels/liam workspace/install/moveit_core/lib:/home/parallels/liam workspace/install/rviz_marker_tools/lib:/home/parallels/liam workspace/install/srdfdom/lib:/home/parallels/liam workspace/install/moveit_task_constructor_msgs/lib:${LD_LIBRARY_PATH} PATH=/home/parallels/liam workspace/install/moveit_core/bin:${PATH} PYTHONPATH=/home/parallels/liam workspace/install/moveit_configs_utils/lib/python3.10/site-packages:/home/parallels/liam workspace/install/srdfdom/local/lib/python3.10/dist-packages:/home/parallels/liam workspace/install/moveit_task_constructor_msgs/local/lib/python3.10/dist-packages:/home/parallels/liam workspace/install/launch_param_builder/lib/python3.10/site-packages:${PYTHONPATH} /usr/bin/cmake --build /home/parallels/liam workspace/build/moveit_task_constructor_core -- -j8 -l8
[4.176s] [  1%] [32mBuilding CXX object gtest/CMakeFiles/gtest_main.dir/src/gtest_main.cc.o[0m
[4.176s] [  3%] [32mBuilding CXX object src/CMakeFiles/moveit_task_constructor_core.dir/cost_terms.cpp.o[0m
[4.176s] [  3%] [32mBuilding CXX object src/CMakeFiles/moveit_task_constructor_core.dir/container.cpp.o[0m
[4.639s] [  5%] [32m[1mLinking CXX static library libgtest_main.a[0m
[4.667s] [  5%] Built target gtest_main
[4.685s] [  6%] [32mBuilding CXX object gtest/CMakeFiles/gtest.dir/src/gtest-all.cc.o[0m
[5.676s] [  7%] [32mBuilding CXX object src/CMakeFiles/moveit_task_constructor_core.dir/merge.cpp.o[0m
[6.686s] [  8%] [32mBuilding CXX object src/CMakeFiles/moveit_task_constructor_core.dir/marker_tools.cpp.o[0m
[7.725s] [ 10%] [32mBuilding CXX object src/CMakeFiles/moveit_task_constructor_core.dir/introspection.cpp.o[0m
[9.673s] [ 11%] [32m[1mLinking CXX static library libgtest.a[0m
[9.830s] [ 11%] Built target gtest
[14.353s] [ 12%] [32mBuilding CXX object src/CMakeFiles/moveit_task_constructor_core.dir/utils.cpp.o[0m
[14.353s] [ 13%] [32mBuilding CXX object src/CMakeFiles/moveit_task_constructor_core.dir/task.cpp.o[0m
[15.363s] [ 15%] [32mBuilding CXX object src/CMakeFiles/moveit_task_constructor_core.dir/storage.cpp.o[0m
[16.376s] [ 16%] [32mBuilding CXX object src/CMakeFiles/moveit_task_constructor_core.dir/stage.cpp.o[0m
[16.831s] [ 17%] [32mBuilding CXX object src/CMakeFiles/moveit_task_constructor_core.dir/properties.cpp.o[0m
[16.831s] [ 18%] [32mBuilding CXX object src/CMakeFiles/moveit_task_constructor_core.dir/solvers/planner_interface.cpp.o[0m
[18.567s] [ 20%] [32mBuilding CXX object src/CMakeFiles/moveit_task_constructor_core.dir/solvers/cartesian_path.cpp.o[0m
[19.177s] [ 21%] [32mBuilding CXX object src/CMakeFiles/moveit_task_constructor_core.dir/solvers/joint_interpolation.cpp.o[0m
[21.071s] [ 22%] [32mBuilding CXX object src/CMakeFiles/moveit_task_constructor_core.dir/solvers/pipeline_planner.cpp.o[0m
[21.341s] [ 24%] [32mBuilding CXX object src/CMakeFiles/moveit_task_constructor_core.dir/solvers/multi_planner.cpp.o[0m
[30.554s] [ 25%] [32m[1mLinking CXX shared library libmoveit_task_constructor_core.so[0m
[30.796s] [ 25%] Built target moveit_task_constructor_core
[30.815s] [ 26%] [32mBuilding CXX object gmock/CMakeFiles/gmock.dir/opt/ros/humble/src/gtest_vendor/src/gtest-all.cc.o[0m
[30.815s] [ 27%] [32mBuilding CXX object gmock/CMakeFiles/gmock_main.dir/src/gmock_main.cc.o[0m
[30.815s] [ 29%] [32mBuilding CXX object gmock/CMakeFiles/gmock.dir/src/gmock-all.cc.o[0m
[30.824s] [ 30%] [32mBuilding CXX object src/stages/CMakeFiles/moveit_task_constructor_core_stages.dir/modify_planning_scene.cpp.o[0m
[30.825s] [ 31%] [32mBuilding CXX object src/stages/CMakeFiles/moveit_task_constructor_core_stages.dir/fix_collision_objects.cpp.o[0m
[30.829s] [ 32%] [32mBuilding CXX object src/stages/CMakeFiles/moveit_task_constructor_core_stages.dir/current_state.cpp.o[0m
[31.565s] [ 34%] [32m[1mLinking CXX static library libgmock_main.a[0m
[31.648s] [ 34%] Built target gmock_main
[31.669s] [ 35%] [32mBuilding CXX object test/CMakeFiles/gtest_utils.dir/gtest_value_printers.cpp.o[0m
[32.683s] [ 36%] [32mBuilding CXX object src/stages/CMakeFiles/moveit_task_constructor_core_stages.dir/fixed_cartesian_poses.cpp.o[0m
[32.694s] [ 37%] [32mBuilding CXX object src/stages/CMakeFiles/moveit_task_constructor_core_stages.dir/fixed_state.cpp.o[0m
[33.509s] [ 39%] [32mBuilding CXX object test/CMakeFiles/gtest_utils.dir/models.cpp.o[0m
[35.047s] [ 40%] [32mBuilding CXX object test/CMakeFiles/gtest_utils.dir/stage_mockups.cpp.o[0m
[37.107s] [ 41%] [32mBuilding CXX object src/stages/CMakeFiles/moveit_task_constructor_core_stages.dir/generate_pose.cpp.o[0m
[39.120s] [ 43%] [32m[1mLinking CXX static library libgmock.a[0m
[39.182s] [ 43%] Built target gmock
[42.279s] [ 44%] [32m[1mLinking CXX shared library libgtest_utils.so[0m
[42.428s] [ 44%] Built target gtest_utils
[43.288s] [ 45%] [32mBuilding CXX object src/stages/CMakeFiles/moveit_task_constructor_core_stages.dir/connect.cpp.o[0m
[45.298s] [ 46%] [32mBuilding CXX object src/stages/CMakeFiles/moveit_task_constructor_core_stages.dir/move_to.cpp.o[0m
[47.309s] [ 48%] [32mBuilding CXX object src/stages/CMakeFiles/moveit_task_constructor_core_stages.dir/predicate_filter.cpp.o[0m
[51.422s] [ 49%] [32mBuilding CXX object src/stages/CMakeFiles/moveit_task_constructor_core_stages.dir/simple_grasp.cpp.o[0m
[56.521s] [ 50%] [32mBuilding CXX object src/stages/CMakeFiles/moveit_task_constructor_core_stages.dir/pick.cpp.o[0m
[56.523s] [ 51%] [32mBuilding CXX object src/stages/CMakeFiles/moveit_task_constructor_core_stages.dir/move_relative.cpp.o[0m
[56.523s] [ 53%] [32mBuilding CXX object src/stages/CMakeFiles/moveit_task_constructor_core_stages.dir/passthrough.cpp.o[0m
[62.682s] [ 54%] [32mBuilding CXX object src/stages/CMakeFiles/moveit_task_constructor_core_stages.dir/compute_ik.cpp.o[0m
[62.687s] [ 55%] [32mBuilding CXX object src/stages/CMakeFiles/moveit_task_constructor_core_stages.dir/generate_place_pose.cpp.o[0m
[62.991s] [ 56%] [32mBuilding CXX object src/stages/CMakeFiles/moveit_task_constructor_core_stages.dir/generate_grasp_pose.cpp.o[0m
[63.016s] [ 58%] [32mBuilding CXX object src/stages/CMakeFiles/moveit_task_constructor_core_stages.dir/generate_random_pose.cpp.o[0m
[69.407s] [ 59%] [32m[1mLinking CXX shared library libmoveit_task_constructor_core_stages.so[0m
[69.606s] [ 59%] Built target moveit_task_constructor_core_stages
[69.623s] [ 60%] [32mBuilding CXX object src/stages/CMakeFiles/moveit_task_constructor_core_stage_plugins.dir/plugins.cpp.o[0m
[69.625s] [ 62%] [32mBuilding CXX object test/CMakeFiles/moveit_task_constructor_core-test-mockups.dir/test_mockups.cpp.o[0m
[70.635s] [ 63%] [32mBuilding CXX object test/CMakeFiles/moveit_task_constructor_core-test-cost-terms.dir/test_cost_terms.cpp.o[0m
[70.924s] [ 64%] [32m[1mLinking CXX shared library libmoveit_task_constructor_core_stage_plugins.so[0m
[71.042s] [ 64%] Built target moveit_task_constructor_core_stage_plugins
[71.052s] [ 65%] [32mBuilding CXX object test/CMakeFiles/moveit_task_constructor_core-test-properties.dir/test_properties.cpp.o[0m
[71.065s] [ 67%] [32mBuilding CXX object test/CMakeFiles/moveit_task_constructor_core-test-pruning.dir/test_pruning.cpp.o[0m
[72.086s] [ 68%] [32mBuilding CXX object test/CMakeFiles/moveit_task_constructor_core-test-fallback.dir/test_fallback.cpp.o[0m
[72.736s] [ 69%] [32m[1mLinking CXX executable moveit_task_constructor_core-test-properties[0m
[73.166s] [ 69%] Built target moveit_task_constructor_core-test-properties
[73.182s] [ 70%] [32mBuilding CXX object test/CMakeFiles/moveit_task_constructor_core-test-serial.dir/test_serial.cpp.o[0m
[73.276s] [ 72%] [32mBuilding CXX object test/CMakeFiles/moveit_task_constructor_core-test-container.dir/test_container.cpp.o[0m
[78.452s] [ 73%] [32m[1mLinking CXX executable moveit_task_constructor_core-test-mockups[0m
[79.093s] [ 73%] Built target moveit_task_constructor_core-test-mockups
[79.976s] [ 74%] [32m[1mLinking CXX executable moveit_task_constructor_core-test-cost-terms[0m
[80.633s] [ 74%] Built target moveit_task_constructor_core-test-cost-terms
[81.715s] [ 75%] [32m[1mLinking CXX executable moveit_task_constructor_core-test-pruning[0m
[82.109s] [ 75%] Built target moveit_task_constructor_core-test-pruning
[82.983s] [ 77%] [32m[1mLinking CXX executable moveit_task_constructor_core-test-serial[0m
[83.228s] [ 77%] Built target moveit_task_constructor_core-test-serial
[83.730s] [ 78%] [32m[1mLinking CXX executable moveit_task_constructor_core-test-fallback[0m
[83.980s] [ 78%] Built target moveit_task_constructor_core-test-fallback
[85.196s] [ 79%] [32m[1mLinking CXX executable moveit_task_constructor_core-test-container[0m
[85.454s] [ 79%] Built target moveit_task_constructor_core-test-container
[85.472s] [ 81%] [32mBuilding CXX object test/CMakeFiles/pick_pr2.dir/pick_pr2.cpp.o[0m
[90.518s] [ 82%] [32m[1mLinking CXX executable pick_pr2[0m
[90.746s] [ 82%] Built target pick_pr2
[90.764s] [ 83%] [32mBuilding CXX object test/CMakeFiles/pick_pa10.dir/pick_pa10.cpp.o[0m
[96.528s] [ 84%] [32m[1mLinking CXX executable pick_pa10[0m
[96.791s] [ 84%] Built target pick_pa10
[96.809s] [ 86%] [32mBuilding CXX object test/CMakeFiles/pick_ur5.dir/pick_ur5.cpp.o[0m
[102.011s] [ 87%] [32m[1mLinking CXX executable pick_ur5[0m
[102.240s] [ 87%] Built target pick_ur5
[102.260s] [ 88%] [32mBuilding CXX object test/CMakeFiles/moveit_task_constructor_core-test-move-relative.dir/test_move_relative.cpp.o[0m
[107.576s] [ 89%] [32m[1mLinking CXX executable moveit_task_constructor_core-test-move-relative[0m
[107.863s] [ 89%] Built target moveit_task_constructor_core-test-move-relative
[107.885s] [ 91%] [32mBuilding CXX object test/CMakeFiles/moveit_task_constructor_core-test-move-to.dir/test_move_to.cpp.o[0m
[107.888s] [ 92%] [32mBuilding CXX object test/CMakeFiles/moveit_task_constructor_core-test-interface-state.dir/test_interface_state.cpp.o[0m
[114.187s] [ 93%] [32m[1mLinking CXX executable moveit_task_constructor_core-test-interface-state[0m
[114.479s] [ 93%] Built target moveit_task_constructor_core-test-interface-state
[114.506s] [ 94%] [32mBuilding CXX object test/CMakeFiles/moveit_task_constructor_core-test-cost-queue.dir/test_cost_queue.cpp.o[0m
[115.265s] [ 96%] [32m[1mLinking CXX executable moveit_task_constructor_core-test-move-to[0m
[115.557s] [ 96%] Built target moveit_task_constructor_core-test-move-to
[115.583s] [ 97%] [32mBuilding CXX object test/CMakeFiles/moveit_task_constructor_core-test-stage.dir/test_stage.cpp.o[0m
[117.350s] [ 98%] [32m[1mLinking CXX executable moveit_task_constructor_core-test-cost-queue[0m
[117.605s] [ 98%] Built target moveit_task_constructor_core-test-cost-queue
[121.225s] [100%] [32m[1mLinking CXX executable moveit_task_constructor_core-test-stage[0m
[121.465s] [100%] Built target moveit_task_constructor_core-test-stage
[121.475s] Invoked command in '/home/parallels/liam workspace/build/moveit_task_constructor_core' returned '0': AMENT_PREFIX_PATH=/home/parallels/liam workspace/install/moveit_planners:/home/parallels/liam workspace/install/pilz_industrial_motion_planner:/home/parallels/liam workspace/install/moveit_ros_planning_interface:/home/parallels/liam workspace/install/moveit_ros_move_group:/home/parallels/liam workspace/install/moveit_ros_warehouse:/home/parallels/liam workspace/install/moveit_planners_ompl:/home/parallels/liam workspace/install/moveit_kinematics:/home/parallels/liam workspace/install/moveit_ros_planning:/home/parallels/liam workspace/install/moveit_ros_occupancy_map_monitor:/home/parallels/liam workspace/install/moveit_core:/home/parallels/liam workspace/install/rviz_marker_tools:/home/parallels/liam workspace/install/moveit_configs_utils:/home/parallels/liam workspace/install/srdfdom:/home/parallels/liam workspace/install/moveit_task_constructor_msgs:/home/parallels/liam workspace/install/moveit_common:/home/parallels/liam workspace/install/launch_param_builder:${AMENT_PREFIX_PATH} CMAKE_PREFIX_PATH=/home/parallels/liam workspace/install/moveit_planners:/home/parallels/liam workspace/install/pilz_industrial_motion_planner:/home/parallels/liam workspace/install/moveit_ros_planning_interface:/home/parallels/liam workspace/install/moveit_ros_move_group:/home/parallels/liam workspace/install/moveit_ros_warehouse:/home/parallels/liam workspace/install/moveit_planners_ompl:/home/parallels/liam workspace/install/moveit_kinematics:/home/parallels/liam workspace/install/moveit_ros_planning:/home/parallels/liam workspace/install/moveit_ros_occupancy_map_monitor:/home/parallels/liam workspace/install/moveit_core:/home/parallels/liam workspace/install/rviz_marker_tools:/home/parallels/liam workspace/install/srdfdom:/home/parallels/liam workspace/install/moveit_task_constructor_msgs:/home/parallels/liam workspace/install/moveit_common:/home/parallels/ws_moveit2/install/pilz_industrial_motion_planner_testutils:/home/parallels/ws_moveit2/install/moveit_runtime:/home/parallels/ws_moveit2/install/moveit2_tutorials:/home/parallels/ws_moveit2/install/moveit:/home/parallels/ws_moveit2/install/moveit_planners:/home/parallels/ws_moveit2/install/pilz_industrial_motion_planner:/home/parallels/ws_moveit2/install/moveit_visual_tools:/home/parallels/ws_moveit2/install/moveit_task_constructor_visualization:/home/parallels/ws_moveit2/install/moveit_task_constructor_demo:/home/parallels/ws_moveit2/install/moveit_task_constructor_capabilities:/home/parallels/ws_moveit2/install/moveit_task_constructor_core:/home/parallels/ws_moveit2/install/moveit_ros_control_interface:/home/parallels/ws_moveit2/install/moveit_plugins:/home/parallels/ws_moveit2/install/moveit_simple_controller_manager:/home/parallels/ws_moveit2/install/moveit_setup_assistant:/home/parallels/ws_moveit2/install/moveit_setup_srdf_plugins:/home/parallels/ws_moveit2/install/moveit_setup_core_plugins:/home/parallels/ws_moveit2/install/moveit_setup_controllers:/home/parallels/ws_moveit2/install/moveit_setup_app_plugins:/home/parallels/ws_moveit2/install/moveit_setup_framework:/home/parallels/ws_moveit2/install/moveit_servo:/home/parallels/ws_moveit2/install/moveit_ros:/home/parallels/ws_moveit2/install/moveit_ros_visualization:/home/parallels/ws_moveit2/install/moveit_hybrid_planning:/home/parallels/ws_moveit2/install/moveit_ros_planning_interface:/home/parallels/ws_moveit2/install/moveit_ros_benchmarks:/home/parallels/ws_moveit2/install/moveit_ros_warehouse:/home/parallels/ws_moveit2/install/moveit_ros_robot_interaction:/home/parallels/ws_moveit2/install/moveit_ros_perception:/home/parallels/ws_moveit2/install/moveit_resources_prbt_pg70_support:/home/parallels/ws_moveit2/install/moveit_resources_prbt_moveit_config:/home/parallels/ws_moveit2/install/moveit_ros_move_group:/home/parallels/ws_moveit2/install/moveit_planners_ompl:/home/parallels/ws_moveit2/install/moveit_ros_planning:/home/parallels/ws_moveit2/install/moveit_ros_occupancy_map_monitor:/home/parallels/ws_moveit2/install/moveit_resources_prbt_ikfast_manipulator_plugin:/home/parallels/ws_moveit2/install/moveit_planners_chomp:/home/parallels/ws_moveit2/install/moveit_kinematics:/home/parallels/ws_moveit2/install/moveit_chomp_optimizer_adapter:/home/parallels/ws_moveit2/install/chomp_motion_planner:/home/parallels/ws_moveit2/install/moveit_core:/home/parallels/ws_moveit2/install/srdfdom:/home/parallels/ws_moveit2/install/rviz_marker_tools:/home/parallels/ws_moveit2/install/rosparam_shortcuts:/home/parallels/ws_moveit2/install/pantilt_bot_description:/home/parallels/ws_moveit2/install/open_manipulator_x_description:/home/parallels/ws_moveit2/install/moveit_task_constructor_msgs:/home/parallels/ws_moveit2/install/moveit_resources_prbt_support:/home/parallels/ws_moveit2/install/moveit_resources:/home/parallels/ws_moveit2/install/moveit_resources_pr2_description:/home/parallels/ws_moveit2/install/moveit_resources_panda_moveit_config:/home/parallels/ws_moveit2/install/moveit_resources_panda_description:/home/parallels/ws_moveit2/install/moveit_resources_fanuc_moveit_config:/home/parallels/ws_moveit2/install/moveit_resources_fanuc_description:/home/parallels/ws_moveit2/install/moveit_common:/home/parallels/ws_moveit2/install/dynamixel_workbench:/home/parallels/ws_moveit2/install/dynamixel_hardware:/home/parallels/ws_moveit2/install/dynamixel_workbench_toolbox:/home/parallels/ws_moveit2/install/dynamixel_workbench_msgs:/home/parallels/ws_moveit2/install/moveit_configs_utils:/home/parallels/ws_moveit2/install/launch_param_builder:/opt/ros/humble LD_LIBRARY_PATH=/home/parallels/liam workspace/install/pilz_industrial_motion_planner/lib:/home/parallels/liam workspace/install/moveit_ros_planning_interface/lib:/home/parallels/liam workspace/install/moveit_ros_move_group/lib:/home/parallels/liam workspace/install/moveit_ros_warehouse/lib:/home/parallels/liam workspace/install/moveit_planners_ompl/lib:/home/parallels/liam workspace/install/moveit_kinematics/lib:/home/parallels/liam workspace/install/moveit_ros_planning/lib:/home/parallels/liam workspace/install/moveit_ros_occupancy_map_monitor/lib:/home/parallels/liam workspace/install/moveit_core/lib:/home/parallels/liam workspace/install/rviz_marker_tools/lib:/home/parallels/liam workspace/install/srdfdom/lib:/home/parallels/liam workspace/install/moveit_task_constructor_msgs/lib:${LD_LIBRARY_PATH} PATH=/home/parallels/liam workspace/install/moveit_core/bin:${PATH} PYTHONPATH=/home/parallels/liam workspace/install/moveit_configs_utils/lib/python3.10/site-packages:/home/parallels/liam workspace/install/srdfdom/local/lib/python3.10/dist-packages:/home/parallels/liam workspace/install/moveit_task_constructor_msgs/local/lib/python3.10/dist-packages:/home/parallels/liam workspace/install/launch_param_builder/lib/python3.10/site-packages:${PYTHONPATH} /usr/bin/cmake --build /home/parallels/liam workspace/build/moveit_task_constructor_core -- -j8 -l8
[121.512s] Invoking command in '/home/parallels/liam workspace/build/moveit_task_constructor_core': AMENT_PREFIX_PATH=/home/parallels/liam workspace/install/moveit_planners:/home/parallels/liam workspace/install/pilz_industrial_motion_planner:/home/parallels/liam workspace/install/moveit_ros_planning_interface:/home/parallels/liam workspace/install/moveit_ros_move_group:/home/parallels/liam workspace/install/moveit_ros_warehouse:/home/parallels/liam workspace/install/moveit_planners_ompl:/home/parallels/liam workspace/install/moveit_kinematics:/home/parallels/liam workspace/install/moveit_ros_planning:/home/parallels/liam workspace/install/moveit_ros_occupancy_map_monitor:/home/parallels/liam workspace/install/moveit_core:/home/parallels/liam workspace/install/rviz_marker_tools:/home/parallels/liam workspace/install/moveit_configs_utils:/home/parallels/liam workspace/install/srdfdom:/home/parallels/liam workspace/install/moveit_task_constructor_msgs:/home/parallels/liam workspace/install/moveit_common:/home/parallels/liam workspace/install/launch_param_builder:${AMENT_PREFIX_PATH} CMAKE_PREFIX_PATH=/home/parallels/liam workspace/install/moveit_planners:/home/parallels/liam workspace/install/pilz_industrial_motion_planner:/home/parallels/liam workspace/install/moveit_ros_planning_interface:/home/parallels/liam workspace/install/moveit_ros_move_group:/home/parallels/liam workspace/install/moveit_ros_warehouse:/home/parallels/liam workspace/install/moveit_planners_ompl:/home/parallels/liam workspace/install/moveit_kinematics:/home/parallels/liam workspace/install/moveit_ros_planning:/home/parallels/liam workspace/install/moveit_ros_occupancy_map_monitor:/home/parallels/liam workspace/install/moveit_core:/home/parallels/liam workspace/install/rviz_marker_tools:/home/parallels/liam workspace/install/srdfdom:/home/parallels/liam workspace/install/moveit_task_constructor_msgs:/home/parallels/liam workspace/install/moveit_common:/home/parallels/ws_moveit2/install/pilz_industrial_motion_planner_testutils:/home/parallels/ws_moveit2/install/moveit_runtime:/home/parallels/ws_moveit2/install/moveit2_tutorials:/home/parallels/ws_moveit2/install/moveit:/home/parallels/ws_moveit2/install/moveit_planners:/home/parallels/ws_moveit2/install/pilz_industrial_motion_planner:/home/parallels/ws_moveit2/install/moveit_visual_tools:/home/parallels/ws_moveit2/install/moveit_task_constructor_visualization:/home/parallels/ws_moveit2/install/moveit_task_constructor_demo:/home/parallels/ws_moveit2/install/moveit_task_constructor_capabilities:/home/parallels/ws_moveit2/install/moveit_task_constructor_core:/home/parallels/ws_moveit2/install/moveit_ros_control_interface:/home/parallels/ws_moveit2/install/moveit_plugins:/home/parallels/ws_moveit2/install/moveit_simple_controller_manager:/home/parallels/ws_moveit2/install/moveit_setup_assistant:/home/parallels/ws_moveit2/install/moveit_setup_srdf_plugins:/home/parallels/ws_moveit2/install/moveit_setup_core_plugins:/home/parallels/ws_moveit2/install/moveit_setup_controllers:/home/parallels/ws_moveit2/install/moveit_setup_app_plugins:/home/parallels/ws_moveit2/install/moveit_setup_framework:/home/parallels/ws_moveit2/install/moveit_servo:/home/parallels/ws_moveit2/install/moveit_ros:/home/parallels/ws_moveit2/install/moveit_ros_visualization:/home/parallels/ws_moveit2/install/moveit_hybrid_planning:/home/parallels/ws_moveit2/install/moveit_ros_planning_interface:/home/parallels/ws_moveit2/install/moveit_ros_benchmarks:/home/parallels/ws_moveit2/install/moveit_ros_warehouse:/home/parallels/ws_moveit2/install/moveit_ros_robot_interaction:/home/parallels/ws_moveit2/install/moveit_ros_perception:/home/parallels/ws_moveit2/install/moveit_resources_prbt_pg70_support:/home/parallels/ws_moveit2/install/moveit_resources_prbt_moveit_config:/home/parallels/ws_moveit2/install/moveit_ros_move_group:/home/parallels/ws_moveit2/install/moveit_planners_ompl:/home/parallels/ws_moveit2/install/moveit_ros_planning:/home/parallels/ws_moveit2/install/moveit_ros_occupancy_map_monitor:/home/parallels/ws_moveit2/install/moveit_resources_prbt_ikfast_manipulator_plugin:/home/parallels/ws_moveit2/install/moveit_planners_chomp:/home/parallels/ws_moveit2/install/moveit_kinematics:/home/parallels/ws_moveit2/install/moveit_chomp_optimizer_adapter:/home/parallels/ws_moveit2/install/chomp_motion_planner:/home/parallels/ws_moveit2/install/moveit_core:/home/parallels/ws_moveit2/install/srdfdom:/home/parallels/ws_moveit2/install/rviz_marker_tools:/home/parallels/ws_moveit2/install/rosparam_shortcuts:/home/parallels/ws_moveit2/install/pantilt_bot_description:/home/parallels/ws_moveit2/install/open_manipulator_x_description:/home/parallels/ws_moveit2/install/moveit_task_constructor_msgs:/home/parallels/ws_moveit2/install/moveit_resources_prbt_support:/home/parallels/ws_moveit2/install/moveit_resources:/home/parallels/ws_moveit2/install/moveit_resources_pr2_description:/home/parallels/ws_moveit2/install/moveit_resources_panda_moveit_config:/home/parallels/ws_moveit2/install/moveit_resources_panda_description:/home/parallels/ws_moveit2/install/moveit_resources_fanuc_moveit_config:/home/parallels/ws_moveit2/install/moveit_resources_fanuc_description:/home/parallels/ws_moveit2/install/moveit_common:/home/parallels/ws_moveit2/install/dynamixel_workbench:/home/parallels/ws_moveit2/install/dynamixel_hardware:/home/parallels/ws_moveit2/install/dynamixel_workbench_toolbox:/home/parallels/ws_moveit2/install/dynamixel_workbench_msgs:/home/parallels/ws_moveit2/install/moveit_configs_utils:/home/parallels/ws_moveit2/install/launch_param_builder:/opt/ros/humble LD_LIBRARY_PATH=/home/parallels/liam workspace/install/pilz_industrial_motion_planner/lib:/home/parallels/liam workspace/install/moveit_ros_planning_interface/lib:/home/parallels/liam workspace/install/moveit_ros_move_group/lib:/home/parallels/liam workspace/install/moveit_ros_warehouse/lib:/home/parallels/liam workspace/install/moveit_planners_ompl/lib:/home/parallels/liam workspace/install/moveit_kinematics/lib:/home/parallels/liam workspace/install/moveit_ros_planning/lib:/home/parallels/liam workspace/install/moveit_ros_occupancy_map_monitor/lib:/home/parallels/liam workspace/install/moveit_core/lib:/home/parallels/liam workspace/install/rviz_marker_tools/lib:/home/parallels/liam workspace/install/srdfdom/lib:/home/parallels/liam workspace/install/moveit_task_constructor_msgs/lib:${LD_LIBRARY_PATH} PATH=/home/parallels/liam workspace/install/moveit_core/bin:${PATH} PYTHONPATH=/home/parallels/liam workspace/install/moveit_configs_utils/lib/python3.10/site-packages:/home/parallels/liam workspace/install/srdfdom/local/lib/python3.10/dist-packages:/home/parallels/liam workspace/install/moveit_task_constructor_msgs/local/lib/python3.10/dist-packages:/home/parallels/liam workspace/install/launch_param_builder/lib/python3.10/site-packages:${PYTHONPATH} /usr/bin/cmake --install /home/parallels/liam workspace/build/moveit_task_constructor_core
[121.518s] -- Install configuration: "Release"
[121.518s] -- Installing: /home/parallels/liam workspace/install/moveit_task_constructor_core/include
[121.518s] -- Installing: /home/parallels/liam workspace/install/moveit_task_constructor_core/include/moveit
[121.518s] -- Installing: /home/parallels/liam workspace/install/moveit_task_constructor_core/include/moveit/python
[121.518s] -- Installing: /home/parallels/liam workspace/install/moveit_task_constructor_core/include/moveit/python/task_constructor
[121.518s] -- Installing: /home/parallels/liam workspace/install/moveit_task_constructor_core/include/moveit/python/task_constructor/properties.h
[121.518s] -- Installing: /home/parallels/liam workspace/install/moveit_task_constructor_core/include/moveit/python/python_tools
[121.518s] -- Installing: /home/parallels/liam workspace/install/moveit_task_constructor_core/include/moveit/python/python_tools/ros_types.h
[121.518s] -- Installing: /home/parallels/liam workspace/install/moveit_task_constructor_core/include/moveit/task_constructor
[121.518s] -- Installing: /home/parallels/liam workspace/install/moveit_task_constructor_core/include/moveit/task_constructor/stage.h
[121.518s] -- Installing: /home/parallels/liam workspace/install/moveit_task_constructor_core/include/moveit/task_constructor/stages.h
[121.518s] -- Installing: /home/parallels/liam workspace/install/moveit_task_constructor_core/include/moveit/task_constructor/stages
[121.518s] -- Installing: /home/parallels/liam workspace/install/moveit_task_constructor_core/include/moveit/task_constructor/stages/compute_ik.h
[121.519s] -- Installing: /home/parallels/liam workspace/install/moveit_task_constructor_core/include/moveit/task_constructor/stages/generate_pose.h
[121.519s] -- Installing: /home/parallels/liam workspace/install/moveit_task_constructor_core/include/moveit/task_constructor/stages/modify_planning_scene.h
[121.519s] -- Installing: /home/parallels/liam workspace/install/moveit_task_constructor_core/include/moveit/task_constructor/stages/generate_place_pose.h
[121.519s] -- Installing: /home/parallels/liam workspace/install/moveit_task_constructor_core/include/moveit/task_constructor/stages/move_to.h
[121.519s] -- Installing: /home/parallels/liam workspace/install/moveit_task_constructor_core/include/moveit/task_constructor/stages/fixed_state.h
[121.519s] -- Installing: /home/parallels/liam workspace/install/moveit_task_constructor_core/include/moveit/task_constructor/stages/fixed_cartesian_poses.h
[121.519s] -- Installing: /home/parallels/liam workspace/install/moveit_task_constructor_core/include/moveit/task_constructor/stages/move_relative.h
[121.519s] -- Installing: /home/parallels/liam workspace/install/moveit_task_constructor_core/include/moveit/task_constructor/stages/simple_grasp.h
[121.519s] -- Installing: /home/parallels/liam workspace/install/moveit_task_constructor_core/include/moveit/task_constructor/stages/passthrough.h
[121.519s] -- Installing: /home/parallels/liam workspace/install/moveit_task_constructor_core/include/moveit/task_constructor/stages/predicate_filter.h
[121.519s] -- Installing: /home/parallels/liam workspace/install/moveit_task_constructor_core/include/moveit/task_constructor/stages/connect.h
[121.519s] -- Installing: /home/parallels/liam workspace/install/moveit_task_constructor_core/include/moveit/task_constructor/stages/pick.h
[121.519s] -- Installing: /home/parallels/liam workspace/install/moveit_task_constructor_core/include/moveit/task_constructor/stages/fix_collision_objects.h
[121.519s] -- Installing: /home/parallels/liam workspace/install/moveit_task_constructor_core/include/moveit/task_constructor/stages/generate_random_pose.h
[121.519s] -- Installing: /home/parallels/liam workspace/install/moveit_task_constructor_core/include/moveit/task_constructor/stages/generate_grasp_pose.h
[121.519s] -- Installing: /home/parallels/liam workspace/install/moveit_task_constructor_core/include/moveit/task_constructor/stages/current_state.h
[121.520s] -- Installing: /home/parallels/liam workspace/install/moveit_task_constructor_core/include/moveit/task_constructor/marker_tools.h
[121.520s] -- Installing: /home/parallels/liam workspace/install/moveit_task_constructor_core/include/moveit/task_constructor/properties.h
[121.520s] -- Installing: /home/parallels/liam workspace/install/moveit_task_constructor_core/include/moveit/task_constructor/storage.h
[121.520s] -- Installing: /home/parallels/liam workspace/install/moveit_task_constructor_core/include/moveit/task_constructor/solvers
[121.520s] -- Installing: /home/parallels/liam workspace/install/moveit_task_constructor_core/include/moveit/task_constructor/solvers/joint_interpolation.h
[121.520s] -- Installing: /home/parallels/liam workspace/install/moveit_task_constructor_core/include/moveit/task_constructor/solvers/multi_planner.h
[121.520s] -- Installing: /home/parallels/liam workspace/install/moveit_task_constructor_core/include/moveit/task_constructor/solvers/pipeline_planner.h
[121.520s] -- Installing: /home/parallels/liam workspace/install/moveit_task_constructor_core/include/moveit/task_constructor/solvers/planner_interface.h
[121.520s] -- Installing: /home/parallels/liam workspace/install/moveit_task_constructor_core/include/moveit/task_constructor/solvers/cartesian_path.h
[121.520s] -- Installing: /home/parallels/liam workspace/install/moveit_task_constructor_core/include/moveit/task_constructor/type_traits.h
[121.520s] -- Installing: /home/parallels/liam workspace/install/moveit_task_constructor_core/include/moveit/task_constructor/merge.h
[121.520s] -- Installing: /home/parallels/liam workspace/install/moveit_task_constructor_core/include/moveit/task_constructor/container.h
[121.520s] -- Installing: /home/parallels/liam workspace/install/moveit_task_constructor_core/include/moveit/task_constructor/task.h
[121.520s] -- Installing: /home/parallels/liam workspace/install/moveit_task_constructor_core/include/moveit/task_constructor/utils.h
[121.520s] -- Installing: /home/parallels/liam workspace/install/moveit_task_constructor_core/include/moveit/task_constructor/moveit_compat.h
[121.520s] -- Installing: /home/parallels/liam workspace/install/moveit_task_constructor_core/include/moveit/task_constructor/trajectory_execution_info.h
[121.521s] -- Installing: /home/parallels/liam workspace/install/moveit_task_constructor_core/include/moveit/task_constructor/cost_terms.h
[121.521s] -- Installing: /home/parallels/liam workspace/install/moveit_task_constructor_core/include/moveit/task_constructor/introspection.h
[121.521s] -- Installing: /home/parallels/liam workspace/install/moveit_task_constructor_core/include/moveit/task_constructor/solvers.h
[121.521s] -- Installing: /home/parallels/liam workspace/install/moveit_task_constructor_core/include/moveit/task_constructor/cost_queue.h
[121.521s] -- Installing: /home/parallels/liam workspace/install/moveit_task_constructor_core/share/moveit_task_constructor_core/motion_planning_stages_plugin_description.xml
[121.521s] -- Installing: /home/parallels/liam workspace/install/moveit_task_constructor_core/share/moveit_task_constructor_core/environment/library_path.sh
[121.521s] -- Installing: /home/parallels/liam workspace/install/moveit_task_constructor_core/share/moveit_task_constructor_core/environment/library_path.dsv
[121.521s] -- Installing: /home/parallels/liam workspace/install/moveit_task_constructor_core/share/ament_index/resource_index/package_run_dependencies/moveit_task_constructor_core
[121.521s] -- Installing: /home/parallels/liam workspace/install/moveit_task_constructor_core/share/ament_index/resource_index/parent_prefix_path/moveit_task_constructor_core
[121.521s] -- Installing: /home/parallels/liam workspace/install/moveit_task_constructor_core/share/moveit_task_constructor_core/environment/ament_prefix_path.sh
[121.521s] -- Installing: /home/parallels/liam workspace/install/moveit_task_constructor_core/share/moveit_task_constructor_core/environment/ament_prefix_path.dsv
[121.521s] -- Installing: /home/parallels/liam workspace/install/moveit_task_constructor_core/share/moveit_task_constructor_core/environment/path.sh
[121.521s] -- Installing: /home/parallels/liam workspace/install/moveit_task_constructor_core/share/moveit_task_constructor_core/environment/path.dsv
[121.521s] -- Installing: /home/parallels/liam workspace/install/moveit_task_constructor_core/share/moveit_task_constructor_core/local_setup.bash
[121.521s] -- Installing: /home/parallels/liam workspace/install/moveit_task_constructor_core/share/moveit_task_constructor_core/local_setup.sh
[121.522s] -- Installing: /home/parallels/liam workspace/install/moveit_task_constructor_core/share/moveit_task_constructor_core/local_setup.zsh
[121.522s] -- Installing: /home/parallels/liam workspace/install/moveit_task_constructor_core/share/moveit_task_constructor_core/local_setup.dsv
[121.522s] -- Installing: /home/parallels/liam workspace/install/moveit_task_constructor_core/share/moveit_task_constructor_core/package.dsv
[121.522s] -- Installing: /home/parallels/liam workspace/install/moveit_task_constructor_core/share/ament_index/resource_index/packages/moveit_task_constructor_core
[121.522s] -- Installing: /home/parallels/liam workspace/install/moveit_task_constructor_core/share/ament_index/resource_index/moveit_task_constructor_core__pluginlib__plugin/moveit_task_constructor_core
[121.522s] -- Installing: /home/parallels/liam workspace/install/moveit_task_constructor_core/share/moveit_task_constructor_core/cmake/moveit_task_constructor_coreTargetsExport.cmake
[121.522s] -- Installing: /home/parallels/liam workspace/install/moveit_task_constructor_core/share/moveit_task_constructor_core/cmake/moveit_task_constructor_coreTargetsExport-release.cmake
[121.522s] -- Installing: /home/parallels/liam workspace/install/moveit_task_constructor_core/share/moveit_task_constructor_core/cmake/ament_cmake_export_targets-extras.cmake
[121.522s] -- Installing: /home/parallels/liam workspace/install/moveit_task_constructor_core/share/moveit_task_constructor_core/cmake/ament_cmake_export_dependencies-extras.cmake
[121.522s] -- Installing: /home/parallels/liam workspace/install/moveit_task_constructor_core/share/moveit_task_constructor_core/cmake/moveit_task_constructor_coreConfig.cmake
[121.522s] -- Installing: /home/parallels/liam workspace/install/moveit_task_constructor_core/share/moveit_task_constructor_core/cmake/moveit_task_constructor_coreConfig-version.cmake
[121.522s] -- Installing: /home/parallels/liam workspace/install/moveit_task_constructor_core/share/moveit_task_constructor_core/package.xml
[121.522s] -- Installing: /home/parallels/liam workspace/install/moveit_task_constructor_core/lib/libmoveit_task_constructor_core.so
[121.524s] -- Set runtime path of "/home/parallels/liam workspace/install/moveit_task_constructor_core/lib/libmoveit_task_constructor_core.so" to ""
[121.524s] -- Installing: /home/parallels/liam workspace/install/moveit_task_constructor_core/lib/libmoveit_task_constructor_core_stages.so
[121.525s] -- Set runtime path of "/home/parallels/liam workspace/install/moveit_task_constructor_core/lib/libmoveit_task_constructor_core_stages.so" to ""
[121.525s] -- Installing: /home/parallels/liam workspace/install/moveit_task_constructor_core/lib/libmoveit_task_constructor_core_stage_plugins.so
[121.525s] -- Set runtime path of "/home/parallels/liam workspace/install/moveit_task_constructor_core/lib/libmoveit_task_constructor_core_stage_plugins.so" to ""
[121.527s] Invoked command in '/home/parallels/liam workspace/build/moveit_task_constructor_core' returned '0': AMENT_PREFIX_PATH=/home/parallels/liam workspace/install/moveit_planners:/home/parallels/liam workspace/install/pilz_industrial_motion_planner:/home/parallels/liam workspace/install/moveit_ros_planning_interface:/home/parallels/liam workspace/install/moveit_ros_move_group:/home/parallels/liam workspace/install/moveit_ros_warehouse:/home/parallels/liam workspace/install/moveit_planners_ompl:/home/parallels/liam workspace/install/moveit_kinematics:/home/parallels/liam workspace/install/moveit_ros_planning:/home/parallels/liam workspace/install/moveit_ros_occupancy_map_monitor:/home/parallels/liam workspace/install/moveit_core:/home/parallels/liam workspace/install/rviz_marker_tools:/home/parallels/liam workspace/install/moveit_configs_utils:/home/parallels/liam workspace/install/srdfdom:/home/parallels/liam workspace/install/moveit_task_constructor_msgs:/home/parallels/liam workspace/install/moveit_common:/home/parallels/liam workspace/install/launch_param_builder:${AMENT_PREFIX_PATH} CMAKE_PREFIX_PATH=/home/parallels/liam workspace/install/moveit_planners:/home/parallels/liam workspace/install/pilz_industrial_motion_planner:/home/parallels/liam workspace/install/moveit_ros_planning_interface:/home/parallels/liam workspace/install/moveit_ros_move_group:/home/parallels/liam workspace/install/moveit_ros_warehouse:/home/parallels/liam workspace/install/moveit_planners_ompl:/home/parallels/liam workspace/install/moveit_kinematics:/home/parallels/liam workspace/install/moveit_ros_planning:/home/parallels/liam workspace/install/moveit_ros_occupancy_map_monitor:/home/parallels/liam workspace/install/moveit_core:/home/parallels/liam workspace/install/rviz_marker_tools:/home/parallels/liam workspace/install/srdfdom:/home/parallels/liam workspace/install/moveit_task_constructor_msgs:/home/parallels/liam workspace/install/moveit_common:/home/parallels/ws_moveit2/install/pilz_industrial_motion_planner_testutils:/home/parallels/ws_moveit2/install/moveit_runtime:/home/parallels/ws_moveit2/install/moveit2_tutorials:/home/parallels/ws_moveit2/install/moveit:/home/parallels/ws_moveit2/install/moveit_planners:/home/parallels/ws_moveit2/install/pilz_industrial_motion_planner:/home/parallels/ws_moveit2/install/moveit_visual_tools:/home/parallels/ws_moveit2/install/moveit_task_constructor_visualization:/home/parallels/ws_moveit2/install/moveit_task_constructor_demo:/home/parallels/ws_moveit2/install/moveit_task_constructor_capabilities:/home/parallels/ws_moveit2/install/moveit_task_constructor_core:/home/parallels/ws_moveit2/install/moveit_ros_control_interface:/home/parallels/ws_moveit2/install/moveit_plugins:/home/parallels/ws_moveit2/install/moveit_simple_controller_manager:/home/parallels/ws_moveit2/install/moveit_setup_assistant:/home/parallels/ws_moveit2/install/moveit_setup_srdf_plugins:/home/parallels/ws_moveit2/install/moveit_setup_core_plugins:/home/parallels/ws_moveit2/install/moveit_setup_controllers:/home/parallels/ws_moveit2/install/moveit_setup_app_plugins:/home/parallels/ws_moveit2/install/moveit_setup_framework:/home/parallels/ws_moveit2/install/moveit_servo:/home/parallels/ws_moveit2/install/moveit_ros:/home/parallels/ws_moveit2/install/moveit_ros_visualization:/home/parallels/ws_moveit2/install/moveit_hybrid_planning:/home/parallels/ws_moveit2/install/moveit_ros_planning_interface:/home/parallels/ws_moveit2/install/moveit_ros_benchmarks:/home/parallels/ws_moveit2/install/moveit_ros_warehouse:/home/parallels/ws_moveit2/install/moveit_ros_robot_interaction:/home/parallels/ws_moveit2/install/moveit_ros_perception:/home/parallels/ws_moveit2/install/moveit_resources_prbt_pg70_support:/home/parallels/ws_moveit2/install/moveit_resources_prbt_moveit_config:/home/parallels/ws_moveit2/install/moveit_ros_move_group:/home/parallels/ws_moveit2/install/moveit_planners_ompl:/home/parallels/ws_moveit2/install/moveit_ros_planning:/home/parallels/ws_moveit2/install/moveit_ros_occupancy_map_monitor:/home/parallels/ws_moveit2/install/moveit_resources_prbt_ikfast_manipulator_plugin:/home/parallels/ws_moveit2/install/moveit_planners_chomp:/home/parallels/ws_moveit2/install/moveit_kinematics:/home/parallels/ws_moveit2/install/moveit_chomp_optimizer_adapter:/home/parallels/ws_moveit2/install/chomp_motion_planner:/home/parallels/ws_moveit2/install/moveit_core:/home/parallels/ws_moveit2/install/srdfdom:/home/parallels/ws_moveit2/install/rviz_marker_tools:/home/parallels/ws_moveit2/install/rosparam_shortcuts:/home/parallels/ws_moveit2/install/pantilt_bot_description:/home/parallels/ws_moveit2/install/open_manipulator_x_description:/home/parallels/ws_moveit2/install/moveit_task_constructor_msgs:/home/parallels/ws_moveit2/install/moveit_resources_prbt_support:/home/parallels/ws_moveit2/install/moveit_resources:/home/parallels/ws_moveit2/install/moveit_resources_pr2_description:/home/parallels/ws_moveit2/install/moveit_resources_panda_moveit_config:/home/parallels/ws_moveit2/install/moveit_resources_panda_description:/home/parallels/ws_moveit2/install/moveit_resources_fanuc_moveit_config:/home/parallels/ws_moveit2/install/moveit_resources_fanuc_description:/home/parallels/ws_moveit2/install/moveit_common:/home/parallels/ws_moveit2/install/dynamixel_workbench:/home/parallels/ws_moveit2/install/dynamixel_hardware:/home/parallels/ws_moveit2/install/dynamixel_workbench_toolbox:/home/parallels/ws_moveit2/install/dynamixel_workbench_msgs:/home/parallels/ws_moveit2/install/moveit_configs_utils:/home/parallels/ws_moveit2/install/launch_param_builder:/opt/ros/humble LD_LIBRARY_PATH=/home/parallels/liam workspace/install/pilz_industrial_motion_planner/lib:/home/parallels/liam workspace/install/moveit_ros_planning_interface/lib:/home/parallels/liam workspace/install/moveit_ros_move_group/lib:/home/parallels/liam workspace/install/moveit_ros_warehouse/lib:/home/parallels/liam workspace/install/moveit_planners_ompl/lib:/home/parallels/liam workspace/install/moveit_kinematics/lib:/home/parallels/liam workspace/install/moveit_ros_planning/lib:/home/parallels/liam workspace/install/moveit_ros_occupancy_map_monitor/lib:/home/parallels/liam workspace/install/moveit_core/lib:/home/parallels/liam workspace/install/rviz_marker_tools/lib:/home/parallels/liam workspace/install/srdfdom/lib:/home/parallels/liam workspace/install/moveit_task_constructor_msgs/lib:${LD_LIBRARY_PATH} PATH=/home/parallels/liam workspace/install/moveit_core/bin:${PATH} PYTHONPATH=/home/parallels/liam workspace/install/moveit_configs_utils/lib/python3.10/site-packages:/home/parallels/liam workspace/install/srdfdom/local/lib/python3.10/dist-packages:/home/parallels/liam workspace/install/moveit_task_constructor_msgs/local/lib/python3.10/dist-packages:/home/parallels/liam workspace/install/launch_param_builder/lib/python3.10/site-packages:${PYTHONPATH} /usr/bin/cmake --install /home/parallels/liam workspace/build/moveit_task_constructor_core
