[0.006s] Invoking command in '/home/parallels/liam-workspace/build/moveit_resources_prbt_support': CMAKE_PREFIX_PATH=${CMAKE_PREFIX_PATH}:/home/parallels/ws_moveit2/install/moveit_configs_utils:/home/parallels/ws_moveit2/install/launch_param_builder:/opt/ros/humble /usr/bin/cmake /home/parallels/liam-workspace/src/moveit2/moveit_planners/test_configs/prbt_support -DCMAKE_INSTALL_PREFIX=/home/parallels/liam-workspace/install/moveit_resources_prbt_support
[0.047s] -- The C compiler identification is GNU 11.4.0
[0.083s] -- The CXX compiler identification is GNU 11.4.0
[0.090s] -- Detecting C compiler ABI info
[0.144s] -- Detecting C compiler ABI info - done
[0.148s] -- Check for working C compiler: /usr/bin/cc - skipped
[0.149s] -- Detecting C compile features
[0.149s] -- Detecting C compile features - done
[0.150s] -- Detecting CXX compiler ABI info
[0.220s] -- Detecting CXX compiler ABI info - done
[0.220s] -- Check for working CXX compiler: /usr/bin/c++ - skipped
[0.220s] -- Detecting CXX compile features
[0.220s] -- Detecting CXX compile features - done
[0.223s] -- Found ament_cmake: 1.3.9 (/opt/ros/humble/share/ament_cmake/cmake)
[0.319s] -- Found Python3: /usr/bin/python3 (found version "3.10.12") found components: Interpreter 
[0.440s] -- Configuring done
[0.442s] -- Generating done
[0.442s] -- Build files have been written to: /home/parallels/liam-workspace/build/moveit_resources_prbt_support
[0.446s] Invoked command in '/home/parallels/liam-workspace/build/moveit_resources_prbt_support' returned '0': CMAKE_PREFIX_PATH=${CMAKE_PREFIX_PATH}:/home/parallels/ws_moveit2/install/moveit_configs_utils:/home/parallels/ws_moveit2/install/launch_param_builder:/opt/ros/humble /usr/bin/cmake /home/parallels/liam-workspace/src/moveit2/moveit_planners/test_configs/prbt_support -DCMAKE_INSTALL_PREFIX=/home/parallels/liam-workspace/install/moveit_resources_prbt_support
[0.446s] Invoking command in '/home/parallels/liam-workspace/build/moveit_resources_prbt_support': CMAKE_PREFIX_PATH=${CMAKE_PREFIX_PATH}:/home/parallels/ws_moveit2/install/moveit_configs_utils:/home/parallels/ws_moveit2/install/launch_param_builder:/opt/ros/humble /usr/bin/cmake --build /home/parallels/liam-workspace/build/moveit_resources_prbt_support -- -j8 -l8
[0.620s] Invoked command in '/home/parallels/liam-workspace/build/moveit_resources_prbt_support' returned '0': CMAKE_PREFIX_PATH=${CMAKE_PREFIX_PATH}:/home/parallels/ws_moveit2/install/moveit_configs_utils:/home/parallels/ws_moveit2/install/launch_param_builder:/opt/ros/humble /usr/bin/cmake --build /home/parallels/liam-workspace/build/moveit_resources_prbt_support -- -j8 -l8
[0.659s] Invoking command in '/home/parallels/liam-workspace/build/moveit_resources_prbt_support': CMAKE_PREFIX_PATH=${CMAKE_PREFIX_PATH}:/home/parallels/ws_moveit2/install/moveit_configs_utils:/home/parallels/ws_moveit2/install/launch_param_builder:/opt/ros/humble /usr/bin/cmake --install /home/parallels/liam-workspace/build/moveit_resources_prbt_support
[0.666s] -- Install configuration: ""
[0.666s] -- Installing: /home/parallels/liam-workspace/install/moveit_resources_prbt_support/share/ament_index/resource_index/package_run_dependencies/moveit_resources_prbt_support
[0.666s] -- Installing: /home/parallels/liam-workspace/install/moveit_resources_prbt_support/share/ament_index/resource_index/parent_prefix_path/moveit_resources_prbt_support
[0.666s] -- Installing: /home/parallels/liam-workspace/install/moveit_resources_prbt_support/share/moveit_resources_prbt_support/environment/ament_prefix_path.sh
[0.666s] -- Installing: /home/parallels/liam-workspace/install/moveit_resources_prbt_support/share/moveit_resources_prbt_support/environment/ament_prefix_path.dsv
[0.666s] -- Installing: /home/parallels/liam-workspace/install/moveit_resources_prbt_support/share/moveit_resources_prbt_support/environment/path.sh
[0.666s] -- Installing: /home/parallels/liam-workspace/install/moveit_resources_prbt_support/share/moveit_resources_prbt_support/environment/path.dsv
[0.666s] -- Installing: /home/parallels/liam-workspace/install/moveit_resources_prbt_support/share/moveit_resources_prbt_support/local_setup.bash
[0.666s] -- Installing: /home/parallels/liam-workspace/install/moveit_resources_prbt_support/share/moveit_resources_prbt_support/local_setup.sh
[0.666s] -- Installing: /home/parallels/liam-workspace/install/moveit_resources_prbt_support/share/moveit_resources_prbt_support/local_setup.zsh
[0.666s] -- Installing: /home/parallels/liam-workspace/install/moveit_resources_prbt_support/share/moveit_resources_prbt_support/local_setup.dsv
[0.666s] -- Installing: /home/parallels/liam-workspace/install/moveit_resources_prbt_support/share/moveit_resources_prbt_support/package.dsv
[0.666s] -- Installing: /home/parallels/liam-workspace/install/moveit_resources_prbt_support/share/ament_index/resource_index/packages/moveit_resources_prbt_support
[0.666s] -- Installing: /home/parallels/liam-workspace/install/moveit_resources_prbt_support/share/moveit_resources_prbt_support/cmake/moveit_resources_prbt_supportConfig.cmake
[0.666s] -- Installing: /home/parallels/liam-workspace/install/moveit_resources_prbt_support/share/moveit_resources_prbt_support/cmake/moveit_resources_prbt_supportConfig-version.cmake
[0.666s] -- Installing: /home/parallels/liam-workspace/install/moveit_resources_prbt_support/share/moveit_resources_prbt_support/package.xml
[0.666s] -- Installing: /home/parallels/liam-workspace/install/moveit_resources_prbt_support/share/moveit_resources_prbt_support/urdf
[0.666s] -- Installing: /home/parallels/liam-workspace/install/moveit_resources_prbt_support/share/moveit_resources_prbt_support/urdf/simple_gripper_brackets.urdf.xacro
[0.667s] -- Installing: /home/parallels/liam-workspace/install/moveit_resources_prbt_support/share/moveit_resources_prbt_support/urdf/prbt.xacro
[0.667s] -- Installing: /home/parallels/liam-workspace/install/moveit_resources_prbt_support/share/moveit_resources_prbt_support/urdf/prbt.ros2_control.xacro
[0.668s] -- Installing: /home/parallels/liam-workspace/install/moveit_resources_prbt_support/share/moveit_resources_prbt_support/urdf/prbt_macro.xacro
[0.668s] -- Installing: /home/parallels/liam-workspace/install/moveit_resources_prbt_support/share/moveit_resources_prbt_support/meshes
[0.669s] -- Installing: /home/parallels/liam-workspace/install/moveit_resources_prbt_support/share/moveit_resources_prbt_support/meshes/link_3.stl
[0.670s] -- Installing: /home/parallels/liam-workspace/install/moveit_resources_prbt_support/share/moveit_resources_prbt_support/meshes/foot.dae
[0.672s] -- Installing: /home/parallels/liam-workspace/install/moveit_resources_prbt_support/share/moveit_resources_prbt_support/meshes/foot.stl
[0.673s] -- Installing: /home/parallels/liam-workspace/install/moveit_resources_prbt_support/share/moveit_resources_prbt_support/meshes/flange.dae
[0.674s] -- Installing: /home/parallels/liam-workspace/install/moveit_resources_prbt_support/share/moveit_resources_prbt_support/meshes/flange.stl
[0.674s] -- Installing: /home/parallels/liam-workspace/install/moveit_resources_prbt_support/share/moveit_resources_prbt_support/meshes/link_5.dae
[0.676s] -- Installing: /home/parallels/liam-workspace/install/moveit_resources_prbt_support/share/moveit_resources_prbt_support/meshes/link_2.stl
[0.676s] -- Installing: /home/parallels/liam-workspace/install/moveit_resources_prbt_support/share/moveit_resources_prbt_support/meshes/link_1.dae
[0.678s] -- Installing: /home/parallels/liam-workspace/install/moveit_resources_prbt_support/share/moveit_resources_prbt_support/meshes/link_4.stl
[0.678s] -- Installing: /home/parallels/liam-workspace/install/moveit_resources_prbt_support/share/moveit_resources_prbt_support/meshes/link_3.dae
[0.679s] -- Installing: /home/parallels/liam-workspace/install/moveit_resources_prbt_support/share/moveit_resources_prbt_support/meshes/link_1.stl
[0.679s] -- Installing: /home/parallels/liam-workspace/install/moveit_resources_prbt_support/share/moveit_resources_prbt_support/meshes/link_5.stl
[0.680s] -- Installing: /home/parallels/liam-workspace/install/moveit_resources_prbt_support/share/moveit_resources_prbt_support/meshes/link_4.dae
[0.682s] -- Installing: /home/parallels/liam-workspace/install/moveit_resources_prbt_support/share/moveit_resources_prbt_support/meshes/link_2.dae
[0.705s] -- Installing: /home/parallels/liam-workspace/install/moveit_resources_prbt_support/share/moveit_resources_prbt_support/config
[0.705s] -- Installing: /home/parallels/liam-workspace/install/moveit_resources_prbt_support/share/moveit_resources_prbt_support/config/prbt_0_1.dcf
[0.705s] -- Installing: /home/parallels/liam-workspace/install/moveit_resources_prbt_support/share/moveit_resources_prbt_support/config/manipulator_driver.yaml
[0.705s] -- Installing: /home/parallels/liam-workspace/install/moveit_resources_prbt_support/share/moveit_resources_prbt_support/config/manipulator_controller.yaml
[0.710s] Invoked command in '/home/parallels/liam-workspace/build/moveit_resources_prbt_support' returned '0': CMAKE_PREFIX_PATH=${CMAKE_PREFIX_PATH}:/home/parallels/ws_moveit2/install/moveit_configs_utils:/home/parallels/ws_moveit2/install/launch_param_builder:/opt/ros/humble /usr/bin/cmake --install /home/parallels/liam-workspace/build/moveit_resources_prbt_support
