[0.037s] Invoking command in '/home/parallels/liam workspace/build/pilz_industrial_motion_planner': AMENT_PREFIX_PATH=/home/parallels/liam workspace/install/moveit_resources_prbt_pg70_support:/home/parallels/liam workspace/install/moveit_ros_planning_interface:/home/parallels/liam workspace/install/moveit_resources_prbt_moveit_config:/home/parallels/liam workspace/install/moveit_ros_move_group:/home/parallels/liam workspace/install/moveit_ros_warehouse:/home/parallels/liam workspace/install/moveit_kinematics:/home/parallels/liam workspace/install/moveit_ros_planning:/home/parallels/liam workspace/install/pilz_industrial_motion_planner_testutils:/home/parallels/liam workspace/install/moveit_ros_occupancy_map_monitor:/home/parallels/liam workspace/install/moveit_resources_prbt_ikfast_manipulator_plugin:/home/parallels/liam workspace/install/moveit_core:/home/parallels/liam workspace/install/moveit_resources_panda_moveit_config:/home/parallels/liam workspace/install/moveit_configs_utils:/home/parallels/liam workspace/install/srdfdom:/home/parallels/liam workspace/install/moveit_resources_prbt_support:/home/parallels/liam workspace/install/moveit_resources_panda_description:/home/parallels/liam workspace/install/moveit_common:/home/parallels/liam workspace/install/launch_param_builder:${AMENT_PREFIX_PATH} CMAKE_PREFIX_PATH=/home/parallels/liam workspace/install/moveit_resources_prbt_pg70_support:/home/parallels/liam workspace/install/moveit_ros_planning_interface:/home/parallels/liam workspace/install/moveit_resources_prbt_moveit_config:/home/parallels/liam workspace/install/moveit_ros_move_group:/home/parallels/liam workspace/install/moveit_ros_warehouse:/home/parallels/liam workspace/install/moveit_kinematics:/home/parallels/liam workspace/install/moveit_ros_planning:/home/parallels/liam workspace/install/pilz_industrial_motion_planner_testutils:/home/parallels/liam workspace/install/moveit_ros_occupancy_map_monitor:/home/parallels/liam workspace/install/moveit_resources_prbt_ikfast_manipulator_plugin:/home/parallels/liam workspace/install/moveit_core:/home/parallels/liam workspace/install/moveit_resources_panda_moveit_config:/home/parallels/liam workspace/install/srdfdom:/home/parallels/liam workspace/install/moveit_resources_prbt_support:/home/parallels/liam workspace/install/moveit_resources_panda_description:/home/parallels/liam workspace/install/moveit_common:/home/parallels/ws_moveit2/install/pilz_industrial_motion_planner_testutils:/home/parallels/ws_moveit2/install/moveit_runtime:/home/parallels/ws_moveit2/install/moveit2_tutorials:/home/parallels/ws_moveit2/install/moveit:/home/parallels/ws_moveit2/install/moveit_planners:/home/parallels/ws_moveit2/install/pilz_industrial_motion_planner:/home/parallels/ws_moveit2/install/moveit_visual_tools:/home/parallels/ws_moveit2/install/moveit_task_constructor_visualization:/home/parallels/ws_moveit2/install/moveit_task_constructor_demo:/home/parallels/ws_moveit2/install/moveit_task_constructor_capabilities:/home/parallels/ws_moveit2/install/moveit_task_constructor_core:/home/parallels/ws_moveit2/install/moveit_ros_control_interface:/home/parallels/ws_moveit2/install/moveit_plugins:/home/parallels/ws_moveit2/install/moveit_simple_controller_manager:/home/parallels/ws_moveit2/install/moveit_setup_assistant:/home/parallels/ws_moveit2/install/moveit_setup_srdf_plugins:/home/parallels/ws_moveit2/install/moveit_setup_core_plugins:/home/parallels/ws_moveit2/install/moveit_setup_controllers:/home/parallels/ws_moveit2/install/moveit_setup_app_plugins:/home/parallels/ws_moveit2/install/moveit_setup_framework:/home/parallels/ws_moveit2/install/moveit_servo:/home/parallels/ws_moveit2/install/moveit_ros:/home/parallels/ws_moveit2/install/moveit_ros_visualization:/home/parallels/ws_moveit2/install/moveit_hybrid_planning:/home/parallels/ws_moveit2/install/moveit_ros_planning_interface:/home/parallels/ws_moveit2/install/moveit_ros_benchmarks:/home/parallels/ws_moveit2/install/moveit_ros_warehouse:/home/parallels/ws_moveit2/install/moveit_ros_robot_interaction:/home/parallels/ws_moveit2/install/moveit_ros_perception:/home/parallels/ws_moveit2/install/moveit_resources_prbt_pg70_support:/home/parallels/ws_moveit2/install/moveit_resources_prbt_moveit_config:/home/parallels/ws_moveit2/install/moveit_ros_move_group:/home/parallels/ws_moveit2/install/moveit_planners_ompl:/home/parallels/ws_moveit2/install/moveit_ros_planning:/home/parallels/ws_moveit2/install/moveit_ros_occupancy_map_monitor:/home/parallels/ws_moveit2/install/moveit_resources_prbt_ikfast_manipulator_plugin:/home/parallels/ws_moveit2/install/moveit_planners_chomp:/home/parallels/ws_moveit2/install/moveit_kinematics:/home/parallels/ws_moveit2/install/moveit_chomp_optimizer_adapter:/home/parallels/ws_moveit2/install/chomp_motion_planner:/home/parallels/ws_moveit2/install/moveit_core:/home/parallels/ws_moveit2/install/srdfdom:/home/parallels/ws_moveit2/install/rviz_marker_tools:/home/parallels/ws_moveit2/install/rosparam_shortcuts:/home/parallels/ws_moveit2/install/pantilt_bot_description:/home/parallels/ws_moveit2/install/open_manipulator_x_description:/home/parallels/ws_moveit2/install/moveit_task_constructor_msgs:/home/parallels/ws_moveit2/install/moveit_resources_prbt_support:/home/parallels/ws_moveit2/install/moveit_resources:/home/parallels/ws_moveit2/install/moveit_resources_pr2_description:/home/parallels/ws_moveit2/install/moveit_resources_panda_moveit_config:/home/parallels/ws_moveit2/install/moveit_resources_panda_description:/home/parallels/ws_moveit2/install/moveit_resources_fanuc_moveit_config:/home/parallels/ws_moveit2/install/moveit_resources_fanuc_description:/home/parallels/ws_moveit2/install/moveit_common:/home/parallels/ws_moveit2/install/dynamixel_workbench:/home/parallels/ws_moveit2/install/dynamixel_hardware:/home/parallels/ws_moveit2/install/dynamixel_workbench_toolbox:/home/parallels/ws_moveit2/install/dynamixel_workbench_msgs:/home/parallels/ws_moveit2/install/moveit_configs_utils:/home/parallels/ws_moveit2/install/launch_param_builder:/opt/ros/humble LD_LIBRARY_PATH=/home/parallels/liam workspace/install/moveit_ros_planning_interface/lib:/home/parallels/liam workspace/install/moveit_ros_move_group/lib:/home/parallels/liam workspace/install/moveit_ros_warehouse/lib:/home/parallels/liam workspace/install/moveit_kinematics/lib:/home/parallels/liam workspace/install/moveit_ros_planning/lib:/home/parallels/liam workspace/install/pilz_industrial_motion_planner_testutils/lib:/home/parallels/liam workspace/install/moveit_ros_occupancy_map_monitor/lib:/home/parallels/liam workspace/install/moveit_resources_prbt_ikfast_manipulator_plugin/lib:/home/parallels/liam workspace/install/moveit_core/lib:/home/parallels/liam workspace/install/srdfdom/lib:${LD_LIBRARY_PATH} PATH=/home/parallels/liam workspace/install/moveit_core/bin:${PATH} PYTHONPATH=/home/parallels/liam workspace/install/moveit_configs_utils/lib/python3.10/site-packages:/home/parallels/liam workspace/install/srdfdom/local/lib/python3.10/dist-packages:/home/parallels/liam workspace/install/launch_param_builder/lib/python3.10/site-packages:${PYTHONPATH} /usr/bin/cmake /home/parallels/liam workspace/src/moveit2/moveit_planners/pilz_industrial_motion_planner -DCMAKE_INSTALL_PREFIX=/home/parallels/liam workspace/install/pilz_industrial_motion_planner
[0.075s] -- The C compiler identification is GNU 11.4.0
[0.108s] -- The CXX compiler identification is GNU 11.4.0
[0.112s] -- Detecting C compiler ABI info
[0.161s] -- Detecting C compiler ABI info - done
[0.165s] -- Check for working C compiler: /usr/bin/cc - skipped
[0.165s] -- Detecting C compile features
[0.165s] -- Detecting C compile features - done
[0.167s] -- Detecting CXX compiler ABI info
[0.219s] -- Detecting CXX compiler ABI info - done
[0.224s] -- Check for working CXX compiler: /usr/bin/c++ - skipped
[0.224s] -- Detecting CXX compile features
[0.224s] -- Detecting CXX compile features - done
[0.225s] -- Found moveit_common: 2.5.5 (/home/parallels/liam workspace/install/moveit_common/share/moveit_common/cmake)
[0.230s] -- Found ament_cmake: 1.3.9 (/opt/ros/humble/share/ament_cmake/cmake)
[0.326s] -- Found Python3: /usr/bin/python3 (found version "3.10.12") found components: Interpreter 
[0.473s] -- Found libdw: /usr/lib/aarch64-linux-gnu/libdw.so  
[0.477s] -- Could NOT find libbfd (missing: LIBBFD_LIBRARY LIBBFD_INCLUDE_DIR) 
[0.477s] -- BACKWARD_HAS_UNWIND=1
[0.478s] -- BACKWARD_HAS_BACKTRACE=0
[0.478s] -- BACKWARD_HAS_BACKTRACE_SYMBOL=0
[0.478s] -- BACKWARD_HAS_DW=1
[0.478s] -- BACKWARD_HAS_BFD=0
[0.478s] -- Found Backward: /opt/ros/humble/share/backward_ros/cmake  
[0.478s] [0mpilz_industrial_motion_planner: You did not request a specific build type: Choosing 'Release' for maximum performance[0m
[0.483s] -- Found eigen3_cmake_module: 0.1.1 (/opt/ros/humble/share/eigen3_cmake_module/cmake)
[0.492s] -- Found Eigen3: TRUE (found version "3.4.0") 
[0.496s] -- Found geometry_msgs: 4.2.3 (/opt/ros/humble/share/geometry_msgs/cmake)
[0.553s] -- Found rosidl_generator_c: 3.1.5 (/opt/ros/humble/share/rosidl_generator_c/cmake)
[0.564s] -- Found rosidl_adapter: 3.1.5 (/opt/ros/humble/share/rosidl_adapter/cmake)
[0.577s] -- Found rosidl_generator_cpp: 3.1.5 (/opt/ros/humble/share/rosidl_generator_cpp/cmake)
[0.595s] -- Using all available rosidl_typesupport_c: rosidl_typesupport_fastrtps_c;rosidl_typesupport_introspection_c
[0.619s] -- Using all available rosidl_typesupport_cpp: rosidl_typesupport_fastrtps_cpp;rosidl_typesupport_introspection_cpp
[0.698s] -- Found moveit_core: 2.5.5 (/home/parallels/liam workspace/install/moveit_core/share/moveit_core/cmake)
[0.896s] -- Found Boost: /usr/lib/aarch64-linux-gnu/cmake/Boost-1.74.0/BoostConfig.cmake (found version "1.74.0") found components: chrono date_time filesystem iostreams program_options regex serialization system thread 
[0.956s] -- Found parameter_traits: 0.3.8 (/opt/ros/humble/share/parameter_traits/cmake)
[1.035s] -- Found rmw_implementation_cmake: 6.1.2 (/opt/ros/humble/share/rmw_implementation_cmake/cmake)
[1.042s] -- Found rmw_fastrtps_cpp: 6.2.6 (/opt/ros/humble/share/rmw_fastrtps_cpp/cmake)
[1.139s] -- Found OpenSSL: /usr/lib/aarch64-linux-gnu/libcrypto.so (found version "3.0.2")  
[1.161s] -- Found FastRTPS: /opt/ros/humble/include  
[1.203s] -- Using RMW implementation 'rmw_fastrtps_cpp' as default
[1.221s] -- Found Threads: TRUE  
[1.337s] -- Found rclcpp_lifecycle: 16.0.9 (/opt/ros/humble/share/rclcpp_lifecycle/cmake)
[1.377s] -- Found Boost: /usr/lib/aarch64-linux-gnu/cmake/Boost-1.74.0/BoostConfig.cmake (found version "1.74.0") found components: filesystem 
[1.474s] -- library: /usr/lib/aarch64-linux-gnu/libcurl.so
[1.699s] -- Ensuring Eigen3 include directory is part of orocos-kdl CMake target
[2.507s] -- Found moveit_ros_move_group: 2.5.5 (/home/parallels/liam workspace/install/moveit_ros_move_group/share/moveit_ros_move_group/cmake)
[2.510s] -- Found Boost: /usr/lib/aarch64-linux-gnu/cmake/Boost-1.74.0/BoostConfig.cmake (found version "1.74.0") found components: system filesystem date_time program_options thread 
[2.750s] -- Found Boost: /usr/lib/aarch64-linux-gnu/cmake/Boost-1.74.0/BoostConfig.cmake (found version "1.74.0") found components: system filesystem date_time program_options thread chrono 
[3.000s] -- Found moveit_ros_planning_interface: 2.5.5 (/home/parallels/liam workspace/install/moveit_ros_planning_interface/share/moveit_ros_planning_interface/cmake)
[3.003s] -- Found Boost: /usr/lib/aarch64-linux-gnu/cmake/Boost-1.74.0/BoostConfig.cmake (found version "1.74.0") found components: date_time filesystem program_options system thread 
[3.141s] -- Found Boost: /usr/lib/aarch64-linux-gnu/cmake/Boost-1.74.0/BoostConfig.cmake (found version "1.74.0") found components: thread system filesystem regex date_time program_options 
[3.433s] -- Found tf2_eigen_kdl: 0.25.6 (/opt/ros/humble/share/tf2_eigen_kdl/cmake)
[3.438s] -- Found Boost: /usr/lib/aarch64-linux-gnu/cmake/Boost-1.74.0/BoostConfig.cmake (found version "1.74.0")  
[3.684s] -- Found ament_cmake_gtest: 1.3.9 (/opt/ros/humble/share/ament_cmake_gtest/cmake)
[3.689s] -- Found ament_cmake_gmock: 1.3.9 (/opt/ros/humble/share/ament_cmake_gmock/cmake)
[3.694s] -- Found ros_testing: 0.4.0 (/opt/ros/humble/share/ros_testing/cmake)
[3.699s] -- Found launch_testing_ament_cmake: 1.0.6 (/opt/ros/humble/share/launch_testing_ament_cmake/cmake)
[3.703s] -- Found python_cmake_module: 0.10.0 (/opt/ros/humble/share/python_cmake_module/cmake)
[3.718s] -- Found PythonInterp: /usr/bin/python3 (found suitable version "3.10.12", minimum required is "3.6") 
[3.723s] -- Found PythonLibs: /usr/lib/aarch64-linux-gnu/libpython3.10.so (found suitable version "3.10.12", minimum required is "3.5") 
[3.723s] -- Using PYTHON_EXECUTABLE: /usr/bin/python3
[3.723s] -- Using PYTHON_INCLUDE_DIRS: /usr/include/python3.10
[3.723s] -- Using PYTHON_LIBRARIES: /usr/lib/aarch64-linux-gnu/libpython3.10.so
[3.736s] -- Found PythonExtra: .so  
[3.738s] -- Found moveit_resources_prbt_support: 2.5.5 (/home/parallels/liam workspace/install/moveit_resources_prbt_support/share/moveit_resources_prbt_support/cmake)
[3.738s] -- Found moveit_resources_prbt_moveit_config: 2.5.5 (/home/parallels/liam workspace/install/moveit_resources_prbt_moveit_config/share/moveit_resources_prbt_moveit_config/cmake)
[3.740s] -- Found Boost: /usr/lib/aarch64-linux-gnu/cmake/Boost-1.74.0/BoostConfig.cmake (found version "1.74.0") found components: thread 
[3.742s] -- Found pilz_industrial_motion_planner_testutils: 2.5.5 (/home/parallels/liam workspace/install/pilz_industrial_motion_planner_testutils/share/pilz_industrial_motion_planner_testutils/cmake)
[3.860s] -- Found gtest sources under '/opt/ros/humble/src/gtest_vendor': C++ tests using 'Google Test' will be built
[3.896s] -- Found gmock sources under '/opt/ros/humble/src/gmock_vendor': C++ tests using 'Google Mock' will be built
[3.903s] -- Found ament_lint_auto: 0.12.11 (/opt/ros/humble/share/ament_lint_auto/cmake)
[4.055s] -- Found launch_testing_ament_cmake: 1.0.6 (/opt/ros/humble/share/launch_testing_ament_cmake/cmake)
[4.055s] -- Found python_cmake_module: 0.10.0 (/opt/ros/humble/share/python_cmake_module/cmake)
[4.101s] -- Using PYTHON_EXECUTABLE: /usr/bin/python3
[4.101s] -- Using PYTHON_INCLUDE_DIRS: /usr/include/python3.10
[4.101s] -- Using PYTHON_LIBRARIES: /usr/lib/aarch64-linux-gnu/libpython3.10.so
[4.109s] -- Added test 'cppcheck' to perform static code analysis on C / C++ code
[4.110s] -- Configured cppcheck include dirs: /home/parallels/liam workspace/src/moveit2/moveit_planners/pilz_industrial_motion_planner/include
[4.110s] -- Configured cppcheck exclude dirs and/or files: 
[4.112s] -- Added test 'pep257' to check Python code against some of the docstring style conventions in PEP 257
[4.115s] -- Added test 'xmllint' to check XML markup files
[4.121s] -- Configuring done
[4.885s] -- Generating done
[4.891s] -- Build files have been written to: /home/parallels/liam workspace/build/pilz_industrial_motion_planner
[4.933s] Invoked command in '/home/parallels/liam workspace/build/pilz_industrial_motion_planner' returned '0': AMENT_PREFIX_PATH=/home/parallels/liam workspace/install/moveit_resources_prbt_pg70_support:/home/parallels/liam workspace/install/moveit_ros_planning_interface:/home/parallels/liam workspace/install/moveit_resources_prbt_moveit_config:/home/parallels/liam workspace/install/moveit_ros_move_group:/home/parallels/liam workspace/install/moveit_ros_warehouse:/home/parallels/liam workspace/install/moveit_kinematics:/home/parallels/liam workspace/install/moveit_ros_planning:/home/parallels/liam workspace/install/pilz_industrial_motion_planner_testutils:/home/parallels/liam workspace/install/moveit_ros_occupancy_map_monitor:/home/parallels/liam workspace/install/moveit_resources_prbt_ikfast_manipulator_plugin:/home/parallels/liam workspace/install/moveit_core:/home/parallels/liam workspace/install/moveit_resources_panda_moveit_config:/home/parallels/liam workspace/install/moveit_configs_utils:/home/parallels/liam workspace/install/srdfdom:/home/parallels/liam workspace/install/moveit_resources_prbt_support:/home/parallels/liam workspace/install/moveit_resources_panda_description:/home/parallels/liam workspace/install/moveit_common:/home/parallels/liam workspace/install/launch_param_builder:${AMENT_PREFIX_PATH} CMAKE_PREFIX_PATH=/home/parallels/liam workspace/install/moveit_resources_prbt_pg70_support:/home/parallels/liam workspace/install/moveit_ros_planning_interface:/home/parallels/liam workspace/install/moveit_resources_prbt_moveit_config:/home/parallels/liam workspace/install/moveit_ros_move_group:/home/parallels/liam workspace/install/moveit_ros_warehouse:/home/parallels/liam workspace/install/moveit_kinematics:/home/parallels/liam workspace/install/moveit_ros_planning:/home/parallels/liam workspace/install/pilz_industrial_motion_planner_testutils:/home/parallels/liam workspace/install/moveit_ros_occupancy_map_monitor:/home/parallels/liam workspace/install/moveit_resources_prbt_ikfast_manipulator_plugin:/home/parallels/liam workspace/install/moveit_core:/home/parallels/liam workspace/install/moveit_resources_panda_moveit_config:/home/parallels/liam workspace/install/srdfdom:/home/parallels/liam workspace/install/moveit_resources_prbt_support:/home/parallels/liam workspace/install/moveit_resources_panda_description:/home/parallels/liam workspace/install/moveit_common:/home/parallels/ws_moveit2/install/pilz_industrial_motion_planner_testutils:/home/parallels/ws_moveit2/install/moveit_runtime:/home/parallels/ws_moveit2/install/moveit2_tutorials:/home/parallels/ws_moveit2/install/moveit:/home/parallels/ws_moveit2/install/moveit_planners:/home/parallels/ws_moveit2/install/pilz_industrial_motion_planner:/home/parallels/ws_moveit2/install/moveit_visual_tools:/home/parallels/ws_moveit2/install/moveit_task_constructor_visualization:/home/parallels/ws_moveit2/install/moveit_task_constructor_demo:/home/parallels/ws_moveit2/install/moveit_task_constructor_capabilities:/home/parallels/ws_moveit2/install/moveit_task_constructor_core:/home/parallels/ws_moveit2/install/moveit_ros_control_interface:/home/parallels/ws_moveit2/install/moveit_plugins:/home/parallels/ws_moveit2/install/moveit_simple_controller_manager:/home/parallels/ws_moveit2/install/moveit_setup_assistant:/home/parallels/ws_moveit2/install/moveit_setup_srdf_plugins:/home/parallels/ws_moveit2/install/moveit_setup_core_plugins:/home/parallels/ws_moveit2/install/moveit_setup_controllers:/home/parallels/ws_moveit2/install/moveit_setup_app_plugins:/home/parallels/ws_moveit2/install/moveit_setup_framework:/home/parallels/ws_moveit2/install/moveit_servo:/home/parallels/ws_moveit2/install/moveit_ros:/home/parallels/ws_moveit2/install/moveit_ros_visualization:/home/parallels/ws_moveit2/install/moveit_hybrid_planning:/home/parallels/ws_moveit2/install/moveit_ros_planning_interface:/home/parallels/ws_moveit2/install/moveit_ros_benchmarks:/home/parallels/ws_moveit2/install/moveit_ros_warehouse:/home/parallels/ws_moveit2/install/moveit_ros_robot_interaction:/home/parallels/ws_moveit2/install/moveit_ros_perception:/home/parallels/ws_moveit2/install/moveit_resources_prbt_pg70_support:/home/parallels/ws_moveit2/install/moveit_resources_prbt_moveit_config:/home/parallels/ws_moveit2/install/moveit_ros_move_group:/home/parallels/ws_moveit2/install/moveit_planners_ompl:/home/parallels/ws_moveit2/install/moveit_ros_planning:/home/parallels/ws_moveit2/install/moveit_ros_occupancy_map_monitor:/home/parallels/ws_moveit2/install/moveit_resources_prbt_ikfast_manipulator_plugin:/home/parallels/ws_moveit2/install/moveit_planners_chomp:/home/parallels/ws_moveit2/install/moveit_kinematics:/home/parallels/ws_moveit2/install/moveit_chomp_optimizer_adapter:/home/parallels/ws_moveit2/install/chomp_motion_planner:/home/parallels/ws_moveit2/install/moveit_core:/home/parallels/ws_moveit2/install/srdfdom:/home/parallels/ws_moveit2/install/rviz_marker_tools:/home/parallels/ws_moveit2/install/rosparam_shortcuts:/home/parallels/ws_moveit2/install/pantilt_bot_description:/home/parallels/ws_moveit2/install/open_manipulator_x_description:/home/parallels/ws_moveit2/install/moveit_task_constructor_msgs:/home/parallels/ws_moveit2/install/moveit_resources_prbt_support:/home/parallels/ws_moveit2/install/moveit_resources:/home/parallels/ws_moveit2/install/moveit_resources_pr2_description:/home/parallels/ws_moveit2/install/moveit_resources_panda_moveit_config:/home/parallels/ws_moveit2/install/moveit_resources_panda_description:/home/parallels/ws_moveit2/install/moveit_resources_fanuc_moveit_config:/home/parallels/ws_moveit2/install/moveit_resources_fanuc_description:/home/parallels/ws_moveit2/install/moveit_common:/home/parallels/ws_moveit2/install/dynamixel_workbench:/home/parallels/ws_moveit2/install/dynamixel_hardware:/home/parallels/ws_moveit2/install/dynamixel_workbench_toolbox:/home/parallels/ws_moveit2/install/dynamixel_workbench_msgs:/home/parallels/ws_moveit2/install/moveit_configs_utils:/home/parallels/ws_moveit2/install/launch_param_builder:/opt/ros/humble LD_LIBRARY_PATH=/home/parallels/liam workspace/install/moveit_ros_planning_interface/lib:/home/parallels/liam workspace/install/moveit_ros_move_group/lib:/home/parallels/liam workspace/install/moveit_ros_warehouse/lib:/home/parallels/liam workspace/install/moveit_kinematics/lib:/home/parallels/liam workspace/install/moveit_ros_planning/lib:/home/parallels/liam workspace/install/pilz_industrial_motion_planner_testutils/lib:/home/parallels/liam workspace/install/moveit_ros_occupancy_map_monitor/lib:/home/parallels/liam workspace/install/moveit_resources_prbt_ikfast_manipulator_plugin/lib:/home/parallels/liam workspace/install/moveit_core/lib:/home/parallels/liam workspace/install/srdfdom/lib:${LD_LIBRARY_PATH} PATH=/home/parallels/liam workspace/install/moveit_core/bin:${PATH} PYTHONPATH=/home/parallels/liam workspace/install/moveit_configs_utils/lib/python3.10/site-packages:/home/parallels/liam workspace/install/srdfdom/local/lib/python3.10/dist-packages:/home/parallels/liam workspace/install/launch_param_builder/lib/python3.10/site-packages:${PYTHONPATH} /usr/bin/cmake /home/parallels/liam workspace/src/moveit2/moveit_planners/pilz_industrial_motion_planner -DCMAKE_INSTALL_PREFIX=/home/parallels/liam workspace/install/pilz_industrial_motion_planner
[4.947s] Invoking command in '/home/parallels/liam workspace/build/pilz_industrial_motion_planner': AMENT_PREFIX_PATH=/home/parallels/liam workspace/install/moveit_resources_prbt_pg70_support:/home/parallels/liam workspace/install/moveit_ros_planning_interface:/home/parallels/liam workspace/install/moveit_resources_prbt_moveit_config:/home/parallels/liam workspace/install/moveit_ros_move_group:/home/parallels/liam workspace/install/moveit_ros_warehouse:/home/parallels/liam workspace/install/moveit_kinematics:/home/parallels/liam workspace/install/moveit_ros_planning:/home/parallels/liam workspace/install/pilz_industrial_motion_planner_testutils:/home/parallels/liam workspace/install/moveit_ros_occupancy_map_monitor:/home/parallels/liam workspace/install/moveit_resources_prbt_ikfast_manipulator_plugin:/home/parallels/liam workspace/install/moveit_core:/home/parallels/liam workspace/install/moveit_resources_panda_moveit_config:/home/parallels/liam workspace/install/moveit_configs_utils:/home/parallels/liam workspace/install/srdfdom:/home/parallels/liam workspace/install/moveit_resources_prbt_support:/home/parallels/liam workspace/install/moveit_resources_panda_description:/home/parallels/liam workspace/install/moveit_common:/home/parallels/liam workspace/install/launch_param_builder:${AMENT_PREFIX_PATH} CMAKE_PREFIX_PATH=/home/parallels/liam workspace/install/moveit_resources_prbt_pg70_support:/home/parallels/liam workspace/install/moveit_ros_planning_interface:/home/parallels/liam workspace/install/moveit_resources_prbt_moveit_config:/home/parallels/liam workspace/install/moveit_ros_move_group:/home/parallels/liam workspace/install/moveit_ros_warehouse:/home/parallels/liam workspace/install/moveit_kinematics:/home/parallels/liam workspace/install/moveit_ros_planning:/home/parallels/liam workspace/install/pilz_industrial_motion_planner_testutils:/home/parallels/liam workspace/install/moveit_ros_occupancy_map_monitor:/home/parallels/liam workspace/install/moveit_resources_prbt_ikfast_manipulator_plugin:/home/parallels/liam workspace/install/moveit_core:/home/parallels/liam workspace/install/moveit_resources_panda_moveit_config:/home/parallels/liam workspace/install/srdfdom:/home/parallels/liam workspace/install/moveit_resources_prbt_support:/home/parallels/liam workspace/install/moveit_resources_panda_description:/home/parallels/liam workspace/install/moveit_common:/home/parallels/ws_moveit2/install/pilz_industrial_motion_planner_testutils:/home/parallels/ws_moveit2/install/moveit_runtime:/home/parallels/ws_moveit2/install/moveit2_tutorials:/home/parallels/ws_moveit2/install/moveit:/home/parallels/ws_moveit2/install/moveit_planners:/home/parallels/ws_moveit2/install/pilz_industrial_motion_planner:/home/parallels/ws_moveit2/install/moveit_visual_tools:/home/parallels/ws_moveit2/install/moveit_task_constructor_visualization:/home/parallels/ws_moveit2/install/moveit_task_constructor_demo:/home/parallels/ws_moveit2/install/moveit_task_constructor_capabilities:/home/parallels/ws_moveit2/install/moveit_task_constructor_core:/home/parallels/ws_moveit2/install/moveit_ros_control_interface:/home/parallels/ws_moveit2/install/moveit_plugins:/home/parallels/ws_moveit2/install/moveit_simple_controller_manager:/home/parallels/ws_moveit2/install/moveit_setup_assistant:/home/parallels/ws_moveit2/install/moveit_setup_srdf_plugins:/home/parallels/ws_moveit2/install/moveit_setup_core_plugins:/home/parallels/ws_moveit2/install/moveit_setup_controllers:/home/parallels/ws_moveit2/install/moveit_setup_app_plugins:/home/parallels/ws_moveit2/install/moveit_setup_framework:/home/parallels/ws_moveit2/install/moveit_servo:/home/parallels/ws_moveit2/install/moveit_ros:/home/parallels/ws_moveit2/install/moveit_ros_visualization:/home/parallels/ws_moveit2/install/moveit_hybrid_planning:/home/parallels/ws_moveit2/install/moveit_ros_planning_interface:/home/parallels/ws_moveit2/install/moveit_ros_benchmarks:/home/parallels/ws_moveit2/install/moveit_ros_warehouse:/home/parallels/ws_moveit2/install/moveit_ros_robot_interaction:/home/parallels/ws_moveit2/install/moveit_ros_perception:/home/parallels/ws_moveit2/install/moveit_resources_prbt_pg70_support:/home/parallels/ws_moveit2/install/moveit_resources_prbt_moveit_config:/home/parallels/ws_moveit2/install/moveit_ros_move_group:/home/parallels/ws_moveit2/install/moveit_planners_ompl:/home/parallels/ws_moveit2/install/moveit_ros_planning:/home/parallels/ws_moveit2/install/moveit_ros_occupancy_map_monitor:/home/parallels/ws_moveit2/install/moveit_resources_prbt_ikfast_manipulator_plugin:/home/parallels/ws_moveit2/install/moveit_planners_chomp:/home/parallels/ws_moveit2/install/moveit_kinematics:/home/parallels/ws_moveit2/install/moveit_chomp_optimizer_adapter:/home/parallels/ws_moveit2/install/chomp_motion_planner:/home/parallels/ws_moveit2/install/moveit_core:/home/parallels/ws_moveit2/install/srdfdom:/home/parallels/ws_moveit2/install/rviz_marker_tools:/home/parallels/ws_moveit2/install/rosparam_shortcuts:/home/parallels/ws_moveit2/install/pantilt_bot_description:/home/parallels/ws_moveit2/install/open_manipulator_x_description:/home/parallels/ws_moveit2/install/moveit_task_constructor_msgs:/home/parallels/ws_moveit2/install/moveit_resources_prbt_support:/home/parallels/ws_moveit2/install/moveit_resources:/home/parallels/ws_moveit2/install/moveit_resources_pr2_description:/home/parallels/ws_moveit2/install/moveit_resources_panda_moveit_config:/home/parallels/ws_moveit2/install/moveit_resources_panda_description:/home/parallels/ws_moveit2/install/moveit_resources_fanuc_moveit_config:/home/parallels/ws_moveit2/install/moveit_resources_fanuc_description:/home/parallels/ws_moveit2/install/moveit_common:/home/parallels/ws_moveit2/install/dynamixel_workbench:/home/parallels/ws_moveit2/install/dynamixel_hardware:/home/parallels/ws_moveit2/install/dynamixel_workbench_toolbox:/home/parallels/ws_moveit2/install/dynamixel_workbench_msgs:/home/parallels/ws_moveit2/install/moveit_configs_utils:/home/parallels/ws_moveit2/install/launch_param_builder:/opt/ros/humble LD_LIBRARY_PATH=/home/parallels/liam workspace/install/moveit_ros_planning_interface/lib:/home/parallels/liam workspace/install/moveit_ros_move_group/lib:/home/parallels/liam workspace/install/moveit_ros_warehouse/lib:/home/parallels/liam workspace/install/moveit_kinematics/lib:/home/parallels/liam workspace/install/moveit_ros_planning/lib:/home/parallels/liam workspace/install/pilz_industrial_motion_planner_testutils/lib:/home/parallels/liam workspace/install/moveit_ros_occupancy_map_monitor/lib:/home/parallels/liam workspace/install/moveit_resources_prbt_ikfast_manipulator_plugin/lib:/home/parallels/liam workspace/install/moveit_core/lib:/home/parallels/liam workspace/install/srdfdom/lib:${LD_LIBRARY_PATH} PATH=/home/parallels/liam workspace/install/moveit_core/bin:${PATH} PYTHONPATH=/home/parallels/liam workspace/install/moveit_configs_utils/lib/python3.10/site-packages:/home/parallels/liam workspace/install/srdfdom/local/lib/python3.10/dist-packages:/home/parallels/liam workspace/install/launch_param_builder/lib/python3.10/site-packages:${PYTHONPATH} /usr/bin/cmake --build /home/parallels/liam workspace/build/pilz_industrial_motion_planner -- -j8 -l8
[5.199s] [  1%] [32mBuilding CXX object CMakeFiles/planning_context_loader_base.dir/src/planning_context_loader.cpp.o[0m
[5.202s] [  2%] [32mBuilding CXX object CMakeFiles/joint_limits_common.dir/src/joint_limits_aggregator.cpp.o[0m
[5.214s] [  3%] [32mBuilding CXX object CMakeFiles/joint_limits_common.dir/src/joint_limits_container.cpp.o[0m
[5.216s] [  4%] [32mBuilding CXX object CMakeFiles/joint_limits_common.dir/src/limits_container.cpp.o[0m
[5.222s] [  6%] [32mBuilding CXX object gtest/CMakeFiles/gtest_main.dir/src/gtest_main.cc.o[0m
[5.223s] [  7%] [32mBuilding CXX object CMakeFiles/joint_limits_common.dir/src/joint_limits_validator.cpp.o[0m
[5.228s] [  8%] [32mBuilding CXX object CMakeFiles/trajectory_generation_common.dir/src/trajectory_functions.cpp.o[0m
[5.255s] [  9%] [32mBuilding CXX object gtest/CMakeFiles/gtest.dir/src/gtest-all.cc.o[0m
[5.942s] [ 10%] [32m[1mLinking CXX static library libgtest_main.a[0m
[5.976s] [ 10%] Built target gtest_main
[6.001s] [ 12%] [32mBuilding CXX object gmock/CMakeFiles/gmock_main.dir/src/gmock_main.cc.o[0m
[6.274s] [ 13%] [32mBuilding CXX object CMakeFiles/joint_limits_common.dir/src/cartesian_limit.cpp.o[0m
[6.430s] [ 14%] [32mBuilding CXX object CMakeFiles/joint_limits_common.dir/src/cartesian_limits_aggregator.cpp.o[0m
[6.885s] [ 15%] [32mBuilding CXX object gmock/CMakeFiles/gmock.dir/opt/ros/humble/src/gtest_vendor/src/gtest-all.cc.o[0m
[6.890s] [ 16%] [32m[1mLinking CXX static library libgmock_main.a[0m
[7.028s] [ 16%] Built target gmock_main
[7.068s] [ 18%] [32mBuilding CXX object gmock/CMakeFiles/gmock.dir/src/gmock-all.cc.o[0m
[12.220s] [ 19%] [32mBuilding CXX object CMakeFiles/trajectory_generation_common.dir/src/trajectory_generator.cpp.o[0m
[14.137s] [ 20%] [32mBuilding CXX object CMakeFiles/trajectory_generation_common.dir/src/trajectory_blender_transition_window.cpp.o[0m
[20.100s] [ 21%] [32m[1mLinking CXX shared library libjoint_limits_common.so[0m
[22.141s] [ 21%] Built target joint_limits_common
[22.745s] [ 22%] [32m[1mLinking CXX static library libgtest.a[0m
[22.789s] [ 22%] Built target gtest
[23.184s] [ 24%] [32m[1mLinking CXX shared library libplanning_context_loader_base.so[0m
[23.382s] [ 25%] [32m[1mLinking CXX static library libgmock.a[0m
[23.560s] [ 25%] Built target gmock
[29.204s] [ 26%] [32m[1mLinking CXX shared library libtrajectory_generation_common.so[0m
[29.402s] [ 26%] Built target trajectory_generation_common
[31.897s] [ 26%] Built target planning_context_loader_base
[31.917s] [ 27%] [32mBuilding CXX object test/CMakeFiles/pilz_industrial_motion_planner_test_utils.dir/test_utils.cpp.o[0m
[40.957s] [ 28%] [32m[1mLinking CXX static library libpilz_industrial_motion_planner_test_utils.a[0m
[40.984s] [ 28%] Built target pilz_industrial_motion_planner_test_utils
[41.003s] [ 30%] [32mBuilding CXX object CMakeFiles/pilz_industrial_motion_planner.dir/src/pilz_industrial_motion_planner.cpp.o[0m
[47.998s] [ 31%] [32m[1mLinking CXX shared library libpilz_industrial_motion_planner.so[0m
[48.142s] [ 31%] Built target pilz_industrial_motion_planner
[48.161s] [ 32%] [32mBuilding CXX object CMakeFiles/planning_context_loader_ptp.dir/src/planning_context_loader_ptp.cpp.o[0m
[53.356s] [ 33%] [32mBuilding CXX object CMakeFiles/planning_context_loader_ptp.dir/src/trajectory_generator_ptp.cpp.o[0m
[58.631s] [ 34%] [32mBuilding CXX object CMakeFiles/planning_context_loader_ptp.dir/src/velocity_profile_atrap.cpp.o[0m
[58.959s] [ 36%] [32m[1mLinking CXX shared library libplanning_context_loader_ptp.so[0m
[59.132s] [ 36%] Built target planning_context_loader_ptp
[59.150s] [ 37%] [32mBuilding CXX object CMakeFiles/planning_context_loader_lin.dir/src/planning_context_loader_lin.cpp.o[0m
[64.038s] [ 38%] [32mBuilding CXX object CMakeFiles/planning_context_loader_lin.dir/src/trajectory_generator_lin.cpp.o[0m
[65.163s] [ 39%] [32mBuilding CXX object CMakeFiles/planning_context_loader_circ.dir/src/planning_context_loader_circ.cpp.o[0m
[66.175s] [ 40%] [32mBuilding CXX object CMakeFiles/command_list_manager.dir/src/command_list_manager.cpp.o[0m
[67.187s] [ 42%] [32mBuilding CXX object test/unit_tests/CMakeFiles/unittest_cartesian_limits_aggregator.dir/src/unittest_cartesian_limits_aggregator.cpp.o[0m
[68.202s] [ 43%] [32mBuilding CXX object test/unit_tests/CMakeFiles/unittest_joint_limits_validator.dir/src/unittest_joint_limits_validator.cpp.o[0m
[69.169s] [ 44%] [32mBuilding CXX object CMakeFiles/planning_context_loader_lin.dir/src/velocity_profile_atrap.cpp.o[0m
[69.218s] [ 45%] [32mBuilding CXX object test/unit_tests/CMakeFiles/unittest_joint_limits_container.dir/src/unittest_joint_limits_container.cpp.o[0m
[69.503s] [ 46%] [32m[1mLinking CXX shared library libplanning_context_loader_lin.so[0m
[69.577s] [ 48%] [32m[1mLinking CXX executable unittest_cartesian_limits_aggregator[0m
[69.672s] [ 49%] [32m[1mLinking CXX executable unittest_joint_limits_validator[0m
[69.681s] [ 49%] Built target planning_context_loader_lin
[69.703s] [ 51%] [32mBuilding CXX object test/unit_tests/CMakeFiles/unittest_joint_limit.dir/src/unittest_joint_limit.cpp.o[0m
[69.703s] [ 51%] [32mBuilding CXX object CMakeFiles/planning_context_loader_circ.dir/src/trajectory_generator_circ.cpp.o[0m
[69.712s] [ 53%] [32mBuilding CXX object test/unit_tests/CMakeFiles/unittest_joint_limits_aggregator.dir/src/unittest_joint_limits_aggregator.cpp.o[0m
[69.783s] [ 53%] Built target unittest_cartesian_limits_aggregator
[69.803s] [ 54%] [32mBuilding CXX object test/unit_tests/CMakeFiles/unittest_pilz_industrial_motion_planner_direct.dir/src/unittest_pilz_industrial_motion_planner_direct.cpp.o[0m
[69.904s] [ 54%] Built target unittest_joint_limits_validator
[70.007s] [ 55%] [32mBuilding CXX object test/unit_tests/CMakeFiles/unittest_velocity_profile_atrap.dir/src/unittest_velocity_profile_atrap.cpp.o[0m
[70.238s] [ 56%] [32m[1mLinking CXX executable unittest_joint_limits_container[0m
[70.468s] [ 56%] Built target unittest_joint_limits_container
[72.090s] [ 57%] [32mBuilding CXX object CMakeFiles/command_list_manager.dir/src/plan_components_builder.cpp.o[0m
[72.123s] [ 59%] [32mBuilding CXX object test/unit_tests/CMakeFiles/unittest_velocity_profile_atrap.dir/__/__/src/velocity_profile_atrap.cpp.o[0m
[72.449s] [ 60%] [32m[1mLinking CXX executable unittest_joint_limit[0m
[72.489s] [ 61%] [32m[1mLinking CXX executable unittest_velocity_profile_atrap[0m
[72.724s] [ 61%] Built target unittest_velocity_profile_atrap
[72.735s] [ 61%] Built target unittest_joint_limit
[75.295s] [ 62%] [32m[1mLinking CXX executable unittest_joint_limits_aggregator[0m
[75.340s] [ 63%] [32mBuilding CXX object CMakeFiles/planning_context_loader_circ.dir/src/path_circle_generator.cpp.o[0m
[75.349s] [ 65%] [32mBuilding CXX object test/unit_tests/CMakeFiles/unittest_trajectory_generator_lin.dir/src/unittest_trajectory_generator_lin.cpp.o[0m
[75.509s] [ 65%] Built target unittest_joint_limits_aggregator
[75.530s] [ 66%] [32mBuilding CXX object test/unit_tests/CMakeFiles/unittest_trajectory_blender_transition_window.dir/src/unittest_trajectory_blender_transition_window.cpp.o[0m
[75.542s] [ 67%] [32mBuilding CXX object test/unit_tests/CMakeFiles/unittest_trajectory_generator_ptp.dir/src/unittest_trajectory_generator_ptp.cpp.o[0m
[76.140s] [ 68%] [32m[1mLinking CXX shared library libplanning_context_loader_circ.so[0m
[76.329s] [ 68%] Built target planning_context_loader_circ
[76.339s] [ 69%] [32mBuilding CXX object test/unit_tests/CMakeFiles/unittest_trajectory_blender_transition_window.dir/__/__/src/trajectory_blender_transition_window.cpp.o[0m
[76.379s] [ 71%] [32mBuilding CXX object test/unit_tests/CMakeFiles/unittest_trajectory_functions.dir/src/unittest_trajectory_functions.cpp.o[0m
[76.943s] [ 72%] [32m[1mLinking CXX shared library libcommand_list_manager.so[0m
[77.304s] [ 72%] Built target command_list_manager
[77.416s] [ 73%] [32mBuilding CXX object test/unit_tests/CMakeFiles/unittest_trajectory_generator.dir/src/unittest_trajectory_generator.cpp.o[0m
[77.423s] [ 74%] [32mBuilding CXX object test/unit_tests/CMakeFiles/unittest_pilz_industrial_motion_planner.dir/src/unittest_pilz_industrial_motion_planner.cpp.o[0m
[78.189s] [ 75%] [32m[1mLinking CXX executable unittest_pilz_industrial_motion_planner_direct[0m
[78.644s] [ 75%] Built target unittest_pilz_industrial_motion_planner_direct
[78.757s] [ 77%] [32mBuilding CXX object test/unit_tests/CMakeFiles/unittest_planning_context_loaders.dir/src/unittest_planning_context_loaders.cpp.o[0m
[83.645s] [ 78%] [32m[1mLinking CXX executable unittest_trajectory_generator_lin[0m
[84.116s] [ 78%] Built target unittest_trajectory_generator_lin
[84.579s] [ 79%] [32mBuilding CXX object test/unit_tests/CMakeFiles/unittest_trajectory_generator.dir/__/__/src/trajectory_generator.cpp.o[0m
[84.969s] [ 80%] [32m[1mLinking CXX executable unittest_trajectory_blender_transition_window[0m
[85.265s] [ 80%] Built target unittest_trajectory_blender_transition_window
[85.408s] [ 81%] [32m[1mLinking CXX executable unittest_trajectory_functions[0m
[85.671s] [ 81%] Built target unittest_trajectory_functions
[86.911s] [ 83%] [32m[1mLinking CXX executable unittest_trajectory_generator_ptp[0m
[87.180s] [ 83%] Built target unittest_trajectory_generator_ptp
[88.242s] [ 84%] [32m[1mLinking CXX executable unittest_planning_context_loaders[0m
[88.501s] [ 84%] Built target unittest_planning_context_loaders
[88.735s] [ 85%] [32m[1mLinking CXX executable unittest_pilz_industrial_motion_planner[0m
[88.950s] [ 85%] Built target unittest_pilz_industrial_motion_planner
[90.114s] [ 86%] [32m[1mLinking CXX executable unittest_trajectory_generator[0m
[90.364s] [ 86%] Built target unittest_trajectory_generator
[90.382s] [ 87%] [32mBuilding CXX object test/unit_tests/CMakeFiles/unittest_trajectory_generator_circ.dir/src/unittest_trajectory_generator_circ.cpp.o[0m
[98.701s] [ 89%] [32m[1mLinking CXX executable unittest_trajectory_generator_circ[0m
[98.968s] [ 89%] Built target unittest_trajectory_generator_circ
[98.987s] [ 90%] [32mBuilding CXX object CMakeFiles/sequence_capability.dir/src/move_group_sequence_action.cpp.o[0m
[98.987s] [ 92%] [32mBuilding CXX object test/unit_tests/CMakeFiles/unittest_trajectory_generator_common.dir/src/unittest_trajectory_generator_common.cpp.o[0m
[98.987s] [ 92%] [32mBuilding CXX object CMakeFiles/sequence_capability.dir/src/move_group_sequence_service.cpp.o[0m
[109.413s] [ 93%] [32m[1mLinking CXX shared library libsequence_capability.so[0m
[109.674s] [ 93%] Built target sequence_capability
[109.765s] [ 95%] [32mBuilding CXX object test/unit_tests/CMakeFiles/unittest_get_solver_tip_frame.dir/src/unittest_get_solver_tip_frame.cpp.o[0m
[115.926s] [ 96%] [32m[1mLinking CXX executable unittest_get_solver_tip_frame[0m
[115.980s] [ 97%] [32m[1mLinking CXX executable unittest_trajectory_generator_common[0m
[116.160s] [ 97%] Built target unittest_get_solver_tip_frame
[116.321s] [ 97%] Built target unittest_trajectory_generator_common
[116.343s] [ 98%] [32mBuilding CXX object test/unit_tests/CMakeFiles/unittest_planning_context.dir/src/unittest_planning_context.cpp.o[0m
[125.653s] [100%] [32m[1mLinking CXX executable unittest_planning_context[0m
[125.921s] [100%] Built target unittest_planning_context
[125.934s] Invoked command in '/home/parallels/liam workspace/build/pilz_industrial_motion_planner' returned '0': AMENT_PREFIX_PATH=/home/parallels/liam workspace/install/moveit_resources_prbt_pg70_support:/home/parallels/liam workspace/install/moveit_ros_planning_interface:/home/parallels/liam workspace/install/moveit_resources_prbt_moveit_config:/home/parallels/liam workspace/install/moveit_ros_move_group:/home/parallels/liam workspace/install/moveit_ros_warehouse:/home/parallels/liam workspace/install/moveit_kinematics:/home/parallels/liam workspace/install/moveit_ros_planning:/home/parallels/liam workspace/install/pilz_industrial_motion_planner_testutils:/home/parallels/liam workspace/install/moveit_ros_occupancy_map_monitor:/home/parallels/liam workspace/install/moveit_resources_prbt_ikfast_manipulator_plugin:/home/parallels/liam workspace/install/moveit_core:/home/parallels/liam workspace/install/moveit_resources_panda_moveit_config:/home/parallels/liam workspace/install/moveit_configs_utils:/home/parallels/liam workspace/install/srdfdom:/home/parallels/liam workspace/install/moveit_resources_prbt_support:/home/parallels/liam workspace/install/moveit_resources_panda_description:/home/parallels/liam workspace/install/moveit_common:/home/parallels/liam workspace/install/launch_param_builder:${AMENT_PREFIX_PATH} CMAKE_PREFIX_PATH=/home/parallels/liam workspace/install/moveit_resources_prbt_pg70_support:/home/parallels/liam workspace/install/moveit_ros_planning_interface:/home/parallels/liam workspace/install/moveit_resources_prbt_moveit_config:/home/parallels/liam workspace/install/moveit_ros_move_group:/home/parallels/liam workspace/install/moveit_ros_warehouse:/home/parallels/liam workspace/install/moveit_kinematics:/home/parallels/liam workspace/install/moveit_ros_planning:/home/parallels/liam workspace/install/pilz_industrial_motion_planner_testutils:/home/parallels/liam workspace/install/moveit_ros_occupancy_map_monitor:/home/parallels/liam workspace/install/moveit_resources_prbt_ikfast_manipulator_plugin:/home/parallels/liam workspace/install/moveit_core:/home/parallels/liam workspace/install/moveit_resources_panda_moveit_config:/home/parallels/liam workspace/install/srdfdom:/home/parallels/liam workspace/install/moveit_resources_prbt_support:/home/parallels/liam workspace/install/moveit_resources_panda_description:/home/parallels/liam workspace/install/moveit_common:/home/parallels/ws_moveit2/install/pilz_industrial_motion_planner_testutils:/home/parallels/ws_moveit2/install/moveit_runtime:/home/parallels/ws_moveit2/install/moveit2_tutorials:/home/parallels/ws_moveit2/install/moveit:/home/parallels/ws_moveit2/install/moveit_planners:/home/parallels/ws_moveit2/install/pilz_industrial_motion_planner:/home/parallels/ws_moveit2/install/moveit_visual_tools:/home/parallels/ws_moveit2/install/moveit_task_constructor_visualization:/home/parallels/ws_moveit2/install/moveit_task_constructor_demo:/home/parallels/ws_moveit2/install/moveit_task_constructor_capabilities:/home/parallels/ws_moveit2/install/moveit_task_constructor_core:/home/parallels/ws_moveit2/install/moveit_ros_control_interface:/home/parallels/ws_moveit2/install/moveit_plugins:/home/parallels/ws_moveit2/install/moveit_simple_controller_manager:/home/parallels/ws_moveit2/install/moveit_setup_assistant:/home/parallels/ws_moveit2/install/moveit_setup_srdf_plugins:/home/parallels/ws_moveit2/install/moveit_setup_core_plugins:/home/parallels/ws_moveit2/install/moveit_setup_controllers:/home/parallels/ws_moveit2/install/moveit_setup_app_plugins:/home/parallels/ws_moveit2/install/moveit_setup_framework:/home/parallels/ws_moveit2/install/moveit_servo:/home/parallels/ws_moveit2/install/moveit_ros:/home/parallels/ws_moveit2/install/moveit_ros_visualization:/home/parallels/ws_moveit2/install/moveit_hybrid_planning:/home/parallels/ws_moveit2/install/moveit_ros_planning_interface:/home/parallels/ws_moveit2/install/moveit_ros_benchmarks:/home/parallels/ws_moveit2/install/moveit_ros_warehouse:/home/parallels/ws_moveit2/install/moveit_ros_robot_interaction:/home/parallels/ws_moveit2/install/moveit_ros_perception:/home/parallels/ws_moveit2/install/moveit_resources_prbt_pg70_support:/home/parallels/ws_moveit2/install/moveit_resources_prbt_moveit_config:/home/parallels/ws_moveit2/install/moveit_ros_move_group:/home/parallels/ws_moveit2/install/moveit_planners_ompl:/home/parallels/ws_moveit2/install/moveit_ros_planning:/home/parallels/ws_moveit2/install/moveit_ros_occupancy_map_monitor:/home/parallels/ws_moveit2/install/moveit_resources_prbt_ikfast_manipulator_plugin:/home/parallels/ws_moveit2/install/moveit_planners_chomp:/home/parallels/ws_moveit2/install/moveit_kinematics:/home/parallels/ws_moveit2/install/moveit_chomp_optimizer_adapter:/home/parallels/ws_moveit2/install/chomp_motion_planner:/home/parallels/ws_moveit2/install/moveit_core:/home/parallels/ws_moveit2/install/srdfdom:/home/parallels/ws_moveit2/install/rviz_marker_tools:/home/parallels/ws_moveit2/install/rosparam_shortcuts:/home/parallels/ws_moveit2/install/pantilt_bot_description:/home/parallels/ws_moveit2/install/open_manipulator_x_description:/home/parallels/ws_moveit2/install/moveit_task_constructor_msgs:/home/parallels/ws_moveit2/install/moveit_resources_prbt_support:/home/parallels/ws_moveit2/install/moveit_resources:/home/parallels/ws_moveit2/install/moveit_resources_pr2_description:/home/parallels/ws_moveit2/install/moveit_resources_panda_moveit_config:/home/parallels/ws_moveit2/install/moveit_resources_panda_description:/home/parallels/ws_moveit2/install/moveit_resources_fanuc_moveit_config:/home/parallels/ws_moveit2/install/moveit_resources_fanuc_description:/home/parallels/ws_moveit2/install/moveit_common:/home/parallels/ws_moveit2/install/dynamixel_workbench:/home/parallels/ws_moveit2/install/dynamixel_hardware:/home/parallels/ws_moveit2/install/dynamixel_workbench_toolbox:/home/parallels/ws_moveit2/install/dynamixel_workbench_msgs:/home/parallels/ws_moveit2/install/moveit_configs_utils:/home/parallels/ws_moveit2/install/launch_param_builder:/opt/ros/humble LD_LIBRARY_PATH=/home/parallels/liam workspace/install/moveit_ros_planning_interface/lib:/home/parallels/liam workspace/install/moveit_ros_move_group/lib:/home/parallels/liam workspace/install/moveit_ros_warehouse/lib:/home/parallels/liam workspace/install/moveit_kinematics/lib:/home/parallels/liam workspace/install/moveit_ros_planning/lib:/home/parallels/liam workspace/install/pilz_industrial_motion_planner_testutils/lib:/home/parallels/liam workspace/install/moveit_ros_occupancy_map_monitor/lib:/home/parallels/liam workspace/install/moveit_resources_prbt_ikfast_manipulator_plugin/lib:/home/parallels/liam workspace/install/moveit_core/lib:/home/parallels/liam workspace/install/srdfdom/lib:${LD_LIBRARY_PATH} PATH=/home/parallels/liam workspace/install/moveit_core/bin:${PATH} PYTHONPATH=/home/parallels/liam workspace/install/moveit_configs_utils/lib/python3.10/site-packages:/home/parallels/liam workspace/install/srdfdom/local/lib/python3.10/dist-packages:/home/parallels/liam workspace/install/launch_param_builder/lib/python3.10/site-packages:${PYTHONPATH} /usr/bin/cmake --build /home/parallels/liam workspace/build/pilz_industrial_motion_planner -- -j8 -l8
[126.032s] Invoking command in '/home/parallels/liam workspace/build/pilz_industrial_motion_planner': AMENT_PREFIX_PATH=/home/parallels/liam workspace/install/moveit_resources_prbt_pg70_support:/home/parallels/liam workspace/install/moveit_ros_planning_interface:/home/parallels/liam workspace/install/moveit_resources_prbt_moveit_config:/home/parallels/liam workspace/install/moveit_ros_move_group:/home/parallels/liam workspace/install/moveit_ros_warehouse:/home/parallels/liam workspace/install/moveit_kinematics:/home/parallels/liam workspace/install/moveit_ros_planning:/home/parallels/liam workspace/install/pilz_industrial_motion_planner_testutils:/home/parallels/liam workspace/install/moveit_ros_occupancy_map_monitor:/home/parallels/liam workspace/install/moveit_resources_prbt_ikfast_manipulator_plugin:/home/parallels/liam workspace/install/moveit_core:/home/parallels/liam workspace/install/moveit_resources_panda_moveit_config:/home/parallels/liam workspace/install/moveit_configs_utils:/home/parallels/liam workspace/install/srdfdom:/home/parallels/liam workspace/install/moveit_resources_prbt_support:/home/parallels/liam workspace/install/moveit_resources_panda_description:/home/parallels/liam workspace/install/moveit_common:/home/parallels/liam workspace/install/launch_param_builder:${AMENT_PREFIX_PATH} CMAKE_PREFIX_PATH=/home/parallels/liam workspace/install/moveit_resources_prbt_pg70_support:/home/parallels/liam workspace/install/moveit_ros_planning_interface:/home/parallels/liam workspace/install/moveit_resources_prbt_moveit_config:/home/parallels/liam workspace/install/moveit_ros_move_group:/home/parallels/liam workspace/install/moveit_ros_warehouse:/home/parallels/liam workspace/install/moveit_kinematics:/home/parallels/liam workspace/install/moveit_ros_planning:/home/parallels/liam workspace/install/pilz_industrial_motion_planner_testutils:/home/parallels/liam workspace/install/moveit_ros_occupancy_map_monitor:/home/parallels/liam workspace/install/moveit_resources_prbt_ikfast_manipulator_plugin:/home/parallels/liam workspace/install/moveit_core:/home/parallels/liam workspace/install/moveit_resources_panda_moveit_config:/home/parallels/liam workspace/install/srdfdom:/home/parallels/liam workspace/install/moveit_resources_prbt_support:/home/parallels/liam workspace/install/moveit_resources_panda_description:/home/parallels/liam workspace/install/moveit_common:/home/parallels/ws_moveit2/install/pilz_industrial_motion_planner_testutils:/home/parallels/ws_moveit2/install/moveit_runtime:/home/parallels/ws_moveit2/install/moveit2_tutorials:/home/parallels/ws_moveit2/install/moveit:/home/parallels/ws_moveit2/install/moveit_planners:/home/parallels/ws_moveit2/install/pilz_industrial_motion_planner:/home/parallels/ws_moveit2/install/moveit_visual_tools:/home/parallels/ws_moveit2/install/moveit_task_constructor_visualization:/home/parallels/ws_moveit2/install/moveit_task_constructor_demo:/home/parallels/ws_moveit2/install/moveit_task_constructor_capabilities:/home/parallels/ws_moveit2/install/moveit_task_constructor_core:/home/parallels/ws_moveit2/install/moveit_ros_control_interface:/home/parallels/ws_moveit2/install/moveit_plugins:/home/parallels/ws_moveit2/install/moveit_simple_controller_manager:/home/parallels/ws_moveit2/install/moveit_setup_assistant:/home/parallels/ws_moveit2/install/moveit_setup_srdf_plugins:/home/parallels/ws_moveit2/install/moveit_setup_core_plugins:/home/parallels/ws_moveit2/install/moveit_setup_controllers:/home/parallels/ws_moveit2/install/moveit_setup_app_plugins:/home/parallels/ws_moveit2/install/moveit_setup_framework:/home/parallels/ws_moveit2/install/moveit_servo:/home/parallels/ws_moveit2/install/moveit_ros:/home/parallels/ws_moveit2/install/moveit_ros_visualization:/home/parallels/ws_moveit2/install/moveit_hybrid_planning:/home/parallels/ws_moveit2/install/moveit_ros_planning_interface:/home/parallels/ws_moveit2/install/moveit_ros_benchmarks:/home/parallels/ws_moveit2/install/moveit_ros_warehouse:/home/parallels/ws_moveit2/install/moveit_ros_robot_interaction:/home/parallels/ws_moveit2/install/moveit_ros_perception:/home/parallels/ws_moveit2/install/moveit_resources_prbt_pg70_support:/home/parallels/ws_moveit2/install/moveit_resources_prbt_moveit_config:/home/parallels/ws_moveit2/install/moveit_ros_move_group:/home/parallels/ws_moveit2/install/moveit_planners_ompl:/home/parallels/ws_moveit2/install/moveit_ros_planning:/home/parallels/ws_moveit2/install/moveit_ros_occupancy_map_monitor:/home/parallels/ws_moveit2/install/moveit_resources_prbt_ikfast_manipulator_plugin:/home/parallels/ws_moveit2/install/moveit_planners_chomp:/home/parallels/ws_moveit2/install/moveit_kinematics:/home/parallels/ws_moveit2/install/moveit_chomp_optimizer_adapter:/home/parallels/ws_moveit2/install/chomp_motion_planner:/home/parallels/ws_moveit2/install/moveit_core:/home/parallels/ws_moveit2/install/srdfdom:/home/parallels/ws_moveit2/install/rviz_marker_tools:/home/parallels/ws_moveit2/install/rosparam_shortcuts:/home/parallels/ws_moveit2/install/pantilt_bot_description:/home/parallels/ws_moveit2/install/open_manipulator_x_description:/home/parallels/ws_moveit2/install/moveit_task_constructor_msgs:/home/parallels/ws_moveit2/install/moveit_resources_prbt_support:/home/parallels/ws_moveit2/install/moveit_resources:/home/parallels/ws_moveit2/install/moveit_resources_pr2_description:/home/parallels/ws_moveit2/install/moveit_resources_panda_moveit_config:/home/parallels/ws_moveit2/install/moveit_resources_panda_description:/home/parallels/ws_moveit2/install/moveit_resources_fanuc_moveit_config:/home/parallels/ws_moveit2/install/moveit_resources_fanuc_description:/home/parallels/ws_moveit2/install/moveit_common:/home/parallels/ws_moveit2/install/dynamixel_workbench:/home/parallels/ws_moveit2/install/dynamixel_hardware:/home/parallels/ws_moveit2/install/dynamixel_workbench_toolbox:/home/parallels/ws_moveit2/install/dynamixel_workbench_msgs:/home/parallels/ws_moveit2/install/moveit_configs_utils:/home/parallels/ws_moveit2/install/launch_param_builder:/opt/ros/humble LD_LIBRARY_PATH=/home/parallels/liam workspace/install/moveit_ros_planning_interface/lib:/home/parallels/liam workspace/install/moveit_ros_move_group/lib:/home/parallels/liam workspace/install/moveit_ros_warehouse/lib:/home/parallels/liam workspace/install/moveit_kinematics/lib:/home/parallels/liam workspace/install/moveit_ros_planning/lib:/home/parallels/liam workspace/install/pilz_industrial_motion_planner_testutils/lib:/home/parallels/liam workspace/install/moveit_ros_occupancy_map_monitor/lib:/home/parallels/liam workspace/install/moveit_resources_prbt_ikfast_manipulator_plugin/lib:/home/parallels/liam workspace/install/moveit_core/lib:/home/parallels/liam workspace/install/srdfdom/lib:${LD_LIBRARY_PATH} PATH=/home/parallels/liam workspace/install/moveit_core/bin:${PATH} PYTHONPATH=/home/parallels/liam workspace/install/moveit_configs_utils/lib/python3.10/site-packages:/home/parallels/liam workspace/install/srdfdom/local/lib/python3.10/dist-packages:/home/parallels/liam workspace/install/launch_param_builder/lib/python3.10/site-packages:${PYTHONPATH} /usr/bin/cmake --install /home/parallels/liam workspace/build/pilz_industrial_motion_planner
[126.038s] -- Install configuration: "Release"
[126.038s] -- Installing: /home/parallels/liam workspace/install/pilz_industrial_motion_planner/share/pilz_industrial_motion_planner/plugins/pilz_industrial_motion_planner_plugin_description.xml
[126.038s] -- Installing: /home/parallels/liam workspace/install/pilz_industrial_motion_planner/share/pilz_industrial_motion_planner/plugins/sequence_capability_plugin_description.xml
[126.038s] -- Installing: /home/parallels/liam workspace/install/pilz_industrial_motion_planner/share/pilz_industrial_motion_planner/plugins/planning_context_plugin_description.xml
[126.039s] -- Installing: /home/parallels/liam workspace/install/pilz_industrial_motion_planner/lib/libpilz_industrial_motion_planner.so
[126.039s] -- Set runtime path of "/home/parallels/liam workspace/install/pilz_industrial_motion_planner/lib/libpilz_industrial_motion_planner.so" to ""
[126.039s] -- Installing: /home/parallels/liam workspace/install/pilz_industrial_motion_planner/lib/libjoint_limits_common.so
[126.039s] -- Set runtime path of "/home/parallels/liam workspace/install/pilz_industrial_motion_planner/lib/libjoint_limits_common.so" to ""
[126.039s] -- Installing: /home/parallels/liam workspace/install/pilz_industrial_motion_planner/lib/libplanning_context_loader_base.so
[126.040s] -- Set runtime path of "/home/parallels/liam workspace/install/pilz_industrial_motion_planner/lib/libplanning_context_loader_base.so" to ""
[126.040s] -- Installing: /home/parallels/liam workspace/install/pilz_industrial_motion_planner/lib/libplanning_context_loader_ptp.so
[126.040s] -- Set runtime path of "/home/parallels/liam workspace/install/pilz_industrial_motion_planner/lib/libplanning_context_loader_ptp.so" to ""
[126.040s] -- Installing: /home/parallels/liam workspace/install/pilz_industrial_motion_planner/lib/libplanning_context_loader_lin.so
[126.040s] -- Set runtime path of "/home/parallels/liam workspace/install/pilz_industrial_motion_planner/lib/libplanning_context_loader_lin.so" to ""
[126.040s] -- Installing: /home/parallels/liam workspace/install/pilz_industrial_motion_planner/lib/libplanning_context_loader_circ.so
[126.040s] -- Set runtime path of "/home/parallels/liam workspace/install/pilz_industrial_motion_planner/lib/libplanning_context_loader_circ.so" to ""
[126.041s] -- Installing: /home/parallels/liam workspace/install/pilz_industrial_motion_planner/lib/libcommand_list_manager.so
[126.041s] -- Set runtime path of "/home/parallels/liam workspace/install/pilz_industrial_motion_planner/lib/libcommand_list_manager.so" to ""
[126.041s] -- Installing: /home/parallels/liam workspace/install/pilz_industrial_motion_planner/lib/libsequence_capability.so
[126.041s] -- Set runtime path of "/home/parallels/liam workspace/install/pilz_industrial_motion_planner/lib/libsequence_capability.so" to ""
[126.041s] -- Installing: /home/parallels/liam workspace/install/pilz_industrial_motion_planner/lib/libtrajectory_generation_common.so
[126.042s] -- Set runtime path of "/home/parallels/liam workspace/install/pilz_industrial_motion_planner/lib/libtrajectory_generation_common.so" to ""
[126.042s] -- Installing: /home/parallels/liam workspace/install/pilz_industrial_motion_planner/include
[126.042s] -- Installing: /home/parallels/liam workspace/install/pilz_industrial_motion_planner/include/pilz_industrial_motion_planner
[126.042s] -- Installing: /home/parallels/liam workspace/install/pilz_industrial_motion_planner/include/pilz_industrial_motion_planner/planning_context_ptp.h
[126.042s] -- Installing: /home/parallels/liam workspace/install/pilz_industrial_motion_planner/include/pilz_industrial_motion_planner/move_group_sequence_action.h
[126.042s] -- Installing: /home/parallels/liam workspace/install/pilz_industrial_motion_planner/include/pilz_industrial_motion_planner/planning_context_loader_circ.h
[126.042s] -- Installing: /home/parallels/liam workspace/install/pilz_industrial_motion_planner/include/pilz_industrial_motion_planner/planning_context_lin.h
[126.042s] -- Installing: /home/parallels/liam workspace/install/pilz_industrial_motion_planner/include/pilz_industrial_motion_planner/trajectory_generator.h
[126.042s] -- Installing: /home/parallels/liam workspace/install/pilz_industrial_motion_planner/include/pilz_industrial_motion_planner/command_list_manager.h
[126.043s] -- Installing: /home/parallels/liam workspace/install/pilz_industrial_motion_planner/include/pilz_industrial_motion_planner/joint_limits_extension.h
[126.043s] -- Installing: /home/parallels/liam workspace/install/pilz_industrial_motion_planner/include/pilz_industrial_motion_planner/planning_exceptions.h
[126.043s] -- Installing: /home/parallels/liam workspace/install/pilz_industrial_motion_planner/include/pilz_industrial_motion_planner/cartesian_limit.h
[126.043s] -- Installing: /home/parallels/liam workspace/install/pilz_industrial_motion_planner/include/pilz_industrial_motion_planner/limits_container.h
[126.043s] -- Installing: /home/parallels/liam workspace/install/pilz_industrial_motion_planner/include/pilz_industrial_motion_planner/planning_context_base.h
[126.043s] -- Installing: /home/parallels/liam workspace/install/pilz_industrial_motion_planner/include/pilz_industrial_motion_planner/trajectory_blend_request.h
[126.043s] -- Installing: /home/parallels/liam workspace/install/pilz_industrial_motion_planner/include/pilz_industrial_motion_planner/move_group_sequence_service.h
[126.043s] -- Installing: /home/parallels/liam workspace/install/pilz_industrial_motion_planner/include/pilz_industrial_motion_planner/cartesian_trajectory_point.h
[126.043s] -- Installing: /home/parallels/liam workspace/install/pilz_industrial_motion_planner/include/pilz_industrial_motion_planner/planning_context_loader_ptp.h
[126.043s] -- Installing: /home/parallels/liam workspace/install/pilz_industrial_motion_planner/include/pilz_industrial_motion_planner/joint_limits_validator.h
[126.043s] -- Installing: /home/parallels/liam workspace/install/pilz_industrial_motion_planner/include/pilz_industrial_motion_planner/plan_components_builder.h
[126.043s] -- Installing: /home/parallels/liam workspace/install/pilz_industrial_motion_planner/include/pilz_industrial_motion_planner/velocity_profile_atrap.h
[126.043s] -- Installing: /home/parallels/liam workspace/install/pilz_industrial_motion_planner/include/pilz_industrial_motion_planner/trajectory_generator_ptp.h
[126.043s] -- Installing: /home/parallels/liam workspace/install/pilz_industrial_motion_planner/include/pilz_industrial_motion_planner/trajectory_generator_circ.h
[126.043s] -- Installing: /home/parallels/liam workspace/install/pilz_industrial_motion_planner/include/pilz_industrial_motion_planner/cartesian_trajectory.h
[126.043s] -- Installing: /home/parallels/liam workspace/install/pilz_industrial_motion_planner/include/pilz_industrial_motion_planner/cartesian_limits_aggregator.h
[126.043s] -- Installing: /home/parallels/liam workspace/install/pilz_industrial_motion_planner/include/pilz_industrial_motion_planner/trajectory_functions.h
[126.043s] -- Installing: /home/parallels/liam workspace/install/pilz_industrial_motion_planner/include/pilz_industrial_motion_planner/trajectory_generator_lin.h
[126.043s] -- Installing: /home/parallels/liam workspace/install/pilz_industrial_motion_planner/include/pilz_industrial_motion_planner/trajectory_blend_response.h
[126.044s] -- Installing: /home/parallels/liam workspace/install/pilz_industrial_motion_planner/include/pilz_industrial_motion_planner/capability_names.h
[126.044s] -- Installing: /home/parallels/liam workspace/install/pilz_industrial_motion_planner/include/pilz_industrial_motion_planner/planning_context_circ.h
[126.044s] -- Installing: /home/parallels/liam workspace/install/pilz_industrial_motion_planner/include/pilz_industrial_motion_planner/trajectory_blender_transition_window.h
[126.044s] -- Installing: /home/parallels/liam workspace/install/pilz_industrial_motion_planner/include/pilz_industrial_motion_planner/joint_limits_aggregator.h
[126.044s] -- Installing: /home/parallels/liam workspace/install/pilz_industrial_motion_planner/include/pilz_industrial_motion_planner/trajectory_blender.h
[126.044s] -- Installing: /home/parallels/liam workspace/install/pilz_industrial_motion_planner/include/pilz_industrial_motion_planner/joint_limits_interface_extension.h
[126.044s] -- Installing: /home/parallels/liam workspace/install/pilz_industrial_motion_planner/include/pilz_industrial_motion_planner/path_circle_generator.h
[126.044s] -- Installing: /home/parallels/liam workspace/install/pilz_industrial_motion_planner/include/pilz_industrial_motion_planner/planning_context_loader_lin.h
[126.044s] -- Installing: /home/parallels/liam workspace/install/pilz_industrial_motion_planner/include/pilz_industrial_motion_planner/trajectory_generation_exceptions.h
[126.044s] -- Installing: /home/parallels/liam workspace/install/pilz_industrial_motion_planner/include/pilz_industrial_motion_planner/pilz_industrial_motion_planner.h
[126.044s] -- Installing: /home/parallels/liam workspace/install/pilz_industrial_motion_planner/include/pilz_industrial_motion_planner/joint_limits_container.h
[126.044s] -- Installing: /home/parallels/liam workspace/install/pilz_industrial_motion_planner/include/pilz_industrial_motion_planner/tip_frame_getter.h
[126.044s] -- Installing: /home/parallels/liam workspace/install/pilz_industrial_motion_planner/include/pilz_industrial_motion_planner/planning_context_loader.h
[126.044s] -- Installing: /home/parallels/liam workspace/install/pilz_industrial_motion_planner/include/joint_limits_copy
[126.044s] -- Installing: /home/parallels/liam workspace/install/pilz_industrial_motion_planner/include/joint_limits_copy/joint_limits.hpp
[126.045s] -- Installing: /home/parallels/liam workspace/install/pilz_industrial_motion_planner/include/joint_limits_copy/joint_limits_rosparam.hpp
[126.045s] -- Installing: /home/parallels/liam workspace/install/pilz_industrial_motion_planner/share/pilz_industrial_motion_planner/environment/library_path.sh
[126.045s] -- Installing: /home/parallels/liam workspace/install/pilz_industrial_motion_planner/share/pilz_industrial_motion_planner/environment/library_path.dsv
[126.045s] -- Installing: /home/parallels/liam workspace/install/pilz_industrial_motion_planner/lib/pilz_industrial_motion_planner/unittest_pilz_industrial_motion_planner_direct
[126.046s] -- Set runtime path of "/home/parallels/liam workspace/install/pilz_industrial_motion_planner/lib/pilz_industrial_motion_planner/unittest_pilz_industrial_motion_planner_direct" to ""
[126.046s] -- Installing: /home/parallels/liam workspace/install/pilz_industrial_motion_planner/lib/pilz_industrial_motion_planner/unittest_velocity_profile_atrap
[126.046s] -- Set runtime path of "/home/parallels/liam workspace/install/pilz_industrial_motion_planner/lib/pilz_industrial_motion_planner/unittest_velocity_profile_atrap" to ""
[126.046s] -- Installing: /home/parallels/liam workspace/install/pilz_industrial_motion_planner/lib/pilz_industrial_motion_planner/unittest_trajectory_generator
[126.047s] -- Set runtime path of "/home/parallels/liam workspace/install/pilz_industrial_motion_planner/lib/pilz_industrial_motion_planner/unittest_trajectory_generator" to ""
[126.047s] -- Installing: /home/parallels/liam workspace/install/pilz_industrial_motion_planner/lib/pilz_industrial_motion_planner/unittest_trajectory_functions
[126.048s] -- Set runtime path of "/home/parallels/liam workspace/install/pilz_industrial_motion_planner/lib/pilz_industrial_motion_planner/unittest_trajectory_functions" to ""
[126.048s] -- Installing: /home/parallels/liam workspace/install/pilz_industrial_motion_planner/lib/pilz_industrial_motion_planner/unittest_trajectory_blender_transition_window
[126.049s] -- Set runtime path of "/home/parallels/liam workspace/install/pilz_industrial_motion_planner/lib/pilz_industrial_motion_planner/unittest_trajectory_blender_transition_window" to ""
[126.049s] -- Installing: /home/parallels/liam workspace/install/pilz_industrial_motion_planner/lib/pilz_industrial_motion_planner/unittest_trajectory_generator_common
[126.050s] -- Set runtime path of "/home/parallels/liam workspace/install/pilz_industrial_motion_planner/lib/pilz_industrial_motion_planner/unittest_trajectory_generator_common" to ""
[126.050s] -- Installing: /home/parallels/liam workspace/install/pilz_industrial_motion_planner/lib/pilz_industrial_motion_planner/unittest_trajectory_generator_circ
[126.051s] -- Set runtime path of "/home/parallels/liam workspace/install/pilz_industrial_motion_planner/lib/pilz_industrial_motion_planner/unittest_trajectory_generator_circ" to ""
[126.051s] -- Installing: /home/parallels/liam workspace/install/pilz_industrial_motion_planner/lib/pilz_industrial_motion_planner/unittest_trajectory_generator_lin
[126.052s] -- Set runtime path of "/home/parallels/liam workspace/install/pilz_industrial_motion_planner/lib/pilz_industrial_motion_planner/unittest_trajectory_generator_lin" to ""
[126.052s] -- Installing: /home/parallels/liam workspace/install/pilz_industrial_motion_planner/lib/pilz_industrial_motion_planner/unittest_trajectory_generator_ptp
[126.052s] -- Set runtime path of "/home/parallels/liam workspace/install/pilz_industrial_motion_planner/lib/pilz_industrial_motion_planner/unittest_trajectory_generator_ptp" to ""
[126.053s] -- Installing: /home/parallels/liam workspace/install/pilz_industrial_motion_planner/lib/pilz_industrial_motion_planner/unittest_pilz_industrial_motion_planner
[126.053s] -- Set runtime path of "/home/parallels/liam workspace/install/pilz_industrial_motion_planner/lib/pilz_industrial_motion_planner/unittest_pilz_industrial_motion_planner" to ""
[126.053s] -- Installing: /home/parallels/liam workspace/install/pilz_industrial_motion_planner/lib/pilz_industrial_motion_planner/unittest_joint_limit
[126.054s] -- Set runtime path of "/home/parallels/liam workspace/install/pilz_industrial_motion_planner/lib/pilz_industrial_motion_planner/unittest_joint_limit" to ""
[126.054s] -- Installing: /home/parallels/liam workspace/install/pilz_industrial_motion_planner/lib/pilz_industrial_motion_planner/unittest_joint_limits_aggregator
[126.054s] -- Set runtime path of "/home/parallels/liam workspace/install/pilz_industrial_motion_planner/lib/pilz_industrial_motion_planner/unittest_joint_limits_aggregator" to ""
[126.055s] -- Installing: /home/parallels/liam workspace/install/pilz_industrial_motion_planner/lib/pilz_industrial_motion_planner/unittest_joint_limits_container
[126.055s] -- Set runtime path of "/home/parallels/liam workspace/install/pilz_industrial_motion_planner/lib/pilz_industrial_motion_planner/unittest_joint_limits_container" to ""
[126.055s] -- Installing: /home/parallels/liam workspace/install/pilz_industrial_motion_planner/lib/pilz_industrial_motion_planner/unittest_joint_limits_validator
[126.055s] -- Set runtime path of "/home/parallels/liam workspace/install/pilz_industrial_motion_planner/lib/pilz_industrial_motion_planner/unittest_joint_limits_validator" to ""
[126.055s] -- Installing: /home/parallels/liam workspace/install/pilz_industrial_motion_planner/lib/pilz_industrial_motion_planner/unittest_cartesian_limits_aggregator
[126.056s] -- Set runtime path of "/home/parallels/liam workspace/install/pilz_industrial_motion_planner/lib/pilz_industrial_motion_planner/unittest_cartesian_limits_aggregator" to ""
[126.056s] -- Installing: /home/parallels/liam workspace/install/pilz_industrial_motion_planner/lib/pilz_industrial_motion_planner/unittest_planning_context_loaders
[126.057s] -- Set runtime path of "/home/parallels/liam workspace/install/pilz_industrial_motion_planner/lib/pilz_industrial_motion_planner/unittest_planning_context_loaders" to ""
[126.057s] -- Installing: /home/parallels/liam workspace/install/pilz_industrial_motion_planner/lib/pilz_industrial_motion_planner/unittest_planning_context
[126.058s] -- Set runtime path of "/home/parallels/liam workspace/install/pilz_industrial_motion_planner/lib/pilz_industrial_motion_planner/unittest_planning_context" to ""
[126.058s] -- Installing: /home/parallels/liam workspace/install/pilz_industrial_motion_planner/lib/pilz_industrial_motion_planner/unittest_get_solver_tip_frame
[126.058s] -- Set runtime path of "/home/parallels/liam workspace/install/pilz_industrial_motion_planner/lib/pilz_industrial_motion_planner/unittest_get_solver_tip_frame" to ""
[126.059s] -- Installing: /home/parallels/liam workspace/install/pilz_industrial_motion_planner/share/pilz_industrial_motion_planner/config
[126.059s] -- Installing: /home/parallels/liam workspace/install/pilz_industrial_motion_planner/share/pilz_industrial_motion_planner/config/unittest_trajectory_blender_transition_window.yaml
[126.059s] -- Installing: /home/parallels/liam workspace/install/pilz_industrial_motion_planner/share/pilz_industrial_motion_planner/config/unittest_trajectory_generator_lin.yaml
[126.059s] -- Installing: /home/parallels/liam workspace/install/pilz_industrial_motion_planner/share/pilz_industrial_motion_planner/config/unittest_trajectory_generator_common.yaml
[126.059s] -- Installing: /home/parallels/liam workspace/install/pilz_industrial_motion_planner/share/pilz_industrial_motion_planner/config/unittest_trajectory_generator_ptp.yaml
[126.059s] -- Installing: /home/parallels/liam workspace/install/pilz_industrial_motion_planner/share/pilz_industrial_motion_planner/config/unittest_cartesian_limits_aggregator.yaml
[126.059s] -- Installing: /home/parallels/liam workspace/install/pilz_industrial_motion_planner/share/pilz_industrial_motion_planner/config/unittest_trajectory_functions.yaml
[126.059s] -- Installing: /home/parallels/liam workspace/install/pilz_industrial_motion_planner/share/pilz_industrial_motion_planner/config/unittest_joint_limit_config.yaml
[126.059s] -- Installing: /home/parallels/liam workspace/install/pilz_industrial_motion_planner/share/pilz_industrial_motion_planner/config/unittest_trajectory_generator_circ.yaml
[126.059s] -- Installing: /home/parallels/liam workspace/install/pilz_industrial_motion_planner/share/pilz_industrial_motion_planner/config/unittest_joint_limits_aggregator.yaml
[126.059s] -- Installing: /home/parallels/liam workspace/install/pilz_industrial_motion_planner/share/pilz_industrial_motion_planner/launch
[126.059s] -- Installing: /home/parallels/liam workspace/install/pilz_industrial_motion_planner/share/pilz_industrial_motion_planner/launch/unittest_planning_context_loaders.test.py
[126.059s] -- Installing: /home/parallels/liam workspace/install/pilz_industrial_motion_planner/share/pilz_industrial_motion_planner/launch/unittest_joint_limits_aggregator.test.py
[126.059s] -- Installing: /home/parallels/liam workspace/install/pilz_industrial_motion_planner/share/pilz_industrial_motion_planner/launch/unittest_joint_limit.test.py
[126.059s] -- Installing: /home/parallels/liam workspace/install/pilz_industrial_motion_planner/share/pilz_industrial_motion_planner/launch/unittest_cartesian_limits_aggregator.test.py
[126.059s] -- Installing: /home/parallels/liam workspace/install/pilz_industrial_motion_planner/share/pilz_industrial_motion_planner/launch/common_parameters.py
[126.060s] -- Installing: /home/parallels/liam workspace/install/pilz_industrial_motion_planner/share/pilz_industrial_motion_planner/launch/unittest_trajectory_generator_lin.test.py
[126.060s] -- Installing: /home/parallels/liam workspace/install/pilz_industrial_motion_planner/share/pilz_industrial_motion_planner/launch/unittest_trajectory_generator_circ.test.py
[126.060s] -- Installing: /home/parallels/liam workspace/install/pilz_industrial_motion_planner/share/pilz_industrial_motion_planner/launch/unittest_trajectory_blender_transition_window.test.py
[126.060s] -- Installing: /home/parallels/liam workspace/install/pilz_industrial_motion_planner/share/pilz_industrial_motion_planner/launch/unittest_trajectory_generator_common.test.py
[126.060s] -- Installing: /home/parallels/liam workspace/install/pilz_industrial_motion_planner/share/pilz_industrial_motion_planner/launch/unittest_trajectory_generator_ptp.test.py
[126.060s] -- Installing: /home/parallels/liam workspace/install/pilz_industrial_motion_planner/share/pilz_industrial_motion_planner/launch/unittest_planning_context.test.py
[126.060s] -- Installing: /home/parallels/liam workspace/install/pilz_industrial_motion_planner/share/pilz_industrial_motion_planner/launch/unittest_trajectory_functions.test.py
[126.060s] -- Installing: /home/parallels/liam workspace/install/pilz_industrial_motion_planner/share/pilz_industrial_motion_planner/launch/unittest_pilz_industrial_motion_planner.test.py
[126.060s] -- Installing: /home/parallels/liam workspace/install/pilz_industrial_motion_planner/share/pilz_industrial_motion_planner/test_data
[126.060s] -- Installing: /home/parallels/liam workspace/install/pilz_industrial_motion_planner/share/pilz_industrial_motion_planner/test_data/testpoints.py
[126.060s] -- Installing: /home/parallels/liam workspace/install/pilz_industrial_motion_planner/share/pilz_industrial_motion_planner/test_data/concept_testdata.png
[126.060s] -- Installing: /home/parallels/liam workspace/install/pilz_industrial_motion_planner/share/pilz_industrial_motion_planner/test_data/prbt
[126.060s] -- Installing: /home/parallels/liam workspace/install/pilz_industrial_motion_planner/share/pilz_industrial_motion_planner/test_data/prbt/testdata_deprecated.xml
[126.060s] -- Installing: /home/parallels/liam workspace/install/pilz_industrial_motion_planner/share/pilz_industrial_motion_planner/test_data/prbt/testdata_sequence.xml
[126.061s] -- Installing: /home/parallels/liam workspace/install/pilz_industrial_motion_planner/share/pilz_industrial_motion_planner/test_data/prbt/testdata_with_gripper.xml
[126.061s] -- Installing: /home/parallels/liam workspace/install/pilz_industrial_motion_planner/share/pilz_industrial_motion_planner/test_data/concept_testdata.odp
[126.061s] -- Installing: /home/parallels/liam workspace/install/pilz_industrial_motion_planner/share/pilz_industrial_motion_planner/test_data/frankaemika_panda
[126.063s] -- Installing: /home/parallels/liam workspace/install/pilz_industrial_motion_planner/share/pilz_industrial_motion_planner/test_data/frankaemika_panda/testdata_sequence.xml
[126.063s] -- Installing: /home/parallels/liam workspace/install/pilz_industrial_motion_planner/share/ament_index/resource_index/package_run_dependencies/pilz_industrial_motion_planner
[126.063s] -- Installing: /home/parallels/liam workspace/install/pilz_industrial_motion_planner/share/ament_index/resource_index/parent_prefix_path/pilz_industrial_motion_planner
[126.063s] -- Installing: /home/parallels/liam workspace/install/pilz_industrial_motion_planner/share/pilz_industrial_motion_planner/environment/ament_prefix_path.sh
[126.063s] -- Installing: /home/parallels/liam workspace/install/pilz_industrial_motion_planner/share/pilz_industrial_motion_planner/environment/ament_prefix_path.dsv
[126.063s] -- Installing: /home/parallels/liam workspace/install/pilz_industrial_motion_planner/share/pilz_industrial_motion_planner/environment/path.sh
[126.063s] -- Installing: /home/parallels/liam workspace/install/pilz_industrial_motion_planner/share/pilz_industrial_motion_planner/environment/path.dsv
[126.063s] -- Installing: /home/parallels/liam workspace/install/pilz_industrial_motion_planner/share/pilz_industrial_motion_planner/local_setup.bash
[126.063s] -- Installing: /home/parallels/liam workspace/install/pilz_industrial_motion_planner/share/pilz_industrial_motion_planner/local_setup.sh
[126.063s] -- Installing: /home/parallels/liam workspace/install/pilz_industrial_motion_planner/share/pilz_industrial_motion_planner/local_setup.zsh
[126.063s] -- Installing: /home/parallels/liam workspace/install/pilz_industrial_motion_planner/share/pilz_industrial_motion_planner/local_setup.dsv
[126.063s] -- Installing: /home/parallels/liam workspace/install/pilz_industrial_motion_planner/share/pilz_industrial_motion_planner/package.dsv
[126.063s] -- Installing: /home/parallels/liam workspace/install/pilz_industrial_motion_planner/share/ament_index/resource_index/packages/pilz_industrial_motion_planner
[126.063s] -- Installing: /home/parallels/liam workspace/install/pilz_industrial_motion_planner/share/ament_index/resource_index/moveit_core__pluginlib__plugin/pilz_industrial_motion_planner
[126.063s] -- Installing: /home/parallels/liam workspace/install/pilz_industrial_motion_planner/share/ament_index/resource_index/moveit_ros_move_group__pluginlib__plugin/pilz_industrial_motion_planner
[126.063s] -- Installing: /home/parallels/liam workspace/install/pilz_industrial_motion_planner/share/ament_index/resource_index/pilz_industrial_motion_planner__pluginlib__plugin/pilz_industrial_motion_planner
[126.063s] -- Installing: /home/parallels/liam workspace/install/pilz_industrial_motion_planner/share/pilz_industrial_motion_planner/cmake/pilz_industrial_motion_plannerTargetsExport.cmake
[126.063s] -- Installing: /home/parallels/liam workspace/install/pilz_industrial_motion_planner/share/pilz_industrial_motion_planner/cmake/pilz_industrial_motion_plannerTargetsExport-release.cmake
[126.063s] -- Installing: /home/parallels/liam workspace/install/pilz_industrial_motion_planner/share/pilz_industrial_motion_planner/cmake/ament_cmake_export_include_directories-extras.cmake
[126.063s] -- Installing: /home/parallels/liam workspace/install/pilz_industrial_motion_planner/share/pilz_industrial_motion_planner/cmake/ament_cmake_export_targets-extras.cmake
[126.064s] -- Installing: /home/parallels/liam workspace/install/pilz_industrial_motion_planner/share/pilz_industrial_motion_planner/cmake/ament_cmake_export_dependencies-extras.cmake
[126.064s] -- Installing: /home/parallels/liam workspace/install/pilz_industrial_motion_planner/share/pilz_industrial_motion_planner/cmake/pilz_industrial_motion_plannerConfig.cmake
[126.064s] -- Installing: /home/parallels/liam workspace/install/pilz_industrial_motion_planner/share/pilz_industrial_motion_planner/cmake/pilz_industrial_motion_plannerConfig-version.cmake
[126.064s] -- Installing: /home/parallels/liam workspace/install/pilz_industrial_motion_planner/share/pilz_industrial_motion_planner/package.xml
[126.065s] Invoked command in '/home/parallels/liam workspace/build/pilz_industrial_motion_planner' returned '0': AMENT_PREFIX_PATH=/home/parallels/liam workspace/install/moveit_resources_prbt_pg70_support:/home/parallels/liam workspace/install/moveit_ros_planning_interface:/home/parallels/liam workspace/install/moveit_resources_prbt_moveit_config:/home/parallels/liam workspace/install/moveit_ros_move_group:/home/parallels/liam workspace/install/moveit_ros_warehouse:/home/parallels/liam workspace/install/moveit_kinematics:/home/parallels/liam workspace/install/moveit_ros_planning:/home/parallels/liam workspace/install/pilz_industrial_motion_planner_testutils:/home/parallels/liam workspace/install/moveit_ros_occupancy_map_monitor:/home/parallels/liam workspace/install/moveit_resources_prbt_ikfast_manipulator_plugin:/home/parallels/liam workspace/install/moveit_core:/home/parallels/liam workspace/install/moveit_resources_panda_moveit_config:/home/parallels/liam workspace/install/moveit_configs_utils:/home/parallels/liam workspace/install/srdfdom:/home/parallels/liam workspace/install/moveit_resources_prbt_support:/home/parallels/liam workspace/install/moveit_resources_panda_description:/home/parallels/liam workspace/install/moveit_common:/home/parallels/liam workspace/install/launch_param_builder:${AMENT_PREFIX_PATH} CMAKE_PREFIX_PATH=/home/parallels/liam workspace/install/moveit_resources_prbt_pg70_support:/home/parallels/liam workspace/install/moveit_ros_planning_interface:/home/parallels/liam workspace/install/moveit_resources_prbt_moveit_config:/home/parallels/liam workspace/install/moveit_ros_move_group:/home/parallels/liam workspace/install/moveit_ros_warehouse:/home/parallels/liam workspace/install/moveit_kinematics:/home/parallels/liam workspace/install/moveit_ros_planning:/home/parallels/liam workspace/install/pilz_industrial_motion_planner_testutils:/home/parallels/liam workspace/install/moveit_ros_occupancy_map_monitor:/home/parallels/liam workspace/install/moveit_resources_prbt_ikfast_manipulator_plugin:/home/parallels/liam workspace/install/moveit_core:/home/parallels/liam workspace/install/moveit_resources_panda_moveit_config:/home/parallels/liam workspace/install/srdfdom:/home/parallels/liam workspace/install/moveit_resources_prbt_support:/home/parallels/liam workspace/install/moveit_resources_panda_description:/home/parallels/liam workspace/install/moveit_common:/home/parallels/ws_moveit2/install/pilz_industrial_motion_planner_testutils:/home/parallels/ws_moveit2/install/moveit_runtime:/home/parallels/ws_moveit2/install/moveit2_tutorials:/home/parallels/ws_moveit2/install/moveit:/home/parallels/ws_moveit2/install/moveit_planners:/home/parallels/ws_moveit2/install/pilz_industrial_motion_planner:/home/parallels/ws_moveit2/install/moveit_visual_tools:/home/parallels/ws_moveit2/install/moveit_task_constructor_visualization:/home/parallels/ws_moveit2/install/moveit_task_constructor_demo:/home/parallels/ws_moveit2/install/moveit_task_constructor_capabilities:/home/parallels/ws_moveit2/install/moveit_task_constructor_core:/home/parallels/ws_moveit2/install/moveit_ros_control_interface:/home/parallels/ws_moveit2/install/moveit_plugins:/home/parallels/ws_moveit2/install/moveit_simple_controller_manager:/home/parallels/ws_moveit2/install/moveit_setup_assistant:/home/parallels/ws_moveit2/install/moveit_setup_srdf_plugins:/home/parallels/ws_moveit2/install/moveit_setup_core_plugins:/home/parallels/ws_moveit2/install/moveit_setup_controllers:/home/parallels/ws_moveit2/install/moveit_setup_app_plugins:/home/parallels/ws_moveit2/install/moveit_setup_framework:/home/parallels/ws_moveit2/install/moveit_servo:/home/parallels/ws_moveit2/install/moveit_ros:/home/parallels/ws_moveit2/install/moveit_ros_visualization:/home/parallels/ws_moveit2/install/moveit_hybrid_planning:/home/parallels/ws_moveit2/install/moveit_ros_planning_interface:/home/parallels/ws_moveit2/install/moveit_ros_benchmarks:/home/parallels/ws_moveit2/install/moveit_ros_warehouse:/home/parallels/ws_moveit2/install/moveit_ros_robot_interaction:/home/parallels/ws_moveit2/install/moveit_ros_perception:/home/parallels/ws_moveit2/install/moveit_resources_prbt_pg70_support:/home/parallels/ws_moveit2/install/moveit_resources_prbt_moveit_config:/home/parallels/ws_moveit2/install/moveit_ros_move_group:/home/parallels/ws_moveit2/install/moveit_planners_ompl:/home/parallels/ws_moveit2/install/moveit_ros_planning:/home/parallels/ws_moveit2/install/moveit_ros_occupancy_map_monitor:/home/parallels/ws_moveit2/install/moveit_resources_prbt_ikfast_manipulator_plugin:/home/parallels/ws_moveit2/install/moveit_planners_chomp:/home/parallels/ws_moveit2/install/moveit_kinematics:/home/parallels/ws_moveit2/install/moveit_chomp_optimizer_adapter:/home/parallels/ws_moveit2/install/chomp_motion_planner:/home/parallels/ws_moveit2/install/moveit_core:/home/parallels/ws_moveit2/install/srdfdom:/home/parallels/ws_moveit2/install/rviz_marker_tools:/home/parallels/ws_moveit2/install/rosparam_shortcuts:/home/parallels/ws_moveit2/install/pantilt_bot_description:/home/parallels/ws_moveit2/install/open_manipulator_x_description:/home/parallels/ws_moveit2/install/moveit_task_constructor_msgs:/home/parallels/ws_moveit2/install/moveit_resources_prbt_support:/home/parallels/ws_moveit2/install/moveit_resources:/home/parallels/ws_moveit2/install/moveit_resources_pr2_description:/home/parallels/ws_moveit2/install/moveit_resources_panda_moveit_config:/home/parallels/ws_moveit2/install/moveit_resources_panda_description:/home/parallels/ws_moveit2/install/moveit_resources_fanuc_moveit_config:/home/parallels/ws_moveit2/install/moveit_resources_fanuc_description:/home/parallels/ws_moveit2/install/moveit_common:/home/parallels/ws_moveit2/install/dynamixel_workbench:/home/parallels/ws_moveit2/install/dynamixel_hardware:/home/parallels/ws_moveit2/install/dynamixel_workbench_toolbox:/home/parallels/ws_moveit2/install/dynamixel_workbench_msgs:/home/parallels/ws_moveit2/install/moveit_configs_utils:/home/parallels/ws_moveit2/install/launch_param_builder:/opt/ros/humble LD_LIBRARY_PATH=/home/parallels/liam workspace/install/moveit_ros_planning_interface/lib:/home/parallels/liam workspace/install/moveit_ros_move_group/lib:/home/parallels/liam workspace/install/moveit_ros_warehouse/lib:/home/parallels/liam workspace/install/moveit_kinematics/lib:/home/parallels/liam workspace/install/moveit_ros_planning/lib:/home/parallels/liam workspace/install/pilz_industrial_motion_planner_testutils/lib:/home/parallels/liam workspace/install/moveit_ros_occupancy_map_monitor/lib:/home/parallels/liam workspace/install/moveit_resources_prbt_ikfast_manipulator_plugin/lib:/home/parallels/liam workspace/install/moveit_core/lib:/home/parallels/liam workspace/install/srdfdom/lib:${LD_LIBRARY_PATH} PATH=/home/parallels/liam workspace/install/moveit_core/bin:${PATH} PYTHONPATH=/home/parallels/liam workspace/install/moveit_configs_utils/lib/python3.10/site-packages:/home/parallels/liam workspace/install/srdfdom/local/lib/python3.10/dist-packages:/home/parallels/liam workspace/install/launch_param_builder/lib/python3.10/site-packages:${PYTHONPATH} /usr/bin/cmake --install /home/parallels/liam workspace/build/pilz_industrial_motion_planner
