[0.045s] Invoking command in '/home/parallels/liam-workspace/build/moveit_task_constructor_visualization': AMENT_PREFIX_PATH=/home/parallels/liam-workspace/install/moveit_task_constructor_core:/home/parallels/liam-workspace/install/moveit_ros_visualization:/home/parallels/liam-workspace/install/moveit_ros_planning_interface:/home/parallels/liam-workspace/install/moveit_ros_move_group:/home/parallels/liam-workspace/install/moveit_ros_warehouse:/home/parallels/liam-workspace/install/moveit_ros_robot_interaction:/home/parallels/liam-workspace/install/moveit_kinematics:/home/parallels/liam-workspace/install/moveit_ros_planning:/home/parallels/liam-workspace/install/moveit_ros_occupancy_map_monitor:/home/parallels/liam-workspace/install/moveit_core:/home/parallels/liam-workspace/install/rviz_marker_tools:/home/parallels/liam-workspace/install/srdfdom:/home/parallels/liam-workspace/install/moveit_task_constructor_msgs:/home/parallels/liam-workspace/install/moveit_common:${AMENT_PREFIX_PATH} CMAKE_PREFIX_PATH=/home/parallels/liam-workspace/install/moveit_task_constructor_core:/home/parallels/liam-workspace/install/moveit_ros_visualization:/home/parallels/liam-workspace/install/moveit_ros_planning_interface:/home/parallels/liam-workspace/install/moveit_ros_move_group:/home/parallels/liam-workspace/install/moveit_ros_warehouse:/home/parallels/liam-workspace/install/moveit_ros_robot_interaction:/home/parallels/liam-workspace/install/moveit_kinematics:/home/parallels/liam-workspace/install/moveit_ros_planning:/home/parallels/liam-workspace/install/moveit_ros_occupancy_map_monitor:/home/parallels/liam-workspace/install/moveit_core:/home/parallels/liam-workspace/install/rviz_marker_tools:/home/parallels/liam-workspace/install/srdfdom:/home/parallels/liam-workspace/install/moveit_task_constructor_msgs:/home/parallels/liam-workspace/install/moveit_common:/home/parallels/liam-workspace/install/pantilt_bot_description:/home/parallels/liam-workspace/install/open_manipulator_srt_description:/home/parallels/ws_moveit2/install/pilz_industrial_motion_planner_testutils:/home/parallels/ws_moveit2/install/moveit_runtime:/home/parallels/ws_moveit2/install/moveit2_tutorials:/home/parallels/ws_moveit2/install/moveit:/home/parallels/ws_moveit2/install/moveit_planners:/home/parallels/ws_moveit2/install/pilz_industrial_motion_planner:/home/parallels/ws_moveit2/install/moveit_visual_tools:/home/parallels/ws_moveit2/install/moveit_task_constructor_visualization:/home/parallels/ws_moveit2/install/moveit_task_constructor_demo:/home/parallels/ws_moveit2/install/moveit_task_constructor_capabilities:/home/parallels/ws_moveit2/install/moveit_task_constructor_core:/home/parallels/ws_moveit2/install/moveit_ros_control_interface:/home/parallels/ws_moveit2/install/moveit_plugins:/home/parallels/ws_moveit2/install/moveit_simple_controller_manager:/home/parallels/ws_moveit2/install/moveit_setup_assistant:/home/parallels/ws_moveit2/install/moveit_setup_srdf_plugins:/home/parallels/ws_moveit2/install/moveit_setup_core_plugins:/home/parallels/ws_moveit2/install/moveit_setup_controllers:/home/parallels/ws_moveit2/install/moveit_setup_app_plugins:/home/parallels/ws_moveit2/install/moveit_setup_framework:/home/parallels/ws_moveit2/install/moveit_servo:/home/parallels/ws_moveit2/install/moveit_ros:/home/parallels/ws_moveit2/install/moveit_ros_visualization:/home/parallels/ws_moveit2/install/moveit_hybrid_planning:/home/parallels/ws_moveit2/install/moveit_ros_planning_interface:/home/parallels/ws_moveit2/install/moveit_ros_benchmarks:/home/parallels/ws_moveit2/install/moveit_ros_warehouse:/home/parallels/ws_moveit2/install/moveit_ros_robot_interaction:/home/parallels/ws_moveit2/install/moveit_ros_perception:/home/parallels/ws_moveit2/install/moveit_resources_prbt_pg70_support:/home/parallels/ws_moveit2/install/moveit_resources_prbt_moveit_config:/home/parallels/ws_moveit2/install/moveit_ros_move_group:/home/parallels/ws_moveit2/install/moveit_planners_ompl:/home/parallels/ws_moveit2/install/moveit_ros_planning:/home/parallels/ws_moveit2/install/moveit_ros_occupancy_map_monitor:/home/parallels/ws_moveit2/install/moveit_resources_prbt_ikfast_manipulator_plugin:/home/parallels/ws_moveit2/install/moveit_planners_chomp:/home/parallels/ws_moveit2/install/moveit_kinematics:/home/parallels/ws_moveit2/install/moveit_chomp_optimizer_adapter:/home/parallels/ws_moveit2/install/chomp_motion_planner:/home/parallels/ws_moveit2/install/moveit_core:/home/parallels/ws_moveit2/install/srdfdom:/home/parallels/ws_moveit2/install/rviz_marker_tools:/home/parallels/ws_moveit2/install/rosparam_shortcuts:/home/parallels/ws_moveit2/install/pantilt_bot_description:/home/parallels/ws_moveit2/install/open_manipulator_x_description:/home/parallels/ws_moveit2/install/moveit_task_constructor_msgs:/home/parallels/ws_moveit2/install/moveit_resources_prbt_support:/home/parallels/ws_moveit2/install/moveit_resources:/home/parallels/ws_moveit2/install/moveit_resources_pr2_description:/home/parallels/ws_moveit2/install/moveit_resources_panda_moveit_config:/home/parallels/ws_moveit2/install/moveit_resources_panda_description:/home/parallels/ws_moveit2/install/moveit_resources_fanuc_moveit_config:/home/parallels/ws_moveit2/install/moveit_resources_fanuc_description:/home/parallels/ws_moveit2/install/moveit_common:/home/parallels/ws_moveit2/install/dynamixel_workbench:/home/parallels/ws_moveit2/install/dynamixel_hardware:/home/parallels/ws_moveit2/install/dynamixel_workbench_toolbox:/home/parallels/ws_moveit2/install/dynamixel_workbench_msgs:/home/parallels/ws_moveit2/install/moveit_configs_utils:/home/parallels/ws_moveit2/install/launch_param_builder:/opt/ros/humble LD_LIBRARY_PATH=/home/parallels/liam-workspace/install/moveit_task_constructor_core/lib:/home/parallels/liam-workspace/install/moveit_ros_visualization/lib:/home/parallels/liam-workspace/install/moveit_ros_planning_interface/lib:/home/parallels/liam-workspace/install/moveit_ros_move_group/lib:/home/parallels/liam-workspace/install/moveit_ros_warehouse/lib:/home/parallels/liam-workspace/install/moveit_ros_robot_interaction/lib:/home/parallels/liam-workspace/install/moveit_kinematics/lib:/home/parallels/liam-workspace/install/moveit_ros_planning/lib:/home/parallels/liam-workspace/install/moveit_ros_occupancy_map_monitor/lib:/home/parallels/liam-workspace/install/moveit_core/lib:/home/parallels/liam-workspace/install/rviz_marker_tools/lib:/home/parallels/liam-workspace/install/srdfdom/lib:/home/parallels/liam-workspace/install/moveit_task_constructor_msgs/lib:${LD_LIBRARY_PATH} PATH=/home/parallels/liam-workspace/install/moveit_core/bin:${PATH} PYTHONPATH=/home/parallels/liam-workspace/install/srdfdom/local/lib/python3.10/dist-packages:/home/parallels/liam-workspace/install/moveit_task_constructor_msgs/local/lib/python3.10/dist-packages:${PYTHONPATH} /usr/bin/cmake /home/parallels/liam-workspace/src/moveit_task_constructor/visualization -DCMAKE_INSTALL_PREFIX=/home/parallels/liam-workspace/install/moveit_task_constructor_visualization
[0.085s] -- The C compiler identification is GNU 11.4.0
[0.122s] -- The CXX compiler identification is GNU 11.4.0
[0.127s] -- Detecting C compiler ABI info
[0.177s] -- Detecting C compiler ABI info - done
[0.180s] -- Check for working C compiler: /usr/bin/cc - skipped
[0.180s] -- Detecting C compile features
[0.180s] -- Detecting C compile features - done
[0.182s] -- Detecting CXX compiler ABI info
[0.238s] -- Detecting CXX compiler ABI info - done
[0.242s] -- Check for working CXX compiler: /usr/bin/c++ - skipped
[0.242s] -- Detecting CXX compile features
[0.243s] -- Detecting CXX compile features - done
[0.251s] -- Found ament_cmake: 1.3.9 (/opt/ros/humble/share/ament_cmake/cmake)
[0.356s] -- Found Python3: /usr/bin/python3 (found version "3.10.12") found components: Interpreter 
[0.471s] -- Found Boost: /usr/lib/aarch64-linux-gnu/cmake/Boost-1.74.0/BoostConfig.cmake (found version "1.74.0")  
[0.472s] -- Found moveit_common: 2.5.5 (/home/parallels/liam-workspace/install/moveit_common/share/moveit_common/cmake)
[0.525s] -- Found libdw: /usr/lib/aarch64-linux-gnu/libdw.so  
[0.534s] -- Could NOT find libbfd (missing: LIBBFD_LIBRARY LIBBFD_INCLUDE_DIR) 
[0.534s] -- BACKWARD_HAS_UNWIND=1
[0.534s] -- BACKWARD_HAS_BACKTRACE=0
[0.534s] -- BACKWARD_HAS_BACKTRACE_SYMBOL=0
[0.534s] -- BACKWARD_HAS_DW=1
[0.534s] -- BACKWARD_HAS_BFD=0
[0.534s] -- Found Backward: /opt/ros/humble/share/backward_ros/cmake  
[0.535s] [0mmoveit_task_constructor_visualization: You did not request a specific build type: Choosing 'Release' for maximum performance[0m
[0.535s] -- Found moveit_core: 2.5.5 (/home/parallels/liam-workspace/install/moveit_core/share/moveit_core/cmake)
[0.732s] -- Found Boost: /usr/lib/aarch64-linux-gnu/cmake/Boost-1.74.0/BoostConfig.cmake (found version "1.74.0") found components: chrono date_time filesystem iostreams program_options regex serialization system thread 
[0.803s] -- Found parameter_traits: 0.3.8 (/opt/ros/humble/share/parameter_traits/cmake)
[0.872s] -- Found rosidl_generator_c: 3.1.5 (/opt/ros/humble/share/rosidl_generator_c/cmake)
[0.882s] -- Found rosidl_adapter: 3.1.5 (/opt/ros/humble/share/rosidl_adapter/cmake)
[0.895s] -- Found rosidl_generator_cpp: 3.1.5 (/opt/ros/humble/share/rosidl_generator_cpp/cmake)
[0.912s] -- Using all available rosidl_typesupport_c: rosidl_typesupport_fastrtps_c;rosidl_typesupport_introspection_c
[0.938s] -- Using all available rosidl_typesupport_cpp: rosidl_typesupport_fastrtps_cpp;rosidl_typesupport_introspection_cpp
[1.018s] -- Found rmw_implementation_cmake: 6.1.2 (/opt/ros/humble/share/rmw_implementation_cmake/cmake)
[1.026s] -- Found rmw_fastrtps_cpp: 6.2.6 (/opt/ros/humble/share/rmw_fastrtps_cpp/cmake)
[1.133s] -- Found OpenSSL: /usr/lib/aarch64-linux-gnu/libcrypto.so (found version "3.0.2")  
[1.156s] -- Found FastRTPS: /opt/ros/humble/include  
[1.197s] -- Using RMW implementation 'rmw_fastrtps_cpp' as default
[1.215s] -- Found Threads: TRUE  
[1.347s] -- Found Eigen3: TRUE (found version "3.4.0") 
[1.352s] -- Found rclcpp_lifecycle: 16.0.9 (/opt/ros/humble/share/rclcpp_lifecycle/cmake)
[1.392s] -- Found Boost: /usr/lib/aarch64-linux-gnu/cmake/Boost-1.74.0/BoostConfig.cmake (found version "1.74.0") found components: filesystem 
[1.522s] -- library: /usr/lib/aarch64-linux-gnu/libcurl.so
[1.744s] -- Ensuring Eigen3 include directory is part of orocos-kdl CMake target
[2.551s] -- Found moveit_ros_visualization: 2.5.5 (/home/parallels/liam-workspace/install/moveit_ros_visualization/share/moveit_ros_visualization/cmake)
[2.554s] -- Found Boost: /usr/lib/aarch64-linux-gnu/cmake/Boost-1.74.0/BoostConfig.cmake (found version "1.74.0") found components: thread date_time system filesystem 
[2.576s] -- Found Boost: /usr/lib/aarch64-linux-gnu/cmake/Boost-1.74.0/BoostConfig.cmake (found version "1.74.0") found components: system filesystem date_time program_options thread chrono 
[2.969s] -- Found Boost: /usr/lib/aarch64-linux-gnu/cmake/Boost-1.74.0/BoostConfig.cmake (found version "1.74.0") found components: date_time filesystem program_options system thread 
[3.108s] -- Found Boost: /usr/lib/aarch64-linux-gnu/cmake/Boost-1.74.0/BoostConfig.cmake (found version "1.74.0") found components: thread system filesystem regex date_time program_options 
[3.284s] -- Found Boost: /usr/lib/aarch64-linux-gnu/cmake/Boost-1.74.0/BoostConfig.cmake (found version "1.74.0") found components: system filesystem date_time program_options thread 
[4.120s] -- Setting OGRE_DIR to: '/opt/ros/humble/share/rviz_ogre_vendor/cmake/../../../opt/rviz_ogre_vendor/lib/OGRE/cmake'
[4.120s] -- Found OGRE
[4.120s] --   static     : OFF
[4.120s] --   components : HLMS;MeshLodGenerator;Overlay;Paging;Property;RTShaderSystem;Terrain;Volume
[4.120s] --   plugins    : Plugin_BSPSceneManager;Plugin_OctreeSceneManager;Plugin_PCZSceneManager;Plugin_ParticleFX;RenderSystem_GL;RenderSystem_GL3Plus;Codec_STBI
[4.121s] --   media      : /opt/ros/humble/opt/rviz_ogre_vendor/share/OGRE/Media
[4.121s] -- OGRE_LIBRARIES: OgreHLMS;OgreMeshLodGenerator;OgreOverlay;OgrePaging;OgreProperty;OgreRTShaderSystem;OgreTerrain;OgreVolume;OgreMain
[4.121s] -- OGRE_LIBRARY_DIRS: /opt/ros/humble/opt/rviz_ogre_vendor/lib
[4.121s] -- OGRE_PLUGINS: Plugin_BSPSceneManager;Plugin_OctreeSceneManager;Plugin_PCZSceneManager;Plugin_ParticleFX;RenderSystem_GL;RenderSystem_GL3Plus;Codec_STBI
[4.121s] -- OGRE_PLUGIN_DIR: /opt/ros/humble/opt/rviz_ogre_vendor/lib/OGRE
[4.121s] -- rviz_ogre_vendor::OgreOverlay for IMPORTED_LOCATION_RELEASE: /opt/ros/humble/opt/rviz_ogre_vendor/lib/libOgreOverlay.so
[4.121s] -- rviz_ogre_vendor::OgreOverlay for IMPORTED_LOCATION_DEBUG: /opt/ros/humble/opt/rviz_ogre_vendor/lib/libOgreOverlay.so
[4.121s] -- rviz_ogre_vendor::OgreMain for IMPORTED_LOCATION_RELEASE: /opt/ros/humble/opt/rviz_ogre_vendor/lib/libOgreMain.so
[4.121s] -- rviz_ogre_vendor::OgreMain for IMPORTED_LOCATION_DEBUG: /opt/ros/humble/opt/rviz_ogre_vendor/lib/libOgreMain.so
[4.122s] -- Could not find freeimage library
[4.140s] -- Found ZLIB: /usr/lib/aarch64-linux-gnu/libz.so (found version "1.2.11") 
[4.146s] -- Found OpenGL: /usr/lib/aarch64-linux-gnu/libOpenGL.so   
[4.236s] -- Found X11: /usr/include   
[4.237s] -- Looking for XOpenDisplay in /usr/lib/aarch64-linux-gnu/libX11.so;/usr/lib/aarch64-linux-gnu/libXext.so
[4.307s] -- Looking for XOpenDisplay in /usr/lib/aarch64-linux-gnu/libX11.so;/usr/lib/aarch64-linux-gnu/libXext.so - found
[4.307s] -- Looking for gethostbyname
[4.370s] -- Looking for gethostbyname - found
[4.370s] -- Looking for connect
[4.433s] -- Looking for connect - found
[4.433s] -- Looking for remove
[4.498s] -- Looking for remove - found
[4.498s] -- Looking for shmat
[4.561s] -- Looking for shmat - found
[4.561s] -- Looking for IceConnectionNumber in ICE
[4.623s] -- Looking for IceConnectionNumber in ICE - found
[4.625s] -- rviz_ogre_vendor::RenderSystem_GL for IMPORTED_LOCATION_RELEASE: _render_system_gl_static_library_abs-NOTFOUND
[4.625s] -- rviz_ogre_vendor::RenderSystem_GL for IMPORTED_LOCATION_DEBUG: _render_system_gl_static_library_abs-NOTFOUND
[5.079s] -- Found moveit_task_constructor_core: 0.1.3 (/home/parallels/liam-workspace/install/moveit_task_constructor_core/share/moveit_task_constructor_core/cmake)
[5.492s] -- Found PkgConfig: /usr/bin/pkg-config (found version "0.29.2") 
[5.493s] -- Checking for module 'yaml-0.1'
[5.505s] --   Found yaml-0.1, version 0.2.2
[5.540s] -- Found ament_cmake_gtest: 1.3.9 (/opt/ros/humble/share/ament_cmake_gtest/cmake)
[5.545s] -- Found ament_cmake_gmock: 1.3.9 (/opt/ros/humble/share/ament_cmake_gmock/cmake)
[5.550s] -- Found launch_testing_ament_cmake: 1.0.6 (/opt/ros/humble/share/launch_testing_ament_cmake/cmake)
[5.555s] -- Found python_cmake_module: 0.10.0 (/opt/ros/humble/share/python_cmake_module/cmake)
[5.570s] -- Found PythonInterp: /usr/bin/python3 (found suitable version "3.10.12", minimum required is "3.6") 
[5.575s] -- Found PythonLibs: /usr/lib/aarch64-linux-gnu/libpython3.10.so (found suitable version "3.10.12", minimum required is "3.5") 
[5.575s] -- Using PYTHON_EXECUTABLE: /usr/bin/python3
[5.575s] -- Using PYTHON_INCLUDE_DIRS: /usr/include/python3.10
[5.575s] -- Using PYTHON_LIBRARIES: /usr/lib/aarch64-linux-gnu/libpython3.10.so
[5.588s] -- Found PythonExtra: .so  
[5.593s] -- Found gtest sources under '/opt/ros/humble/src/gtest_vendor': C++ tests using 'Google Test' will be built
[5.601s] -- Found gmock sources under '/opt/ros/humble/src/gmock_vendor': C++ tests using 'Google Mock' will be built
[5.607s] -- Configuring done
[5.753s] -- Generating done
[5.757s] -- Build files have been written to: /home/parallels/liam-workspace/build/moveit_task_constructor_visualization
[5.775s] Invoked command in '/home/parallels/liam-workspace/build/moveit_task_constructor_visualization' returned '0': AMENT_PREFIX_PATH=/home/parallels/liam-workspace/install/moveit_task_constructor_core:/home/parallels/liam-workspace/install/moveit_ros_visualization:/home/parallels/liam-workspace/install/moveit_ros_planning_interface:/home/parallels/liam-workspace/install/moveit_ros_move_group:/home/parallels/liam-workspace/install/moveit_ros_warehouse:/home/parallels/liam-workspace/install/moveit_ros_robot_interaction:/home/parallels/liam-workspace/install/moveit_kinematics:/home/parallels/liam-workspace/install/moveit_ros_planning:/home/parallels/liam-workspace/install/moveit_ros_occupancy_map_monitor:/home/parallels/liam-workspace/install/moveit_core:/home/parallels/liam-workspace/install/rviz_marker_tools:/home/parallels/liam-workspace/install/srdfdom:/home/parallels/liam-workspace/install/moveit_task_constructor_msgs:/home/parallels/liam-workspace/install/moveit_common:${AMENT_PREFIX_PATH} CMAKE_PREFIX_PATH=/home/parallels/liam-workspace/install/moveit_task_constructor_core:/home/parallels/liam-workspace/install/moveit_ros_visualization:/home/parallels/liam-workspace/install/moveit_ros_planning_interface:/home/parallels/liam-workspace/install/moveit_ros_move_group:/home/parallels/liam-workspace/install/moveit_ros_warehouse:/home/parallels/liam-workspace/install/moveit_ros_robot_interaction:/home/parallels/liam-workspace/install/moveit_kinematics:/home/parallels/liam-workspace/install/moveit_ros_planning:/home/parallels/liam-workspace/install/moveit_ros_occupancy_map_monitor:/home/parallels/liam-workspace/install/moveit_core:/home/parallels/liam-workspace/install/rviz_marker_tools:/home/parallels/liam-workspace/install/srdfdom:/home/parallels/liam-workspace/install/moveit_task_constructor_msgs:/home/parallels/liam-workspace/install/moveit_common:/home/parallels/liam-workspace/install/pantilt_bot_description:/home/parallels/liam-workspace/install/open_manipulator_srt_description:/home/parallels/ws_moveit2/install/pilz_industrial_motion_planner_testutils:/home/parallels/ws_moveit2/install/moveit_runtime:/home/parallels/ws_moveit2/install/moveit2_tutorials:/home/parallels/ws_moveit2/install/moveit:/home/parallels/ws_moveit2/install/moveit_planners:/home/parallels/ws_moveit2/install/pilz_industrial_motion_planner:/home/parallels/ws_moveit2/install/moveit_visual_tools:/home/parallels/ws_moveit2/install/moveit_task_constructor_visualization:/home/parallels/ws_moveit2/install/moveit_task_constructor_demo:/home/parallels/ws_moveit2/install/moveit_task_constructor_capabilities:/home/parallels/ws_moveit2/install/moveit_task_constructor_core:/home/parallels/ws_moveit2/install/moveit_ros_control_interface:/home/parallels/ws_moveit2/install/moveit_plugins:/home/parallels/ws_moveit2/install/moveit_simple_controller_manager:/home/parallels/ws_moveit2/install/moveit_setup_assistant:/home/parallels/ws_moveit2/install/moveit_setup_srdf_plugins:/home/parallels/ws_moveit2/install/moveit_setup_core_plugins:/home/parallels/ws_moveit2/install/moveit_setup_controllers:/home/parallels/ws_moveit2/install/moveit_setup_app_plugins:/home/parallels/ws_moveit2/install/moveit_setup_framework:/home/parallels/ws_moveit2/install/moveit_servo:/home/parallels/ws_moveit2/install/moveit_ros:/home/parallels/ws_moveit2/install/moveit_ros_visualization:/home/parallels/ws_moveit2/install/moveit_hybrid_planning:/home/parallels/ws_moveit2/install/moveit_ros_planning_interface:/home/parallels/ws_moveit2/install/moveit_ros_benchmarks:/home/parallels/ws_moveit2/install/moveit_ros_warehouse:/home/parallels/ws_moveit2/install/moveit_ros_robot_interaction:/home/parallels/ws_moveit2/install/moveit_ros_perception:/home/parallels/ws_moveit2/install/moveit_resources_prbt_pg70_support:/home/parallels/ws_moveit2/install/moveit_resources_prbt_moveit_config:/home/parallels/ws_moveit2/install/moveit_ros_move_group:/home/parallels/ws_moveit2/install/moveit_planners_ompl:/home/parallels/ws_moveit2/install/moveit_ros_planning:/home/parallels/ws_moveit2/install/moveit_ros_occupancy_map_monitor:/home/parallels/ws_moveit2/install/moveit_resources_prbt_ikfast_manipulator_plugin:/home/parallels/ws_moveit2/install/moveit_planners_chomp:/home/parallels/ws_moveit2/install/moveit_kinematics:/home/parallels/ws_moveit2/install/moveit_chomp_optimizer_adapter:/home/parallels/ws_moveit2/install/chomp_motion_planner:/home/parallels/ws_moveit2/install/moveit_core:/home/parallels/ws_moveit2/install/srdfdom:/home/parallels/ws_moveit2/install/rviz_marker_tools:/home/parallels/ws_moveit2/install/rosparam_shortcuts:/home/parallels/ws_moveit2/install/pantilt_bot_description:/home/parallels/ws_moveit2/install/open_manipulator_x_description:/home/parallels/ws_moveit2/install/moveit_task_constructor_msgs:/home/parallels/ws_moveit2/install/moveit_resources_prbt_support:/home/parallels/ws_moveit2/install/moveit_resources:/home/parallels/ws_moveit2/install/moveit_resources_pr2_description:/home/parallels/ws_moveit2/install/moveit_resources_panda_moveit_config:/home/parallels/ws_moveit2/install/moveit_resources_panda_description:/home/parallels/ws_moveit2/install/moveit_resources_fanuc_moveit_config:/home/parallels/ws_moveit2/install/moveit_resources_fanuc_description:/home/parallels/ws_moveit2/install/moveit_common:/home/parallels/ws_moveit2/install/dynamixel_workbench:/home/parallels/ws_moveit2/install/dynamixel_hardware:/home/parallels/ws_moveit2/install/dynamixel_workbench_toolbox:/home/parallels/ws_moveit2/install/dynamixel_workbench_msgs:/home/parallels/ws_moveit2/install/moveit_configs_utils:/home/parallels/ws_moveit2/install/launch_param_builder:/opt/ros/humble LD_LIBRARY_PATH=/home/parallels/liam-workspace/install/moveit_task_constructor_core/lib:/home/parallels/liam-workspace/install/moveit_ros_visualization/lib:/home/parallels/liam-workspace/install/moveit_ros_planning_interface/lib:/home/parallels/liam-workspace/install/moveit_ros_move_group/lib:/home/parallels/liam-workspace/install/moveit_ros_warehouse/lib:/home/parallels/liam-workspace/install/moveit_ros_robot_interaction/lib:/home/parallels/liam-workspace/install/moveit_kinematics/lib:/home/parallels/liam-workspace/install/moveit_ros_planning/lib:/home/parallels/liam-workspace/install/moveit_ros_occupancy_map_monitor/lib:/home/parallels/liam-workspace/install/moveit_core/lib:/home/parallels/liam-workspace/install/rviz_marker_tools/lib:/home/parallels/liam-workspace/install/srdfdom/lib:/home/parallels/liam-workspace/install/moveit_task_constructor_msgs/lib:${LD_LIBRARY_PATH} PATH=/home/parallels/liam-workspace/install/moveit_core/bin:${PATH} PYTHONPATH=/home/parallels/liam-workspace/install/srdfdom/local/lib/python3.10/dist-packages:/home/parallels/liam-workspace/install/moveit_task_constructor_msgs/local/lib/python3.10/dist-packages:${PYTHONPATH} /usr/bin/cmake /home/parallels/liam-workspace/src/moveit_task_constructor/visualization -DCMAKE_INSTALL_PREFIX=/home/parallels/liam-workspace/install/moveit_task_constructor_visualization
[5.775s] Invoking command in '/home/parallels/liam-workspace/build/moveit_task_constructor_visualization': AMENT_PREFIX_PATH=/home/parallels/liam-workspace/install/moveit_task_constructor_core:/home/parallels/liam-workspace/install/moveit_ros_visualization:/home/parallels/liam-workspace/install/moveit_ros_planning_interface:/home/parallels/liam-workspace/install/moveit_ros_move_group:/home/parallels/liam-workspace/install/moveit_ros_warehouse:/home/parallels/liam-workspace/install/moveit_ros_robot_interaction:/home/parallels/liam-workspace/install/moveit_kinematics:/home/parallels/liam-workspace/install/moveit_ros_planning:/home/parallels/liam-workspace/install/moveit_ros_occupancy_map_monitor:/home/parallels/liam-workspace/install/moveit_core:/home/parallels/liam-workspace/install/rviz_marker_tools:/home/parallels/liam-workspace/install/srdfdom:/home/parallels/liam-workspace/install/moveit_task_constructor_msgs:/home/parallels/liam-workspace/install/moveit_common:${AMENT_PREFIX_PATH} CMAKE_PREFIX_PATH=/home/parallels/liam-workspace/install/moveit_task_constructor_core:/home/parallels/liam-workspace/install/moveit_ros_visualization:/home/parallels/liam-workspace/install/moveit_ros_planning_interface:/home/parallels/liam-workspace/install/moveit_ros_move_group:/home/parallels/liam-workspace/install/moveit_ros_warehouse:/home/parallels/liam-workspace/install/moveit_ros_robot_interaction:/home/parallels/liam-workspace/install/moveit_kinematics:/home/parallels/liam-workspace/install/moveit_ros_planning:/home/parallels/liam-workspace/install/moveit_ros_occupancy_map_monitor:/home/parallels/liam-workspace/install/moveit_core:/home/parallels/liam-workspace/install/rviz_marker_tools:/home/parallels/liam-workspace/install/srdfdom:/home/parallels/liam-workspace/install/moveit_task_constructor_msgs:/home/parallels/liam-workspace/install/moveit_common:/home/parallels/liam-workspace/install/pantilt_bot_description:/home/parallels/liam-workspace/install/open_manipulator_srt_description:/home/parallels/ws_moveit2/install/pilz_industrial_motion_planner_testutils:/home/parallels/ws_moveit2/install/moveit_runtime:/home/parallels/ws_moveit2/install/moveit2_tutorials:/home/parallels/ws_moveit2/install/moveit:/home/parallels/ws_moveit2/install/moveit_planners:/home/parallels/ws_moveit2/install/pilz_industrial_motion_planner:/home/parallels/ws_moveit2/install/moveit_visual_tools:/home/parallels/ws_moveit2/install/moveit_task_constructor_visualization:/home/parallels/ws_moveit2/install/moveit_task_constructor_demo:/home/parallels/ws_moveit2/install/moveit_task_constructor_capabilities:/home/parallels/ws_moveit2/install/moveit_task_constructor_core:/home/parallels/ws_moveit2/install/moveit_ros_control_interface:/home/parallels/ws_moveit2/install/moveit_plugins:/home/parallels/ws_moveit2/install/moveit_simple_controller_manager:/home/parallels/ws_moveit2/install/moveit_setup_assistant:/home/parallels/ws_moveit2/install/moveit_setup_srdf_plugins:/home/parallels/ws_moveit2/install/moveit_setup_core_plugins:/home/parallels/ws_moveit2/install/moveit_setup_controllers:/home/parallels/ws_moveit2/install/moveit_setup_app_plugins:/home/parallels/ws_moveit2/install/moveit_setup_framework:/home/parallels/ws_moveit2/install/moveit_servo:/home/parallels/ws_moveit2/install/moveit_ros:/home/parallels/ws_moveit2/install/moveit_ros_visualization:/home/parallels/ws_moveit2/install/moveit_hybrid_planning:/home/parallels/ws_moveit2/install/moveit_ros_planning_interface:/home/parallels/ws_moveit2/install/moveit_ros_benchmarks:/home/parallels/ws_moveit2/install/moveit_ros_warehouse:/home/parallels/ws_moveit2/install/moveit_ros_robot_interaction:/home/parallels/ws_moveit2/install/moveit_ros_perception:/home/parallels/ws_moveit2/install/moveit_resources_prbt_pg70_support:/home/parallels/ws_moveit2/install/moveit_resources_prbt_moveit_config:/home/parallels/ws_moveit2/install/moveit_ros_move_group:/home/parallels/ws_moveit2/install/moveit_planners_ompl:/home/parallels/ws_moveit2/install/moveit_ros_planning:/home/parallels/ws_moveit2/install/moveit_ros_occupancy_map_monitor:/home/parallels/ws_moveit2/install/moveit_resources_prbt_ikfast_manipulator_plugin:/home/parallels/ws_moveit2/install/moveit_planners_chomp:/home/parallels/ws_moveit2/install/moveit_kinematics:/home/parallels/ws_moveit2/install/moveit_chomp_optimizer_adapter:/home/parallels/ws_moveit2/install/chomp_motion_planner:/home/parallels/ws_moveit2/install/moveit_core:/home/parallels/ws_moveit2/install/srdfdom:/home/parallels/ws_moveit2/install/rviz_marker_tools:/home/parallels/ws_moveit2/install/rosparam_shortcuts:/home/parallels/ws_moveit2/install/pantilt_bot_description:/home/parallels/ws_moveit2/install/open_manipulator_x_description:/home/parallels/ws_moveit2/install/moveit_task_constructor_msgs:/home/parallels/ws_moveit2/install/moveit_resources_prbt_support:/home/parallels/ws_moveit2/install/moveit_resources:/home/parallels/ws_moveit2/install/moveit_resources_pr2_description:/home/parallels/ws_moveit2/install/moveit_resources_panda_moveit_config:/home/parallels/ws_moveit2/install/moveit_resources_panda_description:/home/parallels/ws_moveit2/install/moveit_resources_fanuc_moveit_config:/home/parallels/ws_moveit2/install/moveit_resources_fanuc_description:/home/parallels/ws_moveit2/install/moveit_common:/home/parallels/ws_moveit2/install/dynamixel_workbench:/home/parallels/ws_moveit2/install/dynamixel_hardware:/home/parallels/ws_moveit2/install/dynamixel_workbench_toolbox:/home/parallels/ws_moveit2/install/dynamixel_workbench_msgs:/home/parallels/ws_moveit2/install/moveit_configs_utils:/home/parallels/ws_moveit2/install/launch_param_builder:/opt/ros/humble LD_LIBRARY_PATH=/home/parallels/liam-workspace/install/moveit_task_constructor_core/lib:/home/parallels/liam-workspace/install/moveit_ros_visualization/lib:/home/parallels/liam-workspace/install/moveit_ros_planning_interface/lib:/home/parallels/liam-workspace/install/moveit_ros_move_group/lib:/home/parallels/liam-workspace/install/moveit_ros_warehouse/lib:/home/parallels/liam-workspace/install/moveit_ros_robot_interaction/lib:/home/parallels/liam-workspace/install/moveit_kinematics/lib:/home/parallels/liam-workspace/install/moveit_ros_planning/lib:/home/parallels/liam-workspace/install/moveit_ros_occupancy_map_monitor/lib:/home/parallels/liam-workspace/install/moveit_core/lib:/home/parallels/liam-workspace/install/rviz_marker_tools/lib:/home/parallels/liam-workspace/install/srdfdom/lib:/home/parallels/liam-workspace/install/moveit_task_constructor_msgs/lib:${LD_LIBRARY_PATH} PATH=/home/parallels/liam-workspace/install/moveit_core/bin:${PATH} PYTHONPATH=/home/parallels/liam-workspace/install/srdfdom/local/lib/python3.10/dist-packages:/home/parallels/liam-workspace/install/moveit_task_constructor_msgs/local/lib/python3.10/dist-packages:${PYTHONPATH} /usr/bin/cmake --build /home/parallels/liam-workspace/build/moveit_task_constructor_visualization -- -j8 -l8
[5.820s] [  1%] [34m[1mAutomatic MOC for target moveit_task_visualization_tools[0m
[5.821s] [  4%] [34m[1mAutomatic MOC for target gtest_main[0m
[5.821s] [  4%] [34m[1mAutomatic MOC for target motion_planning_tasks_properties[0m
[5.821s] [  6%] [34m[1mAutomatic MOC for target motion_planning_tasks_utils[0m
[5.848s] [  6%] Built target motion_planning_tasks_properties_autogen
[5.848s] [  6%] Built target gtest_main_autogen
[5.866s] [  7%] [34m[1mAutomatic MOC for target gmock_main[0m
[5.867s] [  9%] [34m[1mAutomatic MOC for target gmock[0m
[5.890s] [  9%] Built target gmock_main_autogen
[5.891s] [  9%] Built target gmock_autogen
[5.907s] [ 12%] [32mBuilding CXX object gtest/CMakeFiles/gtest_main.dir/gtest_main_autogen/mocs_compilation.cpp.o[0m
[5.907s] [ 12%] [32mBuilding CXX object gtest/CMakeFiles/gtest_main.dir/src/gtest_main.cc.o[0m
[5.909s] [ 13%] [32mBuilding CXX object gmock/CMakeFiles/gmock_main.dir/gmock_main_autogen/mocs_compilation.cpp.o[0m
[5.926s] [ 15%] [32mBuilding CXX object gmock/CMakeFiles/gmock_main.dir/src/gmock_main.cc.o[0m
[5.979s] [ 15%] Built target motion_planning_tasks_utils_autogen
[5.999s] [ 16%] [34m[1mAutomatic MOC for target gtest[0m
[6.000s] [ 18%] [32mBuilding CXX object gmock/CMakeFiles/gmock.dir/opt/ros/humble/src/gtest_vendor/src/gtest-all.cc.o[0m
[6.002s] [ 20%] [32mBuilding CXX object motion_planning_tasks/properties/CMakeFiles/motion_planning_tasks_properties.dir/motion_planning_tasks_properties_autogen/mocs_compilation.cpp.o[0m
[6.019s] [ 21%] [32mBuilding CXX object gmock/CMakeFiles/gmock.dir/gmock_autogen/mocs_compilation.cpp.o[0m
[6.024s] [ 21%] Built target gtest_autogen
[6.032s] [ 23%] [32mBuilding CXX object gmock/CMakeFiles/gmock.dir/src/gmock-all.cc.o[0m
[6.042s] [ 24%] [32mBuilding CXX object motion_planning_tasks/properties/CMakeFiles/motion_planning_tasks_properties.dir/property_factory.cpp.o[0m
[6.050s] [ 26%] [32mBuilding CXX object motion_planning_tasks/utils/CMakeFiles/motion_planning_tasks_utils.dir/motion_planning_tasks_utils_autogen/mocs_compilation.cpp.o[0m
[6.074s] [ 27%] [32mBuilding CXX object motion_planning_tasks/properties/CMakeFiles/motion_planning_tasks_properties.dir/property_from_yaml.cpp.o[0m
[6.085s] [ 29%] [32mBuilding CXX object motion_planning_tasks/utils/CMakeFiles/motion_planning_tasks_utils.dir/flat_merge_proxy_model.cpp.o[0m
[6.239s] [ 29%] Built target moveit_task_visualization_tools_autogen
[6.343s] [ 30%] [32mBuilding CXX object gtest/CMakeFiles/gtest.dir/gtest_autogen/mocs_compilation.cpp.o[0m
[6.410s] [ 32%] [32mBuilding CXX object gtest/CMakeFiles/gtest.dir/src/gtest-all.cc.o[0m
[6.432s] [ 33%] [32m[1mLinking CXX static library libgtest_main.a[0m
[6.580s] [ 33%] Built target gtest_main
[6.678s] [ 35%] [32mBuilding CXX object visualization_tools/CMakeFiles/moveit_task_visualization_tools.dir/moveit_task_visualization_tools_autogen/mocs_compilation.cpp.o[0m
[6.783s] [ 36%] [32m[1mLinking CXX static library libgmock_main.a[0m
[6.916s] [ 36%] Built target gmock_main
[6.957s] [ 38%] [32mBuilding CXX object visualization_tools/CMakeFiles/moveit_task_visualization_tools.dir/src/display_solution.cpp.o[0m
[7.005s] [ 40%] [32mBuilding CXX object visualization_tools/CMakeFiles/moveit_task_visualization_tools.dir/src/marker_visualization.cpp.o[0m
[7.372s] [ 41%] [32mBuilding CXX object motion_planning_tasks/utils/CMakeFiles/motion_planning_tasks_utils.dir/tree_merge_proxy_model.cpp.o[0m
[8.162s] [ 43%] [32mBuilding CXX object motion_planning_tasks/utils/CMakeFiles/motion_planning_tasks_utils.dir/icon.cpp.o[0m
[8.580s] [ 44%] [32m[1mLinking CXX shared library libmotion_planning_tasks_properties.so[0m
[8.860s] [ 46%] [32mBuilding CXX object visualization_tools/CMakeFiles/moveit_task_visualization_tools.dir/src/task_solution_panel.cpp.o[0m
[9.022s] [ 46%] Built target motion_planning_tasks_properties
[9.059s] [ 47%] [32mBuilding CXX object visualization_tools/CMakeFiles/moveit_task_visualization_tools.dir/src/task_solution_visualization.cpp.o[0m
[9.671s] [ 49%] [32m[1mLinking CXX shared library libmotion_planning_tasks_utils.so[0m
[10.064s] [ 49%] Built target motion_planning_tasks_utils
[11.187s] [ 50%] [32m[1mLinking CXX static library libgmock.a[0m
[11.220s] [ 50%] Built target gmock
[11.720s] [ 52%] [32m[1mLinking CXX static library libgtest.a[0m
[11.749s] [ 52%] Built target gtest
[11.766s] [ 53%] [34m[1mAutomatic MOC for target moveit_task_constructor_visualization-test-merge-models[0m
[11.797s] [ 53%] Built target moveit_task_constructor_visualization-test-merge-models_autogen
[11.815s] [ 56%] [32mBuilding CXX object motion_planning_tasks/test/CMakeFiles/moveit_task_constructor_visualization-test-merge-models.dir/moveit_task_constructor_visualization-test-merge-models_autogen/mocs_compilation.cpp.o[0m
[11.815s] [ 56%] [32mBuilding CXX object motion_planning_tasks/test/CMakeFiles/moveit_task_constructor_visualization-test-merge-models.dir/test_merge_models.cpp.o[0m
[13.362s] [ 58%] [32m[1mLinking CXX executable moveit_task_constructor_visualization-test-merge-models[0m
[13.539s] [ 58%] Built target moveit_task_constructor_visualization-test-merge-models
[16.767s] [ 60%] [32m[1mLinking CXX shared library libmoveit_task_visualization_tools.so[0m
[18.561s] [ 60%] Built target moveit_task_visualization_tools
[18.578s] [ 61%] [34m[1mAutomatic MOC for target motion_planning_tasks_rviz_plugin[0m
[20.216s] [ 61%] Built target motion_planning_tasks_rviz_plugin_autogen
[20.226s] [ 64%] [34m[1mAutomatic RCC for resources.qrc[0m
[20.226s] [ 64%] [34m[1mGenerating ui_task_view.h[0m
[20.227s] [ 66%] [34m[1mGenerating ui_global_settings.h[0m
[20.228s] [ 67%] [34m[1mGenerating ui_task_panel.h[0m
[20.259s] [ 69%] [32mBuilding CXX object motion_planning_tasks/src/CMakeFiles/motion_planning_tasks_rviz_plugin.dir/factory_model.cpp.o[0m
[20.259s] [ 70%] [32mBuilding CXX object motion_planning_tasks/src/CMakeFiles/motion_planning_tasks_rviz_plugin.dir/icons.cpp.o[0m
[20.266s] [ 72%] [32mBuilding CXX object motion_planning_tasks/src/CMakeFiles/motion_planning_tasks_rviz_plugin.dir/job_queue.cpp.o[0m
[20.273s] [ 73%] [32mBuilding CXX object motion_planning_tasks/src/CMakeFiles/motion_planning_tasks_rviz_plugin.dir/motion_planning_tasks_rviz_plugin_autogen/mocs_compilation.cpp.o[0m
[20.709s] [ 75%] [32mBuilding CXX object motion_planning_tasks/src/CMakeFiles/motion_planning_tasks_rviz_plugin.dir/remote_task_model.cpp.o[0m
[21.195s] [ 76%] [32mBuilding CXX object motion_planning_tasks/src/CMakeFiles/motion_planning_tasks_rviz_plugin.dir/task_display.cpp.o[0m
[21.210s] [ 78%] [32mBuilding CXX object motion_planning_tasks/src/CMakeFiles/motion_planning_tasks_rviz_plugin.dir/plugin_init.cpp.o[0m
[21.210s] [ 80%] [32mBuilding CXX object motion_planning_tasks/src/CMakeFiles/motion_planning_tasks_rviz_plugin.dir/meta_task_list_model.cpp.o[0m
[22.192s] [ 81%] [32mBuilding CXX object motion_planning_tasks/src/CMakeFiles/motion_planning_tasks_rviz_plugin.dir/task_list_model.cpp.o[0m
[22.205s] [ 83%] [32mBuilding CXX object motion_planning_tasks/src/CMakeFiles/motion_planning_tasks_rviz_plugin.dir/local_task_model.cpp.o[0m
[22.224s] [ 84%] [32mBuilding CXX object motion_planning_tasks/src/CMakeFiles/motion_planning_tasks_rviz_plugin.dir/task_panel.cpp.o[0m
[42.608s] [ 86%] [32mBuilding CXX object motion_planning_tasks/src/CMakeFiles/motion_planning_tasks_rviz_plugin.dir/motion_planning_tasks_rviz_plugin_autogen/EWIEGA46WW/qrc_resources.cpp.o[0m
[42.640s] [ 87%] [32m[1mLinking CXX shared library libmotion_planning_tasks_rviz_plugin.so[0m
[43.994s] [ 87%] Built target motion_planning_tasks_rviz_plugin
[44.011s] [ 89%] [34m[1mAutomatic MOC for target moveit_task_constructor_visualization-test-solution-models[0m
[44.013s] [ 90%] [34m[1mAutomatic MOC for target moveit_task_constructor_visualization-test-task_model[0m
[44.035s] [ 90%] Built target moveit_task_constructor_visualization-test-solution-models_autogen
[44.043s] [ 90%] Built target moveit_task_constructor_visualization-test-task_model_autogen
[44.054s] [ 92%] [32mBuilding CXX object motion_planning_tasks/test/CMakeFiles/moveit_task_constructor_visualization-test-solution-models.dir/moveit_task_constructor_visualization-test-solution-models_autogen/mocs_compilation.cpp.o[0m
[44.054s] [ 93%] [32mBuilding CXX object motion_planning_tasks/test/CMakeFiles/moveit_task_constructor_visualization-test-solution-models.dir/test_solution_models.cpp.o[0m
[44.058s] [ 95%] [32mBuilding CXX object motion_planning_tasks/test/CMakeFiles/moveit_task_constructor_visualization-test-task_model.dir/test_task_model.cpp.o[0m
[44.059s] [ 96%] [32mBuilding CXX object motion_planning_tasks/test/CMakeFiles/moveit_task_constructor_visualization-test-task_model.dir/moveit_task_constructor_visualization-test-task_model_autogen/mocs_compilation.cpp.o[0m
[47.597s] [ 98%] [32m[1mLinking CXX executable moveit_task_constructor_visualization-test-solution-models[0m
[47.896s] [100%] [32m[1mLinking CXX executable moveit_task_constructor_visualization-test-task_model[0m
[48.043s] [100%] Built target moveit_task_constructor_visualization-test-solution-models
[48.336s] [100%] Built target moveit_task_constructor_visualization-test-task_model
[48.346s] Invoked command in '/home/parallels/liam-workspace/build/moveit_task_constructor_visualization' returned '0': AMENT_PREFIX_PATH=/home/parallels/liam-workspace/install/moveit_task_constructor_core:/home/parallels/liam-workspace/install/moveit_ros_visualization:/home/parallels/liam-workspace/install/moveit_ros_planning_interface:/home/parallels/liam-workspace/install/moveit_ros_move_group:/home/parallels/liam-workspace/install/moveit_ros_warehouse:/home/parallels/liam-workspace/install/moveit_ros_robot_interaction:/home/parallels/liam-workspace/install/moveit_kinematics:/home/parallels/liam-workspace/install/moveit_ros_planning:/home/parallels/liam-workspace/install/moveit_ros_occupancy_map_monitor:/home/parallels/liam-workspace/install/moveit_core:/home/parallels/liam-workspace/install/rviz_marker_tools:/home/parallels/liam-workspace/install/srdfdom:/home/parallels/liam-workspace/install/moveit_task_constructor_msgs:/home/parallels/liam-workspace/install/moveit_common:${AMENT_PREFIX_PATH} CMAKE_PREFIX_PATH=/home/parallels/liam-workspace/install/moveit_task_constructor_core:/home/parallels/liam-workspace/install/moveit_ros_visualization:/home/parallels/liam-workspace/install/moveit_ros_planning_interface:/home/parallels/liam-workspace/install/moveit_ros_move_group:/home/parallels/liam-workspace/install/moveit_ros_warehouse:/home/parallels/liam-workspace/install/moveit_ros_robot_interaction:/home/parallels/liam-workspace/install/moveit_kinematics:/home/parallels/liam-workspace/install/moveit_ros_planning:/home/parallels/liam-workspace/install/moveit_ros_occupancy_map_monitor:/home/parallels/liam-workspace/install/moveit_core:/home/parallels/liam-workspace/install/rviz_marker_tools:/home/parallels/liam-workspace/install/srdfdom:/home/parallels/liam-workspace/install/moveit_task_constructor_msgs:/home/parallels/liam-workspace/install/moveit_common:/home/parallels/liam-workspace/install/pantilt_bot_description:/home/parallels/liam-workspace/install/open_manipulator_srt_description:/home/parallels/ws_moveit2/install/pilz_industrial_motion_planner_testutils:/home/parallels/ws_moveit2/install/moveit_runtime:/home/parallels/ws_moveit2/install/moveit2_tutorials:/home/parallels/ws_moveit2/install/moveit:/home/parallels/ws_moveit2/install/moveit_planners:/home/parallels/ws_moveit2/install/pilz_industrial_motion_planner:/home/parallels/ws_moveit2/install/moveit_visual_tools:/home/parallels/ws_moveit2/install/moveit_task_constructor_visualization:/home/parallels/ws_moveit2/install/moveit_task_constructor_demo:/home/parallels/ws_moveit2/install/moveit_task_constructor_capabilities:/home/parallels/ws_moveit2/install/moveit_task_constructor_core:/home/parallels/ws_moveit2/install/moveit_ros_control_interface:/home/parallels/ws_moveit2/install/moveit_plugins:/home/parallels/ws_moveit2/install/moveit_simple_controller_manager:/home/parallels/ws_moveit2/install/moveit_setup_assistant:/home/parallels/ws_moveit2/install/moveit_setup_srdf_plugins:/home/parallels/ws_moveit2/install/moveit_setup_core_plugins:/home/parallels/ws_moveit2/install/moveit_setup_controllers:/home/parallels/ws_moveit2/install/moveit_setup_app_plugins:/home/parallels/ws_moveit2/install/moveit_setup_framework:/home/parallels/ws_moveit2/install/moveit_servo:/home/parallels/ws_moveit2/install/moveit_ros:/home/parallels/ws_moveit2/install/moveit_ros_visualization:/home/parallels/ws_moveit2/install/moveit_hybrid_planning:/home/parallels/ws_moveit2/install/moveit_ros_planning_interface:/home/parallels/ws_moveit2/install/moveit_ros_benchmarks:/home/parallels/ws_moveit2/install/moveit_ros_warehouse:/home/parallels/ws_moveit2/install/moveit_ros_robot_interaction:/home/parallels/ws_moveit2/install/moveit_ros_perception:/home/parallels/ws_moveit2/install/moveit_resources_prbt_pg70_support:/home/parallels/ws_moveit2/install/moveit_resources_prbt_moveit_config:/home/parallels/ws_moveit2/install/moveit_ros_move_group:/home/parallels/ws_moveit2/install/moveit_planners_ompl:/home/parallels/ws_moveit2/install/moveit_ros_planning:/home/parallels/ws_moveit2/install/moveit_ros_occupancy_map_monitor:/home/parallels/ws_moveit2/install/moveit_resources_prbt_ikfast_manipulator_plugin:/home/parallels/ws_moveit2/install/moveit_planners_chomp:/home/parallels/ws_moveit2/install/moveit_kinematics:/home/parallels/ws_moveit2/install/moveit_chomp_optimizer_adapter:/home/parallels/ws_moveit2/install/chomp_motion_planner:/home/parallels/ws_moveit2/install/moveit_core:/home/parallels/ws_moveit2/install/srdfdom:/home/parallels/ws_moveit2/install/rviz_marker_tools:/home/parallels/ws_moveit2/install/rosparam_shortcuts:/home/parallels/ws_moveit2/install/pantilt_bot_description:/home/parallels/ws_moveit2/install/open_manipulator_x_description:/home/parallels/ws_moveit2/install/moveit_task_constructor_msgs:/home/parallels/ws_moveit2/install/moveit_resources_prbt_support:/home/parallels/ws_moveit2/install/moveit_resources:/home/parallels/ws_moveit2/install/moveit_resources_pr2_description:/home/parallels/ws_moveit2/install/moveit_resources_panda_moveit_config:/home/parallels/ws_moveit2/install/moveit_resources_panda_description:/home/parallels/ws_moveit2/install/moveit_resources_fanuc_moveit_config:/home/parallels/ws_moveit2/install/moveit_resources_fanuc_description:/home/parallels/ws_moveit2/install/moveit_common:/home/parallels/ws_moveit2/install/dynamixel_workbench:/home/parallels/ws_moveit2/install/dynamixel_hardware:/home/parallels/ws_moveit2/install/dynamixel_workbench_toolbox:/home/parallels/ws_moveit2/install/dynamixel_workbench_msgs:/home/parallels/ws_moveit2/install/moveit_configs_utils:/home/parallels/ws_moveit2/install/launch_param_builder:/opt/ros/humble LD_LIBRARY_PATH=/home/parallels/liam-workspace/install/moveit_task_constructor_core/lib:/home/parallels/liam-workspace/install/moveit_ros_visualization/lib:/home/parallels/liam-workspace/install/moveit_ros_planning_interface/lib:/home/parallels/liam-workspace/install/moveit_ros_move_group/lib:/home/parallels/liam-workspace/install/moveit_ros_warehouse/lib:/home/parallels/liam-workspace/install/moveit_ros_robot_interaction/lib:/home/parallels/liam-workspace/install/moveit_kinematics/lib:/home/parallels/liam-workspace/install/moveit_ros_planning/lib:/home/parallels/liam-workspace/install/moveit_ros_occupancy_map_monitor/lib:/home/parallels/liam-workspace/install/moveit_core/lib:/home/parallels/liam-workspace/install/rviz_marker_tools/lib:/home/parallels/liam-workspace/install/srdfdom/lib:/home/parallels/liam-workspace/install/moveit_task_constructor_msgs/lib:${LD_LIBRARY_PATH} PATH=/home/parallels/liam-workspace/install/moveit_core/bin:${PATH} PYTHONPATH=/home/parallels/liam-workspace/install/srdfdom/local/lib/python3.10/dist-packages:/home/parallels/liam-workspace/install/moveit_task_constructor_msgs/local/lib/python3.10/dist-packages:${PYTHONPATH} /usr/bin/cmake --build /home/parallels/liam-workspace/build/moveit_task_constructor_visualization -- -j8 -l8
[48.380s] Invoking command in '/home/parallels/liam-workspace/build/moveit_task_constructor_visualization': AMENT_PREFIX_PATH=/home/parallels/liam-workspace/install/moveit_task_constructor_core:/home/parallels/liam-workspace/install/moveit_ros_visualization:/home/parallels/liam-workspace/install/moveit_ros_planning_interface:/home/parallels/liam-workspace/install/moveit_ros_move_group:/home/parallels/liam-workspace/install/moveit_ros_warehouse:/home/parallels/liam-workspace/install/moveit_ros_robot_interaction:/home/parallels/liam-workspace/install/moveit_kinematics:/home/parallels/liam-workspace/install/moveit_ros_planning:/home/parallels/liam-workspace/install/moveit_ros_occupancy_map_monitor:/home/parallels/liam-workspace/install/moveit_core:/home/parallels/liam-workspace/install/rviz_marker_tools:/home/parallels/liam-workspace/install/srdfdom:/home/parallels/liam-workspace/install/moveit_task_constructor_msgs:/home/parallels/liam-workspace/install/moveit_common:${AMENT_PREFIX_PATH} CMAKE_PREFIX_PATH=/home/parallels/liam-workspace/install/moveit_task_constructor_core:/home/parallels/liam-workspace/install/moveit_ros_visualization:/home/parallels/liam-workspace/install/moveit_ros_planning_interface:/home/parallels/liam-workspace/install/moveit_ros_move_group:/home/parallels/liam-workspace/install/moveit_ros_warehouse:/home/parallels/liam-workspace/install/moveit_ros_robot_interaction:/home/parallels/liam-workspace/install/moveit_kinematics:/home/parallels/liam-workspace/install/moveit_ros_planning:/home/parallels/liam-workspace/install/moveit_ros_occupancy_map_monitor:/home/parallels/liam-workspace/install/moveit_core:/home/parallels/liam-workspace/install/rviz_marker_tools:/home/parallels/liam-workspace/install/srdfdom:/home/parallels/liam-workspace/install/moveit_task_constructor_msgs:/home/parallels/liam-workspace/install/moveit_common:/home/parallels/liam-workspace/install/pantilt_bot_description:/home/parallels/liam-workspace/install/open_manipulator_srt_description:/home/parallels/ws_moveit2/install/pilz_industrial_motion_planner_testutils:/home/parallels/ws_moveit2/install/moveit_runtime:/home/parallels/ws_moveit2/install/moveit2_tutorials:/home/parallels/ws_moveit2/install/moveit:/home/parallels/ws_moveit2/install/moveit_planners:/home/parallels/ws_moveit2/install/pilz_industrial_motion_planner:/home/parallels/ws_moveit2/install/moveit_visual_tools:/home/parallels/ws_moveit2/install/moveit_task_constructor_visualization:/home/parallels/ws_moveit2/install/moveit_task_constructor_demo:/home/parallels/ws_moveit2/install/moveit_task_constructor_capabilities:/home/parallels/ws_moveit2/install/moveit_task_constructor_core:/home/parallels/ws_moveit2/install/moveit_ros_control_interface:/home/parallels/ws_moveit2/install/moveit_plugins:/home/parallels/ws_moveit2/install/moveit_simple_controller_manager:/home/parallels/ws_moveit2/install/moveit_setup_assistant:/home/parallels/ws_moveit2/install/moveit_setup_srdf_plugins:/home/parallels/ws_moveit2/install/moveit_setup_core_plugins:/home/parallels/ws_moveit2/install/moveit_setup_controllers:/home/parallels/ws_moveit2/install/moveit_setup_app_plugins:/home/parallels/ws_moveit2/install/moveit_setup_framework:/home/parallels/ws_moveit2/install/moveit_servo:/home/parallels/ws_moveit2/install/moveit_ros:/home/parallels/ws_moveit2/install/moveit_ros_visualization:/home/parallels/ws_moveit2/install/moveit_hybrid_planning:/home/parallels/ws_moveit2/install/moveit_ros_planning_interface:/home/parallels/ws_moveit2/install/moveit_ros_benchmarks:/home/parallels/ws_moveit2/install/moveit_ros_warehouse:/home/parallels/ws_moveit2/install/moveit_ros_robot_interaction:/home/parallels/ws_moveit2/install/moveit_ros_perception:/home/parallels/ws_moveit2/install/moveit_resources_prbt_pg70_support:/home/parallels/ws_moveit2/install/moveit_resources_prbt_moveit_config:/home/parallels/ws_moveit2/install/moveit_ros_move_group:/home/parallels/ws_moveit2/install/moveit_planners_ompl:/home/parallels/ws_moveit2/install/moveit_ros_planning:/home/parallels/ws_moveit2/install/moveit_ros_occupancy_map_monitor:/home/parallels/ws_moveit2/install/moveit_resources_prbt_ikfast_manipulator_plugin:/home/parallels/ws_moveit2/install/moveit_planners_chomp:/home/parallels/ws_moveit2/install/moveit_kinematics:/home/parallels/ws_moveit2/install/moveit_chomp_optimizer_adapter:/home/parallels/ws_moveit2/install/chomp_motion_planner:/home/parallels/ws_moveit2/install/moveit_core:/home/parallels/ws_moveit2/install/srdfdom:/home/parallels/ws_moveit2/install/rviz_marker_tools:/home/parallels/ws_moveit2/install/rosparam_shortcuts:/home/parallels/ws_moveit2/install/pantilt_bot_description:/home/parallels/ws_moveit2/install/open_manipulator_x_description:/home/parallels/ws_moveit2/install/moveit_task_constructor_msgs:/home/parallels/ws_moveit2/install/moveit_resources_prbt_support:/home/parallels/ws_moveit2/install/moveit_resources:/home/parallels/ws_moveit2/install/moveit_resources_pr2_description:/home/parallels/ws_moveit2/install/moveit_resources_panda_moveit_config:/home/parallels/ws_moveit2/install/moveit_resources_panda_description:/home/parallels/ws_moveit2/install/moveit_resources_fanuc_moveit_config:/home/parallels/ws_moveit2/install/moveit_resources_fanuc_description:/home/parallels/ws_moveit2/install/moveit_common:/home/parallels/ws_moveit2/install/dynamixel_workbench:/home/parallels/ws_moveit2/install/dynamixel_hardware:/home/parallels/ws_moveit2/install/dynamixel_workbench_toolbox:/home/parallels/ws_moveit2/install/dynamixel_workbench_msgs:/home/parallels/ws_moveit2/install/moveit_configs_utils:/home/parallels/ws_moveit2/install/launch_param_builder:/opt/ros/humble LD_LIBRARY_PATH=/home/parallels/liam-workspace/install/moveit_task_constructor_core/lib:/home/parallels/liam-workspace/install/moveit_ros_visualization/lib:/home/parallels/liam-workspace/install/moveit_ros_planning_interface/lib:/home/parallels/liam-workspace/install/moveit_ros_move_group/lib:/home/parallels/liam-workspace/install/moveit_ros_warehouse/lib:/home/parallels/liam-workspace/install/moveit_ros_robot_interaction/lib:/home/parallels/liam-workspace/install/moveit_kinematics/lib:/home/parallels/liam-workspace/install/moveit_ros_planning/lib:/home/parallels/liam-workspace/install/moveit_ros_occupancy_map_monitor/lib:/home/parallels/liam-workspace/install/moveit_core/lib:/home/parallels/liam-workspace/install/rviz_marker_tools/lib:/home/parallels/liam-workspace/install/srdfdom/lib:/home/parallels/liam-workspace/install/moveit_task_constructor_msgs/lib:${LD_LIBRARY_PATH} PATH=/home/parallels/liam-workspace/install/moveit_core/bin:${PATH} PYTHONPATH=/home/parallels/liam-workspace/install/srdfdom/local/lib/python3.10/dist-packages:/home/parallels/liam-workspace/install/moveit_task_constructor_msgs/local/lib/python3.10/dist-packages:${PYTHONPATH} /usr/bin/cmake --install /home/parallels/liam-workspace/build/moveit_task_constructor_visualization
[48.385s] -- Install configuration: "Release"
[48.385s] -- Installing: /home/parallels/liam-workspace/install/moveit_task_constructor_visualization/share/icons
[48.386s] -- Installing: /home/parallels/liam-workspace/install/moveit_task_constructor_visualization/share/icons/classes
[48.386s] -- Installing: /home/parallels/liam-workspace/install/moveit_task_constructor_visualization/share/icons/classes/Motion Planning Tasks.svg
[48.386s] -- Installing: /home/parallels/liam-workspace/install/moveit_task_constructor_visualization/share/moveit_task_constructor_visualization/motion_planning_tasks_rviz_plugin_description.xml
[48.386s] -- Installing: /home/parallels/liam-workspace/install/moveit_task_constructor_visualization/share/moveit_task_constructor_visualization/environment/library_path.sh
[48.386s] -- Installing: /home/parallels/liam-workspace/install/moveit_task_constructor_visualization/share/moveit_task_constructor_visualization/environment/library_path.dsv
[48.386s] -- Installing: /home/parallels/liam-workspace/install/moveit_task_constructor_visualization/share/ament_index/resource_index/package_run_dependencies/moveit_task_constructor_visualization
[48.386s] -- Installing: /home/parallels/liam-workspace/install/moveit_task_constructor_visualization/share/ament_index/resource_index/parent_prefix_path/moveit_task_constructor_visualization
[48.386s] -- Installing: /home/parallels/liam-workspace/install/moveit_task_constructor_visualization/share/moveit_task_constructor_visualization/environment/ament_prefix_path.sh
[48.387s] -- Installing: /home/parallels/liam-workspace/install/moveit_task_constructor_visualization/share/moveit_task_constructor_visualization/environment/ament_prefix_path.dsv
[48.387s] -- Installing: /home/parallels/liam-workspace/install/moveit_task_constructor_visualization/share/moveit_task_constructor_visualization/environment/path.sh
[48.387s] -- Installing: /home/parallels/liam-workspace/install/moveit_task_constructor_visualization/share/moveit_task_constructor_visualization/environment/path.dsv
[48.387s] -- Installing: /home/parallels/liam-workspace/install/moveit_task_constructor_visualization/share/moveit_task_constructor_visualization/local_setup.bash
[48.387s] -- Installing: /home/parallels/liam-workspace/install/moveit_task_constructor_visualization/share/moveit_task_constructor_visualization/local_setup.sh
[48.387s] -- Installing: /home/parallels/liam-workspace/install/moveit_task_constructor_visualization/share/moveit_task_constructor_visualization/local_setup.zsh
[48.387s] -- Installing: /home/parallels/liam-workspace/install/moveit_task_constructor_visualization/share/moveit_task_constructor_visualization/local_setup.dsv
[48.387s] -- Installing: /home/parallels/liam-workspace/install/moveit_task_constructor_visualization/share/moveit_task_constructor_visualization/package.dsv
[48.387s] -- Installing: /home/parallels/liam-workspace/install/moveit_task_constructor_visualization/share/ament_index/resource_index/packages/moveit_task_constructor_visualization
[48.387s] -- Installing: /home/parallels/liam-workspace/install/moveit_task_constructor_visualization/share/ament_index/resource_index/rviz_common__pluginlib__plugin/moveit_task_constructor_visualization
[48.387s] -- Installing: /home/parallels/liam-workspace/install/moveit_task_constructor_visualization/share/moveit_task_constructor_visualization/cmake/ament_cmake_export_include_directories-extras.cmake
[48.387s] -- Installing: /home/parallels/liam-workspace/install/moveit_task_constructor_visualization/share/moveit_task_constructor_visualization/cmake/ament_cmake_export_libraries-extras.cmake
[48.387s] -- Installing: /home/parallels/liam-workspace/install/moveit_task_constructor_visualization/share/moveit_task_constructor_visualization/cmake/ament_cmake_export_dependencies-extras.cmake
[48.387s] -- Installing: /home/parallels/liam-workspace/install/moveit_task_constructor_visualization/share/moveit_task_constructor_visualization/cmake/moveit_task_constructor_visualizationConfig.cmake
[48.387s] -- Installing: /home/parallels/liam-workspace/install/moveit_task_constructor_visualization/share/moveit_task_constructor_visualization/cmake/moveit_task_constructor_visualizationConfig-version.cmake
[48.387s] -- Installing: /home/parallels/liam-workspace/install/moveit_task_constructor_visualization/share/moveit_task_constructor_visualization/package.xml
[48.388s] -- Installing: /home/parallels/liam-workspace/install/moveit_task_constructor_visualization/include
[48.388s] -- Installing: /home/parallels/liam-workspace/install/moveit_task_constructor_visualization/include/moveit
[48.388s] -- Installing: /home/parallels/liam-workspace/install/moveit_task_constructor_visualization/include/moveit/visualization_tools
[48.388s] -- Installing: /home/parallels/liam-workspace/install/moveit_task_constructor_visualization/include/moveit/visualization_tools/task_solution_visualization.h
[48.388s] -- Installing: /home/parallels/liam-workspace/install/moveit_task_constructor_visualization/include/moveit/visualization_tools/task_solution_panel.h
[48.388s] -- Installing: /home/parallels/liam-workspace/install/moveit_task_constructor_visualization/include/moveit/visualization_tools/display_solution.h
[48.388s] -- Installing: /home/parallels/liam-workspace/install/moveit_task_constructor_visualization/include/moveit/visualization_tools/marker_visualization.h
[48.388s] -- Installing: /home/parallels/liam-workspace/install/moveit_task_constructor_visualization/lib/libmoveit_task_visualization_tools.so.0.1.3
[48.388s] -- Set runtime path of "/home/parallels/liam-workspace/install/moveit_task_constructor_visualization/lib/libmoveit_task_visualization_tools.so.0.1.3" to ""
[48.388s] -- Installing: /home/parallels/liam-workspace/install/moveit_task_constructor_visualization/lib/libmoveit_task_visualization_tools.so
[48.389s] -- Installing: /home/parallels/liam-workspace/install/moveit_task_constructor_visualization/lib/libmotion_planning_tasks_utils.so
[48.389s] -- Installing: /home/parallels/liam-workspace/install/moveit_task_constructor_visualization/lib/libmotion_planning_tasks_properties.so
[48.389s] -- Set runtime path of "/home/parallels/liam-workspace/install/moveit_task_constructor_visualization/lib/libmotion_planning_tasks_properties.so" to ""
[48.389s] -- Installing: /home/parallels/liam-workspace/install/moveit_task_constructor_visualization/lib/libmotion_planning_tasks_rviz_plugin.so.0.1.3
[48.391s] -- Set runtime path of "/home/parallels/liam-workspace/install/moveit_task_constructor_visualization/lib/libmotion_planning_tasks_rviz_plugin.so.0.1.3" to ""
[48.391s] -- Installing: /home/parallels/liam-workspace/install/moveit_task_constructor_visualization/lib/libmotion_planning_tasks_rviz_plugin.so
[48.392s] Invoked command in '/home/parallels/liam-workspace/build/moveit_task_constructor_visualization' returned '0': AMENT_PREFIX_PATH=/home/parallels/liam-workspace/install/moveit_task_constructor_core:/home/parallels/liam-workspace/install/moveit_ros_visualization:/home/parallels/liam-workspace/install/moveit_ros_planning_interface:/home/parallels/liam-workspace/install/moveit_ros_move_group:/home/parallels/liam-workspace/install/moveit_ros_warehouse:/home/parallels/liam-workspace/install/moveit_ros_robot_interaction:/home/parallels/liam-workspace/install/moveit_kinematics:/home/parallels/liam-workspace/install/moveit_ros_planning:/home/parallels/liam-workspace/install/moveit_ros_occupancy_map_monitor:/home/parallels/liam-workspace/install/moveit_core:/home/parallels/liam-workspace/install/rviz_marker_tools:/home/parallels/liam-workspace/install/srdfdom:/home/parallels/liam-workspace/install/moveit_task_constructor_msgs:/home/parallels/liam-workspace/install/moveit_common:${AMENT_PREFIX_PATH} CMAKE_PREFIX_PATH=/home/parallels/liam-workspace/install/moveit_task_constructor_core:/home/parallels/liam-workspace/install/moveit_ros_visualization:/home/parallels/liam-workspace/install/moveit_ros_planning_interface:/home/parallels/liam-workspace/install/moveit_ros_move_group:/home/parallels/liam-workspace/install/moveit_ros_warehouse:/home/parallels/liam-workspace/install/moveit_ros_robot_interaction:/home/parallels/liam-workspace/install/moveit_kinematics:/home/parallels/liam-workspace/install/moveit_ros_planning:/home/parallels/liam-workspace/install/moveit_ros_occupancy_map_monitor:/home/parallels/liam-workspace/install/moveit_core:/home/parallels/liam-workspace/install/rviz_marker_tools:/home/parallels/liam-workspace/install/srdfdom:/home/parallels/liam-workspace/install/moveit_task_constructor_msgs:/home/parallels/liam-workspace/install/moveit_common:/home/parallels/liam-workspace/install/pantilt_bot_description:/home/parallels/liam-workspace/install/open_manipulator_srt_description:/home/parallels/ws_moveit2/install/pilz_industrial_motion_planner_testutils:/home/parallels/ws_moveit2/install/moveit_runtime:/home/parallels/ws_moveit2/install/moveit2_tutorials:/home/parallels/ws_moveit2/install/moveit:/home/parallels/ws_moveit2/install/moveit_planners:/home/parallels/ws_moveit2/install/pilz_industrial_motion_planner:/home/parallels/ws_moveit2/install/moveit_visual_tools:/home/parallels/ws_moveit2/install/moveit_task_constructor_visualization:/home/parallels/ws_moveit2/install/moveit_task_constructor_demo:/home/parallels/ws_moveit2/install/moveit_task_constructor_capabilities:/home/parallels/ws_moveit2/install/moveit_task_constructor_core:/home/parallels/ws_moveit2/install/moveit_ros_control_interface:/home/parallels/ws_moveit2/install/moveit_plugins:/home/parallels/ws_moveit2/install/moveit_simple_controller_manager:/home/parallels/ws_moveit2/install/moveit_setup_assistant:/home/parallels/ws_moveit2/install/moveit_setup_srdf_plugins:/home/parallels/ws_moveit2/install/moveit_setup_core_plugins:/home/parallels/ws_moveit2/install/moveit_setup_controllers:/home/parallels/ws_moveit2/install/moveit_setup_app_plugins:/home/parallels/ws_moveit2/install/moveit_setup_framework:/home/parallels/ws_moveit2/install/moveit_servo:/home/parallels/ws_moveit2/install/moveit_ros:/home/parallels/ws_moveit2/install/moveit_ros_visualization:/home/parallels/ws_moveit2/install/moveit_hybrid_planning:/home/parallels/ws_moveit2/install/moveit_ros_planning_interface:/home/parallels/ws_moveit2/install/moveit_ros_benchmarks:/home/parallels/ws_moveit2/install/moveit_ros_warehouse:/home/parallels/ws_moveit2/install/moveit_ros_robot_interaction:/home/parallels/ws_moveit2/install/moveit_ros_perception:/home/parallels/ws_moveit2/install/moveit_resources_prbt_pg70_support:/home/parallels/ws_moveit2/install/moveit_resources_prbt_moveit_config:/home/parallels/ws_moveit2/install/moveit_ros_move_group:/home/parallels/ws_moveit2/install/moveit_planners_ompl:/home/parallels/ws_moveit2/install/moveit_ros_planning:/home/parallels/ws_moveit2/install/moveit_ros_occupancy_map_monitor:/home/parallels/ws_moveit2/install/moveit_resources_prbt_ikfast_manipulator_plugin:/home/parallels/ws_moveit2/install/moveit_planners_chomp:/home/parallels/ws_moveit2/install/moveit_kinematics:/home/parallels/ws_moveit2/install/moveit_chomp_optimizer_adapter:/home/parallels/ws_moveit2/install/chomp_motion_planner:/home/parallels/ws_moveit2/install/moveit_core:/home/parallels/ws_moveit2/install/srdfdom:/home/parallels/ws_moveit2/install/rviz_marker_tools:/home/parallels/ws_moveit2/install/rosparam_shortcuts:/home/parallels/ws_moveit2/install/pantilt_bot_description:/home/parallels/ws_moveit2/install/open_manipulator_x_description:/home/parallels/ws_moveit2/install/moveit_task_constructor_msgs:/home/parallels/ws_moveit2/install/moveit_resources_prbt_support:/home/parallels/ws_moveit2/install/moveit_resources:/home/parallels/ws_moveit2/install/moveit_resources_pr2_description:/home/parallels/ws_moveit2/install/moveit_resources_panda_moveit_config:/home/parallels/ws_moveit2/install/moveit_resources_panda_description:/home/parallels/ws_moveit2/install/moveit_resources_fanuc_moveit_config:/home/parallels/ws_moveit2/install/moveit_resources_fanuc_description:/home/parallels/ws_moveit2/install/moveit_common:/home/parallels/ws_moveit2/install/dynamixel_workbench:/home/parallels/ws_moveit2/install/dynamixel_hardware:/home/parallels/ws_moveit2/install/dynamixel_workbench_toolbox:/home/parallels/ws_moveit2/install/dynamixel_workbench_msgs:/home/parallels/ws_moveit2/install/moveit_configs_utils:/home/parallels/ws_moveit2/install/launch_param_builder:/opt/ros/humble LD_LIBRARY_PATH=/home/parallels/liam-workspace/install/moveit_task_constructor_core/lib:/home/parallels/liam-workspace/install/moveit_ros_visualization/lib:/home/parallels/liam-workspace/install/moveit_ros_planning_interface/lib:/home/parallels/liam-workspace/install/moveit_ros_move_group/lib:/home/parallels/liam-workspace/install/moveit_ros_warehouse/lib:/home/parallels/liam-workspace/install/moveit_ros_robot_interaction/lib:/home/parallels/liam-workspace/install/moveit_kinematics/lib:/home/parallels/liam-workspace/install/moveit_ros_planning/lib:/home/parallels/liam-workspace/install/moveit_ros_occupancy_map_monitor/lib:/home/parallels/liam-workspace/install/moveit_core/lib:/home/parallels/liam-workspace/install/rviz_marker_tools/lib:/home/parallels/liam-workspace/install/srdfdom/lib:/home/parallels/liam-workspace/install/moveit_task_constructor_msgs/lib:${LD_LIBRARY_PATH} PATH=/home/parallels/liam-workspace/install/moveit_core/bin:${PATH} PYTHONPATH=/home/parallels/liam-workspace/install/srdfdom/local/lib/python3.10/dist-packages:/home/parallels/liam-workspace/install/moveit_task_constructor_msgs/local/lib/python3.10/dist-packages:${PYTHONPATH} /usr/bin/cmake --install /home/parallels/liam-workspace/build/moveit_task_constructor_visualization
