-- Install configuration: ""
-- Up-to-date: /home/parallels/liam-workspace/install/srt_config/share/ament_index/resource_index/package_run_dependencies/srt_config
-- Up-to-date: /home/parallels/liam-workspace/install/srt_config/share/ament_index/resource_index/parent_prefix_path/srt_config
-- Up-to-date: /home/parallels/liam-workspace/install/srt_config/share/srt_config/environment/ament_prefix_path.sh
-- Up-to-date: /home/parallels/liam-workspace/install/srt_config/share/srt_config/environment/ament_prefix_path.dsv
-- Up-to-date: /home/parallels/liam-workspace/install/srt_config/share/srt_config/environment/path.sh
-- Up-to-date: /home/parallels/liam-workspace/install/srt_config/share/srt_config/environment/path.dsv
-- Up-to-date: /home/parallels/liam-workspace/install/srt_config/share/srt_config/local_setup.bash
-- Up-to-date: /home/parallels/liam-workspace/install/srt_config/share/srt_config/local_setup.sh
-- Up-to-date: /home/parallels/liam-workspace/install/srt_config/share/srt_config/local_setup.zsh
-- Up-to-date: /home/parallels/liam-workspace/install/srt_config/share/srt_config/local_setup.dsv
-- Installing: /home/parallels/liam-workspace/install/srt_config/share/srt_config/package.dsv
-- Up-to-date: /home/parallels/liam-workspace/install/srt_config/share/ament_index/resource_index/packages/srt_config
-- Up-to-date: /home/parallels/liam-workspace/install/srt_config/share/srt_config/cmake/srt_configConfig.cmake
-- Up-to-date: /home/parallels/liam-workspace/install/srt_config/share/srt_config/cmake/srt_configConfig-version.cmake
-- Up-to-date: /home/parallels/liam-workspace/install/srt_config/share/srt_config/package.xml
-- Up-to-date: /home/parallels/liam-workspace/install/srt_config/share/srt_config/launch
-- Up-to-date: /home/parallels/liam-workspace/install/srt_config/share/srt_config/launch/rsp.launch.py
-- Up-to-date: /home/parallels/liam-workspace/install/srt_config/share/srt_config/launch/demo.launch.py
-- Up-to-date: /home/parallels/liam-workspace/install/srt_config/share/srt_config/launch/spawn_controllers.launch.py
-- Up-to-date: /home/parallels/liam-workspace/install/srt_config/share/srt_config/launch/static_virtual_joint_tfs.launch.py
-- Up-to-date: /home/parallels/liam-workspace/install/srt_config/share/srt_config/launch/move_group.launch.py
-- Up-to-date: /home/parallels/liam-workspace/install/srt_config/share/srt_config/launch/warehouse_db.launch.py
-- Up-to-date: /home/parallels/liam-workspace/install/srt_config/share/srt_config/launch/setup_assistant.launch.py
-- Up-to-date: /home/parallels/liam-workspace/install/srt_config/share/srt_config/launch/moveit_rviz.launch.py
-- Up-to-date: /home/parallels/liam-workspace/install/srt_config/share/srt_config/config
-- Up-to-date: /home/parallels/liam-workspace/install/srt_config/share/srt_config/config/srt.srdf
-- Up-to-date: /home/parallels/liam-workspace/install/srt_config/share/srt_config/config/srt_ros2_control.xacro
-- Up-to-date: /home/parallels/liam-workspace/install/srt_config/share/srt_config/config/initial_positions.yaml
-- Up-to-date: /home/parallels/liam-workspace/install/srt_config/share/srt_config/config/moveit_controllers.yaml
-- Installing: /home/parallels/liam-workspace/install/srt_config/share/srt_config/config/srt.urdf.xacro
-- Up-to-date: /home/parallels/liam-workspace/install/srt_config/share/srt_config/config/moveit.rviz
-- Up-to-date: /home/parallels/liam-workspace/install/srt_config/share/srt_config/config/pilz_cartesian_limits.yaml
-- Up-to-date: /home/parallels/liam-workspace/install/srt_config/share/srt_config/config/ros2_controllers.yaml
-- Up-to-date: /home/parallels/liam-workspace/install/srt_config/share/srt_config/config/joint_limits.yaml
-- Up-to-date: /home/parallels/liam-workspace/install/srt_config/share/srt_config/config/kinematics.yaml
-- Up-to-date: /home/parallels/liam-workspace/install/srt_config/share/srt_config/.setup_assistant
