-- Install configuration: ""
-- Up-to-date: /home/parallels/liam-workspace/install/open_manipulator_srt_description/share/open_manipulator_srt_description/meshes
-- Up-to-date: /home/parallels/liam-workspace/install/open_manipulator_srt_description/share/open_manipulator_srt_description/meshes/visual
-- Up-to-date: /home/parallels/liam-workspace/install/open_manipulator_srt_description/share/open_manipulator_srt_description/meshes/visual/T1.dae
-- Up-to-date: /home/parallels/liam-workspace/install/open_manipulator_srt_description/share/open_manipulator_srt_description/meshes/visual/T3.dae
-- Up-to-date: /home/parallels/liam-workspace/install/open_manipulator_srt_description/share/open_manipulator_srt_description/meshes/visual/T5.dae
-- Up-to-date: /home/parallels/liam-workspace/install/open_manipulator_srt_description/share/open_manipulator_srt_description/meshes/visual/base_link.dae
-- Up-to-date: /home/parallels/liam-workspace/install/open_manipulator_srt_description/share/open_manipulator_srt_description/meshes/visual/EE.dae
-- Up-to-date: /home/parallels/liam-workspace/install/open_manipulator_srt_description/share/open_manipulator_srt_description/meshes/visual/T4.dae
-- Up-to-date: /home/parallels/liam-workspace/install/open_manipulator_srt_description/share/open_manipulator_srt_description/meshes/visual/T2.dae
-- Up-to-date: /home/parallels/liam-workspace/install/open_manipulator_srt_description/share/open_manipulator_srt_description/meshes/collision
-- Up-to-date: /home/parallels/liam-workspace/install/open_manipulator_srt_description/share/open_manipulator_srt_description/meshes/collision/base_link.stl
-- Up-to-date: /home/parallels/liam-workspace/install/open_manipulator_srt_description/share/open_manipulator_srt_description/meshes/collision/T5.stl
-- Up-to-date: /home/parallels/liam-workspace/install/open_manipulator_srt_description/share/open_manipulator_srt_description/meshes/collision/EE.stl
-- Up-to-date: /home/parallels/liam-workspace/install/open_manipulator_srt_description/share/open_manipulator_srt_description/meshes/collision/T2.stl
-- Up-to-date: /home/parallels/liam-workspace/install/open_manipulator_srt_description/share/open_manipulator_srt_description/meshes/collision/T1.stl
-- Up-to-date: /home/parallels/liam-workspace/install/open_manipulator_srt_description/share/open_manipulator_srt_description/meshes/collision/T4.stl
-- Up-to-date: /home/parallels/liam-workspace/install/open_manipulator_srt_description/share/open_manipulator_srt_description/meshes/collision/T3.stl
-- Up-to-date: /home/parallels/liam-workspace/install/open_manipulator_srt_description/share/open_manipulator_srt_description/urdf
-- Up-to-date: /home/parallels/liam-workspace/install/open_manipulator_srt_description/share/open_manipulator_srt_description/urdf/open_manipulator_srt.ros2_control.xacro
-- Up-to-date: /home/parallels/liam-workspace/install/open_manipulator_srt_description/share/open_manipulator_srt_description/urdf/open_manipulator_srt.urdf.xacro
-- Up-to-date: /home/parallels/liam-workspace/install/open_manipulator_srt_description/share/open_manipulator_srt_description/urdf/open_manipulator_srt.xacro
-- Up-to-date: /home/parallels/liam-workspace/install/open_manipulator_srt_description/share/open_manipulator_srt_description/urdf/open_manipulator_srt.ros2_control_gazebo.xacro
-- Up-to-date: /home/parallels/liam-workspace/install/open_manipulator_srt_description/share/open_manipulator_srt_description/urdf/open_manipulator_srt_gazebo.urdf.xacro
-- Up-to-date: /home/parallels/liam-workspace/install/open_manipulator_srt_description/share/open_manipulator_srt_description/controllers
-- Up-to-date: /home/parallels/liam-workspace/install/open_manipulator_srt_description/share/open_manipulator_srt_description/controllers/controllers.yaml
-- Up-to-date: /home/parallels/liam-workspace/install/open_manipulator_srt_description/share/open_manipulator_srt_description/launch
-- Up-to-date: /home/parallels/liam-workspace/install/open_manipulator_srt_description/share/open_manipulator_srt_description/launch/display.launch.py
-- Up-to-date: /home/parallels/liam-workspace/install/open_manipulator_srt_description/share/open_manipulator_srt_description/launch/open_manipulator_srt.launch.py
-- Up-to-date: /home/parallels/liam-workspace/install/open_manipulator_srt_description/share/open_manipulator_srt_description/launch/open_manipulator_srt.rviz
-- Up-to-date: /home/parallels/liam-workspace/install/open_manipulator_srt_description/share/open_manipulator_srt_description/launch/open_manipulator_srt_gazebo.launch.py
-- Up-to-date: /home/parallels/liam-workspace/install/open_manipulator_srt_description/share/ament_index/resource_index/package_run_dependencies/open_manipulator_srt_description
-- Up-to-date: /home/parallels/liam-workspace/install/open_manipulator_srt_description/share/ament_index/resource_index/parent_prefix_path/open_manipulator_srt_description
-- Up-to-date: /home/parallels/liam-workspace/install/open_manipulator_srt_description/share/open_manipulator_srt_description/environment/ament_prefix_path.sh
-- Up-to-date: /home/parallels/liam-workspace/install/open_manipulator_srt_description/share/open_manipulator_srt_description/environment/ament_prefix_path.dsv
-- Up-to-date: /home/parallels/liam-workspace/install/open_manipulator_srt_description/share/open_manipulator_srt_description/environment/path.sh
-- Up-to-date: /home/parallels/liam-workspace/install/open_manipulator_srt_description/share/open_manipulator_srt_description/environment/path.dsv
-- Up-to-date: /home/parallels/liam-workspace/install/open_manipulator_srt_description/share/open_manipulator_srt_description/local_setup.bash
-- Up-to-date: /home/parallels/liam-workspace/install/open_manipulator_srt_description/share/open_manipulator_srt_description/local_setup.sh
-- Up-to-date: /home/parallels/liam-workspace/install/open_manipulator_srt_description/share/open_manipulator_srt_description/local_setup.zsh
-- Up-to-date: /home/parallels/liam-workspace/install/open_manipulator_srt_description/share/open_manipulator_srt_description/local_setup.dsv
-- Installing: /home/parallels/liam-workspace/install/open_manipulator_srt_description/share/open_manipulator_srt_description/package.dsv
-- Up-to-date: /home/parallels/liam-workspace/install/open_manipulator_srt_description/share/ament_index/resource_index/packages/open_manipulator_srt_description
-- Up-to-date: /home/parallels/liam-workspace/install/open_manipulator_srt_description/share/open_manipulator_srt_description/cmake/open_manipulator_srt_descriptionConfig.cmake
-- Up-to-date: /home/parallels/liam-workspace/install/open_manipulator_srt_description/share/open_manipulator_srt_description/cmake/open_manipulator_srt_descriptionConfig-version.cmake
-- Up-to-date: /home/parallels/liam-workspace/install/open_manipulator_srt_description/share/open_manipulator_srt_description/package.xml
