[0.036s] Invoking command in '/home/parallels/liam workspace/build/moveit_task_constructor_visualization': AMENT_PREFIX_PATH=/home/parallels/liam workspace/install/moveit_task_constructor_core:/home/parallels/liam workspace/install/moveit_ros_visualization:/home/parallels/liam workspace/install/moveit_ros_planning_interface:/home/parallels/liam workspace/install/moveit_ros_move_group:/home/parallels/liam workspace/install/moveit_ros_warehouse:/home/parallels/liam workspace/install/moveit_ros_robot_interaction:/home/parallels/liam workspace/install/moveit_kinematics:/home/parallels/liam workspace/install/moveit_ros_planning:/home/parallels/liam workspace/install/moveit_ros_occupancy_map_monitor:/home/parallels/liam workspace/install/moveit_core:/home/parallels/liam workspace/install/rviz_marker_tools:/home/parallels/liam workspace/install/srdfdom:/home/parallels/liam workspace/install/moveit_task_constructor_msgs:/home/parallels/liam workspace/install/moveit_common:${AMENT_PREFIX_PATH} CMAKE_PREFIX_PATH=/home/parallels/liam workspace/install/moveit_task_constructor_core:/home/parallels/liam workspace/install/moveit_ros_visualization:/home/parallels/liam workspace/install/moveit_ros_planning_interface:/home/parallels/liam workspace/install/moveit_ros_move_group:/home/parallels/liam workspace/install/moveit_ros_warehouse:/home/parallels/liam workspace/install/moveit_ros_robot_interaction:/home/parallels/liam workspace/install/moveit_kinematics:/home/parallels/liam workspace/install/moveit_ros_planning:/home/parallels/liam workspace/install/moveit_ros_occupancy_map_monitor:/home/parallels/liam workspace/install/moveit_core:/home/parallels/liam workspace/install/rviz_marker_tools:/home/parallels/liam workspace/install/srdfdom:/home/parallels/liam workspace/install/moveit_task_constructor_msgs:/home/parallels/liam workspace/install/moveit_common:/home/parallels/ws_moveit2/install/pilz_industrial_motion_planner_testutils:/home/parallels/ws_moveit2/install/moveit_runtime:/home/parallels/ws_moveit2/install/moveit2_tutorials:/home/parallels/ws_moveit2/install/moveit:/home/parallels/ws_moveit2/install/moveit_planners:/home/parallels/ws_moveit2/install/pilz_industrial_motion_planner:/home/parallels/ws_moveit2/install/moveit_visual_tools:/home/parallels/ws_moveit2/install/moveit_task_constructor_visualization:/home/parallels/ws_moveit2/install/moveit_task_constructor_demo:/home/parallels/ws_moveit2/install/moveit_task_constructor_capabilities:/home/parallels/ws_moveit2/install/moveit_task_constructor_core:/home/parallels/ws_moveit2/install/moveit_ros_control_interface:/home/parallels/ws_moveit2/install/moveit_plugins:/home/parallels/ws_moveit2/install/moveit_simple_controller_manager:/home/parallels/ws_moveit2/install/moveit_setup_assistant:/home/parallels/ws_moveit2/install/moveit_setup_srdf_plugins:/home/parallels/ws_moveit2/install/moveit_setup_core_plugins:/home/parallels/ws_moveit2/install/moveit_setup_controllers:/home/parallels/ws_moveit2/install/moveit_setup_app_plugins:/home/parallels/ws_moveit2/install/moveit_setup_framework:/home/parallels/ws_moveit2/install/moveit_servo:/home/parallels/ws_moveit2/install/moveit_ros:/home/parallels/ws_moveit2/install/moveit_ros_visualization:/home/parallels/ws_moveit2/install/moveit_hybrid_planning:/home/parallels/ws_moveit2/install/moveit_ros_planning_interface:/home/parallels/ws_moveit2/install/moveit_ros_benchmarks:/home/parallels/ws_moveit2/install/moveit_ros_warehouse:/home/parallels/ws_moveit2/install/moveit_ros_robot_interaction:/home/parallels/ws_moveit2/install/moveit_ros_perception:/home/parallels/ws_moveit2/install/moveit_resources_prbt_pg70_support:/home/parallels/ws_moveit2/install/moveit_resources_prbt_moveit_config:/home/parallels/ws_moveit2/install/moveit_ros_move_group:/home/parallels/ws_moveit2/install/moveit_planners_ompl:/home/parallels/ws_moveit2/install/moveit_ros_planning:/home/parallels/ws_moveit2/install/moveit_ros_occupancy_map_monitor:/home/parallels/ws_moveit2/install/moveit_resources_prbt_ikfast_manipulator_plugin:/home/parallels/ws_moveit2/install/moveit_planners_chomp:/home/parallels/ws_moveit2/install/moveit_kinematics:/home/parallels/ws_moveit2/install/moveit_chomp_optimizer_adapter:/home/parallels/ws_moveit2/install/chomp_motion_planner:/home/parallels/ws_moveit2/install/moveit_core:/home/parallels/ws_moveit2/install/srdfdom:/home/parallels/ws_moveit2/install/rviz_marker_tools:/home/parallels/ws_moveit2/install/rosparam_shortcuts:/home/parallels/ws_moveit2/install/pantilt_bot_description:/home/parallels/ws_moveit2/install/open_manipulator_x_description:/home/parallels/ws_moveit2/install/moveit_task_constructor_msgs:/home/parallels/ws_moveit2/install/moveit_resources_prbt_support:/home/parallels/ws_moveit2/install/moveit_resources:/home/parallels/ws_moveit2/install/moveit_resources_pr2_description:/home/parallels/ws_moveit2/install/moveit_resources_panda_moveit_config:/home/parallels/ws_moveit2/install/moveit_resources_panda_description:/home/parallels/ws_moveit2/install/moveit_resources_fanuc_moveit_config:/home/parallels/ws_moveit2/install/moveit_resources_fanuc_description:/home/parallels/ws_moveit2/install/moveit_common:/home/parallels/ws_moveit2/install/dynamixel_workbench:/home/parallels/ws_moveit2/install/dynamixel_hardware:/home/parallels/ws_moveit2/install/dynamixel_workbench_toolbox:/home/parallels/ws_moveit2/install/dynamixel_workbench_msgs:/home/parallels/ws_moveit2/install/moveit_configs_utils:/home/parallels/ws_moveit2/install/launch_param_builder:/opt/ros/humble LD_LIBRARY_PATH=/home/parallels/liam workspace/install/moveit_task_constructor_core/lib:/home/parallels/liam workspace/install/moveit_ros_visualization/lib:/home/parallels/liam workspace/install/moveit_ros_planning_interface/lib:/home/parallels/liam workspace/install/moveit_ros_move_group/lib:/home/parallels/liam workspace/install/moveit_ros_warehouse/lib:/home/parallels/liam workspace/install/moveit_ros_robot_interaction/lib:/home/parallels/liam workspace/install/moveit_kinematics/lib:/home/parallels/liam workspace/install/moveit_ros_planning/lib:/home/parallels/liam workspace/install/moveit_ros_occupancy_map_monitor/lib:/home/parallels/liam workspace/install/moveit_core/lib:/home/parallels/liam workspace/install/rviz_marker_tools/lib:/home/parallels/liam workspace/install/srdfdom/lib:/home/parallels/liam workspace/install/moveit_task_constructor_msgs/lib:${LD_LIBRARY_PATH} PATH=/home/parallels/liam workspace/install/moveit_core/bin:${PATH} PYTHONPATH=/home/parallels/liam workspace/install/srdfdom/local/lib/python3.10/dist-packages:/home/parallels/liam workspace/install/moveit_task_constructor_msgs/local/lib/python3.10/dist-packages:${PYTHONPATH} /usr/bin/cmake /home/parallels/liam workspace/src/moveit_task_constructor/visualization -DCMAKE_INSTALL_PREFIX=/home/parallels/liam workspace/install/moveit_task_constructor_visualization
[0.074s] -- The C compiler identification is GNU 11.4.0
[0.108s] -- The CXX compiler identification is GNU 11.4.0
[0.112s] -- Detecting C compiler ABI info
[0.162s] -- Detecting C compiler ABI info - done
[0.166s] -- Check for working C compiler: /usr/bin/cc - skipped
[0.166s] -- Detecting C compile features
[0.166s] -- Detecting C compile features - done
[0.168s] -- Detecting CXX compiler ABI info
[0.221s] -- Detecting CXX compiler ABI info - done
[0.225s] -- Check for working CXX compiler: /usr/bin/c++ - skipped
[0.226s] -- Detecting CXX compile features
[0.226s] -- Detecting CXX compile features - done
[0.230s] -- Found ament_cmake: 1.3.9 (/opt/ros/humble/share/ament_cmake/cmake)
[0.324s] -- Found Python3: /usr/bin/python3 (found version "3.10.12") found components: Interpreter 
[0.433s] -- Found Boost: /usr/lib/aarch64-linux-gnu/cmake/Boost-1.74.0/BoostConfig.cmake (found version "1.74.0")  
[0.434s] -- Found moveit_common: 2.5.5 (/home/parallels/liam workspace/install/moveit_common/share/moveit_common/cmake)
[0.482s] -- Found libdw: /usr/lib/aarch64-linux-gnu/libdw.so  
[0.487s] -- Could NOT find libbfd (missing: LIBBFD_LIBRARY LIBBFD_INCLUDE_DIR) 
[0.487s] -- BACKWARD_HAS_UNWIND=1
[0.487s] -- BACKWARD_HAS_BACKTRACE=0
[0.487s] -- BACKWARD_HAS_BACKTRACE_SYMBOL=0
[0.487s] -- BACKWARD_HAS_DW=1
[0.487s] -- BACKWARD_HAS_BFD=0
[0.487s] -- Found Backward: /opt/ros/humble/share/backward_ros/cmake  
[0.487s] [0mmoveit_task_constructor_visualization: You did not request a specific build type: Choosing 'Release' for maximum performance[0m
[0.488s] -- Found moveit_core: 2.5.5 (/home/parallels/liam workspace/install/moveit_core/share/moveit_core/cmake)
[0.685s] -- Found Boost: /usr/lib/aarch64-linux-gnu/cmake/Boost-1.74.0/BoostConfig.cmake (found version "1.74.0") found components: chrono date_time filesystem iostreams program_options regex serialization system thread 
[0.757s] -- Found parameter_traits: 0.3.8 (/opt/ros/humble/share/parameter_traits/cmake)
[0.824s] -- Found rosidl_generator_c: 3.1.5 (/opt/ros/humble/share/rosidl_generator_c/cmake)
[0.834s] -- Found rosidl_adapter: 3.1.5 (/opt/ros/humble/share/rosidl_adapter/cmake)
[0.847s] -- Found rosidl_generator_cpp: 3.1.5 (/opt/ros/humble/share/rosidl_generator_cpp/cmake)
[0.863s] -- Using all available rosidl_typesupport_c: rosidl_typesupport_fastrtps_c;rosidl_typesupport_introspection_c
[0.887s] -- Using all available rosidl_typesupport_cpp: rosidl_typesupport_fastrtps_cpp;rosidl_typesupport_introspection_cpp
[0.968s] -- Found rmw_implementation_cmake: 6.1.2 (/opt/ros/humble/share/rmw_implementation_cmake/cmake)
[0.976s] -- Found rmw_fastrtps_cpp: 6.2.6 (/opt/ros/humble/share/rmw_fastrtps_cpp/cmake)
[1.071s] -- Found OpenSSL: /usr/lib/aarch64-linux-gnu/libcrypto.so (found version "3.0.2")  
[1.093s] -- Found FastRTPS: /opt/ros/humble/include  
[1.135s] -- Using RMW implementation 'rmw_fastrtps_cpp' as default
[1.152s] -- Found Threads: TRUE  
[1.282s] -- Found Eigen3: TRUE (found version "3.4.0") 
[1.287s] -- Found rclcpp_lifecycle: 16.0.9 (/opt/ros/humble/share/rclcpp_lifecycle/cmake)
[1.327s] -- Found Boost: /usr/lib/aarch64-linux-gnu/cmake/Boost-1.74.0/BoostConfig.cmake (found version "1.74.0") found components: filesystem 
[1.457s] -- library: /usr/lib/aarch64-linux-gnu/libcurl.so
[1.687s] -- Ensuring Eigen3 include directory is part of orocos-kdl CMake target
[2.516s] -- Found moveit_ros_visualization: 2.5.5 (/home/parallels/liam workspace/install/moveit_ros_visualization/share/moveit_ros_visualization/cmake)
[2.519s] -- Found Boost: /usr/lib/aarch64-linux-gnu/cmake/Boost-1.74.0/BoostConfig.cmake (found version "1.74.0") found components: thread date_time system filesystem 
[2.542s] -- Found Boost: /usr/lib/aarch64-linux-gnu/cmake/Boost-1.74.0/BoostConfig.cmake (found version "1.74.0") found components: system filesystem date_time program_options thread chrono 
[2.946s] -- Found Boost: /usr/lib/aarch64-linux-gnu/cmake/Boost-1.74.0/BoostConfig.cmake (found version "1.74.0") found components: date_time filesystem program_options system thread 
[3.093s] -- Found Boost: /usr/lib/aarch64-linux-gnu/cmake/Boost-1.74.0/BoostConfig.cmake (found version "1.74.0") found components: thread system filesystem regex date_time program_options 
[3.282s] -- Found Boost: /usr/lib/aarch64-linux-gnu/cmake/Boost-1.74.0/BoostConfig.cmake (found version "1.74.0") found components: system filesystem date_time program_options thread 
[4.278s] -- Setting OGRE_DIR to: '/opt/ros/humble/share/rviz_ogre_vendor/cmake/../../../opt/rviz_ogre_vendor/lib/OGRE/cmake'
[4.279s] -- Found OGRE
[4.279s] --   static     : OFF
[4.279s] --   components : HLMS;MeshLodGenerator;Overlay;Paging;Property;RTShaderSystem;Terrain;Volume
[4.280s] --   plugins    : Plugin_BSPSceneManager;Plugin_OctreeSceneManager;Plugin_PCZSceneManager;Plugin_ParticleFX;RenderSystem_GL;RenderSystem_GL3Plus;Codec_STBI
[4.280s] --   media      : /opt/ros/humble/opt/rviz_ogre_vendor/share/OGRE/Media
[4.280s] -- OGRE_LIBRARIES: OgreHLMS;OgreMeshLodGenerator;OgreOverlay;OgrePaging;OgreProperty;OgreRTShaderSystem;OgreTerrain;OgreVolume;OgreMain
[4.280s] -- OGRE_LIBRARY_DIRS: /opt/ros/humble/opt/rviz_ogre_vendor/lib
[4.280s] -- OGRE_PLUGINS: Plugin_BSPSceneManager;Plugin_OctreeSceneManager;Plugin_PCZSceneManager;Plugin_ParticleFX;RenderSystem_GL;RenderSystem_GL3Plus;Codec_STBI
[4.280s] -- OGRE_PLUGIN_DIR: /opt/ros/humble/opt/rviz_ogre_vendor/lib/OGRE
[4.280s] -- rviz_ogre_vendor::OgreOverlay for IMPORTED_LOCATION_RELEASE: /opt/ros/humble/opt/rviz_ogre_vendor/lib/libOgreOverlay.so
[4.280s] -- rviz_ogre_vendor::OgreOverlay for IMPORTED_LOCATION_DEBUG: /opt/ros/humble/opt/rviz_ogre_vendor/lib/libOgreOverlay.so
[4.280s] -- rviz_ogre_vendor::OgreMain for IMPORTED_LOCATION_RELEASE: /opt/ros/humble/opt/rviz_ogre_vendor/lib/libOgreMain.so
[4.280s] -- rviz_ogre_vendor::OgreMain for IMPORTED_LOCATION_DEBUG: /opt/ros/humble/opt/rviz_ogre_vendor/lib/libOgreMain.so
[4.282s] -- Could not find freeimage library
[4.302s] -- Found ZLIB: /usr/lib/aarch64-linux-gnu/libz.so (found version "1.2.11") 
[4.309s] -- Found OpenGL: /usr/lib/aarch64-linux-gnu/libOpenGL.so   
[4.754s] -- Found X11: /usr/include   
[4.755s] -- Looking for XOpenDisplay in /usr/lib/aarch64-linux-gnu/libX11.so;/usr/lib/aarch64-linux-gnu/libXext.so
[4.945s] -- Looking for XOpenDisplay in /usr/lib/aarch64-linux-gnu/libX11.so;/usr/lib/aarch64-linux-gnu/libXext.so - found
[4.945s] -- Looking for gethostbyname
[5.219s] -- Looking for gethostbyname - found
[5.219s] -- Looking for connect
[5.517s] -- Looking for connect - found
[5.517s] -- Looking for remove
[5.802s] -- Looking for remove - found
[5.805s] -- Looking for shmat
[5.964s] -- Looking for shmat - found
[5.964s] -- Looking for IceConnectionNumber in ICE
[6.180s] -- Looking for IceConnectionNumber in ICE - found
[6.182s] -- rviz_ogre_vendor::RenderSystem_GL for IMPORTED_LOCATION_RELEASE: _render_system_gl_static_library_abs-NOTFOUND
[6.182s] -- rviz_ogre_vendor::RenderSystem_GL for IMPORTED_LOCATION_DEBUG: _render_system_gl_static_library_abs-NOTFOUND
[6.759s] -- Found moveit_task_constructor_core: 0.1.3 (/home/parallels/liam workspace/install/moveit_task_constructor_core/share/moveit_task_constructor_core/cmake)
[7.616s] -- Found PkgConfig: /usr/bin/pkg-config (found version "0.29.2") 
[7.617s] -- Checking for module 'yaml-0.1'
[7.701s] --   Found yaml-0.1, version 0.2.2
[7.935s] -- Found ament_cmake_gtest: 1.3.9 (/opt/ros/humble/share/ament_cmake_gtest/cmake)
[7.945s] -- Found ament_cmake_gmock: 1.3.9 (/opt/ros/humble/share/ament_cmake_gmock/cmake)
[7.957s] -- Found launch_testing_ament_cmake: 1.0.6 (/opt/ros/humble/share/launch_testing_ament_cmake/cmake)
[7.968s] -- Found python_cmake_module: 0.10.0 (/opt/ros/humble/share/python_cmake_module/cmake)
[8.012s] -- Found PythonInterp: /usr/bin/python3 (found suitable version "3.10.12", minimum required is "3.6") 
[8.018s] -- Found PythonLibs: /usr/lib/aarch64-linux-gnu/libpython3.10.so (found suitable version "3.10.12", minimum required is "3.5") 
[8.018s] -- Using PYTHON_EXECUTABLE: /usr/bin/python3
[8.018s] -- Using PYTHON_INCLUDE_DIRS: /usr/include/python3.10
[8.018s] -- Using PYTHON_LIBRARIES: /usr/lib/aarch64-linux-gnu/libpython3.10.so
[8.039s] -- Found PythonExtra: .so  
[8.046s] -- Found gtest sources under '/opt/ros/humble/src/gtest_vendor': C++ tests using 'Google Test' will be built
[8.057s] -- Found gmock sources under '/opt/ros/humble/src/gmock_vendor': C++ tests using 'Google Mock' will be built
[8.064s] -- Configuring done
[8.315s] -- Generating done
[8.318s] -- Build files have been written to: /home/parallels/liam workspace/build/moveit_task_constructor_visualization
[8.337s] Invoked command in '/home/parallels/liam workspace/build/moveit_task_constructor_visualization' returned '0': AMENT_PREFIX_PATH=/home/parallels/liam workspace/install/moveit_task_constructor_core:/home/parallels/liam workspace/install/moveit_ros_visualization:/home/parallels/liam workspace/install/moveit_ros_planning_interface:/home/parallels/liam workspace/install/moveit_ros_move_group:/home/parallels/liam workspace/install/moveit_ros_warehouse:/home/parallels/liam workspace/install/moveit_ros_robot_interaction:/home/parallels/liam workspace/install/moveit_kinematics:/home/parallels/liam workspace/install/moveit_ros_planning:/home/parallels/liam workspace/install/moveit_ros_occupancy_map_monitor:/home/parallels/liam workspace/install/moveit_core:/home/parallels/liam workspace/install/rviz_marker_tools:/home/parallels/liam workspace/install/srdfdom:/home/parallels/liam workspace/install/moveit_task_constructor_msgs:/home/parallels/liam workspace/install/moveit_common:${AMENT_PREFIX_PATH} CMAKE_PREFIX_PATH=/home/parallels/liam workspace/install/moveit_task_constructor_core:/home/parallels/liam workspace/install/moveit_ros_visualization:/home/parallels/liam workspace/install/moveit_ros_planning_interface:/home/parallels/liam workspace/install/moveit_ros_move_group:/home/parallels/liam workspace/install/moveit_ros_warehouse:/home/parallels/liam workspace/install/moveit_ros_robot_interaction:/home/parallels/liam workspace/install/moveit_kinematics:/home/parallels/liam workspace/install/moveit_ros_planning:/home/parallels/liam workspace/install/moveit_ros_occupancy_map_monitor:/home/parallels/liam workspace/install/moveit_core:/home/parallels/liam workspace/install/rviz_marker_tools:/home/parallels/liam workspace/install/srdfdom:/home/parallels/liam workspace/install/moveit_task_constructor_msgs:/home/parallels/liam workspace/install/moveit_common:/home/parallels/ws_moveit2/install/pilz_industrial_motion_planner_testutils:/home/parallels/ws_moveit2/install/moveit_runtime:/home/parallels/ws_moveit2/install/moveit2_tutorials:/home/parallels/ws_moveit2/install/moveit:/home/parallels/ws_moveit2/install/moveit_planners:/home/parallels/ws_moveit2/install/pilz_industrial_motion_planner:/home/parallels/ws_moveit2/install/moveit_visual_tools:/home/parallels/ws_moveit2/install/moveit_task_constructor_visualization:/home/parallels/ws_moveit2/install/moveit_task_constructor_demo:/home/parallels/ws_moveit2/install/moveit_task_constructor_capabilities:/home/parallels/ws_moveit2/install/moveit_task_constructor_core:/home/parallels/ws_moveit2/install/moveit_ros_control_interface:/home/parallels/ws_moveit2/install/moveit_plugins:/home/parallels/ws_moveit2/install/moveit_simple_controller_manager:/home/parallels/ws_moveit2/install/moveit_setup_assistant:/home/parallels/ws_moveit2/install/moveit_setup_srdf_plugins:/home/parallels/ws_moveit2/install/moveit_setup_core_plugins:/home/parallels/ws_moveit2/install/moveit_setup_controllers:/home/parallels/ws_moveit2/install/moveit_setup_app_plugins:/home/parallels/ws_moveit2/install/moveit_setup_framework:/home/parallels/ws_moveit2/install/moveit_servo:/home/parallels/ws_moveit2/install/moveit_ros:/home/parallels/ws_moveit2/install/moveit_ros_visualization:/home/parallels/ws_moveit2/install/moveit_hybrid_planning:/home/parallels/ws_moveit2/install/moveit_ros_planning_interface:/home/parallels/ws_moveit2/install/moveit_ros_benchmarks:/home/parallels/ws_moveit2/install/moveit_ros_warehouse:/home/parallels/ws_moveit2/install/moveit_ros_robot_interaction:/home/parallels/ws_moveit2/install/moveit_ros_perception:/home/parallels/ws_moveit2/install/moveit_resources_prbt_pg70_support:/home/parallels/ws_moveit2/install/moveit_resources_prbt_moveit_config:/home/parallels/ws_moveit2/install/moveit_ros_move_group:/home/parallels/ws_moveit2/install/moveit_planners_ompl:/home/parallels/ws_moveit2/install/moveit_ros_planning:/home/parallels/ws_moveit2/install/moveit_ros_occupancy_map_monitor:/home/parallels/ws_moveit2/install/moveit_resources_prbt_ikfast_manipulator_plugin:/home/parallels/ws_moveit2/install/moveit_planners_chomp:/home/parallels/ws_moveit2/install/moveit_kinematics:/home/parallels/ws_moveit2/install/moveit_chomp_optimizer_adapter:/home/parallels/ws_moveit2/install/chomp_motion_planner:/home/parallels/ws_moveit2/install/moveit_core:/home/parallels/ws_moveit2/install/srdfdom:/home/parallels/ws_moveit2/install/rviz_marker_tools:/home/parallels/ws_moveit2/install/rosparam_shortcuts:/home/parallels/ws_moveit2/install/pantilt_bot_description:/home/parallels/ws_moveit2/install/open_manipulator_x_description:/home/parallels/ws_moveit2/install/moveit_task_constructor_msgs:/home/parallels/ws_moveit2/install/moveit_resources_prbt_support:/home/parallels/ws_moveit2/install/moveit_resources:/home/parallels/ws_moveit2/install/moveit_resources_pr2_description:/home/parallels/ws_moveit2/install/moveit_resources_panda_moveit_config:/home/parallels/ws_moveit2/install/moveit_resources_panda_description:/home/parallels/ws_moveit2/install/moveit_resources_fanuc_moveit_config:/home/parallels/ws_moveit2/install/moveit_resources_fanuc_description:/home/parallels/ws_moveit2/install/moveit_common:/home/parallels/ws_moveit2/install/dynamixel_workbench:/home/parallels/ws_moveit2/install/dynamixel_hardware:/home/parallels/ws_moveit2/install/dynamixel_workbench_toolbox:/home/parallels/ws_moveit2/install/dynamixel_workbench_msgs:/home/parallels/ws_moveit2/install/moveit_configs_utils:/home/parallels/ws_moveit2/install/launch_param_builder:/opt/ros/humble LD_LIBRARY_PATH=/home/parallels/liam workspace/install/moveit_task_constructor_core/lib:/home/parallels/liam workspace/install/moveit_ros_visualization/lib:/home/parallels/liam workspace/install/moveit_ros_planning_interface/lib:/home/parallels/liam workspace/install/moveit_ros_move_group/lib:/home/parallels/liam workspace/install/moveit_ros_warehouse/lib:/home/parallels/liam workspace/install/moveit_ros_robot_interaction/lib:/home/parallels/liam workspace/install/moveit_kinematics/lib:/home/parallels/liam workspace/install/moveit_ros_planning/lib:/home/parallels/liam workspace/install/moveit_ros_occupancy_map_monitor/lib:/home/parallels/liam workspace/install/moveit_core/lib:/home/parallels/liam workspace/install/rviz_marker_tools/lib:/home/parallels/liam workspace/install/srdfdom/lib:/home/parallels/liam workspace/install/moveit_task_constructor_msgs/lib:${LD_LIBRARY_PATH} PATH=/home/parallels/liam workspace/install/moveit_core/bin:${PATH} PYTHONPATH=/home/parallels/liam workspace/install/srdfdom/local/lib/python3.10/dist-packages:/home/parallels/liam workspace/install/moveit_task_constructor_msgs/local/lib/python3.10/dist-packages:${PYTHONPATH} /usr/bin/cmake /home/parallels/liam workspace/src/moveit_task_constructor/visualization -DCMAKE_INSTALL_PREFIX=/home/parallels/liam workspace/install/moveit_task_constructor_visualization
[8.348s] Invoking command in '/home/parallels/liam workspace/build/moveit_task_constructor_visualization': AMENT_PREFIX_PATH=/home/parallels/liam workspace/install/moveit_task_constructor_core:/home/parallels/liam workspace/install/moveit_ros_visualization:/home/parallels/liam workspace/install/moveit_ros_planning_interface:/home/parallels/liam workspace/install/moveit_ros_move_group:/home/parallels/liam workspace/install/moveit_ros_warehouse:/home/parallels/liam workspace/install/moveit_ros_robot_interaction:/home/parallels/liam workspace/install/moveit_kinematics:/home/parallels/liam workspace/install/moveit_ros_planning:/home/parallels/liam workspace/install/moveit_ros_occupancy_map_monitor:/home/parallels/liam workspace/install/moveit_core:/home/parallels/liam workspace/install/rviz_marker_tools:/home/parallels/liam workspace/install/srdfdom:/home/parallels/liam workspace/install/moveit_task_constructor_msgs:/home/parallels/liam workspace/install/moveit_common:${AMENT_PREFIX_PATH} CMAKE_PREFIX_PATH=/home/parallels/liam workspace/install/moveit_task_constructor_core:/home/parallels/liam workspace/install/moveit_ros_visualization:/home/parallels/liam workspace/install/moveit_ros_planning_interface:/home/parallels/liam workspace/install/moveit_ros_move_group:/home/parallels/liam workspace/install/moveit_ros_warehouse:/home/parallels/liam workspace/install/moveit_ros_robot_interaction:/home/parallels/liam workspace/install/moveit_kinematics:/home/parallels/liam workspace/install/moveit_ros_planning:/home/parallels/liam workspace/install/moveit_ros_occupancy_map_monitor:/home/parallels/liam workspace/install/moveit_core:/home/parallels/liam workspace/install/rviz_marker_tools:/home/parallels/liam workspace/install/srdfdom:/home/parallels/liam workspace/install/moveit_task_constructor_msgs:/home/parallels/liam workspace/install/moveit_common:/home/parallels/ws_moveit2/install/pilz_industrial_motion_planner_testutils:/home/parallels/ws_moveit2/install/moveit_runtime:/home/parallels/ws_moveit2/install/moveit2_tutorials:/home/parallels/ws_moveit2/install/moveit:/home/parallels/ws_moveit2/install/moveit_planners:/home/parallels/ws_moveit2/install/pilz_industrial_motion_planner:/home/parallels/ws_moveit2/install/moveit_visual_tools:/home/parallels/ws_moveit2/install/moveit_task_constructor_visualization:/home/parallels/ws_moveit2/install/moveit_task_constructor_demo:/home/parallels/ws_moveit2/install/moveit_task_constructor_capabilities:/home/parallels/ws_moveit2/install/moveit_task_constructor_core:/home/parallels/ws_moveit2/install/moveit_ros_control_interface:/home/parallels/ws_moveit2/install/moveit_plugins:/home/parallels/ws_moveit2/install/moveit_simple_controller_manager:/home/parallels/ws_moveit2/install/moveit_setup_assistant:/home/parallels/ws_moveit2/install/moveit_setup_srdf_plugins:/home/parallels/ws_moveit2/install/moveit_setup_core_plugins:/home/parallels/ws_moveit2/install/moveit_setup_controllers:/home/parallels/ws_moveit2/install/moveit_setup_app_plugins:/home/parallels/ws_moveit2/install/moveit_setup_framework:/home/parallels/ws_moveit2/install/moveit_servo:/home/parallels/ws_moveit2/install/moveit_ros:/home/parallels/ws_moveit2/install/moveit_ros_visualization:/home/parallels/ws_moveit2/install/moveit_hybrid_planning:/home/parallels/ws_moveit2/install/moveit_ros_planning_interface:/home/parallels/ws_moveit2/install/moveit_ros_benchmarks:/home/parallels/ws_moveit2/install/moveit_ros_warehouse:/home/parallels/ws_moveit2/install/moveit_ros_robot_interaction:/home/parallels/ws_moveit2/install/moveit_ros_perception:/home/parallels/ws_moveit2/install/moveit_resources_prbt_pg70_support:/home/parallels/ws_moveit2/install/moveit_resources_prbt_moveit_config:/home/parallels/ws_moveit2/install/moveit_ros_move_group:/home/parallels/ws_moveit2/install/moveit_planners_ompl:/home/parallels/ws_moveit2/install/moveit_ros_planning:/home/parallels/ws_moveit2/install/moveit_ros_occupancy_map_monitor:/home/parallels/ws_moveit2/install/moveit_resources_prbt_ikfast_manipulator_plugin:/home/parallels/ws_moveit2/install/moveit_planners_chomp:/home/parallels/ws_moveit2/install/moveit_kinematics:/home/parallels/ws_moveit2/install/moveit_chomp_optimizer_adapter:/home/parallels/ws_moveit2/install/chomp_motion_planner:/home/parallels/ws_moveit2/install/moveit_core:/home/parallels/ws_moveit2/install/srdfdom:/home/parallels/ws_moveit2/install/rviz_marker_tools:/home/parallels/ws_moveit2/install/rosparam_shortcuts:/home/parallels/ws_moveit2/install/pantilt_bot_description:/home/parallels/ws_moveit2/install/open_manipulator_x_description:/home/parallels/ws_moveit2/install/moveit_task_constructor_msgs:/home/parallels/ws_moveit2/install/moveit_resources_prbt_support:/home/parallels/ws_moveit2/install/moveit_resources:/home/parallels/ws_moveit2/install/moveit_resources_pr2_description:/home/parallels/ws_moveit2/install/moveit_resources_panda_moveit_config:/home/parallels/ws_moveit2/install/moveit_resources_panda_description:/home/parallels/ws_moveit2/install/moveit_resources_fanuc_moveit_config:/home/parallels/ws_moveit2/install/moveit_resources_fanuc_description:/home/parallels/ws_moveit2/install/moveit_common:/home/parallels/ws_moveit2/install/dynamixel_workbench:/home/parallels/ws_moveit2/install/dynamixel_hardware:/home/parallels/ws_moveit2/install/dynamixel_workbench_toolbox:/home/parallels/ws_moveit2/install/dynamixel_workbench_msgs:/home/parallels/ws_moveit2/install/moveit_configs_utils:/home/parallels/ws_moveit2/install/launch_param_builder:/opt/ros/humble LD_LIBRARY_PATH=/home/parallels/liam workspace/install/moveit_task_constructor_core/lib:/home/parallels/liam workspace/install/moveit_ros_visualization/lib:/home/parallels/liam workspace/install/moveit_ros_planning_interface/lib:/home/parallels/liam workspace/install/moveit_ros_move_group/lib:/home/parallels/liam workspace/install/moveit_ros_warehouse/lib:/home/parallels/liam workspace/install/moveit_ros_robot_interaction/lib:/home/parallels/liam workspace/install/moveit_kinematics/lib:/home/parallels/liam workspace/install/moveit_ros_planning/lib:/home/parallels/liam workspace/install/moveit_ros_occupancy_map_monitor/lib:/home/parallels/liam workspace/install/moveit_core/lib:/home/parallels/liam workspace/install/rviz_marker_tools/lib:/home/parallels/liam workspace/install/srdfdom/lib:/home/parallels/liam workspace/install/moveit_task_constructor_msgs/lib:${LD_LIBRARY_PATH} PATH=/home/parallels/liam workspace/install/moveit_core/bin:${PATH} PYTHONPATH=/home/parallels/liam workspace/install/srdfdom/local/lib/python3.10/dist-packages:/home/parallels/liam workspace/install/moveit_task_constructor_msgs/local/lib/python3.10/dist-packages:${PYTHONPATH} /usr/bin/cmake --build /home/parallels/liam workspace/build/moveit_task_constructor_visualization -- -j8 -l8
[8.597s] [  1%] [34m[1mAutomatic MOC for target motion_planning_tasks_utils[0m
[8.603s] [  3%] [34m[1mAutomatic MOC for target moveit_task_visualization_tools[0m
[9.025s] [  3%] Built target motion_planning_tasks_utils_autogen
[9.125s] [  4%] [34m[1mAutomatic MOC for target gmock[0m
[9.256s] [  4%] Built target gmock_autogen
[9.364s] [  6%] [32mBuilding CXX object motion_planning_tasks/utils/CMakeFiles/motion_planning_tasks_utils.dir/motion_planning_tasks_utils_autogen/mocs_compilation.cpp.o[0m
[9.372s] [  7%] [32mBuilding CXX object motion_planning_tasks/utils/CMakeFiles/motion_planning_tasks_utils.dir/flat_merge_proxy_model.cpp.o[0m
[9.488s] [  9%] [32mBuilding CXX object motion_planning_tasks/utils/CMakeFiles/motion_planning_tasks_utils.dir/tree_merge_proxy_model.cpp.o[0m
[9.491s] [  9%] Built target moveit_task_visualization_tools_autogen
[9.588s] [ 10%] [32mBuilding CXX object gmock/CMakeFiles/gmock.dir/gmock_autogen/mocs_compilation.cpp.o[0m
[9.727s] [ 12%] [32mBuilding CXX object gmock/CMakeFiles/gmock.dir/opt/ros/humble/src/gtest_vendor/src/gtest-all.cc.o[0m
[11.675s] [ 13%] [34m[1mAutomatic MOC for target gmock_main[0m
[11.802s] [ 13%] Built target gmock_main_autogen
[11.849s] [ 15%] [32mBuilding CXX object gmock/CMakeFiles/gmock.dir/src/gmock-all.cc.o[0m
[11.916s] [ 16%] [34m[1mAutomatic MOC for target gtest[0m
[12.054s] [ 16%] Built target gtest_autogen
[12.145s] [ 18%] [32mBuilding CXX object motion_planning_tasks/utils/CMakeFiles/motion_planning_tasks_utils.dir/icon.cpp.o[0m
[13.118s] [ 20%] [32m[1mLinking CXX shared library libmotion_planning_tasks_utils.so[0m
[13.342s] [ 20%] Built target motion_planning_tasks_utils
[16.173s] [ 21%] [32m[1mLinking CXX static library libgmock.a[0m
[16.203s] [ 21%] Built target gmock
[16.220s] [ 23%] [32mBuilding CXX object gtest/CMakeFiles/gtest.dir/gtest_autogen/mocs_compilation.cpp.o[0m
[16.239s] [ 24%] [32mBuilding CXX object gtest/CMakeFiles/gtest.dir/src/gtest-all.cc.o[0m
[20.455s] [ 26%] [32m[1mLinking CXX static library libgtest.a[0m
[20.483s] [ 26%] Built target gtest
[20.500s] [ 27%] [32mBuilding CXX object gmock/CMakeFiles/gmock_main.dir/gmock_main_autogen/mocs_compilation.cpp.o[0m
[20.518s] [ 29%] [32mBuilding CXX object gmock/CMakeFiles/gmock_main.dir/src/gmock_main.cc.o[0m
[21.094s] [ 30%] [32m[1mLinking CXX static library libgmock_main.a[0m
[21.123s] [ 30%] Built target gmock_main
[21.141s] [ 32%] [32mBuilding CXX object visualization_tools/CMakeFiles/moveit_task_visualization_tools.dir/moveit_task_visualization_tools_autogen/mocs_compilation.cpp.o[0m
[23.874s] [ 33%] [32mBuilding CXX object visualization_tools/CMakeFiles/moveit_task_visualization_tools.dir/src/task_solution_visualization.cpp.o[0m
[32.209s] [ 35%] [32mBuilding CXX object visualization_tools/CMakeFiles/moveit_task_visualization_tools.dir/src/task_solution_panel.cpp.o[0m
[36.326s] [ 36%] [32mBuilding CXX object visualization_tools/CMakeFiles/moveit_task_visualization_tools.dir/src/marker_visualization.cpp.o[0m
[44.196s] [ 38%] [32mBuilding CXX object visualization_tools/CMakeFiles/moveit_task_visualization_tools.dir/src/display_solution.cpp.o[0m
[50.182s] [ 40%] [32m[1mLinking CXX shared library libmoveit_task_visualization_tools.so[0m
[52.158s] [ 40%] Built target moveit_task_visualization_tools
[52.176s] [ 43%] [34m[1mAutomatic MOC for target gtest_main[0m
[52.176s] [ 43%] [34m[1mAutomatic MOC for target motion_planning_tasks_properties[0m
[52.201s] [ 43%] Built target gtest_main_autogen
[52.204s] [ 43%] Built target motion_planning_tasks_properties_autogen
[52.220s] [ 44%] [32mBuilding CXX object gtest/CMakeFiles/gtest_main.dir/gtest_main_autogen/mocs_compilation.cpp.o[0m
[52.220s] [ 46%] [32mBuilding CXX object gtest/CMakeFiles/gtest_main.dir/src/gtest_main.cc.o[0m
[52.223s] [ 47%] [32mBuilding CXX object motion_planning_tasks/properties/CMakeFiles/motion_planning_tasks_properties.dir/motion_planning_tasks_properties_autogen/mocs_compilation.cpp.o[0m
[52.224s] [ 49%] [32mBuilding CXX object motion_planning_tasks/properties/CMakeFiles/motion_planning_tasks_properties.dir/property_factory.cpp.o[0m
[52.227s] [ 50%] [32mBuilding CXX object motion_planning_tasks/properties/CMakeFiles/motion_planning_tasks_properties.dir/property_from_yaml.cpp.o[0m
[52.684s] [ 52%] [32m[1mLinking CXX static library libgtest_main.a[0m
[52.716s] [ 52%] Built target gtest_main
[52.736s] [ 53%] [34m[1mAutomatic MOC for target moveit_task_constructor_visualization-test-merge-models[0m
[52.769s] [ 53%] Built target moveit_task_constructor_visualization-test-merge-models_autogen
[52.795s] [ 55%] [32mBuilding CXX object motion_planning_tasks/test/CMakeFiles/moveit_task_constructor_visualization-test-merge-models.dir/test_merge_models.cpp.o[0m
[52.796s] [ 56%] [32mBuilding CXX object motion_planning_tasks/test/CMakeFiles/moveit_task_constructor_visualization-test-merge-models.dir/moveit_task_constructor_visualization-test-merge-models_autogen/mocs_compilation.cpp.o[0m
[54.421s] [ 58%] [32m[1mLinking CXX shared library libmotion_planning_tasks_properties.so[0m
[54.549s] [ 60%] [32m[1mLinking CXX executable moveit_task_constructor_visualization-test-merge-models[0m
[54.761s] [ 60%] Built target motion_planning_tasks_properties
[54.771s] [ 60%] Built target moveit_task_constructor_visualization-test-merge-models
[54.782s] [ 61%] [34m[1mAutomatic MOC for target motion_planning_tasks_rviz_plugin[0m
[56.522s] [ 61%] Built target motion_planning_tasks_rviz_plugin_autogen
[56.533s] [ 67%] [34m[1mGenerating ui_task_panel.h[0m
[56.533s] [ 67%] [34m[1mGenerating ui_global_settings.h[0m
[56.533s] [ 67%] [34m[1mGenerating ui_task_view.h[0m
[56.533s] [ 67%] [34m[1mAutomatic RCC for resources.qrc[0m
[56.567s] [ 70%] [32mBuilding CXX object motion_planning_tasks/src/CMakeFiles/motion_planning_tasks_rviz_plugin.dir/factory_model.cpp.o[0m
[56.567s] [ 72%] [32mBuilding CXX object motion_planning_tasks/src/CMakeFiles/motion_planning_tasks_rviz_plugin.dir/motion_planning_tasks_rviz_plugin_autogen/mocs_compilation.cpp.o[0m
[56.567s] [ 70%] [32mBuilding CXX object motion_planning_tasks/src/CMakeFiles/motion_planning_tasks_rviz_plugin.dir/job_queue.cpp.o[0m
[56.568s] [ 73%] [32mBuilding CXX object motion_planning_tasks/src/CMakeFiles/motion_planning_tasks_rviz_plugin.dir/icons.cpp.o[0m
[57.058s] [ 75%] [32mBuilding CXX object motion_planning_tasks/src/CMakeFiles/motion_planning_tasks_rviz_plugin.dir/remote_task_model.cpp.o[0m
[57.513s] [ 78%] [32mBuilding CXX object motion_planning_tasks/src/CMakeFiles/motion_planning_tasks_rviz_plugin.dir/plugin_init.cpp.o[0m
[57.513s] [ 78%] [32mBuilding CXX object motion_planning_tasks/src/CMakeFiles/motion_planning_tasks_rviz_plugin.dir/task_display.cpp.o[0m
[57.986s] [ 80%] [32mBuilding CXX object motion_planning_tasks/src/CMakeFiles/motion_planning_tasks_rviz_plugin.dir/task_list_model.cpp.o[0m
[58.998s] [ 83%] [32mBuilding CXX object motion_planning_tasks/src/CMakeFiles/motion_planning_tasks_rviz_plugin.dir/meta_task_list_model.cpp.o[0m
[58.998s] [ 83%] [32mBuilding CXX object motion_planning_tasks/src/CMakeFiles/motion_planning_tasks_rviz_plugin.dir/task_panel.cpp.o[0m
[60.041s] [ 84%] [32mBuilding CXX object motion_planning_tasks/src/CMakeFiles/motion_planning_tasks_rviz_plugin.dir/local_task_model.cpp.o[0m
[61.676s] [ 86%] [32mBuilding CXX object motion_planning_tasks/src/CMakeFiles/motion_planning_tasks_rviz_plugin.dir/motion_planning_tasks_rviz_plugin_autogen/EWIEGA46WW/qrc_resources.cpp.o[0m
[72.342s] [ 87%] [32m[1mLinking CXX shared library libmotion_planning_tasks_rviz_plugin.so[0m
[73.714s] [ 87%] Built target motion_planning_tasks_rviz_plugin
[73.732s] [ 89%] [34m[1mAutomatic MOC for target moveit_task_constructor_visualization-test-solution-models[0m
[73.732s] [ 90%] [34m[1mAutomatic MOC for target moveit_task_constructor_visualization-test-task_model[0m
[73.757s] [ 90%] Built target moveit_task_constructor_visualization-test-solution-models_autogen
[73.758s] [ 90%] Built target moveit_task_constructor_visualization-test-task_model_autogen
[73.777s] [ 92%] [32mBuilding CXX object motion_planning_tasks/test/CMakeFiles/moveit_task_constructor_visualization-test-solution-models.dir/test_solution_models.cpp.o[0m
[73.777s] [ 93%] [32mBuilding CXX object motion_planning_tasks/test/CMakeFiles/moveit_task_constructor_visualization-test-task_model.dir/moveit_task_constructor_visualization-test-task_model_autogen/mocs_compilation.cpp.o[0m
[73.786s] [ 95%] [32mBuilding CXX object motion_planning_tasks/test/CMakeFiles/moveit_task_constructor_visualization-test-task_model.dir/test_task_model.cpp.o[0m
[73.792s] [ 96%] [32mBuilding CXX object motion_planning_tasks/test/CMakeFiles/moveit_task_constructor_visualization-test-solution-models.dir/moveit_task_constructor_visualization-test-solution-models_autogen/mocs_compilation.cpp.o[0m
[77.472s] [ 98%] [32m[1mLinking CXX executable moveit_task_constructor_visualization-test-solution-models[0m
[77.757s] [100%] [32m[1mLinking CXX executable moveit_task_constructor_visualization-test-task_model[0m
[77.988s] [100%] Built target moveit_task_constructor_visualization-test-solution-models
[78.278s] [100%] Built target moveit_task_constructor_visualization-test-task_model
[78.288s] Invoked command in '/home/parallels/liam workspace/build/moveit_task_constructor_visualization' returned '0': AMENT_PREFIX_PATH=/home/parallels/liam workspace/install/moveit_task_constructor_core:/home/parallels/liam workspace/install/moveit_ros_visualization:/home/parallels/liam workspace/install/moveit_ros_planning_interface:/home/parallels/liam workspace/install/moveit_ros_move_group:/home/parallels/liam workspace/install/moveit_ros_warehouse:/home/parallels/liam workspace/install/moveit_ros_robot_interaction:/home/parallels/liam workspace/install/moveit_kinematics:/home/parallels/liam workspace/install/moveit_ros_planning:/home/parallels/liam workspace/install/moveit_ros_occupancy_map_monitor:/home/parallels/liam workspace/install/moveit_core:/home/parallels/liam workspace/install/rviz_marker_tools:/home/parallels/liam workspace/install/srdfdom:/home/parallels/liam workspace/install/moveit_task_constructor_msgs:/home/parallels/liam workspace/install/moveit_common:${AMENT_PREFIX_PATH} CMAKE_PREFIX_PATH=/home/parallels/liam workspace/install/moveit_task_constructor_core:/home/parallels/liam workspace/install/moveit_ros_visualization:/home/parallels/liam workspace/install/moveit_ros_planning_interface:/home/parallels/liam workspace/install/moveit_ros_move_group:/home/parallels/liam workspace/install/moveit_ros_warehouse:/home/parallels/liam workspace/install/moveit_ros_robot_interaction:/home/parallels/liam workspace/install/moveit_kinematics:/home/parallels/liam workspace/install/moveit_ros_planning:/home/parallels/liam workspace/install/moveit_ros_occupancy_map_monitor:/home/parallels/liam workspace/install/moveit_core:/home/parallels/liam workspace/install/rviz_marker_tools:/home/parallels/liam workspace/install/srdfdom:/home/parallels/liam workspace/install/moveit_task_constructor_msgs:/home/parallels/liam workspace/install/moveit_common:/home/parallels/ws_moveit2/install/pilz_industrial_motion_planner_testutils:/home/parallels/ws_moveit2/install/moveit_runtime:/home/parallels/ws_moveit2/install/moveit2_tutorials:/home/parallels/ws_moveit2/install/moveit:/home/parallels/ws_moveit2/install/moveit_planners:/home/parallels/ws_moveit2/install/pilz_industrial_motion_planner:/home/parallels/ws_moveit2/install/moveit_visual_tools:/home/parallels/ws_moveit2/install/moveit_task_constructor_visualization:/home/parallels/ws_moveit2/install/moveit_task_constructor_demo:/home/parallels/ws_moveit2/install/moveit_task_constructor_capabilities:/home/parallels/ws_moveit2/install/moveit_task_constructor_core:/home/parallels/ws_moveit2/install/moveit_ros_control_interface:/home/parallels/ws_moveit2/install/moveit_plugins:/home/parallels/ws_moveit2/install/moveit_simple_controller_manager:/home/parallels/ws_moveit2/install/moveit_setup_assistant:/home/parallels/ws_moveit2/install/moveit_setup_srdf_plugins:/home/parallels/ws_moveit2/install/moveit_setup_core_plugins:/home/parallels/ws_moveit2/install/moveit_setup_controllers:/home/parallels/ws_moveit2/install/moveit_setup_app_plugins:/home/parallels/ws_moveit2/install/moveit_setup_framework:/home/parallels/ws_moveit2/install/moveit_servo:/home/parallels/ws_moveit2/install/moveit_ros:/home/parallels/ws_moveit2/install/moveit_ros_visualization:/home/parallels/ws_moveit2/install/moveit_hybrid_planning:/home/parallels/ws_moveit2/install/moveit_ros_planning_interface:/home/parallels/ws_moveit2/install/moveit_ros_benchmarks:/home/parallels/ws_moveit2/install/moveit_ros_warehouse:/home/parallels/ws_moveit2/install/moveit_ros_robot_interaction:/home/parallels/ws_moveit2/install/moveit_ros_perception:/home/parallels/ws_moveit2/install/moveit_resources_prbt_pg70_support:/home/parallels/ws_moveit2/install/moveit_resources_prbt_moveit_config:/home/parallels/ws_moveit2/install/moveit_ros_move_group:/home/parallels/ws_moveit2/install/moveit_planners_ompl:/home/parallels/ws_moveit2/install/moveit_ros_planning:/home/parallels/ws_moveit2/install/moveit_ros_occupancy_map_monitor:/home/parallels/ws_moveit2/install/moveit_resources_prbt_ikfast_manipulator_plugin:/home/parallels/ws_moveit2/install/moveit_planners_chomp:/home/parallels/ws_moveit2/install/moveit_kinematics:/home/parallels/ws_moveit2/install/moveit_chomp_optimizer_adapter:/home/parallels/ws_moveit2/install/chomp_motion_planner:/home/parallels/ws_moveit2/install/moveit_core:/home/parallels/ws_moveit2/install/srdfdom:/home/parallels/ws_moveit2/install/rviz_marker_tools:/home/parallels/ws_moveit2/install/rosparam_shortcuts:/home/parallels/ws_moveit2/install/pantilt_bot_description:/home/parallels/ws_moveit2/install/open_manipulator_x_description:/home/parallels/ws_moveit2/install/moveit_task_constructor_msgs:/home/parallels/ws_moveit2/install/moveit_resources_prbt_support:/home/parallels/ws_moveit2/install/moveit_resources:/home/parallels/ws_moveit2/install/moveit_resources_pr2_description:/home/parallels/ws_moveit2/install/moveit_resources_panda_moveit_config:/home/parallels/ws_moveit2/install/moveit_resources_panda_description:/home/parallels/ws_moveit2/install/moveit_resources_fanuc_moveit_config:/home/parallels/ws_moveit2/install/moveit_resources_fanuc_description:/home/parallels/ws_moveit2/install/moveit_common:/home/parallels/ws_moveit2/install/dynamixel_workbench:/home/parallels/ws_moveit2/install/dynamixel_hardware:/home/parallels/ws_moveit2/install/dynamixel_workbench_toolbox:/home/parallels/ws_moveit2/install/dynamixel_workbench_msgs:/home/parallels/ws_moveit2/install/moveit_configs_utils:/home/parallels/ws_moveit2/install/launch_param_builder:/opt/ros/humble LD_LIBRARY_PATH=/home/parallels/liam workspace/install/moveit_task_constructor_core/lib:/home/parallels/liam workspace/install/moveit_ros_visualization/lib:/home/parallels/liam workspace/install/moveit_ros_planning_interface/lib:/home/parallels/liam workspace/install/moveit_ros_move_group/lib:/home/parallels/liam workspace/install/moveit_ros_warehouse/lib:/home/parallels/liam workspace/install/moveit_ros_robot_interaction/lib:/home/parallels/liam workspace/install/moveit_kinematics/lib:/home/parallels/liam workspace/install/moveit_ros_planning/lib:/home/parallels/liam workspace/install/moveit_ros_occupancy_map_monitor/lib:/home/parallels/liam workspace/install/moveit_core/lib:/home/parallels/liam workspace/install/rviz_marker_tools/lib:/home/parallels/liam workspace/install/srdfdom/lib:/home/parallels/liam workspace/install/moveit_task_constructor_msgs/lib:${LD_LIBRARY_PATH} PATH=/home/parallels/liam workspace/install/moveit_core/bin:${PATH} PYTHONPATH=/home/parallels/liam workspace/install/srdfdom/local/lib/python3.10/dist-packages:/home/parallels/liam workspace/install/moveit_task_constructor_msgs/local/lib/python3.10/dist-packages:${PYTHONPATH} /usr/bin/cmake --build /home/parallels/liam workspace/build/moveit_task_constructor_visualization -- -j8 -l8
[78.328s] Invoking command in '/home/parallels/liam workspace/build/moveit_task_constructor_visualization': AMENT_PREFIX_PATH=/home/parallels/liam workspace/install/moveit_task_constructor_core:/home/parallels/liam workspace/install/moveit_ros_visualization:/home/parallels/liam workspace/install/moveit_ros_planning_interface:/home/parallels/liam workspace/install/moveit_ros_move_group:/home/parallels/liam workspace/install/moveit_ros_warehouse:/home/parallels/liam workspace/install/moveit_ros_robot_interaction:/home/parallels/liam workspace/install/moveit_kinematics:/home/parallels/liam workspace/install/moveit_ros_planning:/home/parallels/liam workspace/install/moveit_ros_occupancy_map_monitor:/home/parallels/liam workspace/install/moveit_core:/home/parallels/liam workspace/install/rviz_marker_tools:/home/parallels/liam workspace/install/srdfdom:/home/parallels/liam workspace/install/moveit_task_constructor_msgs:/home/parallels/liam workspace/install/moveit_common:${AMENT_PREFIX_PATH} CMAKE_PREFIX_PATH=/home/parallels/liam workspace/install/moveit_task_constructor_core:/home/parallels/liam workspace/install/moveit_ros_visualization:/home/parallels/liam workspace/install/moveit_ros_planning_interface:/home/parallels/liam workspace/install/moveit_ros_move_group:/home/parallels/liam workspace/install/moveit_ros_warehouse:/home/parallels/liam workspace/install/moveit_ros_robot_interaction:/home/parallels/liam workspace/install/moveit_kinematics:/home/parallels/liam workspace/install/moveit_ros_planning:/home/parallels/liam workspace/install/moveit_ros_occupancy_map_monitor:/home/parallels/liam workspace/install/moveit_core:/home/parallels/liam workspace/install/rviz_marker_tools:/home/parallels/liam workspace/install/srdfdom:/home/parallels/liam workspace/install/moveit_task_constructor_msgs:/home/parallels/liam workspace/install/moveit_common:/home/parallels/ws_moveit2/install/pilz_industrial_motion_planner_testutils:/home/parallels/ws_moveit2/install/moveit_runtime:/home/parallels/ws_moveit2/install/moveit2_tutorials:/home/parallels/ws_moveit2/install/moveit:/home/parallels/ws_moveit2/install/moveit_planners:/home/parallels/ws_moveit2/install/pilz_industrial_motion_planner:/home/parallels/ws_moveit2/install/moveit_visual_tools:/home/parallels/ws_moveit2/install/moveit_task_constructor_visualization:/home/parallels/ws_moveit2/install/moveit_task_constructor_demo:/home/parallels/ws_moveit2/install/moveit_task_constructor_capabilities:/home/parallels/ws_moveit2/install/moveit_task_constructor_core:/home/parallels/ws_moveit2/install/moveit_ros_control_interface:/home/parallels/ws_moveit2/install/moveit_plugins:/home/parallels/ws_moveit2/install/moveit_simple_controller_manager:/home/parallels/ws_moveit2/install/moveit_setup_assistant:/home/parallels/ws_moveit2/install/moveit_setup_srdf_plugins:/home/parallels/ws_moveit2/install/moveit_setup_core_plugins:/home/parallels/ws_moveit2/install/moveit_setup_controllers:/home/parallels/ws_moveit2/install/moveit_setup_app_plugins:/home/parallels/ws_moveit2/install/moveit_setup_framework:/home/parallels/ws_moveit2/install/moveit_servo:/home/parallels/ws_moveit2/install/moveit_ros:/home/parallels/ws_moveit2/install/moveit_ros_visualization:/home/parallels/ws_moveit2/install/moveit_hybrid_planning:/home/parallels/ws_moveit2/install/moveit_ros_planning_interface:/home/parallels/ws_moveit2/install/moveit_ros_benchmarks:/home/parallels/ws_moveit2/install/moveit_ros_warehouse:/home/parallels/ws_moveit2/install/moveit_ros_robot_interaction:/home/parallels/ws_moveit2/install/moveit_ros_perception:/home/parallels/ws_moveit2/install/moveit_resources_prbt_pg70_support:/home/parallels/ws_moveit2/install/moveit_resources_prbt_moveit_config:/home/parallels/ws_moveit2/install/moveit_ros_move_group:/home/parallels/ws_moveit2/install/moveit_planners_ompl:/home/parallels/ws_moveit2/install/moveit_ros_planning:/home/parallels/ws_moveit2/install/moveit_ros_occupancy_map_monitor:/home/parallels/ws_moveit2/install/moveit_resources_prbt_ikfast_manipulator_plugin:/home/parallels/ws_moveit2/install/moveit_planners_chomp:/home/parallels/ws_moveit2/install/moveit_kinematics:/home/parallels/ws_moveit2/install/moveit_chomp_optimizer_adapter:/home/parallels/ws_moveit2/install/chomp_motion_planner:/home/parallels/ws_moveit2/install/moveit_core:/home/parallels/ws_moveit2/install/srdfdom:/home/parallels/ws_moveit2/install/rviz_marker_tools:/home/parallels/ws_moveit2/install/rosparam_shortcuts:/home/parallels/ws_moveit2/install/pantilt_bot_description:/home/parallels/ws_moveit2/install/open_manipulator_x_description:/home/parallels/ws_moveit2/install/moveit_task_constructor_msgs:/home/parallels/ws_moveit2/install/moveit_resources_prbt_support:/home/parallels/ws_moveit2/install/moveit_resources:/home/parallels/ws_moveit2/install/moveit_resources_pr2_description:/home/parallels/ws_moveit2/install/moveit_resources_panda_moveit_config:/home/parallels/ws_moveit2/install/moveit_resources_panda_description:/home/parallels/ws_moveit2/install/moveit_resources_fanuc_moveit_config:/home/parallels/ws_moveit2/install/moveit_resources_fanuc_description:/home/parallels/ws_moveit2/install/moveit_common:/home/parallels/ws_moveit2/install/dynamixel_workbench:/home/parallels/ws_moveit2/install/dynamixel_hardware:/home/parallels/ws_moveit2/install/dynamixel_workbench_toolbox:/home/parallels/ws_moveit2/install/dynamixel_workbench_msgs:/home/parallels/ws_moveit2/install/moveit_configs_utils:/home/parallels/ws_moveit2/install/launch_param_builder:/opt/ros/humble LD_LIBRARY_PATH=/home/parallels/liam workspace/install/moveit_task_constructor_core/lib:/home/parallels/liam workspace/install/moveit_ros_visualization/lib:/home/parallels/liam workspace/install/moveit_ros_planning_interface/lib:/home/parallels/liam workspace/install/moveit_ros_move_group/lib:/home/parallels/liam workspace/install/moveit_ros_warehouse/lib:/home/parallels/liam workspace/install/moveit_ros_robot_interaction/lib:/home/parallels/liam workspace/install/moveit_kinematics/lib:/home/parallels/liam workspace/install/moveit_ros_planning/lib:/home/parallels/liam workspace/install/moveit_ros_occupancy_map_monitor/lib:/home/parallels/liam workspace/install/moveit_core/lib:/home/parallels/liam workspace/install/rviz_marker_tools/lib:/home/parallels/liam workspace/install/srdfdom/lib:/home/parallels/liam workspace/install/moveit_task_constructor_msgs/lib:${LD_LIBRARY_PATH} PATH=/home/parallels/liam workspace/install/moveit_core/bin:${PATH} PYTHONPATH=/home/parallels/liam workspace/install/srdfdom/local/lib/python3.10/dist-packages:/home/parallels/liam workspace/install/moveit_task_constructor_msgs/local/lib/python3.10/dist-packages:${PYTHONPATH} /usr/bin/cmake --install /home/parallels/liam workspace/build/moveit_task_constructor_visualization
[78.335s] -- Install configuration: "Release"
[78.335s] -- Installing: /home/parallels/liam workspace/install/moveit_task_constructor_visualization/share/icons
[78.335s] -- Installing: /home/parallels/liam workspace/install/moveit_task_constructor_visualization/share/icons/classes
[78.335s] -- Installing: /home/parallels/liam workspace/install/moveit_task_constructor_visualization/share/icons/classes/Motion Planning Tasks.svg
[78.335s] -- Installing: /home/parallels/liam workspace/install/moveit_task_constructor_visualization/share/moveit_task_constructor_visualization/motion_planning_tasks_rviz_plugin_description.xml
[78.335s] -- Installing: /home/parallels/liam workspace/install/moveit_task_constructor_visualization/share/moveit_task_constructor_visualization/environment/library_path.sh
[78.335s] -- Installing: /home/parallels/liam workspace/install/moveit_task_constructor_visualization/share/moveit_task_constructor_visualization/environment/library_path.dsv
[78.335s] -- Installing: /home/parallels/liam workspace/install/moveit_task_constructor_visualization/share/ament_index/resource_index/package_run_dependencies/moveit_task_constructor_visualization
[78.335s] -- Installing: /home/parallels/liam workspace/install/moveit_task_constructor_visualization/share/ament_index/resource_index/parent_prefix_path/moveit_task_constructor_visualization
[78.335s] -- Installing: /home/parallels/liam workspace/install/moveit_task_constructor_visualization/share/moveit_task_constructor_visualization/environment/ament_prefix_path.sh
[78.335s] -- Installing: /home/parallels/liam workspace/install/moveit_task_constructor_visualization/share/moveit_task_constructor_visualization/environment/ament_prefix_path.dsv
[78.335s] -- Installing: /home/parallels/liam workspace/install/moveit_task_constructor_visualization/share/moveit_task_constructor_visualization/environment/path.sh
[78.335s] -- Installing: /home/parallels/liam workspace/install/moveit_task_constructor_visualization/share/moveit_task_constructor_visualization/environment/path.dsv
[78.335s] -- Installing: /home/parallels/liam workspace/install/moveit_task_constructor_visualization/share/moveit_task_constructor_visualization/local_setup.bash
[78.335s] -- Installing: /home/parallels/liam workspace/install/moveit_task_constructor_visualization/share/moveit_task_constructor_visualization/local_setup.sh
[78.336s] -- Installing: /home/parallels/liam workspace/install/moveit_task_constructor_visualization/share/moveit_task_constructor_visualization/local_setup.zsh
[78.336s] -- Installing: /home/parallels/liam workspace/install/moveit_task_constructor_visualization/share/moveit_task_constructor_visualization/local_setup.dsv
[78.336s] -- Installing: /home/parallels/liam workspace/install/moveit_task_constructor_visualization/share/moveit_task_constructor_visualization/package.dsv
[78.336s] -- Installing: /home/parallels/liam workspace/install/moveit_task_constructor_visualization/share/ament_index/resource_index/packages/moveit_task_constructor_visualization
[78.336s] -- Installing: /home/parallels/liam workspace/install/moveit_task_constructor_visualization/share/ament_index/resource_index/rviz_common__pluginlib__plugin/moveit_task_constructor_visualization
[78.336s] -- Installing: /home/parallels/liam workspace/install/moveit_task_constructor_visualization/share/moveit_task_constructor_visualization/cmake/ament_cmake_export_include_directories-extras.cmake
[78.336s] -- Installing: /home/parallels/liam workspace/install/moveit_task_constructor_visualization/share/moveit_task_constructor_visualization/cmake/ament_cmake_export_libraries-extras.cmake
[78.336s] -- Installing: /home/parallels/liam workspace/install/moveit_task_constructor_visualization/share/moveit_task_constructor_visualization/cmake/ament_cmake_export_dependencies-extras.cmake
[78.336s] -- Installing: /home/parallels/liam workspace/install/moveit_task_constructor_visualization/share/moveit_task_constructor_visualization/cmake/moveit_task_constructor_visualizationConfig.cmake
[78.336s] -- Installing: /home/parallels/liam workspace/install/moveit_task_constructor_visualization/share/moveit_task_constructor_visualization/cmake/moveit_task_constructor_visualizationConfig-version.cmake
[78.336s] -- Installing: /home/parallels/liam workspace/install/moveit_task_constructor_visualization/share/moveit_task_constructor_visualization/package.xml
[78.336s] -- Installing: /home/parallels/liam workspace/install/moveit_task_constructor_visualization/include
[78.337s] -- Installing: /home/parallels/liam workspace/install/moveit_task_constructor_visualization/include/moveit
[78.337s] -- Installing: /home/parallels/liam workspace/install/moveit_task_constructor_visualization/include/moveit/visualization_tools
[78.337s] -- Installing: /home/parallels/liam workspace/install/moveit_task_constructor_visualization/include/moveit/visualization_tools/task_solution_visualization.h
[78.337s] -- Installing: /home/parallels/liam workspace/install/moveit_task_constructor_visualization/include/moveit/visualization_tools/task_solution_panel.h
[78.337s] -- Installing: /home/parallels/liam workspace/install/moveit_task_constructor_visualization/include/moveit/visualization_tools/display_solution.h
[78.337s] -- Installing: /home/parallels/liam workspace/install/moveit_task_constructor_visualization/include/moveit/visualization_tools/marker_visualization.h
[78.337s] -- Installing: /home/parallels/liam workspace/install/moveit_task_constructor_visualization/lib/libmoveit_task_visualization_tools.so.0.1.3
[78.337s] -- Set runtime path of "/home/parallels/liam workspace/install/moveit_task_constructor_visualization/lib/libmoveit_task_visualization_tools.so.0.1.3" to ""
[78.337s] -- Installing: /home/parallels/liam workspace/install/moveit_task_constructor_visualization/lib/libmoveit_task_visualization_tools.so
[78.337s] -- Installing: /home/parallels/liam workspace/install/moveit_task_constructor_visualization/lib/libmotion_planning_tasks_utils.so
[78.338s] -- Installing: /home/parallels/liam workspace/install/moveit_task_constructor_visualization/lib/libmotion_planning_tasks_properties.so
[78.338s] -- Set runtime path of "/home/parallels/liam workspace/install/moveit_task_constructor_visualization/lib/libmotion_planning_tasks_properties.so" to ""
[78.338s] -- Installing: /home/parallels/liam workspace/install/moveit_task_constructor_visualization/lib/libmotion_planning_tasks_rviz_plugin.so.0.1.3
[78.340s] -- Set runtime path of "/home/parallels/liam workspace/install/moveit_task_constructor_visualization/lib/libmotion_planning_tasks_rviz_plugin.so.0.1.3" to ""
[78.340s] -- Installing: /home/parallels/liam workspace/install/moveit_task_constructor_visualization/lib/libmotion_planning_tasks_rviz_plugin.so
[78.345s] Invoked command in '/home/parallels/liam workspace/build/moveit_task_constructor_visualization' returned '0': AMENT_PREFIX_PATH=/home/parallels/liam workspace/install/moveit_task_constructor_core:/home/parallels/liam workspace/install/moveit_ros_visualization:/home/parallels/liam workspace/install/moveit_ros_planning_interface:/home/parallels/liam workspace/install/moveit_ros_move_group:/home/parallels/liam workspace/install/moveit_ros_warehouse:/home/parallels/liam workspace/install/moveit_ros_robot_interaction:/home/parallels/liam workspace/install/moveit_kinematics:/home/parallels/liam workspace/install/moveit_ros_planning:/home/parallels/liam workspace/install/moveit_ros_occupancy_map_monitor:/home/parallels/liam workspace/install/moveit_core:/home/parallels/liam workspace/install/rviz_marker_tools:/home/parallels/liam workspace/install/srdfdom:/home/parallels/liam workspace/install/moveit_task_constructor_msgs:/home/parallels/liam workspace/install/moveit_common:${AMENT_PREFIX_PATH} CMAKE_PREFIX_PATH=/home/parallels/liam workspace/install/moveit_task_constructor_core:/home/parallels/liam workspace/install/moveit_ros_visualization:/home/parallels/liam workspace/install/moveit_ros_planning_interface:/home/parallels/liam workspace/install/moveit_ros_move_group:/home/parallels/liam workspace/install/moveit_ros_warehouse:/home/parallels/liam workspace/install/moveit_ros_robot_interaction:/home/parallels/liam workspace/install/moveit_kinematics:/home/parallels/liam workspace/install/moveit_ros_planning:/home/parallels/liam workspace/install/moveit_ros_occupancy_map_monitor:/home/parallels/liam workspace/install/moveit_core:/home/parallels/liam workspace/install/rviz_marker_tools:/home/parallels/liam workspace/install/srdfdom:/home/parallels/liam workspace/install/moveit_task_constructor_msgs:/home/parallels/liam workspace/install/moveit_common:/home/parallels/ws_moveit2/install/pilz_industrial_motion_planner_testutils:/home/parallels/ws_moveit2/install/moveit_runtime:/home/parallels/ws_moveit2/install/moveit2_tutorials:/home/parallels/ws_moveit2/install/moveit:/home/parallels/ws_moveit2/install/moveit_planners:/home/parallels/ws_moveit2/install/pilz_industrial_motion_planner:/home/parallels/ws_moveit2/install/moveit_visual_tools:/home/parallels/ws_moveit2/install/moveit_task_constructor_visualization:/home/parallels/ws_moveit2/install/moveit_task_constructor_demo:/home/parallels/ws_moveit2/install/moveit_task_constructor_capabilities:/home/parallels/ws_moveit2/install/moveit_task_constructor_core:/home/parallels/ws_moveit2/install/moveit_ros_control_interface:/home/parallels/ws_moveit2/install/moveit_plugins:/home/parallels/ws_moveit2/install/moveit_simple_controller_manager:/home/parallels/ws_moveit2/install/moveit_setup_assistant:/home/parallels/ws_moveit2/install/moveit_setup_srdf_plugins:/home/parallels/ws_moveit2/install/moveit_setup_core_plugins:/home/parallels/ws_moveit2/install/moveit_setup_controllers:/home/parallels/ws_moveit2/install/moveit_setup_app_plugins:/home/parallels/ws_moveit2/install/moveit_setup_framework:/home/parallels/ws_moveit2/install/moveit_servo:/home/parallels/ws_moveit2/install/moveit_ros:/home/parallels/ws_moveit2/install/moveit_ros_visualization:/home/parallels/ws_moveit2/install/moveit_hybrid_planning:/home/parallels/ws_moveit2/install/moveit_ros_planning_interface:/home/parallels/ws_moveit2/install/moveit_ros_benchmarks:/home/parallels/ws_moveit2/install/moveit_ros_warehouse:/home/parallels/ws_moveit2/install/moveit_ros_robot_interaction:/home/parallels/ws_moveit2/install/moveit_ros_perception:/home/parallels/ws_moveit2/install/moveit_resources_prbt_pg70_support:/home/parallels/ws_moveit2/install/moveit_resources_prbt_moveit_config:/home/parallels/ws_moveit2/install/moveit_ros_move_group:/home/parallels/ws_moveit2/install/moveit_planners_ompl:/home/parallels/ws_moveit2/install/moveit_ros_planning:/home/parallels/ws_moveit2/install/moveit_ros_occupancy_map_monitor:/home/parallels/ws_moveit2/install/moveit_resources_prbt_ikfast_manipulator_plugin:/home/parallels/ws_moveit2/install/moveit_planners_chomp:/home/parallels/ws_moveit2/install/moveit_kinematics:/home/parallels/ws_moveit2/install/moveit_chomp_optimizer_adapter:/home/parallels/ws_moveit2/install/chomp_motion_planner:/home/parallels/ws_moveit2/install/moveit_core:/home/parallels/ws_moveit2/install/srdfdom:/home/parallels/ws_moveit2/install/rviz_marker_tools:/home/parallels/ws_moveit2/install/rosparam_shortcuts:/home/parallels/ws_moveit2/install/pantilt_bot_description:/home/parallels/ws_moveit2/install/open_manipulator_x_description:/home/parallels/ws_moveit2/install/moveit_task_constructor_msgs:/home/parallels/ws_moveit2/install/moveit_resources_prbt_support:/home/parallels/ws_moveit2/install/moveit_resources:/home/parallels/ws_moveit2/install/moveit_resources_pr2_description:/home/parallels/ws_moveit2/install/moveit_resources_panda_moveit_config:/home/parallels/ws_moveit2/install/moveit_resources_panda_description:/home/parallels/ws_moveit2/install/moveit_resources_fanuc_moveit_config:/home/parallels/ws_moveit2/install/moveit_resources_fanuc_description:/home/parallels/ws_moveit2/install/moveit_common:/home/parallels/ws_moveit2/install/dynamixel_workbench:/home/parallels/ws_moveit2/install/dynamixel_hardware:/home/parallels/ws_moveit2/install/dynamixel_workbench_toolbox:/home/parallels/ws_moveit2/install/dynamixel_workbench_msgs:/home/parallels/ws_moveit2/install/moveit_configs_utils:/home/parallels/ws_moveit2/install/launch_param_builder:/opt/ros/humble LD_LIBRARY_PATH=/home/parallels/liam workspace/install/moveit_task_constructor_core/lib:/home/parallels/liam workspace/install/moveit_ros_visualization/lib:/home/parallels/liam workspace/install/moveit_ros_planning_interface/lib:/home/parallels/liam workspace/install/moveit_ros_move_group/lib:/home/parallels/liam workspace/install/moveit_ros_warehouse/lib:/home/parallels/liam workspace/install/moveit_ros_robot_interaction/lib:/home/parallels/liam workspace/install/moveit_kinematics/lib:/home/parallels/liam workspace/install/moveit_ros_planning/lib:/home/parallels/liam workspace/install/moveit_ros_occupancy_map_monitor/lib:/home/parallels/liam workspace/install/moveit_core/lib:/home/parallels/liam workspace/install/rviz_marker_tools/lib:/home/parallels/liam workspace/install/srdfdom/lib:/home/parallels/liam workspace/install/moveit_task_constructor_msgs/lib:${LD_LIBRARY_PATH} PATH=/home/parallels/liam workspace/install/moveit_core/bin:${PATH} PYTHONPATH=/home/parallels/liam workspace/install/srdfdom/local/lib/python3.10/dist-packages:/home/parallels/liam workspace/install/moveit_task_constructor_msgs/local/lib/python3.10/dist-packages:${PYTHONPATH} /usr/bin/cmake --install /home/parallels/liam workspace/build/moveit_task_constructor_visualization
