[0.016s] Invoking command in '/home/parallels/liam workspace/build/moveit_ros_planning': AMENT_PREFIX_PATH=/home/parallels/liam workspace/install/moveit_ros_occupancy_map_monitor:/home/parallels/liam workspace/install/moveit_core:/home/parallels/liam workspace/install/moveit_resources_panda_moveit_config:/home/parallels/liam workspace/install/srdfdom:/home/parallels/liam workspace/install/moveit_resources_panda_description:/home/parallels/liam workspace/install/moveit_common:${AMENT_PREFIX_PATH} CMAKE_PREFIX_PATH=/home/parallels/liam workspace/install/moveit_ros_occupancy_map_monitor:/home/parallels/liam workspace/install/moveit_core:/home/parallels/liam workspace/install/moveit_resources_panda_moveit_config:/home/parallels/liam workspace/install/srdfdom:/home/parallels/liam workspace/install/moveit_resources_panda_description:/home/parallels/liam workspace/install/moveit_common:/home/parallels/ws_moveit2/install/pilz_industrial_motion_planner_testutils:/home/parallels/ws_moveit2/install/moveit_runtime:/home/parallels/ws_moveit2/install/moveit2_tutorials:/home/parallels/ws_moveit2/install/moveit:/home/parallels/ws_moveit2/install/moveit_planners:/home/parallels/ws_moveit2/install/pilz_industrial_motion_planner:/home/parallels/ws_moveit2/install/moveit_visual_tools:/home/parallels/ws_moveit2/install/moveit_task_constructor_visualization:/home/parallels/ws_moveit2/install/moveit_task_constructor_demo:/home/parallels/ws_moveit2/install/moveit_task_constructor_capabilities:/home/parallels/ws_moveit2/install/moveit_task_constructor_core:/home/parallels/ws_moveit2/install/moveit_ros_control_interface:/home/parallels/ws_moveit2/install/moveit_plugins:/home/parallels/ws_moveit2/install/moveit_simple_controller_manager:/home/parallels/ws_moveit2/install/moveit_setup_assistant:/home/parallels/ws_moveit2/install/moveit_setup_srdf_plugins:/home/parallels/ws_moveit2/install/moveit_setup_core_plugins:/home/parallels/ws_moveit2/install/moveit_setup_controllers:/home/parallels/ws_moveit2/install/moveit_setup_app_plugins:/home/parallels/ws_moveit2/install/moveit_setup_framework:/home/parallels/ws_moveit2/install/moveit_servo:/home/parallels/ws_moveit2/install/moveit_ros:/home/parallels/ws_moveit2/install/moveit_ros_visualization:/home/parallels/ws_moveit2/install/moveit_hybrid_planning:/home/parallels/ws_moveit2/install/moveit_ros_planning_interface:/home/parallels/ws_moveit2/install/moveit_ros_benchmarks:/home/parallels/ws_moveit2/install/moveit_ros_warehouse:/home/parallels/ws_moveit2/install/moveit_ros_robot_interaction:/home/parallels/ws_moveit2/install/moveit_ros_perception:/home/parallels/ws_moveit2/install/moveit_resources_prbt_pg70_support:/home/parallels/ws_moveit2/install/moveit_resources_prbt_moveit_config:/home/parallels/ws_moveit2/install/moveit_ros_move_group:/home/parallels/ws_moveit2/install/moveit_planners_ompl:/home/parallels/ws_moveit2/install/moveit_ros_planning:/home/parallels/ws_moveit2/install/moveit_ros_occupancy_map_monitor:/home/parallels/ws_moveit2/install/moveit_resources_prbt_ikfast_manipulator_plugin:/home/parallels/ws_moveit2/install/moveit_planners_chomp:/home/parallels/ws_moveit2/install/moveit_kinematics:/home/parallels/ws_moveit2/install/moveit_chomp_optimizer_adapter:/home/parallels/ws_moveit2/install/chomp_motion_planner:/home/parallels/ws_moveit2/install/moveit_core:/home/parallels/ws_moveit2/install/srdfdom:/home/parallels/ws_moveit2/install/rviz_marker_tools:/home/parallels/ws_moveit2/install/rosparam_shortcuts:/home/parallels/ws_moveit2/install/pantilt_bot_description:/home/parallels/ws_moveit2/install/open_manipulator_x_description:/home/parallels/ws_moveit2/install/moveit_task_constructor_msgs:/home/parallels/ws_moveit2/install/moveit_resources_prbt_support:/home/parallels/ws_moveit2/install/moveit_resources:/home/parallels/ws_moveit2/install/moveit_resources_pr2_description:/home/parallels/ws_moveit2/install/moveit_resources_panda_moveit_config:/home/parallels/ws_moveit2/install/moveit_resources_panda_description:/home/parallels/ws_moveit2/install/moveit_resources_fanuc_moveit_config:/home/parallels/ws_moveit2/install/moveit_resources_fanuc_description:/home/parallels/ws_moveit2/install/moveit_common:/home/parallels/ws_moveit2/install/dynamixel_workbench:/home/parallels/ws_moveit2/install/dynamixel_hardware:/home/parallels/ws_moveit2/install/dynamixel_workbench_toolbox:/home/parallels/ws_moveit2/install/dynamixel_workbench_msgs:/home/parallels/ws_moveit2/install/moveit_configs_utils:/home/parallels/ws_moveit2/install/launch_param_builder:/opt/ros/humble LD_LIBRARY_PATH=/home/parallels/liam workspace/install/moveit_ros_occupancy_map_monitor/lib:/home/parallels/liam workspace/install/moveit_core/lib:/home/parallels/liam workspace/install/srdfdom/lib:${LD_LIBRARY_PATH} PATH=/home/parallels/liam workspace/install/moveit_core/bin:${PATH} PYTHONPATH=/home/parallels/liam workspace/install/srdfdom/local/lib/python3.10/dist-packages:${PYTHONPATH} /usr/bin/cmake /home/parallels/liam workspace/src/moveit2/moveit_ros/planning -DCMAKE_INSTALL_PREFIX=/home/parallels/liam workspace/install/moveit_ros_planning
[0.053s] -- The C compiler identification is GNU 11.4.0
[0.086s] -- The CXX compiler identification is GNU 11.4.0
[0.091s] -- Detecting C compiler ABI info
[0.138s] -- Detecting C compiler ABI info - done
[0.142s] -- Check for working C compiler: /usr/bin/cc - skipped
[0.142s] -- Detecting C compile features
[0.142s] -- Detecting C compile features - done
[0.144s] -- Detecting CXX compiler ABI info
[0.196s] -- Detecting CXX compiler ABI info - done
[0.200s] -- Check for working CXX compiler: /usr/bin/c++ - skipped
[0.200s] -- Detecting CXX compile features
[0.200s] -- Detecting CXX compile features - done
[0.201s] -- Found moveit_common: 2.5.5 (/home/parallels/liam workspace/install/moveit_common/share/moveit_common/cmake)
[0.206s] -- Found ament_cmake: 1.3.9 (/opt/ros/humble/share/ament_cmake/cmake)
[0.298s] -- Found Python3: /usr/bin/python3 (found version "3.10.12") found components: Interpreter 
[0.439s] -- Found libdw: /usr/lib/aarch64-linux-gnu/libdw.so  
[0.444s] -- Could NOT find libbfd (missing: LIBBFD_LIBRARY LIBBFD_INCLUDE_DIR) 
[0.444s] -- BACKWARD_HAS_UNWIND=1
[0.444s] -- BACKWARD_HAS_BACKTRACE=0
[0.444s] -- BACKWARD_HAS_BACKTRACE_SYMBOL=0
[0.444s] -- BACKWARD_HAS_DW=1
[0.444s] -- BACKWARD_HAS_BFD=0
[0.444s] -- Found Backward: /opt/ros/humble/share/backward_ros/cmake  
[0.445s] [0mmoveit_ros_planning: You did not request a specific build type: Choosing 'Release' for maximum performance[0m
[0.449s] -- Found moveit_msgs: 2.2.1 (/opt/ros/humble/share/moveit_msgs/cmake)
[0.500s] -- Found rosidl_generator_c: 3.1.5 (/opt/ros/humble/share/rosidl_generator_c/cmake)
[0.509s] -- Found rosidl_adapter: 3.1.5 (/opt/ros/humble/share/rosidl_adapter/cmake)
[0.521s] -- Found rosidl_generator_cpp: 3.1.5 (/opt/ros/humble/share/rosidl_generator_cpp/cmake)
[0.536s] -- Using all available rosidl_typesupport_c: rosidl_typesupport_fastrtps_c;rosidl_typesupport_introspection_c
[0.559s] -- Using all available rosidl_typesupport_cpp: rosidl_typesupport_fastrtps_cpp;rosidl_typesupport_introspection_cpp
[1.137s] -- Found pluginlib: 5.1.0 (/opt/ros/humble/share/pluginlib/cmake)
[1.176s] -- Found rclcpp: 16.0.9 (/opt/ros/humble/share/rclcpp/cmake)
[1.240s] -- Found rmw_implementation_cmake: 6.1.2 (/opt/ros/humble/share/rmw_implementation_cmake/cmake)
[1.247s] -- Found rmw_fastrtps_cpp: 6.2.6 (/opt/ros/humble/share/rmw_fastrtps_cpp/cmake)
[1.285s] -- Found TinyXML2 via Config file: TinyXML2_DIR-NOTFOUND
[1.327s] -- Found OpenSSL: /usr/lib/aarch64-linux-gnu/libcrypto.so (found version "3.0.2")  
[1.329s] -- Found TinyXML2 via Config file: TinyXML2_DIR-NOTFOUND
[1.338s] -- Found FastRTPS: /opt/ros/humble/include  
[1.344s] -- Found TinyXML2 via Config file: TinyXML2_DIR-NOTFOUND
[1.349s] -- Found TinyXML2 via Config file: TinyXML2_DIR-NOTFOUND
[1.358s] -- Using RMW implementation 'rmw_fastrtps_cpp' as default
[1.374s] -- Looking for pthread.h
[1.442s] -- Looking for pthread.h - found
[1.442s] -- Performing Test CMAKE_HAVE_LIBC_PTHREAD
[1.505s] -- Performing Test CMAKE_HAVE_LIBC_PTHREAD - Success
[1.506s] -- Found Threads: TRUE  
[1.597s] -- Found message_filters: 4.3.4 (/opt/ros/humble/share/message_filters/cmake)
[1.600s] -- Found srdfdom: 2.0.4 (/home/parallels/liam workspace/install/srdfdom/share/srdfdom/cmake)
[1.625s] -- Found tf2: 0.25.6 (/opt/ros/humble/share/tf2/cmake)
[1.634s] -- Found tf2_geometry_msgs: 0.25.6 (/opt/ros/humble/share/tf2_geometry_msgs/cmake)
[1.657s] -- Found eigen3_cmake_module: 0.1.1 (/opt/ros/humble/share/eigen3_cmake_module/cmake)
[1.658s] -- Found Eigen3: TRUE (found version "3.4.0") 
[1.658s] -- Ensuring Eigen3 include directory is part of orocos-kdl CMake target
[1.865s] -- Found tf2_eigen: 0.25.6 (/opt/ros/humble/share/tf2_eigen/cmake)
[1.869s] -- Found moveit_core: 2.5.5 (/home/parallels/liam workspace/install/moveit_core/share/moveit_core/cmake)
[1.932s] -- Found Boost: /usr/lib/aarch64-linux-gnu/cmake/Boost-1.74.0/BoostConfig.cmake (found version "1.74.0") found components: chrono date_time filesystem iostreams program_options regex serialization system thread 
[1.982s] -- Found parameter_traits: 0.3.8 (/opt/ros/humble/share/parameter_traits/cmake)
[2.007s] -- Found rclcpp_lifecycle: 16.0.9 (/opt/ros/humble/share/rclcpp_lifecycle/cmake)
[2.045s] -- Found Boost: /usr/lib/aarch64-linux-gnu/cmake/Boost-1.74.0/BoostConfig.cmake (found version "1.74.0") found components: filesystem 
[2.128s] -- library: /usr/lib/aarch64-linux-gnu/libcurl.so
[2.392s] -- Found moveit_ros_occupancy_map_monitor: 2.5.5 (/home/parallels/liam workspace/install/moveit_ros_occupancy_map_monitor/share/moveit_ros_occupancy_map_monitor/cmake)
[2.536s] -- Found Boost: /usr/lib/aarch64-linux-gnu/cmake/Boost-1.74.0/BoostConfig.cmake (found version "1.74.0") found components: system filesystem date_time program_options thread chrono 
[2.599s] -- Performing Test COMPILER_HAS_HIDDEN_VISIBILITY
[2.667s] -- Performing Test COMPILER_HAS_HIDDEN_VISIBILITY - Success
[2.667s] -- Performing Test COMPILER_HAS_HIDDEN_INLINE_VISIBILITY
[2.735s] -- Performing Test COMPILER_HAS_HIDDEN_INLINE_VISIBILITY - Success
[2.735s] -- Performing Test COMPILER_HAS_DEPRECATED_ATTR
[2.803s] -- Performing Test COMPILER_HAS_DEPRECATED_ATTR - Success
[2.864s] -- Found ament_cmake_gtest: 1.3.9 (/opt/ros/humble/share/ament_cmake_gtest/cmake)
[2.868s] -- Found ament_cmake_gmock: 1.3.9 (/opt/ros/humble/share/ament_cmake_gmock/cmake)
[2.872s] -- Found gmock sources under '/opt/ros/humble/src/gmock_vendor': C++ tests using 'Google Mock' will be built
[2.879s] -- Found gtest sources under '/opt/ros/humble/src/gtest_vendor': C++ tests using 'Google Test' will be built
[2.937s] -- Found ament_lint_auto: 0.12.11 (/opt/ros/humble/share/ament_lint_auto/cmake)
[2.969s] -- Found launch_testing_ament_cmake: 1.0.6 (/opt/ros/humble/share/launch_testing_ament_cmake/cmake)
[2.973s] -- Found python_cmake_module: 0.10.0 (/opt/ros/humble/share/python_cmake_module/cmake)
[2.987s] -- Found PythonInterp: /usr/bin/python3 (found suitable version "3.10.12", minimum required is "3.6") 
[2.992s] -- Found PythonLibs: /usr/lib/aarch64-linux-gnu/libpython3.10.so (found suitable version "3.10.12", minimum required is "3.5") 
[2.992s] -- Using PYTHON_EXECUTABLE: /usr/bin/python3
[2.992s] -- Using PYTHON_INCLUDE_DIRS: /usr/include/python3.10
[2.992s] -- Using PYTHON_LIBRARIES: /usr/lib/aarch64-linux-gnu/libpython3.10.so
[3.006s] -- Found PythonExtra: .so  
[3.013s] -- Added test 'cppcheck' to perform static code analysis on C / C++ code
[3.013s] -- Configured cppcheck include dirs: /home/parallels/liam workspace/src/moveit2/moveit_ros/planning/rdf_loader/include;/home/parallels/liam workspace/src/moveit2/moveit_ros/planning/kinematics_plugin_loader/include;/home/parallels/liam workspace/src/moveit2/moveit_ros/planning/robot_model_loader/include;/home/parallels/liam workspace/src/moveit2/moveit_ros/planning/constraint_sampler_manager_loader/include;/home/parallels/liam workspace/src/moveit2/moveit_ros/planning/planning_pipeline/include;/home/parallels/liam workspace/src/moveit2/moveit_ros/planning/planning_scene_monitor/include;/home/parallels/liam workspace/src/moveit2/moveit_ros/planning/trajectory_execution_manager/include;/home/parallels/liam workspace/src/moveit2/moveit_ros/planning/plan_execution/include;/home/parallels/liam workspace/src/moveit2/moveit_ros/planning/collision_plugin_loader/include;/home/parallels/liam workspace/src/moveit2/moveit_ros/planning/moveit_cpp/include
[3.013s] -- Configured cppcheck exclude dirs and/or files: 
[3.015s] -- Added test 'lint_cmake' to check CMake code style
[3.016s] -- Added test 'pep257' to check Python code against some of the docstring style conventions in PEP 257
[3.017s] -- Added test 'xmllint' to check XML markup files
[3.020s] -- Configuring done
[3.209s] -- Generating done
[3.212s] -- Build files have been written to: /home/parallels/liam workspace/build/moveit_ros_planning
[3.227s] Invoked command in '/home/parallels/liam workspace/build/moveit_ros_planning' returned '0': AMENT_PREFIX_PATH=/home/parallels/liam workspace/install/moveit_ros_occupancy_map_monitor:/home/parallels/liam workspace/install/moveit_core:/home/parallels/liam workspace/install/moveit_resources_panda_moveit_config:/home/parallels/liam workspace/install/srdfdom:/home/parallels/liam workspace/install/moveit_resources_panda_description:/home/parallels/liam workspace/install/moveit_common:${AMENT_PREFIX_PATH} CMAKE_PREFIX_PATH=/home/parallels/liam workspace/install/moveit_ros_occupancy_map_monitor:/home/parallels/liam workspace/install/moveit_core:/home/parallels/liam workspace/install/moveit_resources_panda_moveit_config:/home/parallels/liam workspace/install/srdfdom:/home/parallels/liam workspace/install/moveit_resources_panda_description:/home/parallels/liam workspace/install/moveit_common:/home/parallels/ws_moveit2/install/pilz_industrial_motion_planner_testutils:/home/parallels/ws_moveit2/install/moveit_runtime:/home/parallels/ws_moveit2/install/moveit2_tutorials:/home/parallels/ws_moveit2/install/moveit:/home/parallels/ws_moveit2/install/moveit_planners:/home/parallels/ws_moveit2/install/pilz_industrial_motion_planner:/home/parallels/ws_moveit2/install/moveit_visual_tools:/home/parallels/ws_moveit2/install/moveit_task_constructor_visualization:/home/parallels/ws_moveit2/install/moveit_task_constructor_demo:/home/parallels/ws_moveit2/install/moveit_task_constructor_capabilities:/home/parallels/ws_moveit2/install/moveit_task_constructor_core:/home/parallels/ws_moveit2/install/moveit_ros_control_interface:/home/parallels/ws_moveit2/install/moveit_plugins:/home/parallels/ws_moveit2/install/moveit_simple_controller_manager:/home/parallels/ws_moveit2/install/moveit_setup_assistant:/home/parallels/ws_moveit2/install/moveit_setup_srdf_plugins:/home/parallels/ws_moveit2/install/moveit_setup_core_plugins:/home/parallels/ws_moveit2/install/moveit_setup_controllers:/home/parallels/ws_moveit2/install/moveit_setup_app_plugins:/home/parallels/ws_moveit2/install/moveit_setup_framework:/home/parallels/ws_moveit2/install/moveit_servo:/home/parallels/ws_moveit2/install/moveit_ros:/home/parallels/ws_moveit2/install/moveit_ros_visualization:/home/parallels/ws_moveit2/install/moveit_hybrid_planning:/home/parallels/ws_moveit2/install/moveit_ros_planning_interface:/home/parallels/ws_moveit2/install/moveit_ros_benchmarks:/home/parallels/ws_moveit2/install/moveit_ros_warehouse:/home/parallels/ws_moveit2/install/moveit_ros_robot_interaction:/home/parallels/ws_moveit2/install/moveit_ros_perception:/home/parallels/ws_moveit2/install/moveit_resources_prbt_pg70_support:/home/parallels/ws_moveit2/install/moveit_resources_prbt_moveit_config:/home/parallels/ws_moveit2/install/moveit_ros_move_group:/home/parallels/ws_moveit2/install/moveit_planners_ompl:/home/parallels/ws_moveit2/install/moveit_ros_planning:/home/parallels/ws_moveit2/install/moveit_ros_occupancy_map_monitor:/home/parallels/ws_moveit2/install/moveit_resources_prbt_ikfast_manipulator_plugin:/home/parallels/ws_moveit2/install/moveit_planners_chomp:/home/parallels/ws_moveit2/install/moveit_kinematics:/home/parallels/ws_moveit2/install/moveit_chomp_optimizer_adapter:/home/parallels/ws_moveit2/install/chomp_motion_planner:/home/parallels/ws_moveit2/install/moveit_core:/home/parallels/ws_moveit2/install/srdfdom:/home/parallels/ws_moveit2/install/rviz_marker_tools:/home/parallels/ws_moveit2/install/rosparam_shortcuts:/home/parallels/ws_moveit2/install/pantilt_bot_description:/home/parallels/ws_moveit2/install/open_manipulator_x_description:/home/parallels/ws_moveit2/install/moveit_task_constructor_msgs:/home/parallels/ws_moveit2/install/moveit_resources_prbt_support:/home/parallels/ws_moveit2/install/moveit_resources:/home/parallels/ws_moveit2/install/moveit_resources_pr2_description:/home/parallels/ws_moveit2/install/moveit_resources_panda_moveit_config:/home/parallels/ws_moveit2/install/moveit_resources_panda_description:/home/parallels/ws_moveit2/install/moveit_resources_fanuc_moveit_config:/home/parallels/ws_moveit2/install/moveit_resources_fanuc_description:/home/parallels/ws_moveit2/install/moveit_common:/home/parallels/ws_moveit2/install/dynamixel_workbench:/home/parallels/ws_moveit2/install/dynamixel_hardware:/home/parallels/ws_moveit2/install/dynamixel_workbench_toolbox:/home/parallels/ws_moveit2/install/dynamixel_workbench_msgs:/home/parallels/ws_moveit2/install/moveit_configs_utils:/home/parallels/ws_moveit2/install/launch_param_builder:/opt/ros/humble LD_LIBRARY_PATH=/home/parallels/liam workspace/install/moveit_ros_occupancy_map_monitor/lib:/home/parallels/liam workspace/install/moveit_core/lib:/home/parallels/liam workspace/install/srdfdom/lib:${LD_LIBRARY_PATH} PATH=/home/parallels/liam workspace/install/moveit_core/bin:${PATH} PYTHONPATH=/home/parallels/liam workspace/install/srdfdom/local/lib/python3.10/dist-packages:${PYTHONPATH} /usr/bin/cmake /home/parallels/liam workspace/src/moveit2/moveit_ros/planning -DCMAKE_INSTALL_PREFIX=/home/parallels/liam workspace/install/moveit_ros_planning
[3.228s] Invoking command in '/home/parallels/liam workspace/build/moveit_ros_planning': AMENT_PREFIX_PATH=/home/parallels/liam workspace/install/moveit_ros_occupancy_map_monitor:/home/parallels/liam workspace/install/moveit_core:/home/parallels/liam workspace/install/moveit_resources_panda_moveit_config:/home/parallels/liam workspace/install/srdfdom:/home/parallels/liam workspace/install/moveit_resources_panda_description:/home/parallels/liam workspace/install/moveit_common:${AMENT_PREFIX_PATH} CMAKE_PREFIX_PATH=/home/parallels/liam workspace/install/moveit_ros_occupancy_map_monitor:/home/parallels/liam workspace/install/moveit_core:/home/parallels/liam workspace/install/moveit_resources_panda_moveit_config:/home/parallels/liam workspace/install/srdfdom:/home/parallels/liam workspace/install/moveit_resources_panda_description:/home/parallels/liam workspace/install/moveit_common:/home/parallels/ws_moveit2/install/pilz_industrial_motion_planner_testutils:/home/parallels/ws_moveit2/install/moveit_runtime:/home/parallels/ws_moveit2/install/moveit2_tutorials:/home/parallels/ws_moveit2/install/moveit:/home/parallels/ws_moveit2/install/moveit_planners:/home/parallels/ws_moveit2/install/pilz_industrial_motion_planner:/home/parallels/ws_moveit2/install/moveit_visual_tools:/home/parallels/ws_moveit2/install/moveit_task_constructor_visualization:/home/parallels/ws_moveit2/install/moveit_task_constructor_demo:/home/parallels/ws_moveit2/install/moveit_task_constructor_capabilities:/home/parallels/ws_moveit2/install/moveit_task_constructor_core:/home/parallels/ws_moveit2/install/moveit_ros_control_interface:/home/parallels/ws_moveit2/install/moveit_plugins:/home/parallels/ws_moveit2/install/moveit_simple_controller_manager:/home/parallels/ws_moveit2/install/moveit_setup_assistant:/home/parallels/ws_moveit2/install/moveit_setup_srdf_plugins:/home/parallels/ws_moveit2/install/moveit_setup_core_plugins:/home/parallels/ws_moveit2/install/moveit_setup_controllers:/home/parallels/ws_moveit2/install/moveit_setup_app_plugins:/home/parallels/ws_moveit2/install/moveit_setup_framework:/home/parallels/ws_moveit2/install/moveit_servo:/home/parallels/ws_moveit2/install/moveit_ros:/home/parallels/ws_moveit2/install/moveit_ros_visualization:/home/parallels/ws_moveit2/install/moveit_hybrid_planning:/home/parallels/ws_moveit2/install/moveit_ros_planning_interface:/home/parallels/ws_moveit2/install/moveit_ros_benchmarks:/home/parallels/ws_moveit2/install/moveit_ros_warehouse:/home/parallels/ws_moveit2/install/moveit_ros_robot_interaction:/home/parallels/ws_moveit2/install/moveit_ros_perception:/home/parallels/ws_moveit2/install/moveit_resources_prbt_pg70_support:/home/parallels/ws_moveit2/install/moveit_resources_prbt_moveit_config:/home/parallels/ws_moveit2/install/moveit_ros_move_group:/home/parallels/ws_moveit2/install/moveit_planners_ompl:/home/parallels/ws_moveit2/install/moveit_ros_planning:/home/parallels/ws_moveit2/install/moveit_ros_occupancy_map_monitor:/home/parallels/ws_moveit2/install/moveit_resources_prbt_ikfast_manipulator_plugin:/home/parallels/ws_moveit2/install/moveit_planners_chomp:/home/parallels/ws_moveit2/install/moveit_kinematics:/home/parallels/ws_moveit2/install/moveit_chomp_optimizer_adapter:/home/parallels/ws_moveit2/install/chomp_motion_planner:/home/parallels/ws_moveit2/install/moveit_core:/home/parallels/ws_moveit2/install/srdfdom:/home/parallels/ws_moveit2/install/rviz_marker_tools:/home/parallels/ws_moveit2/install/rosparam_shortcuts:/home/parallels/ws_moveit2/install/pantilt_bot_description:/home/parallels/ws_moveit2/install/open_manipulator_x_description:/home/parallels/ws_moveit2/install/moveit_task_constructor_msgs:/home/parallels/ws_moveit2/install/moveit_resources_prbt_support:/home/parallels/ws_moveit2/install/moveit_resources:/home/parallels/ws_moveit2/install/moveit_resources_pr2_description:/home/parallels/ws_moveit2/install/moveit_resources_panda_moveit_config:/home/parallels/ws_moveit2/install/moveit_resources_panda_description:/home/parallels/ws_moveit2/install/moveit_resources_fanuc_moveit_config:/home/parallels/ws_moveit2/install/moveit_resources_fanuc_description:/home/parallels/ws_moveit2/install/moveit_common:/home/parallels/ws_moveit2/install/dynamixel_workbench:/home/parallels/ws_moveit2/install/dynamixel_hardware:/home/parallels/ws_moveit2/install/dynamixel_workbench_toolbox:/home/parallels/ws_moveit2/install/dynamixel_workbench_msgs:/home/parallels/ws_moveit2/install/moveit_configs_utils:/home/parallels/ws_moveit2/install/launch_param_builder:/opt/ros/humble LD_LIBRARY_PATH=/home/parallels/liam workspace/install/moveit_ros_occupancy_map_monitor/lib:/home/parallels/liam workspace/install/moveit_core/lib:/home/parallels/liam workspace/install/srdfdom/lib:${LD_LIBRARY_PATH} PATH=/home/parallels/liam workspace/install/moveit_core/bin:${PATH} PYTHONPATH=/home/parallels/liam workspace/install/srdfdom/local/lib/python3.10/dist-packages:${PYTHONPATH} /usr/bin/cmake --build /home/parallels/liam workspace/build/moveit_ros_planning -- -j8 -l8
[3.273s] [  1%] [32mBuilding CXX object rdf_loader/CMakeFiles/moveit_rdf_loader.dir/src/rdf_loader.cpp.o[0m
[3.273s] [  3%] [32mBuilding CXX object rdf_loader/CMakeFiles/moveit_rdf_loader.dir/src/synchronized_string_parameter.cpp.o[0m
[3.274s] [  6%] [32mBuilding CXX object planning_request_adapter_plugins/CMakeFiles/moveit_default_planning_request_adapter_plugins.dir/src/empty.cpp.o[0m
[3.274s] [  6%] [32mBuilding CXX object collision_plugin_loader/CMakeFiles/moveit_collision_plugin_loader.dir/src/collision_plugin_loader.cpp.o[0m
[3.274s] [  8%] [32mBuilding CXX object planning_pipeline/CMakeFiles/moveit_planning_pipeline.dir/src/planning_pipeline.cpp.o[0m
[3.280s] [  9%] [32mBuilding CXX object planning_request_adapter_plugins/CMakeFiles/moveit_list_request_adapter_plugins.dir/src/list.cpp.o[0m
[5.699s] [ 11%] [32mBuilding CXX object planning_request_adapter_plugins/CMakeFiles/moveit_default_planning_request_adapter_plugins.dir/src/fix_start_state_bounds.cpp.o[0m
[7.684s] [ 12%] [32m[1mLinking CXX shared library libmoveit_collision_plugin_loader.so[0m
[7.805s] [ 12%] Built target moveit_collision_plugin_loader
[7.815s] [ 14%] [32mBuilding CXX object planning_request_adapter_plugins/CMakeFiles/moveit_default_planning_request_adapter_plugins.dir/src/fix_start_state_collision.cpp.o[0m
[7.894s] [ 16%] [32mBuilding CXX object gmock/CMakeFiles/gmock_main.dir/src/gmock_main.cc.o[0m
[7.898s] [ 17%] [32mBuilding CXX object gmock/CMakeFiles/gmock.dir/opt/ros/humble/src/gtest_vendor/src/gtest-all.cc.o[0m
[8.227s] [ 19%] [32mBuilding CXX object planning_request_adapter_plugins/CMakeFiles/moveit_default_planning_request_adapter_plugins.dir/src/fix_start_state_path_constraints.cpp.o[0m
[8.780s] [ 20%] [32m[1mLinking CXX static library libgmock_main.a[0m
[8.911s] [ 20%] Built target gmock_main
[8.945s] [ 22%] [32mBuilding CXX object planning_request_adapter_plugins/CMakeFiles/moveit_default_planning_request_adapter_plugins.dir/src/fix_workspace_bounds.cpp.o[0m
[10.743s] [ 24%] [32m[1mLinking CXX shared library libmoveit_rdf_loader.so[0m
[10.962s] [ 24%] Built target moveit_rdf_loader
[10.980s] [ 25%] [32mBuilding CXX object kinematics_plugin_loader/CMakeFiles/moveit_kinematics_plugin_loader.dir/src/kinematics_plugin_loader.cpp.o[0m
[11.305s] [ 27%] [32m[1mLinking CXX executable moveit_list_request_adapter_plugins[0m
[11.587s] [ 27%] Built target moveit_list_request_adapter_plugins
[11.670s] [ 29%] [32mBuilding CXX object constraint_sampler_manager_loader/CMakeFiles/moveit_constraint_sampler_manager_loader.dir/src/constraint_sampler_manager_loader.cpp.o[0m
[11.801s] [ 30%] [32mBuilding CXX object planning_request_adapter_plugins/CMakeFiles/moveit_default_planning_request_adapter_plugins.dir/src/add_time_parameterization.cpp.o[0m
[12.851s] [ 32%] [32mBuilding CXX object gmock/CMakeFiles/gmock.dir/src/gmock-all.cc.o[0m
[13.992s] [ 33%] [32mBuilding CXX object planning_request_adapter_plugins/CMakeFiles/moveit_default_planning_request_adapter_plugins.dir/src/add_ruckig_traj_smoothing.cpp.o[0m
[14.209s] [ 35%] [32mBuilding CXX object planning_request_adapter_plugins/CMakeFiles/moveit_default_planning_request_adapter_plugins.dir/src/add_iterative_spline_parameterization.cpp.o[0m
[15.086s] [ 37%] [32mBuilding CXX object planning_request_adapter_plugins/CMakeFiles/moveit_default_planning_request_adapter_plugins.dir/src/add_time_optimal_parameterization.cpp.o[0m
[15.277s] [ 38%] [32m[1mLinking CXX static library libgmock.a[0m
[15.393s] [ 38%] Built target gmock
[15.442s] [ 40%] [32mBuilding CXX object planning_request_adapter_plugins/CMakeFiles/moveit_default_planning_request_adapter_plugins.dir/src/resolve_constraint_frames.cpp.o[0m
[16.119s] [ 41%] [32m[1mLinking CXX shared library libmoveit_planning_pipeline.so[0m
[16.278s] [ 41%] Built target moveit_planning_pipeline
[18.590s] [ 43%] [32m[1mLinking CXX shared library libmoveit_kinematics_plugin_loader.so[0m
[18.724s] [ 43%] Built target moveit_kinematics_plugin_loader
[18.737s] [ 45%] [32mBuilding CXX object robot_model_loader/CMakeFiles/moveit_robot_model_loader.dir/src/robot_model_loader.cpp.o[0m
[19.371s] [ 46%] [32m[1mLinking CXX shared library libmoveit_constraint_sampler_manager_loader.so[0m
[19.556s] [ 46%] Built target moveit_constraint_sampler_manager_loader
[20.304s] [ 48%] [32m[1mLinking CXX shared library libmoveit_default_planning_request_adapter_plugins.so[0m
[20.430s] [ 48%] Built target moveit_default_planning_request_adapter_plugins
[22.356s] [ 50%] [32m[1mLinking CXX shared library libmoveit_robot_model_loader.so[0m
[22.477s] [ 50%] Built target moveit_robot_model_loader
[22.493s] [ 53%] [32mBuilding CXX object planning_components_tools/CMakeFiles/moveit_print_planning_model_info.dir/src/print_planning_model_info.cpp.o[0m
[22.493s] [ 53%] [32mBuilding CXX object planning_scene_monitor/CMakeFiles/moveit_planning_scene_monitor.dir/src/planning_scene_monitor.cpp.o[0m
[22.493s] [ 54%] [32mBuilding CXX object planning_scene_monitor/CMakeFiles/moveit_planning_scene_monitor.dir/src/current_state_monitor.cpp.o[0m
[22.493s] [ 58%] [32mBuilding CXX object planning_scene_monitor/CMakeFiles/moveit_planning_scene_monitor.dir/src/trajectory_monitor.cpp.o[0m
[22.493s] [ 58%] [32mBuilding CXX object planning_scene_monitor/CMakeFiles/moveit_planning_scene_monitor.dir/src/current_state_monitor_middleware_handle.cpp.o[0m
[25.485s] [ 59%] [32m[1mLinking CXX executable moveit_print_planning_model_info[0m
[25.639s] [ 59%] Built target moveit_print_planning_model_info
[26.951s] [ 61%] [32mBuilding CXX object planning_scene_monitor/CMakeFiles/moveit_planning_scene_monitor.dir/src/trajectory_monitor_middleware_handle.cpp.o[0m
[40.760s] [ 62%] [32m[1mLinking CXX shared library libmoveit_planning_scene_monitor.so[0m
[41.062s] [ 62%] Built target moveit_planning_scene_monitor
[41.079s] [ 64%] [32mBuilding CXX object planning_scene_monitor/CMakeFiles/demo_scene.dir/demos/demo_scene.cpp.o[0m
[41.079s] [ 67%] [32mBuilding CXX object planning_components_tools/CMakeFiles/moveit_display_random_state.dir/src/display_random_state.cpp.o[0m
[41.079s] [ 67%] [32mBuilding CXX object planning_scene_monitor/CMakeFiles/current_state_monitor_tests.dir/test/current_state_monitor_tests.cpp.o[0m
[41.080s] [ 69%] [32mBuilding CXX object planning_scene_monitor/CMakeFiles/trajectory_monitor_tests.dir/test/trajectory_monitor_tests.cpp.o[0m
[41.080s] [ 70%] [32mBuilding CXX object planning_components_tools/CMakeFiles/moveit_print_planning_scene_info.dir/src/print_planning_scene_info.cpp.o[0m
[41.081s] [ 72%] [32mBuilding CXX object planning_components_tools/CMakeFiles/moveit_evaluate_collision_checking_speed.dir/src/evaluate_collision_checking_speed.cpp.o[0m
[41.086s] [ 74%] [32mBuilding CXX object planning_components_tools/CMakeFiles/moveit_publish_scene_from_text.dir/src/publish_scene_from_text.cpp.o[0m
[41.087s] [ 75%] [32mBuilding CXX object planning_components_tools/CMakeFiles/moveit_visualize_robot_collision_volume.dir/src/visualize_robot_collision_volume.cpp.o[0m
[47.005s] [ 77%] [32m[1mLinking CXX executable moveit_print_planning_scene_info[0m
[47.236s] [ 77%] Built target moveit_print_planning_scene_info
[47.255s] [ 79%] [32mBuilding CXX object trajectory_execution_manager/CMakeFiles/moveit_trajectory_execution_manager.dir/src/trajectory_execution_manager.cpp.o[0m
[48.106s] [ 80%] [32m[1mLinking CXX executable moveit_evaluate_collision_checking_speed[0m
[48.112s] [ 82%] [32m[1mLinking CXX executable current_state_monitor_tests[0m
[48.137s] [ 83%] [32m[1mLinking CXX executable trajectory_monitor_tests[0m
[48.343s] [ 83%] Built target moveit_evaluate_collision_checking_speed
[48.399s] [ 83%] Built target current_state_monitor_tests
[48.431s] [ 83%] Built target trajectory_monitor_tests
[48.576s] [ 85%] [32m[1mLinking CXX executable demo_scene[0m
[48.591s] [ 87%] [32m[1mLinking CXX executable moveit_visualize_robot_collision_volume[0m
[48.702s] [ 87%] Built target demo_scene
[48.807s] [ 87%] Built target moveit_visualize_robot_collision_volume
[49.068s] [ 88%] [32m[1mLinking CXX executable moveit_display_random_state[0m
[49.206s] [ 90%] [32m[1mLinking CXX executable moveit_publish_scene_from_text[0m
[49.284s] [ 90%] Built target moveit_display_random_state
[49.422s] [ 90%] Built target moveit_publish_scene_from_text
[62.069s] [ 91%] [32m[1mLinking CXX shared library libmoveit_trajectory_execution_manager.so[0m
[62.273s] [ 91%] Built target moveit_trajectory_execution_manager
[62.289s] [ 96%] [32mBuilding CXX object plan_execution/CMakeFiles/moveit_plan_execution.dir/src/plan_execution.cpp.o[0m
[62.290s] [ 96%] [32mBuilding CXX object moveit_cpp/CMakeFiles/moveit_cpp.dir/src/moveit_cpp.cpp.o[0m
[62.290s] [ 96%] [32mBuilding CXX object moveit_cpp/CMakeFiles/moveit_cpp.dir/src/planning_component.cpp.o[0m
[68.187s] [ 98%] [32m[1mLinking CXX shared library libmoveit_plan_execution.so[0m
[68.334s] [ 98%] Built target moveit_plan_execution
[70.986s] [100%] [32m[1mLinking CXX shared library libmoveit_cpp.so[0m
[71.161s] [100%] Built target moveit_cpp
[71.170s] Invoked command in '/home/parallels/liam workspace/build/moveit_ros_planning' returned '0': AMENT_PREFIX_PATH=/home/parallels/liam workspace/install/moveit_ros_occupancy_map_monitor:/home/parallels/liam workspace/install/moveit_core:/home/parallels/liam workspace/install/moveit_resources_panda_moveit_config:/home/parallels/liam workspace/install/srdfdom:/home/parallels/liam workspace/install/moveit_resources_panda_description:/home/parallels/liam workspace/install/moveit_common:${AMENT_PREFIX_PATH} CMAKE_PREFIX_PATH=/home/parallels/liam workspace/install/moveit_ros_occupancy_map_monitor:/home/parallels/liam workspace/install/moveit_core:/home/parallels/liam workspace/install/moveit_resources_panda_moveit_config:/home/parallels/liam workspace/install/srdfdom:/home/parallels/liam workspace/install/moveit_resources_panda_description:/home/parallels/liam workspace/install/moveit_common:/home/parallels/ws_moveit2/install/pilz_industrial_motion_planner_testutils:/home/parallels/ws_moveit2/install/moveit_runtime:/home/parallels/ws_moveit2/install/moveit2_tutorials:/home/parallels/ws_moveit2/install/moveit:/home/parallels/ws_moveit2/install/moveit_planners:/home/parallels/ws_moveit2/install/pilz_industrial_motion_planner:/home/parallels/ws_moveit2/install/moveit_visual_tools:/home/parallels/ws_moveit2/install/moveit_task_constructor_visualization:/home/parallels/ws_moveit2/install/moveit_task_constructor_demo:/home/parallels/ws_moveit2/install/moveit_task_constructor_capabilities:/home/parallels/ws_moveit2/install/moveit_task_constructor_core:/home/parallels/ws_moveit2/install/moveit_ros_control_interface:/home/parallels/ws_moveit2/install/moveit_plugins:/home/parallels/ws_moveit2/install/moveit_simple_controller_manager:/home/parallels/ws_moveit2/install/moveit_setup_assistant:/home/parallels/ws_moveit2/install/moveit_setup_srdf_plugins:/home/parallels/ws_moveit2/install/moveit_setup_core_plugins:/home/parallels/ws_moveit2/install/moveit_setup_controllers:/home/parallels/ws_moveit2/install/moveit_setup_app_plugins:/home/parallels/ws_moveit2/install/moveit_setup_framework:/home/parallels/ws_moveit2/install/moveit_servo:/home/parallels/ws_moveit2/install/moveit_ros:/home/parallels/ws_moveit2/install/moveit_ros_visualization:/home/parallels/ws_moveit2/install/moveit_hybrid_planning:/home/parallels/ws_moveit2/install/moveit_ros_planning_interface:/home/parallels/ws_moveit2/install/moveit_ros_benchmarks:/home/parallels/ws_moveit2/install/moveit_ros_warehouse:/home/parallels/ws_moveit2/install/moveit_ros_robot_interaction:/home/parallels/ws_moveit2/install/moveit_ros_perception:/home/parallels/ws_moveit2/install/moveit_resources_prbt_pg70_support:/home/parallels/ws_moveit2/install/moveit_resources_prbt_moveit_config:/home/parallels/ws_moveit2/install/moveit_ros_move_group:/home/parallels/ws_moveit2/install/moveit_planners_ompl:/home/parallels/ws_moveit2/install/moveit_ros_planning:/home/parallels/ws_moveit2/install/moveit_ros_occupancy_map_monitor:/home/parallels/ws_moveit2/install/moveit_resources_prbt_ikfast_manipulator_plugin:/home/parallels/ws_moveit2/install/moveit_planners_chomp:/home/parallels/ws_moveit2/install/moveit_kinematics:/home/parallels/ws_moveit2/install/moveit_chomp_optimizer_adapter:/home/parallels/ws_moveit2/install/chomp_motion_planner:/home/parallels/ws_moveit2/install/moveit_core:/home/parallels/ws_moveit2/install/srdfdom:/home/parallels/ws_moveit2/install/rviz_marker_tools:/home/parallels/ws_moveit2/install/rosparam_shortcuts:/home/parallels/ws_moveit2/install/pantilt_bot_description:/home/parallels/ws_moveit2/install/open_manipulator_x_description:/home/parallels/ws_moveit2/install/moveit_task_constructor_msgs:/home/parallels/ws_moveit2/install/moveit_resources_prbt_support:/home/parallels/ws_moveit2/install/moveit_resources:/home/parallels/ws_moveit2/install/moveit_resources_pr2_description:/home/parallels/ws_moveit2/install/moveit_resources_panda_moveit_config:/home/parallels/ws_moveit2/install/moveit_resources_panda_description:/home/parallels/ws_moveit2/install/moveit_resources_fanuc_moveit_config:/home/parallels/ws_moveit2/install/moveit_resources_fanuc_description:/home/parallels/ws_moveit2/install/moveit_common:/home/parallels/ws_moveit2/install/dynamixel_workbench:/home/parallels/ws_moveit2/install/dynamixel_hardware:/home/parallels/ws_moveit2/install/dynamixel_workbench_toolbox:/home/parallels/ws_moveit2/install/dynamixel_workbench_msgs:/home/parallels/ws_moveit2/install/moveit_configs_utils:/home/parallels/ws_moveit2/install/launch_param_builder:/opt/ros/humble LD_LIBRARY_PATH=/home/parallels/liam workspace/install/moveit_ros_occupancy_map_monitor/lib:/home/parallels/liam workspace/install/moveit_core/lib:/home/parallels/liam workspace/install/srdfdom/lib:${LD_LIBRARY_PATH} PATH=/home/parallels/liam workspace/install/moveit_core/bin:${PATH} PYTHONPATH=/home/parallels/liam workspace/install/srdfdom/local/lib/python3.10/dist-packages:${PYTHONPATH} /usr/bin/cmake --build /home/parallels/liam workspace/build/moveit_ros_planning -- -j8 -l8
[71.209s] Invoking command in '/home/parallels/liam workspace/build/moveit_ros_planning': AMENT_PREFIX_PATH=/home/parallels/liam workspace/install/moveit_ros_occupancy_map_monitor:/home/parallels/liam workspace/install/moveit_core:/home/parallels/liam workspace/install/moveit_resources_panda_moveit_config:/home/parallels/liam workspace/install/srdfdom:/home/parallels/liam workspace/install/moveit_resources_panda_description:/home/parallels/liam workspace/install/moveit_common:${AMENT_PREFIX_PATH} CMAKE_PREFIX_PATH=/home/parallels/liam workspace/install/moveit_ros_occupancy_map_monitor:/home/parallels/liam workspace/install/moveit_core:/home/parallels/liam workspace/install/moveit_resources_panda_moveit_config:/home/parallels/liam workspace/install/srdfdom:/home/parallels/liam workspace/install/moveit_resources_panda_description:/home/parallels/liam workspace/install/moveit_common:/home/parallels/ws_moveit2/install/pilz_industrial_motion_planner_testutils:/home/parallels/ws_moveit2/install/moveit_runtime:/home/parallels/ws_moveit2/install/moveit2_tutorials:/home/parallels/ws_moveit2/install/moveit:/home/parallels/ws_moveit2/install/moveit_planners:/home/parallels/ws_moveit2/install/pilz_industrial_motion_planner:/home/parallels/ws_moveit2/install/moveit_visual_tools:/home/parallels/ws_moveit2/install/moveit_task_constructor_visualization:/home/parallels/ws_moveit2/install/moveit_task_constructor_demo:/home/parallels/ws_moveit2/install/moveit_task_constructor_capabilities:/home/parallels/ws_moveit2/install/moveit_task_constructor_core:/home/parallels/ws_moveit2/install/moveit_ros_control_interface:/home/parallels/ws_moveit2/install/moveit_plugins:/home/parallels/ws_moveit2/install/moveit_simple_controller_manager:/home/parallels/ws_moveit2/install/moveit_setup_assistant:/home/parallels/ws_moveit2/install/moveit_setup_srdf_plugins:/home/parallels/ws_moveit2/install/moveit_setup_core_plugins:/home/parallels/ws_moveit2/install/moveit_setup_controllers:/home/parallels/ws_moveit2/install/moveit_setup_app_plugins:/home/parallels/ws_moveit2/install/moveit_setup_framework:/home/parallels/ws_moveit2/install/moveit_servo:/home/parallels/ws_moveit2/install/moveit_ros:/home/parallels/ws_moveit2/install/moveit_ros_visualization:/home/parallels/ws_moveit2/install/moveit_hybrid_planning:/home/parallels/ws_moveit2/install/moveit_ros_planning_interface:/home/parallels/ws_moveit2/install/moveit_ros_benchmarks:/home/parallels/ws_moveit2/install/moveit_ros_warehouse:/home/parallels/ws_moveit2/install/moveit_ros_robot_interaction:/home/parallels/ws_moveit2/install/moveit_ros_perception:/home/parallels/ws_moveit2/install/moveit_resources_prbt_pg70_support:/home/parallels/ws_moveit2/install/moveit_resources_prbt_moveit_config:/home/parallels/ws_moveit2/install/moveit_ros_move_group:/home/parallels/ws_moveit2/install/moveit_planners_ompl:/home/parallels/ws_moveit2/install/moveit_ros_planning:/home/parallels/ws_moveit2/install/moveit_ros_occupancy_map_monitor:/home/parallels/ws_moveit2/install/moveit_resources_prbt_ikfast_manipulator_plugin:/home/parallels/ws_moveit2/install/moveit_planners_chomp:/home/parallels/ws_moveit2/install/moveit_kinematics:/home/parallels/ws_moveit2/install/moveit_chomp_optimizer_adapter:/home/parallels/ws_moveit2/install/chomp_motion_planner:/home/parallels/ws_moveit2/install/moveit_core:/home/parallels/ws_moveit2/install/srdfdom:/home/parallels/ws_moveit2/install/rviz_marker_tools:/home/parallels/ws_moveit2/install/rosparam_shortcuts:/home/parallels/ws_moveit2/install/pantilt_bot_description:/home/parallels/ws_moveit2/install/open_manipulator_x_description:/home/parallels/ws_moveit2/install/moveit_task_constructor_msgs:/home/parallels/ws_moveit2/install/moveit_resources_prbt_support:/home/parallels/ws_moveit2/install/moveit_resources:/home/parallels/ws_moveit2/install/moveit_resources_pr2_description:/home/parallels/ws_moveit2/install/moveit_resources_panda_moveit_config:/home/parallels/ws_moveit2/install/moveit_resources_panda_description:/home/parallels/ws_moveit2/install/moveit_resources_fanuc_moveit_config:/home/parallels/ws_moveit2/install/moveit_resources_fanuc_description:/home/parallels/ws_moveit2/install/moveit_common:/home/parallels/ws_moveit2/install/dynamixel_workbench:/home/parallels/ws_moveit2/install/dynamixel_hardware:/home/parallels/ws_moveit2/install/dynamixel_workbench_toolbox:/home/parallels/ws_moveit2/install/dynamixel_workbench_msgs:/home/parallels/ws_moveit2/install/moveit_configs_utils:/home/parallels/ws_moveit2/install/launch_param_builder:/opt/ros/humble LD_LIBRARY_PATH=/home/parallels/liam workspace/install/moveit_ros_occupancy_map_monitor/lib:/home/parallels/liam workspace/install/moveit_core/lib:/home/parallels/liam workspace/install/srdfdom/lib:${LD_LIBRARY_PATH} PATH=/home/parallels/liam workspace/install/moveit_core/bin:${PATH} PYTHONPATH=/home/parallels/liam workspace/install/srdfdom/local/lib/python3.10/dist-packages:${PYTHONPATH} /usr/bin/cmake --install /home/parallels/liam workspace/build/moveit_ros_planning
[71.215s] -- Install configuration: "Release"
[71.215s] -- Installing: /home/parallels/liam workspace/install/moveit_ros_planning/include
[71.216s] -- Installing: /home/parallels/liam workspace/install/moveit_ros_planning/include/moveit
[71.216s] -- Installing: /home/parallels/liam workspace/install/moveit_ros_planning/include/moveit/rdf_loader
[71.216s] -- Installing: /home/parallels/liam workspace/install/moveit_ros_planning/include/moveit/rdf_loader/synchronized_string_parameter.h
[71.216s] -- Installing: /home/parallels/liam workspace/install/moveit_ros_planning/include/moveit/rdf_loader/rdf_loader.h
[71.216s] -- Installing: /home/parallels/liam workspace/install/moveit_ros_planning/share/moveit_ros_planning/rdf_loader/test/data
[71.216s] -- Installing: /home/parallels/liam workspace/install/moveit_ros_planning/share/moveit_ros_planning/rdf_loader/test/data/gonzo.urdf
[71.216s] -- Installing: /home/parallels/liam workspace/install/moveit_ros_planning/share/moveit_ros_planning/rdf_loader/test/data/kermit.srdf
[71.216s] -- Installing: /home/parallels/liam workspace/install/moveit_ros_planning/share/moveit_ros_planning/rdf_loader/test/data/robin.srdf.xacro
[71.216s] -- Installing: /home/parallels/liam workspace/install/moveit_ros_planning/share/moveit_ros_planning/rdf_loader/test/data/gonzo.srdf
[71.216s] -- Installing: /home/parallels/liam workspace/install/moveit_ros_planning/share/moveit_ros_planning/rdf_loader/test/data/kermit.urdf
[71.216s] -- Installing: /home/parallels/liam workspace/install/moveit_ros_planning/share/moveit_ros_planning/rdf_loader/test/launch
[71.216s] -- Installing: /home/parallels/liam workspace/install/moveit_ros_planning/share/moveit_ros_planning/rdf_loader/test/launch/test_rdf_integration.test.py
[71.216s] -- Up-to-date: /home/parallels/liam workspace/install/moveit_ros_planning/include
[71.216s] -- Up-to-date: /home/parallels/liam workspace/install/moveit_ros_planning/include/moveit
[71.216s] -- Installing: /home/parallels/liam workspace/install/moveit_ros_planning/include/moveit/collision_plugin_loader
[71.216s] -- Installing: /home/parallels/liam workspace/install/moveit_ros_planning/include/moveit/collision_plugin_loader/collision_plugin_loader.h
[71.216s] -- Up-to-date: /home/parallels/liam workspace/install/moveit_ros_planning/include
[71.217s] -- Up-to-date: /home/parallels/liam workspace/install/moveit_ros_planning/include/moveit
[71.217s] -- Installing: /home/parallels/liam workspace/install/moveit_ros_planning/include/moveit/kinematics_plugin_loader
[71.217s] -- Installing: /home/parallels/liam workspace/install/moveit_ros_planning/include/moveit/kinematics_plugin_loader/kinematics_plugin_loader.h
[71.217s] -- Up-to-date: /home/parallels/liam workspace/install/moveit_ros_planning/include
[71.217s] -- Up-to-date: /home/parallels/liam workspace/install/moveit_ros_planning/include/moveit
[71.217s] -- Installing: /home/parallels/liam workspace/install/moveit_ros_planning/include/moveit/robot_model_loader
[71.217s] -- Installing: /home/parallels/liam workspace/install/moveit_ros_planning/include/moveit/robot_model_loader/robot_model_loader.h
[71.217s] -- Up-to-date: /home/parallels/liam workspace/install/moveit_ros_planning/include
[71.217s] -- Up-to-date: /home/parallels/liam workspace/install/moveit_ros_planning/include/moveit
[71.217s] -- Installing: /home/parallels/liam workspace/install/moveit_ros_planning/include/moveit/constraint_sampler_manager_loader
[71.217s] -- Installing: /home/parallels/liam workspace/install/moveit_ros_planning/include/moveit/constraint_sampler_manager_loader/constraint_sampler_manager_loader.h
[71.217s] -- Up-to-date: /home/parallels/liam workspace/install/moveit_ros_planning/include
[71.217s] -- Up-to-date: /home/parallels/liam workspace/install/moveit_ros_planning/include/moveit
[71.217s] -- Installing: /home/parallels/liam workspace/install/moveit_ros_planning/include/moveit/planning_pipeline
[71.217s] -- Installing: /home/parallels/liam workspace/install/moveit_ros_planning/include/moveit/planning_pipeline/planning_pipeline.h
[71.217s] -- Installing: /home/parallels/liam workspace/install/moveit_ros_planning/include/moveit_planning_pipeline_export.h
[71.217s] -- Installing: /home/parallels/liam workspace/install/moveit_ros_planning/lib/moveit_ros_planning/moveit_list_request_adapter_plugins
[71.218s] -- Set runtime path of "/home/parallels/liam workspace/install/moveit_ros_planning/lib/moveit_ros_planning/moveit_list_request_adapter_plugins" to ""
[71.218s] -- Installing: /home/parallels/liam workspace/install/moveit_ros_planning/lib/moveit_ros_planning/demo_scene
[71.218s] -- Set runtime path of "/home/parallels/liam workspace/install/moveit_ros_planning/lib/moveit_ros_planning/demo_scene" to ""
[71.218s] -- Up-to-date: /home/parallels/liam workspace/install/moveit_ros_planning/include
[71.218s] -- Up-to-date: /home/parallels/liam workspace/install/moveit_ros_planning/include/moveit
[71.218s] -- Installing: /home/parallels/liam workspace/install/moveit_ros_planning/include/moveit/planning_scene_monitor
[71.218s] -- Installing: /home/parallels/liam workspace/install/moveit_ros_planning/include/moveit/planning_scene_monitor/current_state_monitor.h
[71.218s] -- Installing: /home/parallels/liam workspace/install/moveit_ros_planning/include/moveit/planning_scene_monitor/trajectory_monitor_middleware_handle.hpp
[71.218s] -- Installing: /home/parallels/liam workspace/install/moveit_ros_planning/include/moveit/planning_scene_monitor/current_state_monitor_middleware_handle.hpp
[71.218s] -- Installing: /home/parallels/liam workspace/install/moveit_ros_planning/include/moveit/planning_scene_monitor/trajectory_monitor.h
[71.218s] -- Installing: /home/parallels/liam workspace/install/moveit_ros_planning/include/moveit/planning_scene_monitor/planning_scene_monitor.h
[71.218s] -- Installing: /home/parallels/liam workspace/install/moveit_ros_planning/include/moveit_planning_scene_monitor_export.h
[71.219s] -- Installing: /home/parallels/liam workspace/install/moveit_ros_planning/lib/moveit_ros_planning/moveit_print_planning_model_info
[71.219s] -- Set runtime path of "/home/parallels/liam workspace/install/moveit_ros_planning/lib/moveit_ros_planning/moveit_print_planning_model_info" to ""
[71.219s] -- Installing: /home/parallels/liam workspace/install/moveit_ros_planning/lib/moveit_ros_planning/moveit_print_planning_scene_info
[71.219s] -- Set runtime path of "/home/parallels/liam workspace/install/moveit_ros_planning/lib/moveit_ros_planning/moveit_print_planning_scene_info" to ""
[71.219s] -- Installing: /home/parallels/liam workspace/install/moveit_ros_planning/lib/moveit_ros_planning/moveit_display_random_state
[71.219s] -- Set runtime path of "/home/parallels/liam workspace/install/moveit_ros_planning/lib/moveit_ros_planning/moveit_display_random_state" to ""
[71.219s] -- Installing: /home/parallels/liam workspace/install/moveit_ros_planning/lib/moveit_ros_planning/moveit_visualize_robot_collision_volume
[71.220s] -- Set runtime path of "/home/parallels/liam workspace/install/moveit_ros_planning/lib/moveit_ros_planning/moveit_visualize_robot_collision_volume" to ""
[71.220s] -- Installing: /home/parallels/liam workspace/install/moveit_ros_planning/lib/moveit_ros_planning/moveit_evaluate_collision_checking_speed
[71.220s] -- Set runtime path of "/home/parallels/liam workspace/install/moveit_ros_planning/lib/moveit_ros_planning/moveit_evaluate_collision_checking_speed" to ""
[71.220s] -- Installing: /home/parallels/liam workspace/install/moveit_ros_planning/lib/moveit_ros_planning/moveit_publish_scene_from_text
[71.220s] -- Set runtime path of "/home/parallels/liam workspace/install/moveit_ros_planning/lib/moveit_ros_planning/moveit_publish_scene_from_text" to ""
[71.221s] -- Up-to-date: /home/parallels/liam workspace/install/moveit_ros_planning/include
[71.221s] -- Up-to-date: /home/parallels/liam workspace/install/moveit_ros_planning/include/moveit
[71.221s] -- Installing: /home/parallels/liam workspace/install/moveit_ros_planning/include/moveit/trajectory_execution_manager
[71.221s] -- Installing: /home/parallels/liam workspace/install/moveit_ros_planning/include/moveit/trajectory_execution_manager/trajectory_execution_manager.h
[71.221s] -- Installing: /home/parallels/liam workspace/install/moveit_ros_planning/include/moveit_trajectory_execution_manager_export.h
[71.221s] -- Up-to-date: /home/parallels/liam workspace/install/moveit_ros_planning/include
[71.221s] -- Up-to-date: /home/parallels/liam workspace/install/moveit_ros_planning/include/moveit
[71.221s] -- Installing: /home/parallels/liam workspace/install/moveit_ros_planning/include/moveit/plan_execution
[71.221s] -- Installing: /home/parallels/liam workspace/install/moveit_ros_planning/include/moveit/plan_execution/plan_representation.h
[71.221s] -- Installing: /home/parallels/liam workspace/install/moveit_ros_planning/include/moveit/plan_execution/plan_execution.h
[71.221s] -- Up-to-date: /home/parallels/liam workspace/install/moveit_ros_planning/include
[71.221s] -- Up-to-date: /home/parallels/liam workspace/install/moveit_ros_planning/include/moveit
[71.221s] -- Installing: /home/parallels/liam workspace/install/moveit_ros_planning/include/moveit/moveit_cpp
[71.221s] -- Installing: /home/parallels/liam workspace/install/moveit_ros_planning/include/moveit/moveit_cpp/moveit_cpp.h
[71.221s] -- Installing: /home/parallels/liam workspace/install/moveit_ros_planning/include/moveit/moveit_cpp/planning_component.h
[71.221s] -- Installing: /home/parallels/liam workspace/install/moveit_ros_planning/lib/libmoveit_rdf_loader.so.2.5.5
[71.222s] -- Set runtime path of "/home/parallels/liam workspace/install/moveit_ros_planning/lib/libmoveit_rdf_loader.so.2.5.5" to ""
[71.222s] -- Installing: /home/parallels/liam workspace/install/moveit_ros_planning/lib/libmoveit_rdf_loader.so
[71.222s] -- Installing: /home/parallels/liam workspace/install/moveit_ros_planning/lib/libmoveit_kinematics_plugin_loader.so.2.5.5
[71.222s] -- Set runtime path of "/home/parallels/liam workspace/install/moveit_ros_planning/lib/libmoveit_kinematics_plugin_loader.so.2.5.5" to ""
[71.222s] -- Installing: /home/parallels/liam workspace/install/moveit_ros_planning/lib/libmoveit_kinematics_plugin_loader.so
[71.222s] -- Installing: /home/parallels/liam workspace/install/moveit_ros_planning/lib/libmoveit_robot_model_loader.so.2.5.5
[71.223s] -- Set runtime path of "/home/parallels/liam workspace/install/moveit_ros_planning/lib/libmoveit_robot_model_loader.so.2.5.5" to ""
[71.223s] -- Installing: /home/parallels/liam workspace/install/moveit_ros_planning/lib/libmoveit_robot_model_loader.so
[71.223s] -- Installing: /home/parallels/liam workspace/install/moveit_ros_planning/lib/libmoveit_constraint_sampler_manager_loader.so.2.5.5
[71.223s] -- Set runtime path of "/home/parallels/liam workspace/install/moveit_ros_planning/lib/libmoveit_constraint_sampler_manager_loader.so.2.5.5" to ""
[71.223s] -- Installing: /home/parallels/liam workspace/install/moveit_ros_planning/lib/libmoveit_constraint_sampler_manager_loader.so
[71.223s] -- Installing: /home/parallels/liam workspace/install/moveit_ros_planning/lib/libmoveit_planning_pipeline.so.2.5.5
[71.224s] -- Set runtime path of "/home/parallels/liam workspace/install/moveit_ros_planning/lib/libmoveit_planning_pipeline.so.2.5.5" to ""
[71.224s] -- Installing: /home/parallels/liam workspace/install/moveit_ros_planning/lib/libmoveit_planning_pipeline.so
[71.224s] -- Installing: /home/parallels/liam workspace/install/moveit_ros_planning/lib/libmoveit_trajectory_execution_manager.so.2.5.5
[71.225s] -- Set runtime path of "/home/parallels/liam workspace/install/moveit_ros_planning/lib/libmoveit_trajectory_execution_manager.so.2.5.5" to ""
[71.225s] -- Installing: /home/parallels/liam workspace/install/moveit_ros_planning/lib/libmoveit_trajectory_execution_manager.so
[71.225s] -- Installing: /home/parallels/liam workspace/install/moveit_ros_planning/lib/libmoveit_plan_execution.so.2.5.5
[71.225s] -- Set runtime path of "/home/parallels/liam workspace/install/moveit_ros_planning/lib/libmoveit_plan_execution.so.2.5.5" to ""
[71.225s] -- Installing: /home/parallels/liam workspace/install/moveit_ros_planning/lib/libmoveit_plan_execution.so
[71.225s] -- Installing: /home/parallels/liam workspace/install/moveit_ros_planning/lib/libmoveit_planning_scene_monitor.so.2.5.5
[71.229s] -- Set runtime path of "/home/parallels/liam workspace/install/moveit_ros_planning/lib/libmoveit_planning_scene_monitor.so.2.5.5" to ""
[71.229s] -- Installing: /home/parallels/liam workspace/install/moveit_ros_planning/lib/libmoveit_planning_scene_monitor.so
[71.229s] -- Installing: /home/parallels/liam workspace/install/moveit_ros_planning/lib/libmoveit_collision_plugin_loader.so.2.5.5
[71.229s] -- Set runtime path of "/home/parallels/liam workspace/install/moveit_ros_planning/lib/libmoveit_collision_plugin_loader.so.2.5.5" to ""
[71.230s] -- Installing: /home/parallels/liam workspace/install/moveit_ros_planning/lib/libmoveit_collision_plugin_loader.so
[71.230s] -- Installing: /home/parallels/liam workspace/install/moveit_ros_planning/lib/libmoveit_default_planning_request_adapter_plugins.so.2.5.5
[71.230s] -- Set runtime path of "/home/parallels/liam workspace/install/moveit_ros_planning/lib/libmoveit_default_planning_request_adapter_plugins.so.2.5.5" to ""
[71.230s] -- Installing: /home/parallels/liam workspace/install/moveit_ros_planning/lib/libmoveit_default_planning_request_adapter_plugins.so
[71.230s] -- Installing: /home/parallels/liam workspace/install/moveit_ros_planning/lib/libmoveit_cpp.so.2.5.5
[71.231s] -- Set runtime path of "/home/parallels/liam workspace/install/moveit_ros_planning/lib/libmoveit_cpp.so.2.5.5" to ""
[71.231s] -- Installing: /home/parallels/liam workspace/install/moveit_ros_planning/lib/libmoveit_cpp.so
[71.231s] -- Installing: /home/parallels/liam workspace/install/moveit_ros_planning/share/moveit_ros_planning/environment/library_path.sh
[71.231s] -- Installing: /home/parallels/liam workspace/install/moveit_ros_planning/share/moveit_ros_planning/environment/library_path.dsv
[71.231s] -- Installing: /home/parallels/liam workspace/install/moveit_ros_planning/share/moveit_ros_planning/planning_request_adapters_plugin_description.xml
[71.231s] -- Installing: /home/parallels/liam workspace/install/moveit_ros_planning/share/ament_index/resource_index/package_run_dependencies/moveit_ros_planning
[71.231s] -- Installing: /home/parallels/liam workspace/install/moveit_ros_planning/share/ament_index/resource_index/parent_prefix_path/moveit_ros_planning
[71.231s] -- Installing: /home/parallels/liam workspace/install/moveit_ros_planning/share/moveit_ros_planning/environment/ament_prefix_path.sh
[71.231s] -- Installing: /home/parallels/liam workspace/install/moveit_ros_planning/share/moveit_ros_planning/environment/ament_prefix_path.dsv
[71.231s] -- Installing: /home/parallels/liam workspace/install/moveit_ros_planning/share/moveit_ros_planning/environment/path.sh
[71.231s] -- Installing: /home/parallels/liam workspace/install/moveit_ros_planning/share/moveit_ros_planning/environment/path.dsv
[71.232s] -- Installing: /home/parallels/liam workspace/install/moveit_ros_planning/share/moveit_ros_planning/local_setup.bash
[71.232s] -- Installing: /home/parallels/liam workspace/install/moveit_ros_planning/share/moveit_ros_planning/local_setup.sh
[71.232s] -- Installing: /home/parallels/liam workspace/install/moveit_ros_planning/share/moveit_ros_planning/local_setup.zsh
[71.232s] -- Installing: /home/parallels/liam workspace/install/moveit_ros_planning/share/moveit_ros_planning/local_setup.dsv
[71.232s] -- Installing: /home/parallels/liam workspace/install/moveit_ros_planning/share/moveit_ros_planning/package.dsv
[71.232s] -- Installing: /home/parallels/liam workspace/install/moveit_ros_planning/share/ament_index/resource_index/packages/moveit_ros_planning
[71.232s] -- Installing: /home/parallels/liam workspace/install/moveit_ros_planning/share/ament_index/resource_index/moveit_core__pluginlib__plugin/moveit_ros_planning
[71.232s] -- Installing: /home/parallels/liam workspace/install/moveit_ros_planning/share/moveit_ros_planning/cmake/export_moveit_ros_planningExport.cmake
[71.232s] -- Installing: /home/parallels/liam workspace/install/moveit_ros_planning/share/moveit_ros_planning/cmake/export_moveit_ros_planningExport-release.cmake
[71.232s] -- Installing: /home/parallels/liam workspace/install/moveit_ros_planning/share/moveit_ros_planning/cmake/ConfigExtras.cmake
[71.232s] -- Installing: /home/parallels/liam workspace/install/moveit_ros_planning/share/moveit_ros_planning/cmake/ament_cmake_export_targets-extras.cmake
[71.232s] -- Installing: /home/parallels/liam workspace/install/moveit_ros_planning/share/moveit_ros_planning/cmake/ament_cmake_export_dependencies-extras.cmake
[71.232s] -- Installing: /home/parallels/liam workspace/install/moveit_ros_planning/share/moveit_ros_planning/cmake/moveit_ros_planningConfig.cmake
[71.232s] -- Installing: /home/parallels/liam workspace/install/moveit_ros_planning/share/moveit_ros_planning/cmake/moveit_ros_planningConfig-version.cmake
[71.232s] -- Installing: /home/parallels/liam workspace/install/moveit_ros_planning/share/moveit_ros_planning/package.xml
[71.234s] Invoked command in '/home/parallels/liam workspace/build/moveit_ros_planning' returned '0': AMENT_PREFIX_PATH=/home/parallels/liam workspace/install/moveit_ros_occupancy_map_monitor:/home/parallels/liam workspace/install/moveit_core:/home/parallels/liam workspace/install/moveit_resources_panda_moveit_config:/home/parallels/liam workspace/install/srdfdom:/home/parallels/liam workspace/install/moveit_resources_panda_description:/home/parallels/liam workspace/install/moveit_common:${AMENT_PREFIX_PATH} CMAKE_PREFIX_PATH=/home/parallels/liam workspace/install/moveit_ros_occupancy_map_monitor:/home/parallels/liam workspace/install/moveit_core:/home/parallels/liam workspace/install/moveit_resources_panda_moveit_config:/home/parallels/liam workspace/install/srdfdom:/home/parallels/liam workspace/install/moveit_resources_panda_description:/home/parallels/liam workspace/install/moveit_common:/home/parallels/ws_moveit2/install/pilz_industrial_motion_planner_testutils:/home/parallels/ws_moveit2/install/moveit_runtime:/home/parallels/ws_moveit2/install/moveit2_tutorials:/home/parallels/ws_moveit2/install/moveit:/home/parallels/ws_moveit2/install/moveit_planners:/home/parallels/ws_moveit2/install/pilz_industrial_motion_planner:/home/parallels/ws_moveit2/install/moveit_visual_tools:/home/parallels/ws_moveit2/install/moveit_task_constructor_visualization:/home/parallels/ws_moveit2/install/moveit_task_constructor_demo:/home/parallels/ws_moveit2/install/moveit_task_constructor_capabilities:/home/parallels/ws_moveit2/install/moveit_task_constructor_core:/home/parallels/ws_moveit2/install/moveit_ros_control_interface:/home/parallels/ws_moveit2/install/moveit_plugins:/home/parallels/ws_moveit2/install/moveit_simple_controller_manager:/home/parallels/ws_moveit2/install/moveit_setup_assistant:/home/parallels/ws_moveit2/install/moveit_setup_srdf_plugins:/home/parallels/ws_moveit2/install/moveit_setup_core_plugins:/home/parallels/ws_moveit2/install/moveit_setup_controllers:/home/parallels/ws_moveit2/install/moveit_setup_app_plugins:/home/parallels/ws_moveit2/install/moveit_setup_framework:/home/parallels/ws_moveit2/install/moveit_servo:/home/parallels/ws_moveit2/install/moveit_ros:/home/parallels/ws_moveit2/install/moveit_ros_visualization:/home/parallels/ws_moveit2/install/moveit_hybrid_planning:/home/parallels/ws_moveit2/install/moveit_ros_planning_interface:/home/parallels/ws_moveit2/install/moveit_ros_benchmarks:/home/parallels/ws_moveit2/install/moveit_ros_warehouse:/home/parallels/ws_moveit2/install/moveit_ros_robot_interaction:/home/parallels/ws_moveit2/install/moveit_ros_perception:/home/parallels/ws_moveit2/install/moveit_resources_prbt_pg70_support:/home/parallels/ws_moveit2/install/moveit_resources_prbt_moveit_config:/home/parallels/ws_moveit2/install/moveit_ros_move_group:/home/parallels/ws_moveit2/install/moveit_planners_ompl:/home/parallels/ws_moveit2/install/moveit_ros_planning:/home/parallels/ws_moveit2/install/moveit_ros_occupancy_map_monitor:/home/parallels/ws_moveit2/install/moveit_resources_prbt_ikfast_manipulator_plugin:/home/parallels/ws_moveit2/install/moveit_planners_chomp:/home/parallels/ws_moveit2/install/moveit_kinematics:/home/parallels/ws_moveit2/install/moveit_chomp_optimizer_adapter:/home/parallels/ws_moveit2/install/chomp_motion_planner:/home/parallels/ws_moveit2/install/moveit_core:/home/parallels/ws_moveit2/install/srdfdom:/home/parallels/ws_moveit2/install/rviz_marker_tools:/home/parallels/ws_moveit2/install/rosparam_shortcuts:/home/parallels/ws_moveit2/install/pantilt_bot_description:/home/parallels/ws_moveit2/install/open_manipulator_x_description:/home/parallels/ws_moveit2/install/moveit_task_constructor_msgs:/home/parallels/ws_moveit2/install/moveit_resources_prbt_support:/home/parallels/ws_moveit2/install/moveit_resources:/home/parallels/ws_moveit2/install/moveit_resources_pr2_description:/home/parallels/ws_moveit2/install/moveit_resources_panda_moveit_config:/home/parallels/ws_moveit2/install/moveit_resources_panda_description:/home/parallels/ws_moveit2/install/moveit_resources_fanuc_moveit_config:/home/parallels/ws_moveit2/install/moveit_resources_fanuc_description:/home/parallels/ws_moveit2/install/moveit_common:/home/parallels/ws_moveit2/install/dynamixel_workbench:/home/parallels/ws_moveit2/install/dynamixel_hardware:/home/parallels/ws_moveit2/install/dynamixel_workbench_toolbox:/home/parallels/ws_moveit2/install/dynamixel_workbench_msgs:/home/parallels/ws_moveit2/install/moveit_configs_utils:/home/parallels/ws_moveit2/install/launch_param_builder:/opt/ros/humble LD_LIBRARY_PATH=/home/parallels/liam workspace/install/moveit_ros_occupancy_map_monitor/lib:/home/parallels/liam workspace/install/moveit_core/lib:/home/parallels/liam workspace/install/srdfdom/lib:${LD_LIBRARY_PATH} PATH=/home/parallels/liam workspace/install/moveit_core/bin:${PATH} PYTHONPATH=/home/parallels/liam workspace/install/srdfdom/local/lib/python3.10/dist-packages:${PYTHONPATH} /usr/bin/cmake --install /home/parallels/liam workspace/build/moveit_ros_planning
