[0.037s] Invoking command in '/home/parallels/liam-workspace/build/pilz_industrial_motion_planner': AMENT_PREFIX_PATH=/home/parallels/liam-workspace/install/moveit_resources_prbt_pg70_support:/home/parallels/liam-workspace/install/moveit_ros_planning_interface:/home/parallels/liam-workspace/install/moveit_resources_prbt_moveit_config:/home/parallels/liam-workspace/install/moveit_ros_move_group:/home/parallels/liam-workspace/install/moveit_ros_warehouse:/home/parallels/liam-workspace/install/moveit_kinematics:/home/parallels/liam-workspace/install/moveit_ros_planning:/home/parallels/liam-workspace/install/pilz_industrial_motion_planner_testutils:/home/parallels/liam-workspace/install/moveit_ros_occupancy_map_monitor:/home/parallels/liam-workspace/install/moveit_resources_prbt_ikfast_manipulator_plugin:/home/parallels/liam-workspace/install/moveit_core:/home/parallels/liam-workspace/install/moveit_resources_panda_moveit_config:/home/parallels/liam-workspace/install/moveit_configs_utils:/home/parallels/liam-workspace/install/srdfdom:/home/parallels/liam-workspace/install/moveit_resources_prbt_support:/home/parallels/liam-workspace/install/moveit_resources_panda_description:/home/parallels/liam-workspace/install/moveit_common:/home/parallels/liam-workspace/install/launch_param_builder:${AMENT_PREFIX_PATH} CMAKE_PREFIX_PATH=/home/parallels/liam-workspace/install/moveit_resources_prbt_pg70_support:/home/parallels/liam-workspace/install/moveit_ros_planning_interface:/home/parallels/liam-workspace/install/moveit_resources_prbt_moveit_config:/home/parallels/liam-workspace/install/moveit_ros_move_group:/home/parallels/liam-workspace/install/moveit_ros_warehouse:/home/parallels/liam-workspace/install/moveit_kinematics:/home/parallels/liam-workspace/install/moveit_ros_planning:/home/parallels/liam-workspace/install/pilz_industrial_motion_planner_testutils:/home/parallels/liam-workspace/install/moveit_ros_occupancy_map_monitor:/home/parallels/liam-workspace/install/moveit_resources_prbt_ikfast_manipulator_plugin:/home/parallels/liam-workspace/install/moveit_core:/home/parallels/liam-workspace/install/moveit_resources_panda_moveit_config:/home/parallels/liam-workspace/install/srdfdom:/home/parallels/liam-workspace/install/moveit_resources_prbt_support:/home/parallels/liam-workspace/install/moveit_resources_panda_description:/home/parallels/liam-workspace/install/moveit_common:/home/parallels/liam-workspace/install/pantilt_bot_description:/home/parallels/liam-workspace/install/open_manipulator_srt_description:/home/parallels/ws_moveit2/install/pilz_industrial_motion_planner_testutils:/home/parallels/ws_moveit2/install/moveit_runtime:/home/parallels/ws_moveit2/install/moveit2_tutorials:/home/parallels/ws_moveit2/install/moveit:/home/parallels/ws_moveit2/install/moveit_planners:/home/parallels/ws_moveit2/install/pilz_industrial_motion_planner:/home/parallels/ws_moveit2/install/moveit_visual_tools:/home/parallels/ws_moveit2/install/moveit_task_constructor_visualization:/home/parallels/ws_moveit2/install/moveit_task_constructor_demo:/home/parallels/ws_moveit2/install/moveit_task_constructor_capabilities:/home/parallels/ws_moveit2/install/moveit_task_constructor_core:/home/parallels/ws_moveit2/install/moveit_ros_control_interface:/home/parallels/ws_moveit2/install/moveit_plugins:/home/parallels/ws_moveit2/install/moveit_simple_controller_manager:/home/parallels/ws_moveit2/install/moveit_setup_assistant:/home/parallels/ws_moveit2/install/moveit_setup_srdf_plugins:/home/parallels/ws_moveit2/install/moveit_setup_core_plugins:/home/parallels/ws_moveit2/install/moveit_setup_controllers:/home/parallels/ws_moveit2/install/moveit_setup_app_plugins:/home/parallels/ws_moveit2/install/moveit_setup_framework:/home/parallels/ws_moveit2/install/moveit_servo:/home/parallels/ws_moveit2/install/moveit_ros:/home/parallels/ws_moveit2/install/moveit_ros_visualization:/home/parallels/ws_moveit2/install/moveit_hybrid_planning:/home/parallels/ws_moveit2/install/moveit_ros_planning_interface:/home/parallels/ws_moveit2/install/moveit_ros_benchmarks:/home/parallels/ws_moveit2/install/moveit_ros_warehouse:/home/parallels/ws_moveit2/install/moveit_ros_robot_interaction:/home/parallels/ws_moveit2/install/moveit_ros_perception:/home/parallels/ws_moveit2/install/moveit_resources_prbt_pg70_support:/home/parallels/ws_moveit2/install/moveit_resources_prbt_moveit_config:/home/parallels/ws_moveit2/install/moveit_ros_move_group:/home/parallels/ws_moveit2/install/moveit_planners_ompl:/home/parallels/ws_moveit2/install/moveit_ros_planning:/home/parallels/ws_moveit2/install/moveit_ros_occupancy_map_monitor:/home/parallels/ws_moveit2/install/moveit_resources_prbt_ikfast_manipulator_plugin:/home/parallels/ws_moveit2/install/moveit_planners_chomp:/home/parallels/ws_moveit2/install/moveit_kinematics:/home/parallels/ws_moveit2/install/moveit_chomp_optimizer_adapter:/home/parallels/ws_moveit2/install/chomp_motion_planner:/home/parallels/ws_moveit2/install/moveit_core:/home/parallels/ws_moveit2/install/srdfdom:/home/parallels/ws_moveit2/install/rviz_marker_tools:/home/parallels/ws_moveit2/install/rosparam_shortcuts:/home/parallels/ws_moveit2/install/pantilt_bot_description:/home/parallels/ws_moveit2/install/open_manipulator_x_description:/home/parallels/ws_moveit2/install/moveit_task_constructor_msgs:/home/parallels/ws_moveit2/install/moveit_resources_prbt_support:/home/parallels/ws_moveit2/install/moveit_resources:/home/parallels/ws_moveit2/install/moveit_resources_pr2_description:/home/parallels/ws_moveit2/install/moveit_resources_panda_moveit_config:/home/parallels/ws_moveit2/install/moveit_resources_panda_description:/home/parallels/ws_moveit2/install/moveit_resources_fanuc_moveit_config:/home/parallels/ws_moveit2/install/moveit_resources_fanuc_description:/home/parallels/ws_moveit2/install/moveit_common:/home/parallels/ws_moveit2/install/dynamixel_workbench:/home/parallels/ws_moveit2/install/dynamixel_hardware:/home/parallels/ws_moveit2/install/dynamixel_workbench_toolbox:/home/parallels/ws_moveit2/install/dynamixel_workbench_msgs:/home/parallels/ws_moveit2/install/moveit_configs_utils:/home/parallels/ws_moveit2/install/launch_param_builder:/opt/ros/humble LD_LIBRARY_PATH=/home/parallels/liam-workspace/install/moveit_ros_planning_interface/lib:/home/parallels/liam-workspace/install/moveit_ros_move_group/lib:/home/parallels/liam-workspace/install/moveit_ros_warehouse/lib:/home/parallels/liam-workspace/install/moveit_kinematics/lib:/home/parallels/liam-workspace/install/moveit_ros_planning/lib:/home/parallels/liam-workspace/install/pilz_industrial_motion_planner_testutils/lib:/home/parallels/liam-workspace/install/moveit_ros_occupancy_map_monitor/lib:/home/parallels/liam-workspace/install/moveit_resources_prbt_ikfast_manipulator_plugin/lib:/home/parallels/liam-workspace/install/moveit_core/lib:/home/parallels/liam-workspace/install/srdfdom/lib:${LD_LIBRARY_PATH} PATH=/home/parallels/liam-workspace/install/moveit_core/bin:${PATH} PYTHONPATH=/home/parallels/liam-workspace/install/moveit_configs_utils/lib/python3.10/site-packages:/home/parallels/liam-workspace/install/srdfdom/local/lib/python3.10/dist-packages:/home/parallels/liam-workspace/install/launch_param_builder/lib/python3.10/site-packages:${PYTHONPATH} /usr/bin/cmake /home/parallels/liam-workspace/src/moveit2/moveit_planners/pilz_industrial_motion_planner -DCMAKE_INSTALL_PREFIX=/home/parallels/liam-workspace/install/pilz_industrial_motion_planner
[0.077s] -- The C compiler identification is GNU 11.4.0
[0.109s] -- The CXX compiler identification is GNU 11.4.0
[0.113s] -- Detecting C compiler ABI info
[0.160s] -- Detecting C compiler ABI info - done
[0.164s] -- Check for working C compiler: /usr/bin/cc - skipped
[0.164s] -- Detecting C compile features
[0.164s] -- Detecting C compile features - done
[0.166s] -- Detecting CXX compiler ABI info
[0.219s] -- Detecting CXX compiler ABI info - done
[0.223s] -- Check for working CXX compiler: /usr/bin/c++ - skipped
[0.223s] -- Detecting CXX compile features
[0.223s] -- Detecting CXX compile features - done
[0.225s] -- Found moveit_common: 2.5.5 (/home/parallels/liam-workspace/install/moveit_common/share/moveit_common/cmake)
[0.229s] -- Found ament_cmake: 1.3.9 (/opt/ros/humble/share/ament_cmake/cmake)
[0.325s] -- Found Python3: /usr/bin/python3 (found version "3.10.12") found components: Interpreter 
[0.467s] -- Found libdw: /usr/lib/aarch64-linux-gnu/libdw.so  
[0.471s] -- Could NOT find libbfd (missing: LIBBFD_LIBRARY LIBBFD_INCLUDE_DIR) 
[0.472s] -- BACKWARD_HAS_UNWIND=1
[0.472s] -- BACKWARD_HAS_BACKTRACE=0
[0.472s] -- BACKWARD_HAS_BACKTRACE_SYMBOL=0
[0.472s] -- BACKWARD_HAS_DW=1
[0.472s] -- BACKWARD_HAS_BFD=0
[0.472s] -- Found Backward: /opt/ros/humble/share/backward_ros/cmake  
[0.472s] [0mpilz_industrial_motion_planner: You did not request a specific build type: Choosing 'Release' for maximum performance[0m
[0.477s] -- Found eigen3_cmake_module: 0.1.1 (/opt/ros/humble/share/eigen3_cmake_module/cmake)
[0.485s] -- Found Eigen3: TRUE (found version "3.4.0") 
[0.490s] -- Found geometry_msgs: 4.2.3 (/opt/ros/humble/share/geometry_msgs/cmake)
[0.545s] -- Found rosidl_generator_c: 3.1.5 (/opt/ros/humble/share/rosidl_generator_c/cmake)
[0.555s] -- Found rosidl_adapter: 3.1.5 (/opt/ros/humble/share/rosidl_adapter/cmake)
[0.568s] -- Found rosidl_generator_cpp: 3.1.5 (/opt/ros/humble/share/rosidl_generator_cpp/cmake)
[0.585s] -- Using all available rosidl_typesupport_c: rosidl_typesupport_fastrtps_c;rosidl_typesupport_introspection_c
[0.610s] -- Using all available rosidl_typesupport_cpp: rosidl_typesupport_fastrtps_cpp;rosidl_typesupport_introspection_cpp
[0.687s] -- Found moveit_core: 2.5.5 (/home/parallels/liam-workspace/install/moveit_core/share/moveit_core/cmake)
[0.877s] -- Found Boost: /usr/lib/aarch64-linux-gnu/cmake/Boost-1.74.0/BoostConfig.cmake (found version "1.74.0") found components: chrono date_time filesystem iostreams program_options regex serialization system thread 
[0.934s] -- Found parameter_traits: 0.3.8 (/opt/ros/humble/share/parameter_traits/cmake)
[1.011s] -- Found rmw_implementation_cmake: 6.1.2 (/opt/ros/humble/share/rmw_implementation_cmake/cmake)
[1.018s] -- Found rmw_fastrtps_cpp: 6.2.6 (/opt/ros/humble/share/rmw_fastrtps_cpp/cmake)
[1.112s] -- Found OpenSSL: /usr/lib/aarch64-linux-gnu/libcrypto.so (found version "3.0.2")  
[1.133s] -- Found FastRTPS: /opt/ros/humble/include  
[1.174s] -- Using RMW implementation 'rmw_fastrtps_cpp' as default
[1.190s] -- Found Threads: TRUE  
[1.306s] -- Found rclcpp_lifecycle: 16.0.9 (/opt/ros/humble/share/rclcpp_lifecycle/cmake)
[1.344s] -- Found Boost: /usr/lib/aarch64-linux-gnu/cmake/Boost-1.74.0/BoostConfig.cmake (found version "1.74.0") found components: filesystem 
[1.438s] -- library: /usr/lib/aarch64-linux-gnu/libcurl.so
[1.660s] -- Ensuring Eigen3 include directory is part of orocos-kdl CMake target
[2.459s] -- Found moveit_ros_move_group: 2.5.5 (/home/parallels/liam-workspace/install/moveit_ros_move_group/share/moveit_ros_move_group/cmake)
[2.462s] -- Found Boost: /usr/lib/aarch64-linux-gnu/cmake/Boost-1.74.0/BoostConfig.cmake (found version "1.74.0") found components: system filesystem date_time program_options thread 
[2.698s] -- Found Boost: /usr/lib/aarch64-linux-gnu/cmake/Boost-1.74.0/BoostConfig.cmake (found version "1.74.0") found components: system filesystem date_time program_options thread chrono 
[2.948s] -- Found moveit_ros_planning_interface: 2.5.5 (/home/parallels/liam-workspace/install/moveit_ros_planning_interface/share/moveit_ros_planning_interface/cmake)
[2.950s] -- Found Boost: /usr/lib/aarch64-linux-gnu/cmake/Boost-1.74.0/BoostConfig.cmake (found version "1.74.0") found components: date_time filesystem program_options system thread 
[3.087s] -- Found Boost: /usr/lib/aarch64-linux-gnu/cmake/Boost-1.74.0/BoostConfig.cmake (found version "1.74.0") found components: thread system filesystem regex date_time program_options 
[3.376s] -- Found tf2_eigen_kdl: 0.25.6 (/opt/ros/humble/share/tf2_eigen_kdl/cmake)
[3.381s] -- Found Boost: /usr/lib/aarch64-linux-gnu/cmake/Boost-1.74.0/BoostConfig.cmake (found version "1.74.0")  
[3.638s] -- Found ament_cmake_gtest: 1.3.9 (/opt/ros/humble/share/ament_cmake_gtest/cmake)
[3.642s] -- Found ament_cmake_gmock: 1.3.9 (/opt/ros/humble/share/ament_cmake_gmock/cmake)
[3.647s] -- Found ros_testing: 0.4.0 (/opt/ros/humble/share/ros_testing/cmake)
[3.652s] -- Found launch_testing_ament_cmake: 1.0.6 (/opt/ros/humble/share/launch_testing_ament_cmake/cmake)
[3.656s] -- Found python_cmake_module: 0.10.0 (/opt/ros/humble/share/python_cmake_module/cmake)
[3.670s] -- Found PythonInterp: /usr/bin/python3 (found suitable version "3.10.12", minimum required is "3.6") 
[3.675s] -- Found PythonLibs: /usr/lib/aarch64-linux-gnu/libpython3.10.so (found suitable version "3.10.12", minimum required is "3.5") 
[3.675s] -- Using PYTHON_EXECUTABLE: /usr/bin/python3
[3.675s] -- Using PYTHON_INCLUDE_DIRS: /usr/include/python3.10
[3.675s] -- Using PYTHON_LIBRARIES: /usr/lib/aarch64-linux-gnu/libpython3.10.so
[3.688s] -- Found PythonExtra: .so  
[3.690s] -- Found moveit_resources_prbt_support: 2.5.5 (/home/parallels/liam-workspace/install/moveit_resources_prbt_support/share/moveit_resources_prbt_support/cmake)
[3.690s] -- Found moveit_resources_prbt_moveit_config: 2.5.5 (/home/parallels/liam-workspace/install/moveit_resources_prbt_moveit_config/share/moveit_resources_prbt_moveit_config/cmake)
[3.694s] -- Found Boost: /usr/lib/aarch64-linux-gnu/cmake/Boost-1.74.0/BoostConfig.cmake (found version "1.74.0") found components: thread 
[3.694s] -- Found pilz_industrial_motion_planner_testutils: 2.5.5 (/home/parallels/liam-workspace/install/pilz_industrial_motion_planner_testutils/share/pilz_industrial_motion_planner_testutils/cmake)
[3.811s] -- Found gtest sources under '/opt/ros/humble/src/gtest_vendor': C++ tests using 'Google Test' will be built
[3.849s] -- Found gmock sources under '/opt/ros/humble/src/gmock_vendor': C++ tests using 'Google Mock' will be built
[3.856s] -- Found ament_lint_auto: 0.12.11 (/opt/ros/humble/share/ament_lint_auto/cmake)
[4.080s] -- Found launch_testing_ament_cmake: 1.0.6 (/opt/ros/humble/share/launch_testing_ament_cmake/cmake)
[4.080s] -- Found python_cmake_module: 0.10.0 (/opt/ros/humble/share/python_cmake_module/cmake)
[4.128s] -- Using PYTHON_EXECUTABLE: /usr/bin/python3
[4.128s] -- Using PYTHON_INCLUDE_DIRS: /usr/include/python3.10
[4.128s] -- Using PYTHON_LIBRARIES: /usr/lib/aarch64-linux-gnu/libpython3.10.so
[4.137s] -- Added test 'cppcheck' to perform static code analysis on C / C++ code
[4.138s] -- Configured cppcheck include dirs: /home/parallels/liam-workspace/src/moveit2/moveit_planners/pilz_industrial_motion_planner/include
[4.138s] -- Configured cppcheck exclude dirs and/or files: 
[4.140s] -- Added test 'pep257' to check Python code against some of the docstring style conventions in PEP 257
[4.156s] -- Added test 'xmllint' to check XML markup files
[4.164s] -- Configuring done
[5.167s] -- Generating done
[5.172s] -- Build files have been written to: /home/parallels/liam-workspace/build/pilz_industrial_motion_planner
[5.232s] Invoked command in '/home/parallels/liam-workspace/build/pilz_industrial_motion_planner' returned '0': AMENT_PREFIX_PATH=/home/parallels/liam-workspace/install/moveit_resources_prbt_pg70_support:/home/parallels/liam-workspace/install/moveit_ros_planning_interface:/home/parallels/liam-workspace/install/moveit_resources_prbt_moveit_config:/home/parallels/liam-workspace/install/moveit_ros_move_group:/home/parallels/liam-workspace/install/moveit_ros_warehouse:/home/parallels/liam-workspace/install/moveit_kinematics:/home/parallels/liam-workspace/install/moveit_ros_planning:/home/parallels/liam-workspace/install/pilz_industrial_motion_planner_testutils:/home/parallels/liam-workspace/install/moveit_ros_occupancy_map_monitor:/home/parallels/liam-workspace/install/moveit_resources_prbt_ikfast_manipulator_plugin:/home/parallels/liam-workspace/install/moveit_core:/home/parallels/liam-workspace/install/moveit_resources_panda_moveit_config:/home/parallels/liam-workspace/install/moveit_configs_utils:/home/parallels/liam-workspace/install/srdfdom:/home/parallels/liam-workspace/install/moveit_resources_prbt_support:/home/parallels/liam-workspace/install/moveit_resources_panda_description:/home/parallels/liam-workspace/install/moveit_common:/home/parallels/liam-workspace/install/launch_param_builder:${AMENT_PREFIX_PATH} CMAKE_PREFIX_PATH=/home/parallels/liam-workspace/install/moveit_resources_prbt_pg70_support:/home/parallels/liam-workspace/install/moveit_ros_planning_interface:/home/parallels/liam-workspace/install/moveit_resources_prbt_moveit_config:/home/parallels/liam-workspace/install/moveit_ros_move_group:/home/parallels/liam-workspace/install/moveit_ros_warehouse:/home/parallels/liam-workspace/install/moveit_kinematics:/home/parallels/liam-workspace/install/moveit_ros_planning:/home/parallels/liam-workspace/install/pilz_industrial_motion_planner_testutils:/home/parallels/liam-workspace/install/moveit_ros_occupancy_map_monitor:/home/parallels/liam-workspace/install/moveit_resources_prbt_ikfast_manipulator_plugin:/home/parallels/liam-workspace/install/moveit_core:/home/parallels/liam-workspace/install/moveit_resources_panda_moveit_config:/home/parallels/liam-workspace/install/srdfdom:/home/parallels/liam-workspace/install/moveit_resources_prbt_support:/home/parallels/liam-workspace/install/moveit_resources_panda_description:/home/parallels/liam-workspace/install/moveit_common:/home/parallels/liam-workspace/install/pantilt_bot_description:/home/parallels/liam-workspace/install/open_manipulator_srt_description:/home/parallels/ws_moveit2/install/pilz_industrial_motion_planner_testutils:/home/parallels/ws_moveit2/install/moveit_runtime:/home/parallels/ws_moveit2/install/moveit2_tutorials:/home/parallels/ws_moveit2/install/moveit:/home/parallels/ws_moveit2/install/moveit_planners:/home/parallels/ws_moveit2/install/pilz_industrial_motion_planner:/home/parallels/ws_moveit2/install/moveit_visual_tools:/home/parallels/ws_moveit2/install/moveit_task_constructor_visualization:/home/parallels/ws_moveit2/install/moveit_task_constructor_demo:/home/parallels/ws_moveit2/install/moveit_task_constructor_capabilities:/home/parallels/ws_moveit2/install/moveit_task_constructor_core:/home/parallels/ws_moveit2/install/moveit_ros_control_interface:/home/parallels/ws_moveit2/install/moveit_plugins:/home/parallels/ws_moveit2/install/moveit_simple_controller_manager:/home/parallels/ws_moveit2/install/moveit_setup_assistant:/home/parallels/ws_moveit2/install/moveit_setup_srdf_plugins:/home/parallels/ws_moveit2/install/moveit_setup_core_plugins:/home/parallels/ws_moveit2/install/moveit_setup_controllers:/home/parallels/ws_moveit2/install/moveit_setup_app_plugins:/home/parallels/ws_moveit2/install/moveit_setup_framework:/home/parallels/ws_moveit2/install/moveit_servo:/home/parallels/ws_moveit2/install/moveit_ros:/home/parallels/ws_moveit2/install/moveit_ros_visualization:/home/parallels/ws_moveit2/install/moveit_hybrid_planning:/home/parallels/ws_moveit2/install/moveit_ros_planning_interface:/home/parallels/ws_moveit2/install/moveit_ros_benchmarks:/home/parallels/ws_moveit2/install/moveit_ros_warehouse:/home/parallels/ws_moveit2/install/moveit_ros_robot_interaction:/home/parallels/ws_moveit2/install/moveit_ros_perception:/home/parallels/ws_moveit2/install/moveit_resources_prbt_pg70_support:/home/parallels/ws_moveit2/install/moveit_resources_prbt_moveit_config:/home/parallels/ws_moveit2/install/moveit_ros_move_group:/home/parallels/ws_moveit2/install/moveit_planners_ompl:/home/parallels/ws_moveit2/install/moveit_ros_planning:/home/parallels/ws_moveit2/install/moveit_ros_occupancy_map_monitor:/home/parallels/ws_moveit2/install/moveit_resources_prbt_ikfast_manipulator_plugin:/home/parallels/ws_moveit2/install/moveit_planners_chomp:/home/parallels/ws_moveit2/install/moveit_kinematics:/home/parallels/ws_moveit2/install/moveit_chomp_optimizer_adapter:/home/parallels/ws_moveit2/install/chomp_motion_planner:/home/parallels/ws_moveit2/install/moveit_core:/home/parallels/ws_moveit2/install/srdfdom:/home/parallels/ws_moveit2/install/rviz_marker_tools:/home/parallels/ws_moveit2/install/rosparam_shortcuts:/home/parallels/ws_moveit2/install/pantilt_bot_description:/home/parallels/ws_moveit2/install/open_manipulator_x_description:/home/parallels/ws_moveit2/install/moveit_task_constructor_msgs:/home/parallels/ws_moveit2/install/moveit_resources_prbt_support:/home/parallels/ws_moveit2/install/moveit_resources:/home/parallels/ws_moveit2/install/moveit_resources_pr2_description:/home/parallels/ws_moveit2/install/moveit_resources_panda_moveit_config:/home/parallels/ws_moveit2/install/moveit_resources_panda_description:/home/parallels/ws_moveit2/install/moveit_resources_fanuc_moveit_config:/home/parallels/ws_moveit2/install/moveit_resources_fanuc_description:/home/parallels/ws_moveit2/install/moveit_common:/home/parallels/ws_moveit2/install/dynamixel_workbench:/home/parallels/ws_moveit2/install/dynamixel_hardware:/home/parallels/ws_moveit2/install/dynamixel_workbench_toolbox:/home/parallels/ws_moveit2/install/dynamixel_workbench_msgs:/home/parallels/ws_moveit2/install/moveit_configs_utils:/home/parallels/ws_moveit2/install/launch_param_builder:/opt/ros/humble LD_LIBRARY_PATH=/home/parallels/liam-workspace/install/moveit_ros_planning_interface/lib:/home/parallels/liam-workspace/install/moveit_ros_move_group/lib:/home/parallels/liam-workspace/install/moveit_ros_warehouse/lib:/home/parallels/liam-workspace/install/moveit_kinematics/lib:/home/parallels/liam-workspace/install/moveit_ros_planning/lib:/home/parallels/liam-workspace/install/pilz_industrial_motion_planner_testutils/lib:/home/parallels/liam-workspace/install/moveit_ros_occupancy_map_monitor/lib:/home/parallels/liam-workspace/install/moveit_resources_prbt_ikfast_manipulator_plugin/lib:/home/parallels/liam-workspace/install/moveit_core/lib:/home/parallels/liam-workspace/install/srdfdom/lib:${LD_LIBRARY_PATH} PATH=/home/parallels/liam-workspace/install/moveit_core/bin:${PATH} PYTHONPATH=/home/parallels/liam-workspace/install/moveit_configs_utils/lib/python3.10/site-packages:/home/parallels/liam-workspace/install/srdfdom/local/lib/python3.10/dist-packages:/home/parallels/liam-workspace/install/launch_param_builder/lib/python3.10/site-packages:${PYTHONPATH} /usr/bin/cmake /home/parallels/liam-workspace/src/moveit2/moveit_planners/pilz_industrial_motion_planner -DCMAKE_INSTALL_PREFIX=/home/parallels/liam-workspace/install/pilz_industrial_motion_planner
[5.232s] Invoking command in '/home/parallels/liam-workspace/build/pilz_industrial_motion_planner': AMENT_PREFIX_PATH=/home/parallels/liam-workspace/install/moveit_resources_prbt_pg70_support:/home/parallels/liam-workspace/install/moveit_ros_planning_interface:/home/parallels/liam-workspace/install/moveit_resources_prbt_moveit_config:/home/parallels/liam-workspace/install/moveit_ros_move_group:/home/parallels/liam-workspace/install/moveit_ros_warehouse:/home/parallels/liam-workspace/install/moveit_kinematics:/home/parallels/liam-workspace/install/moveit_ros_planning:/home/parallels/liam-workspace/install/pilz_industrial_motion_planner_testutils:/home/parallels/liam-workspace/install/moveit_ros_occupancy_map_monitor:/home/parallels/liam-workspace/install/moveit_resources_prbt_ikfast_manipulator_plugin:/home/parallels/liam-workspace/install/moveit_core:/home/parallels/liam-workspace/install/moveit_resources_panda_moveit_config:/home/parallels/liam-workspace/install/moveit_configs_utils:/home/parallels/liam-workspace/install/srdfdom:/home/parallels/liam-workspace/install/moveit_resources_prbt_support:/home/parallels/liam-workspace/install/moveit_resources_panda_description:/home/parallels/liam-workspace/install/moveit_common:/home/parallels/liam-workspace/install/launch_param_builder:${AMENT_PREFIX_PATH} CMAKE_PREFIX_PATH=/home/parallels/liam-workspace/install/moveit_resources_prbt_pg70_support:/home/parallels/liam-workspace/install/moveit_ros_planning_interface:/home/parallels/liam-workspace/install/moveit_resources_prbt_moveit_config:/home/parallels/liam-workspace/install/moveit_ros_move_group:/home/parallels/liam-workspace/install/moveit_ros_warehouse:/home/parallels/liam-workspace/install/moveit_kinematics:/home/parallels/liam-workspace/install/moveit_ros_planning:/home/parallels/liam-workspace/install/pilz_industrial_motion_planner_testutils:/home/parallels/liam-workspace/install/moveit_ros_occupancy_map_monitor:/home/parallels/liam-workspace/install/moveit_resources_prbt_ikfast_manipulator_plugin:/home/parallels/liam-workspace/install/moveit_core:/home/parallels/liam-workspace/install/moveit_resources_panda_moveit_config:/home/parallels/liam-workspace/install/srdfdom:/home/parallels/liam-workspace/install/moveit_resources_prbt_support:/home/parallels/liam-workspace/install/moveit_resources_panda_description:/home/parallels/liam-workspace/install/moveit_common:/home/parallels/liam-workspace/install/pantilt_bot_description:/home/parallels/liam-workspace/install/open_manipulator_srt_description:/home/parallels/ws_moveit2/install/pilz_industrial_motion_planner_testutils:/home/parallels/ws_moveit2/install/moveit_runtime:/home/parallels/ws_moveit2/install/moveit2_tutorials:/home/parallels/ws_moveit2/install/moveit:/home/parallels/ws_moveit2/install/moveit_planners:/home/parallels/ws_moveit2/install/pilz_industrial_motion_planner:/home/parallels/ws_moveit2/install/moveit_visual_tools:/home/parallels/ws_moveit2/install/moveit_task_constructor_visualization:/home/parallels/ws_moveit2/install/moveit_task_constructor_demo:/home/parallels/ws_moveit2/install/moveit_task_constructor_capabilities:/home/parallels/ws_moveit2/install/moveit_task_constructor_core:/home/parallels/ws_moveit2/install/moveit_ros_control_interface:/home/parallels/ws_moveit2/install/moveit_plugins:/home/parallels/ws_moveit2/install/moveit_simple_controller_manager:/home/parallels/ws_moveit2/install/moveit_setup_assistant:/home/parallels/ws_moveit2/install/moveit_setup_srdf_plugins:/home/parallels/ws_moveit2/install/moveit_setup_core_plugins:/home/parallels/ws_moveit2/install/moveit_setup_controllers:/home/parallels/ws_moveit2/install/moveit_setup_app_plugins:/home/parallels/ws_moveit2/install/moveit_setup_framework:/home/parallels/ws_moveit2/install/moveit_servo:/home/parallels/ws_moveit2/install/moveit_ros:/home/parallels/ws_moveit2/install/moveit_ros_visualization:/home/parallels/ws_moveit2/install/moveit_hybrid_planning:/home/parallels/ws_moveit2/install/moveit_ros_planning_interface:/home/parallels/ws_moveit2/install/moveit_ros_benchmarks:/home/parallels/ws_moveit2/install/moveit_ros_warehouse:/home/parallels/ws_moveit2/install/moveit_ros_robot_interaction:/home/parallels/ws_moveit2/install/moveit_ros_perception:/home/parallels/ws_moveit2/install/moveit_resources_prbt_pg70_support:/home/parallels/ws_moveit2/install/moveit_resources_prbt_moveit_config:/home/parallels/ws_moveit2/install/moveit_ros_move_group:/home/parallels/ws_moveit2/install/moveit_planners_ompl:/home/parallels/ws_moveit2/install/moveit_ros_planning:/home/parallels/ws_moveit2/install/moveit_ros_occupancy_map_monitor:/home/parallels/ws_moveit2/install/moveit_resources_prbt_ikfast_manipulator_plugin:/home/parallels/ws_moveit2/install/moveit_planners_chomp:/home/parallels/ws_moveit2/install/moveit_kinematics:/home/parallels/ws_moveit2/install/moveit_chomp_optimizer_adapter:/home/parallels/ws_moveit2/install/chomp_motion_planner:/home/parallels/ws_moveit2/install/moveit_core:/home/parallels/ws_moveit2/install/srdfdom:/home/parallels/ws_moveit2/install/rviz_marker_tools:/home/parallels/ws_moveit2/install/rosparam_shortcuts:/home/parallels/ws_moveit2/install/pantilt_bot_description:/home/parallels/ws_moveit2/install/open_manipulator_x_description:/home/parallels/ws_moveit2/install/moveit_task_constructor_msgs:/home/parallels/ws_moveit2/install/moveit_resources_prbt_support:/home/parallels/ws_moveit2/install/moveit_resources:/home/parallels/ws_moveit2/install/moveit_resources_pr2_description:/home/parallels/ws_moveit2/install/moveit_resources_panda_moveit_config:/home/parallels/ws_moveit2/install/moveit_resources_panda_description:/home/parallels/ws_moveit2/install/moveit_resources_fanuc_moveit_config:/home/parallels/ws_moveit2/install/moveit_resources_fanuc_description:/home/parallels/ws_moveit2/install/moveit_common:/home/parallels/ws_moveit2/install/dynamixel_workbench:/home/parallels/ws_moveit2/install/dynamixel_hardware:/home/parallels/ws_moveit2/install/dynamixel_workbench_toolbox:/home/parallels/ws_moveit2/install/dynamixel_workbench_msgs:/home/parallels/ws_moveit2/install/moveit_configs_utils:/home/parallels/ws_moveit2/install/launch_param_builder:/opt/ros/humble LD_LIBRARY_PATH=/home/parallels/liam-workspace/install/moveit_ros_planning_interface/lib:/home/parallels/liam-workspace/install/moveit_ros_move_group/lib:/home/parallels/liam-workspace/install/moveit_ros_warehouse/lib:/home/parallels/liam-workspace/install/moveit_kinematics/lib:/home/parallels/liam-workspace/install/moveit_ros_planning/lib:/home/parallels/liam-workspace/install/pilz_industrial_motion_planner_testutils/lib:/home/parallels/liam-workspace/install/moveit_ros_occupancy_map_monitor/lib:/home/parallels/liam-workspace/install/moveit_resources_prbt_ikfast_manipulator_plugin/lib:/home/parallels/liam-workspace/install/moveit_core/lib:/home/parallels/liam-workspace/install/srdfdom/lib:${LD_LIBRARY_PATH} PATH=/home/parallels/liam-workspace/install/moveit_core/bin:${PATH} PYTHONPATH=/home/parallels/liam-workspace/install/moveit_configs_utils/lib/python3.10/site-packages:/home/parallels/liam-workspace/install/srdfdom/local/lib/python3.10/dist-packages:/home/parallels/liam-workspace/install/launch_param_builder/lib/python3.10/site-packages:${PYTHONPATH} /usr/bin/cmake --build /home/parallels/liam-workspace/build/pilz_industrial_motion_planner -- -j8 -l8
[5.487s] [  1%] [32mBuilding CXX object CMakeFiles/planning_context_loader_base.dir/src/planning_context_loader.cpp.o[0m
[5.511s] [  2%] [32mBuilding CXX object CMakeFiles/trajectory_generation_common.dir/src/trajectory_functions.cpp.o[0m
[5.524s] [  3%] [32mBuilding CXX object CMakeFiles/joint_limits_common.dir/src/joint_limits_container.cpp.o[0m
[5.525s] [  4%] [32mBuilding CXX object CMakeFiles/joint_limits_common.dir/src/joint_limits_aggregator.cpp.o[0m
[5.543s] [  6%] [32mBuilding CXX object gtest/CMakeFiles/gtest_main.dir/src/gtest_main.cc.o[0m
[5.574s] [  7%] [32mBuilding CXX object gmock/CMakeFiles/gmock_main.dir/src/gmock_main.cc.o[0m
[5.588s] [  8%] [32mBuilding CXX object gtest/CMakeFiles/gtest.dir/src/gtest-all.cc.o[0m
[5.632s] [  9%] [32mBuilding CXX object gmock/CMakeFiles/gmock.dir/opt/ros/humble/src/gtest_vendor/src/gtest-all.cc.o[0m
[7.086s] [ 10%] [32m[1mLinking CXX static library libgtest_main.a[0m
[7.312s] [ 10%] Built target gtest_main
[7.348s] [ 12%] [32mBuilding CXX object CMakeFiles/joint_limits_common.dir/src/joint_limits_validator.cpp.o[0m
[7.370s] [ 13%] [32mBuilding CXX object CMakeFiles/joint_limits_common.dir/src/limits_container.cpp.o[0m
[7.540s] [ 14%] [32m[1mLinking CXX static library libgmock_main.a[0m
[7.766s] [ 14%] Built target gmock_main
[7.828s] [ 15%] [32mBuilding CXX object CMakeFiles/joint_limits_common.dir/src/cartesian_limit.cpp.o[0m
[7.990s] [ 16%] [32mBuilding CXX object CMakeFiles/joint_limits_common.dir/src/cartesian_limits_aggregator.cpp.o[0m
[8.168s] [ 18%] [32mBuilding CXX object gmock/CMakeFiles/gmock.dir/src/gmock-all.cc.o[0m
[23.426s] [ 19%] [32m[1mLinking CXX shared library libplanning_context_loader_base.so[0m
[23.596s] [ 20%] [32m[1mLinking CXX shared library libjoint_limits_common.so[0m
[26.020s] [ 20%] Built target joint_limits_common
[26.260s] [ 21%] [32m[1mLinking CXX static library libgmock.a[0m
[26.545s] [ 21%] Built target gmock
[27.936s] [ 22%] [32m[1mLinking CXX static library libgtest.a[0m
[28.141s] [ 22%] Built target gtest
[32.737s] [ 24%] [32mBuilding CXX object CMakeFiles/trajectory_generation_common.dir/src/trajectory_blender_transition_window.cpp.o[0m
[34.355s] [ 24%] Built target planning_context_loader_base
[39.071s] [ 25%] [32mBuilding CXX object CMakeFiles/trajectory_generation_common.dir/src/trajectory_generator.cpp.o[0m
[44.631s] [ 26%] [32m[1mLinking CXX shared library libtrajectory_generation_common.so[0m
[44.805s] [ 26%] Built target trajectory_generation_common
[44.822s] [ 27%] [32mBuilding CXX object CMakeFiles/pilz_industrial_motion_planner.dir/src/pilz_industrial_motion_planner.cpp.o[0m
[51.817s] [ 28%] [32m[1mLinking CXX shared library libpilz_industrial_motion_planner.so[0m
[51.973s] [ 28%] Built target pilz_industrial_motion_planner
[51.990s] [ 30%] [32mBuilding CXX object CMakeFiles/planning_context_loader_ptp.dir/src/planning_context_loader_ptp.cpp.o[0m
[57.331s] [ 31%] [32mBuilding CXX object CMakeFiles/planning_context_loader_ptp.dir/src/trajectory_generator_ptp.cpp.o[0m
[62.646s] [ 32%] [32mBuilding CXX object CMakeFiles/planning_context_loader_ptp.dir/src/velocity_profile_atrap.cpp.o[0m
[62.959s] [ 33%] [32m[1mLinking CXX shared library libplanning_context_loader_ptp.so[0m
[63.131s] [ 33%] Built target planning_context_loader_ptp
[63.147s] [ 34%] [32mBuilding CXX object CMakeFiles/planning_context_loader_lin.dir/src/planning_context_loader_lin.cpp.o[0m
[67.163s] [ 36%] [32mBuilding CXX object CMakeFiles/planning_context_loader_circ.dir/src/planning_context_loader_circ.cpp.o[0m
[67.995s] [ 37%] [32mBuilding CXX object CMakeFiles/planning_context_loader_lin.dir/src/trajectory_generator_lin.cpp.o[0m
[69.175s] [ 38%] [32mBuilding CXX object CMakeFiles/command_list_manager.dir/src/command_list_manager.cpp.o[0m
[71.192s] [ 39%] [32mBuilding CXX object test/unit_tests/CMakeFiles/unittest_cartesian_limits_aggregator.dir/src/unittest_cartesian_limits_aggregator.cpp.o[0m
[72.207s] [ 40%] [32mBuilding CXX object test/unit_tests/CMakeFiles/unittest_joint_limits_validator.dir/src/unittest_joint_limits_validator.cpp.o[0m
[72.357s] [ 42%] [32mBuilding CXX object CMakeFiles/planning_context_loader_circ.dir/src/trajectory_generator_circ.cpp.o[0m
[73.267s] [ 43%] [32mBuilding CXX object CMakeFiles/planning_context_loader_lin.dir/src/velocity_profile_atrap.cpp.o[0m
[73.278s] [ 44%] [32mBuilding CXX object test/unit_tests/CMakeFiles/unittest_joint_limits_container.dir/src/unittest_joint_limits_container.cpp.o[0m
[73.610s] [ 45%] [32m[1mLinking CXX executable unittest_joint_limits_validator[0m
[73.631s] [ 46%] [32m[1mLinking CXX shared library libplanning_context_loader_lin.so[0m
[73.777s] [ 46%] Built target unittest_joint_limits_validator
[73.798s] [ 48%] [32mBuilding CXX object CMakeFiles/command_list_manager.dir/src/plan_components_builder.cpp.o[0m
[73.802s] [ 49%] [32mBuilding CXX object test/unit_tests/CMakeFiles/unittest_joint_limit.dir/src/unittest_joint_limit.cpp.o[0m
[73.846s] [ 50%] [32m[1mLinking CXX executable unittest_cartesian_limits_aggregator[0m
[73.867s] [ 51%] [32mBuilding CXX object test/unit_tests/CMakeFiles/unittest_joint_limits_aggregator.dir/src/unittest_joint_limits_aggregator.cpp.o[0m
[73.966s] [ 51%] Built target planning_context_loader_lin
[74.080s] [ 53%] [32mBuilding CXX object test/CMakeFiles/pilz_industrial_motion_planner_test_utils.dir/test_utils.cpp.o[0m
[74.262s] [ 53%] Built target unittest_cartesian_limits_aggregator
[74.387s] [ 54%] [32mBuilding CXX object test/unit_tests/CMakeFiles/unittest_pilz_industrial_motion_planner_direct.dir/src/unittest_pilz_industrial_motion_planner_direct.cpp.o[0m
[74.771s] [ 55%] [32m[1mLinking CXX executable unittest_joint_limits_container[0m
[75.154s] [ 55%] Built target unittest_joint_limits_container
[75.250s] [ 56%] [32mBuilding CXX object test/unit_tests/CMakeFiles/unittest_velocity_profile_atrap.dir/src/unittest_velocity_profile_atrap.cpp.o[0m
[76.321s] [ 57%] [32mBuilding CXX object test/unit_tests/CMakeFiles/unittest_trajectory_generator.dir/src/unittest_trajectory_generator.cpp.o[0m
[77.347s] [ 59%] [32m[1mLinking CXX executable unittest_joint_limit[0m
[77.722s] [ 59%] Built target unittest_joint_limit
[77.793s] [ 60%] [32mBuilding CXX object test/unit_tests/CMakeFiles/unittest_velocity_profile_atrap.dir/__/__/src/velocity_profile_atrap.cpp.o[0m
[78.272s] [ 61%] [32m[1mLinking CXX executable unittest_velocity_profile_atrap[0m
[78.464s] [ 62%] [32mBuilding CXX object CMakeFiles/planning_context_loader_circ.dir/src/path_circle_generator.cpp.o[0m
[78.599s] [ 62%] Built target unittest_velocity_profile_atrap
[79.127s] [ 63%] [32m[1mLinking CXX shared library libcommand_list_manager.so[0m
[79.314s] [ 65%] [32m[1mLinking CXX shared library libplanning_context_loader_circ.so[0m
[79.466s] [ 65%] Built target command_list_manager
[79.555s] [ 65%] Built target planning_context_loader_circ
[81.227s] [ 66%] [32m[1mLinking CXX executable unittest_joint_limits_aggregator[0m
[81.439s] [ 66%] Built target unittest_joint_limits_aggregator
[82.036s] [ 67%] [32mBuilding CXX object test/unit_tests/CMakeFiles/unittest_trajectory_generator.dir/__/__/src/trajectory_generator.cpp.o[0m
[83.488s] [ 68%] [32m[1mLinking CXX executable unittest_pilz_industrial_motion_planner_direct[0m
[83.672s] [ 68%] Built target unittest_pilz_industrial_motion_planner_direct
[83.690s] [ 69%] [32mBuilding CXX object CMakeFiles/sequence_capability.dir/src/move_group_sequence_action.cpp.o[0m
[83.690s] [ 71%] [32mBuilding CXX object CMakeFiles/sequence_capability.dir/src/move_group_sequence_service.cpp.o[0m
[84.092s] [ 72%] [32m[1mLinking CXX static library libpilz_industrial_motion_planner_test_utils.a[0m
[84.122s] [ 72%] Built target pilz_industrial_motion_planner_test_utils
[84.145s] [ 73%] [32mBuilding CXX object test/unit_tests/CMakeFiles/unittest_get_solver_tip_frame.dir/src/unittest_get_solver_tip_frame.cpp.o[0m
[86.225s] [ 74%] [32mBuilding CXX object test/unit_tests/CMakeFiles/unittest_trajectory_generator_common.dir/src/unittest_trajectory_generator_common.cpp.o[0m
[87.943s] [ 75%] [32m[1mLinking CXX executable unittest_trajectory_generator[0m
[88.245s] [ 75%] Built target unittest_trajectory_generator
[88.381s] [ 77%] [32m[1mLinking CXX executable unittest_get_solver_tip_frame[0m
[88.549s] [ 77%] Built target unittest_get_solver_tip_frame
[92.366s] [ 78%] [32mBuilding CXX object test/unit_tests/CMakeFiles/unittest_trajectory_generator_ptp.dir/src/unittest_trajectory_generator_ptp.cpp.o[0m
[92.926s] [ 79%] [32m[1mLinking CXX shared library libsequence_capability.so[0m
[93.102s] [ 79%] Built target sequence_capability
[93.112s] [ 80%] [32mBuilding CXX object test/unit_tests/CMakeFiles/unittest_trajectory_generator_lin.dir/src/unittest_trajectory_generator_lin.cpp.o[0m
[93.122s] [ 81%] [32mBuilding CXX object test/unit_tests/CMakeFiles/unittest_trajectory_generator_circ.dir/src/unittest_trajectory_generator_circ.cpp.o[0m
[94.134s] [ 83%] [32mBuilding CXX object test/unit_tests/CMakeFiles/unittest_planning_context_loaders.dir/src/unittest_planning_context_loaders.cpp.o[0m
[95.219s] [ 84%] [32mBuilding CXX object test/unit_tests/CMakeFiles/unittest_trajectory_blender_transition_window.dir/src/unittest_trajectory_blender_transition_window.cpp.o[0m
[96.280s] [ 85%] [32mBuilding CXX object test/unit_tests/CMakeFiles/unittest_trajectory_functions.dir/src/unittest_trajectory_functions.cpp.o[0m
[102.030s] [ 86%] [32m[1mLinking CXX executable unittest_trajectory_generator_common[0m
[102.608s] [ 86%] Built target unittest_trajectory_generator_common
[104.776s] [ 87%] [32m[1mLinking CXX executable unittest_trajectory_generator_lin[0m
[105.272s] [ 89%] [32m[1mLinking CXX executable unittest_trajectory_generator_ptp[0m
[105.600s] [ 89%] Built target unittest_trajectory_generator_lin
[105.718s] [ 90%] [32m[1mLinking CXX executable unittest_planning_context_loaders[0m
[105.828s] [ 90%] Built target unittest_trajectory_generator_ptp
[106.048s] [ 90%] Built target unittest_planning_context_loaders
[108.389s] [ 91%] [32m[1mLinking CXX executable unittest_trajectory_generator_circ[0m
[108.704s] [ 91%] Built target unittest_trajectory_generator_circ
[108.856s] [ 92%] [32m[1mLinking CXX executable unittest_trajectory_functions[0m
[109.043s] [ 93%] [32mBuilding CXX object test/unit_tests/CMakeFiles/unittest_trajectory_blender_transition_window.dir/__/__/src/trajectory_blender_transition_window.cpp.o[0m
[109.139s] [ 93%] Built target unittest_trajectory_functions
[114.816s] [ 95%] [32m[1mLinking CXX executable unittest_trajectory_blender_transition_window[0m
[115.087s] [ 95%] Built target unittest_trajectory_blender_transition_window
[115.108s] [ 97%] [32mBuilding CXX object test/unit_tests/CMakeFiles/unittest_planning_context.dir/src/unittest_planning_context.cpp.o[0m
[115.108s] [ 97%] [32mBuilding CXX object test/unit_tests/CMakeFiles/unittest_pilz_industrial_motion_planner.dir/src/unittest_pilz_industrial_motion_planner.cpp.o[0m
[127.196s] [ 98%] [32m[1mLinking CXX executable unittest_pilz_industrial_motion_planner[0m
[127.846s] [ 98%] Built target unittest_pilz_industrial_motion_planner
[128.424s] [100%] [32m[1mLinking CXX executable unittest_planning_context[0m
[129.078s] [100%] Built target unittest_planning_context
[129.098s] Invoked command in '/home/parallels/liam-workspace/build/pilz_industrial_motion_planner' returned '0': AMENT_PREFIX_PATH=/home/parallels/liam-workspace/install/moveit_resources_prbt_pg70_support:/home/parallels/liam-workspace/install/moveit_ros_planning_interface:/home/parallels/liam-workspace/install/moveit_resources_prbt_moveit_config:/home/parallels/liam-workspace/install/moveit_ros_move_group:/home/parallels/liam-workspace/install/moveit_ros_warehouse:/home/parallels/liam-workspace/install/moveit_kinematics:/home/parallels/liam-workspace/install/moveit_ros_planning:/home/parallels/liam-workspace/install/pilz_industrial_motion_planner_testutils:/home/parallels/liam-workspace/install/moveit_ros_occupancy_map_monitor:/home/parallels/liam-workspace/install/moveit_resources_prbt_ikfast_manipulator_plugin:/home/parallels/liam-workspace/install/moveit_core:/home/parallels/liam-workspace/install/moveit_resources_panda_moveit_config:/home/parallels/liam-workspace/install/moveit_configs_utils:/home/parallels/liam-workspace/install/srdfdom:/home/parallels/liam-workspace/install/moveit_resources_prbt_support:/home/parallels/liam-workspace/install/moveit_resources_panda_description:/home/parallels/liam-workspace/install/moveit_common:/home/parallels/liam-workspace/install/launch_param_builder:${AMENT_PREFIX_PATH} CMAKE_PREFIX_PATH=/home/parallels/liam-workspace/install/moveit_resources_prbt_pg70_support:/home/parallels/liam-workspace/install/moveit_ros_planning_interface:/home/parallels/liam-workspace/install/moveit_resources_prbt_moveit_config:/home/parallels/liam-workspace/install/moveit_ros_move_group:/home/parallels/liam-workspace/install/moveit_ros_warehouse:/home/parallels/liam-workspace/install/moveit_kinematics:/home/parallels/liam-workspace/install/moveit_ros_planning:/home/parallels/liam-workspace/install/pilz_industrial_motion_planner_testutils:/home/parallels/liam-workspace/install/moveit_ros_occupancy_map_monitor:/home/parallels/liam-workspace/install/moveit_resources_prbt_ikfast_manipulator_plugin:/home/parallels/liam-workspace/install/moveit_core:/home/parallels/liam-workspace/install/moveit_resources_panda_moveit_config:/home/parallels/liam-workspace/install/srdfdom:/home/parallels/liam-workspace/install/moveit_resources_prbt_support:/home/parallels/liam-workspace/install/moveit_resources_panda_description:/home/parallels/liam-workspace/install/moveit_common:/home/parallels/liam-workspace/install/pantilt_bot_description:/home/parallels/liam-workspace/install/open_manipulator_srt_description:/home/parallels/ws_moveit2/install/pilz_industrial_motion_planner_testutils:/home/parallels/ws_moveit2/install/moveit_runtime:/home/parallels/ws_moveit2/install/moveit2_tutorials:/home/parallels/ws_moveit2/install/moveit:/home/parallels/ws_moveit2/install/moveit_planners:/home/parallels/ws_moveit2/install/pilz_industrial_motion_planner:/home/parallels/ws_moveit2/install/moveit_visual_tools:/home/parallels/ws_moveit2/install/moveit_task_constructor_visualization:/home/parallels/ws_moveit2/install/moveit_task_constructor_demo:/home/parallels/ws_moveit2/install/moveit_task_constructor_capabilities:/home/parallels/ws_moveit2/install/moveit_task_constructor_core:/home/parallels/ws_moveit2/install/moveit_ros_control_interface:/home/parallels/ws_moveit2/install/moveit_plugins:/home/parallels/ws_moveit2/install/moveit_simple_controller_manager:/home/parallels/ws_moveit2/install/moveit_setup_assistant:/home/parallels/ws_moveit2/install/moveit_setup_srdf_plugins:/home/parallels/ws_moveit2/install/moveit_setup_core_plugins:/home/parallels/ws_moveit2/install/moveit_setup_controllers:/home/parallels/ws_moveit2/install/moveit_setup_app_plugins:/home/parallels/ws_moveit2/install/moveit_setup_framework:/home/parallels/ws_moveit2/install/moveit_servo:/home/parallels/ws_moveit2/install/moveit_ros:/home/parallels/ws_moveit2/install/moveit_ros_visualization:/home/parallels/ws_moveit2/install/moveit_hybrid_planning:/home/parallels/ws_moveit2/install/moveit_ros_planning_interface:/home/parallels/ws_moveit2/install/moveit_ros_benchmarks:/home/parallels/ws_moveit2/install/moveit_ros_warehouse:/home/parallels/ws_moveit2/install/moveit_ros_robot_interaction:/home/parallels/ws_moveit2/install/moveit_ros_perception:/home/parallels/ws_moveit2/install/moveit_resources_prbt_pg70_support:/home/parallels/ws_moveit2/install/moveit_resources_prbt_moveit_config:/home/parallels/ws_moveit2/install/moveit_ros_move_group:/home/parallels/ws_moveit2/install/moveit_planners_ompl:/home/parallels/ws_moveit2/install/moveit_ros_planning:/home/parallels/ws_moveit2/install/moveit_ros_occupancy_map_monitor:/home/parallels/ws_moveit2/install/moveit_resources_prbt_ikfast_manipulator_plugin:/home/parallels/ws_moveit2/install/moveit_planners_chomp:/home/parallels/ws_moveit2/install/moveit_kinematics:/home/parallels/ws_moveit2/install/moveit_chomp_optimizer_adapter:/home/parallels/ws_moveit2/install/chomp_motion_planner:/home/parallels/ws_moveit2/install/moveit_core:/home/parallels/ws_moveit2/install/srdfdom:/home/parallels/ws_moveit2/install/rviz_marker_tools:/home/parallels/ws_moveit2/install/rosparam_shortcuts:/home/parallels/ws_moveit2/install/pantilt_bot_description:/home/parallels/ws_moveit2/install/open_manipulator_x_description:/home/parallels/ws_moveit2/install/moveit_task_constructor_msgs:/home/parallels/ws_moveit2/install/moveit_resources_prbt_support:/home/parallels/ws_moveit2/install/moveit_resources:/home/parallels/ws_moveit2/install/moveit_resources_pr2_description:/home/parallels/ws_moveit2/install/moveit_resources_panda_moveit_config:/home/parallels/ws_moveit2/install/moveit_resources_panda_description:/home/parallels/ws_moveit2/install/moveit_resources_fanuc_moveit_config:/home/parallels/ws_moveit2/install/moveit_resources_fanuc_description:/home/parallels/ws_moveit2/install/moveit_common:/home/parallels/ws_moveit2/install/dynamixel_workbench:/home/parallels/ws_moveit2/install/dynamixel_hardware:/home/parallels/ws_moveit2/install/dynamixel_workbench_toolbox:/home/parallels/ws_moveit2/install/dynamixel_workbench_msgs:/home/parallels/ws_moveit2/install/moveit_configs_utils:/home/parallels/ws_moveit2/install/launch_param_builder:/opt/ros/humble LD_LIBRARY_PATH=/home/parallels/liam-workspace/install/moveit_ros_planning_interface/lib:/home/parallels/liam-workspace/install/moveit_ros_move_group/lib:/home/parallels/liam-workspace/install/moveit_ros_warehouse/lib:/home/parallels/liam-workspace/install/moveit_kinematics/lib:/home/parallels/liam-workspace/install/moveit_ros_planning/lib:/home/parallels/liam-workspace/install/pilz_industrial_motion_planner_testutils/lib:/home/parallels/liam-workspace/install/moveit_ros_occupancy_map_monitor/lib:/home/parallels/liam-workspace/install/moveit_resources_prbt_ikfast_manipulator_plugin/lib:/home/parallels/liam-workspace/install/moveit_core/lib:/home/parallels/liam-workspace/install/srdfdom/lib:${LD_LIBRARY_PATH} PATH=/home/parallels/liam-workspace/install/moveit_core/bin:${PATH} PYTHONPATH=/home/parallels/liam-workspace/install/moveit_configs_utils/lib/python3.10/site-packages:/home/parallels/liam-workspace/install/srdfdom/local/lib/python3.10/dist-packages:/home/parallels/liam-workspace/install/launch_param_builder/lib/python3.10/site-packages:${PYTHONPATH} /usr/bin/cmake --build /home/parallels/liam-workspace/build/pilz_industrial_motion_planner -- -j8 -l8
[130.641s] Invoking command in '/home/parallels/liam-workspace/build/pilz_industrial_motion_planner': AMENT_PREFIX_PATH=/home/parallels/liam-workspace/install/moveit_resources_prbt_pg70_support:/home/parallels/liam-workspace/install/moveit_ros_planning_interface:/home/parallels/liam-workspace/install/moveit_resources_prbt_moveit_config:/home/parallels/liam-workspace/install/moveit_ros_move_group:/home/parallels/liam-workspace/install/moveit_ros_warehouse:/home/parallels/liam-workspace/install/moveit_kinematics:/home/parallels/liam-workspace/install/moveit_ros_planning:/home/parallels/liam-workspace/install/pilz_industrial_motion_planner_testutils:/home/parallels/liam-workspace/install/moveit_ros_occupancy_map_monitor:/home/parallels/liam-workspace/install/moveit_resources_prbt_ikfast_manipulator_plugin:/home/parallels/liam-workspace/install/moveit_core:/home/parallels/liam-workspace/install/moveit_resources_panda_moveit_config:/home/parallels/liam-workspace/install/moveit_configs_utils:/home/parallels/liam-workspace/install/srdfdom:/home/parallels/liam-workspace/install/moveit_resources_prbt_support:/home/parallels/liam-workspace/install/moveit_resources_panda_description:/home/parallels/liam-workspace/install/moveit_common:/home/parallels/liam-workspace/install/launch_param_builder:${AMENT_PREFIX_PATH} CMAKE_PREFIX_PATH=/home/parallels/liam-workspace/install/moveit_resources_prbt_pg70_support:/home/parallels/liam-workspace/install/moveit_ros_planning_interface:/home/parallels/liam-workspace/install/moveit_resources_prbt_moveit_config:/home/parallels/liam-workspace/install/moveit_ros_move_group:/home/parallels/liam-workspace/install/moveit_ros_warehouse:/home/parallels/liam-workspace/install/moveit_kinematics:/home/parallels/liam-workspace/install/moveit_ros_planning:/home/parallels/liam-workspace/install/pilz_industrial_motion_planner_testutils:/home/parallels/liam-workspace/install/moveit_ros_occupancy_map_monitor:/home/parallels/liam-workspace/install/moveit_resources_prbt_ikfast_manipulator_plugin:/home/parallels/liam-workspace/install/moveit_core:/home/parallels/liam-workspace/install/moveit_resources_panda_moveit_config:/home/parallels/liam-workspace/install/srdfdom:/home/parallels/liam-workspace/install/moveit_resources_prbt_support:/home/parallels/liam-workspace/install/moveit_resources_panda_description:/home/parallels/liam-workspace/install/moveit_common:/home/parallels/liam-workspace/install/pantilt_bot_description:/home/parallels/liam-workspace/install/open_manipulator_srt_description:/home/parallels/ws_moveit2/install/pilz_industrial_motion_planner_testutils:/home/parallels/ws_moveit2/install/moveit_runtime:/home/parallels/ws_moveit2/install/moveit2_tutorials:/home/parallels/ws_moveit2/install/moveit:/home/parallels/ws_moveit2/install/moveit_planners:/home/parallels/ws_moveit2/install/pilz_industrial_motion_planner:/home/parallels/ws_moveit2/install/moveit_visual_tools:/home/parallels/ws_moveit2/install/moveit_task_constructor_visualization:/home/parallels/ws_moveit2/install/moveit_task_constructor_demo:/home/parallels/ws_moveit2/install/moveit_task_constructor_capabilities:/home/parallels/ws_moveit2/install/moveit_task_constructor_core:/home/parallels/ws_moveit2/install/moveit_ros_control_interface:/home/parallels/ws_moveit2/install/moveit_plugins:/home/parallels/ws_moveit2/install/moveit_simple_controller_manager:/home/parallels/ws_moveit2/install/moveit_setup_assistant:/home/parallels/ws_moveit2/install/moveit_setup_srdf_plugins:/home/parallels/ws_moveit2/install/moveit_setup_core_plugins:/home/parallels/ws_moveit2/install/moveit_setup_controllers:/home/parallels/ws_moveit2/install/moveit_setup_app_plugins:/home/parallels/ws_moveit2/install/moveit_setup_framework:/home/parallels/ws_moveit2/install/moveit_servo:/home/parallels/ws_moveit2/install/moveit_ros:/home/parallels/ws_moveit2/install/moveit_ros_visualization:/home/parallels/ws_moveit2/install/moveit_hybrid_planning:/home/parallels/ws_moveit2/install/moveit_ros_planning_interface:/home/parallels/ws_moveit2/install/moveit_ros_benchmarks:/home/parallels/ws_moveit2/install/moveit_ros_warehouse:/home/parallels/ws_moveit2/install/moveit_ros_robot_interaction:/home/parallels/ws_moveit2/install/moveit_ros_perception:/home/parallels/ws_moveit2/install/moveit_resources_prbt_pg70_support:/home/parallels/ws_moveit2/install/moveit_resources_prbt_moveit_config:/home/parallels/ws_moveit2/install/moveit_ros_move_group:/home/parallels/ws_moveit2/install/moveit_planners_ompl:/home/parallels/ws_moveit2/install/moveit_ros_planning:/home/parallels/ws_moveit2/install/moveit_ros_occupancy_map_monitor:/home/parallels/ws_moveit2/install/moveit_resources_prbt_ikfast_manipulator_plugin:/home/parallels/ws_moveit2/install/moveit_planners_chomp:/home/parallels/ws_moveit2/install/moveit_kinematics:/home/parallels/ws_moveit2/install/moveit_chomp_optimizer_adapter:/home/parallels/ws_moveit2/install/chomp_motion_planner:/home/parallels/ws_moveit2/install/moveit_core:/home/parallels/ws_moveit2/install/srdfdom:/home/parallels/ws_moveit2/install/rviz_marker_tools:/home/parallels/ws_moveit2/install/rosparam_shortcuts:/home/parallels/ws_moveit2/install/pantilt_bot_description:/home/parallels/ws_moveit2/install/open_manipulator_x_description:/home/parallels/ws_moveit2/install/moveit_task_constructor_msgs:/home/parallels/ws_moveit2/install/moveit_resources_prbt_support:/home/parallels/ws_moveit2/install/moveit_resources:/home/parallels/ws_moveit2/install/moveit_resources_pr2_description:/home/parallels/ws_moveit2/install/moveit_resources_panda_moveit_config:/home/parallels/ws_moveit2/install/moveit_resources_panda_description:/home/parallels/ws_moveit2/install/moveit_resources_fanuc_moveit_config:/home/parallels/ws_moveit2/install/moveit_resources_fanuc_description:/home/parallels/ws_moveit2/install/moveit_common:/home/parallels/ws_moveit2/install/dynamixel_workbench:/home/parallels/ws_moveit2/install/dynamixel_hardware:/home/parallels/ws_moveit2/install/dynamixel_workbench_toolbox:/home/parallels/ws_moveit2/install/dynamixel_workbench_msgs:/home/parallels/ws_moveit2/install/moveit_configs_utils:/home/parallels/ws_moveit2/install/launch_param_builder:/opt/ros/humble LD_LIBRARY_PATH=/home/parallels/liam-workspace/install/moveit_ros_planning_interface/lib:/home/parallels/liam-workspace/install/moveit_ros_move_group/lib:/home/parallels/liam-workspace/install/moveit_ros_warehouse/lib:/home/parallels/liam-workspace/install/moveit_kinematics/lib:/home/parallels/liam-workspace/install/moveit_ros_planning/lib:/home/parallels/liam-workspace/install/pilz_industrial_motion_planner_testutils/lib:/home/parallels/liam-workspace/install/moveit_ros_occupancy_map_monitor/lib:/home/parallels/liam-workspace/install/moveit_resources_prbt_ikfast_manipulator_plugin/lib:/home/parallels/liam-workspace/install/moveit_core/lib:/home/parallels/liam-workspace/install/srdfdom/lib:${LD_LIBRARY_PATH} PATH=/home/parallels/liam-workspace/install/moveit_core/bin:${PATH} PYTHONPATH=/home/parallels/liam-workspace/install/moveit_configs_utils/lib/python3.10/site-packages:/home/parallels/liam-workspace/install/srdfdom/local/lib/python3.10/dist-packages:/home/parallels/liam-workspace/install/launch_param_builder/lib/python3.10/site-packages:${PYTHONPATH} /usr/bin/cmake --install /home/parallels/liam-workspace/build/pilz_industrial_motion_planner
[130.652s] -- Install configuration: "Release"
[130.652s] -- Installing: /home/parallels/liam-workspace/install/pilz_industrial_motion_planner/share/pilz_industrial_motion_planner/plugins/pilz_industrial_motion_planner_plugin_description.xml
[130.680s] -- Installing: /home/parallels/liam-workspace/install/pilz_industrial_motion_planner/share/pilz_industrial_motion_planner/plugins/sequence_capability_plugin_description.xml
[130.681s] -- Installing: /home/parallels/liam-workspace/install/pilz_industrial_motion_planner/share/pilz_industrial_motion_planner/plugins/planning_context_plugin_description.xml
[130.681s] -- Installing: /home/parallels/liam-workspace/install/pilz_industrial_motion_planner/lib/libpilz_industrial_motion_planner.so
[130.682s] -- Set runtime path of "/home/parallels/liam-workspace/install/pilz_industrial_motion_planner/lib/libpilz_industrial_motion_planner.so" to ""
[130.682s] -- Installing: /home/parallels/liam-workspace/install/pilz_industrial_motion_planner/lib/libjoint_limits_common.so
[130.682s] -- Set runtime path of "/home/parallels/liam-workspace/install/pilz_industrial_motion_planner/lib/libjoint_limits_common.so" to ""
[130.682s] -- Installing: /home/parallels/liam-workspace/install/pilz_industrial_motion_planner/lib/libplanning_context_loader_base.so
[130.683s] -- Set runtime path of "/home/parallels/liam-workspace/install/pilz_industrial_motion_planner/lib/libplanning_context_loader_base.so" to ""
[130.683s] -- Installing: /home/parallels/liam-workspace/install/pilz_industrial_motion_planner/lib/libplanning_context_loader_ptp.so
[130.683s] -- Set runtime path of "/home/parallels/liam-workspace/install/pilz_industrial_motion_planner/lib/libplanning_context_loader_ptp.so" to ""
[130.683s] -- Installing: /home/parallels/liam-workspace/install/pilz_industrial_motion_planner/lib/libplanning_context_loader_lin.so
[130.683s] -- Set runtime path of "/home/parallels/liam-workspace/install/pilz_industrial_motion_planner/lib/libplanning_context_loader_lin.so" to ""
[130.684s] -- Installing: /home/parallels/liam-workspace/install/pilz_industrial_motion_planner/lib/libplanning_context_loader_circ.so
[130.684s] -- Set runtime path of "/home/parallels/liam-workspace/install/pilz_industrial_motion_planner/lib/libplanning_context_loader_circ.so" to ""
[130.684s] -- Installing: /home/parallels/liam-workspace/install/pilz_industrial_motion_planner/lib/libcommand_list_manager.so
[130.685s] -- Set runtime path of "/home/parallels/liam-workspace/install/pilz_industrial_motion_planner/lib/libcommand_list_manager.so" to ""
[130.685s] -- Installing: /home/parallels/liam-workspace/install/pilz_industrial_motion_planner/lib/libsequence_capability.so
[130.685s] -- Set runtime path of "/home/parallels/liam-workspace/install/pilz_industrial_motion_planner/lib/libsequence_capability.so" to ""
[130.685s] -- Installing: /home/parallels/liam-workspace/install/pilz_industrial_motion_planner/lib/libtrajectory_generation_common.so
[130.686s] -- Set runtime path of "/home/parallels/liam-workspace/install/pilz_industrial_motion_planner/lib/libtrajectory_generation_common.so" to ""
[130.686s] -- Installing: /home/parallels/liam-workspace/install/pilz_industrial_motion_planner/include
[130.686s] -- Installing: /home/parallels/liam-workspace/install/pilz_industrial_motion_planner/include/pilz_industrial_motion_planner
[130.686s] -- Installing: /home/parallels/liam-workspace/install/pilz_industrial_motion_planner/include/pilz_industrial_motion_planner/planning_context_ptp.h
[130.686s] -- Installing: /home/parallels/liam-workspace/install/pilz_industrial_motion_planner/include/pilz_industrial_motion_planner/move_group_sequence_action.h
[130.686s] -- Installing: /home/parallels/liam-workspace/install/pilz_industrial_motion_planner/include/pilz_industrial_motion_planner/planning_context_loader_circ.h
[130.687s] -- Installing: /home/parallels/liam-workspace/install/pilz_industrial_motion_planner/include/pilz_industrial_motion_planner/planning_context_lin.h
[130.687s] -- Installing: /home/parallels/liam-workspace/install/pilz_industrial_motion_planner/include/pilz_industrial_motion_planner/trajectory_generator.h
[130.687s] -- Installing: /home/parallels/liam-workspace/install/pilz_industrial_motion_planner/include/pilz_industrial_motion_planner/command_list_manager.h
[130.687s] -- Installing: /home/parallels/liam-workspace/install/pilz_industrial_motion_planner/include/pilz_industrial_motion_planner/joint_limits_extension.h
[130.687s] -- Installing: /home/parallels/liam-workspace/install/pilz_industrial_motion_planner/include/pilz_industrial_motion_planner/planning_exceptions.h
[130.687s] -- Installing: /home/parallels/liam-workspace/install/pilz_industrial_motion_planner/include/pilz_industrial_motion_planner/cartesian_limit.h
[130.687s] -- Installing: /home/parallels/liam-workspace/install/pilz_industrial_motion_planner/include/pilz_industrial_motion_planner/limits_container.h
[130.687s] -- Installing: /home/parallels/liam-workspace/install/pilz_industrial_motion_planner/include/pilz_industrial_motion_planner/planning_context_base.h
[130.687s] -- Installing: /home/parallels/liam-workspace/install/pilz_industrial_motion_planner/include/pilz_industrial_motion_planner/trajectory_blend_request.h
[130.687s] -- Installing: /home/parallels/liam-workspace/install/pilz_industrial_motion_planner/include/pilz_industrial_motion_planner/move_group_sequence_service.h
[130.687s] -- Installing: /home/parallels/liam-workspace/install/pilz_industrial_motion_planner/include/pilz_industrial_motion_planner/cartesian_trajectory_point.h
[130.687s] -- Installing: /home/parallels/liam-workspace/install/pilz_industrial_motion_planner/include/pilz_industrial_motion_planner/planning_context_loader_ptp.h
[130.687s] -- Installing: /home/parallels/liam-workspace/install/pilz_industrial_motion_planner/include/pilz_industrial_motion_planner/joint_limits_validator.h
[130.688s] -- Installing: /home/parallels/liam-workspace/install/pilz_industrial_motion_planner/include/pilz_industrial_motion_planner/plan_components_builder.h
[130.688s] -- Installing: /home/parallels/liam-workspace/install/pilz_industrial_motion_planner/include/pilz_industrial_motion_planner/velocity_profile_atrap.h
[130.688s] -- Installing: /home/parallels/liam-workspace/install/pilz_industrial_motion_planner/include/pilz_industrial_motion_planner/trajectory_generator_ptp.h
[130.688s] -- Installing: /home/parallels/liam-workspace/install/pilz_industrial_motion_planner/include/pilz_industrial_motion_planner/trajectory_generator_circ.h
[130.688s] -- Installing: /home/parallels/liam-workspace/install/pilz_industrial_motion_planner/include/pilz_industrial_motion_planner/cartesian_trajectory.h
[130.688s] -- Installing: /home/parallels/liam-workspace/install/pilz_industrial_motion_planner/include/pilz_industrial_motion_planner/cartesian_limits_aggregator.h
[130.688s] -- Installing: /home/parallels/liam-workspace/install/pilz_industrial_motion_planner/include/pilz_industrial_motion_planner/trajectory_functions.h
[130.688s] -- Installing: /home/parallels/liam-workspace/install/pilz_industrial_motion_planner/include/pilz_industrial_motion_planner/trajectory_generator_lin.h
[130.688s] -- Installing: /home/parallels/liam-workspace/install/pilz_industrial_motion_planner/include/pilz_industrial_motion_planner/trajectory_blend_response.h
[130.688s] -- Installing: /home/parallels/liam-workspace/install/pilz_industrial_motion_planner/include/pilz_industrial_motion_planner/capability_names.h
[130.688s] -- Installing: /home/parallels/liam-workspace/install/pilz_industrial_motion_planner/include/pilz_industrial_motion_planner/planning_context_circ.h
[130.688s] -- Installing: /home/parallels/liam-workspace/install/pilz_industrial_motion_planner/include/pilz_industrial_motion_planner/trajectory_blender_transition_window.h
[130.689s] -- Installing: /home/parallels/liam-workspace/install/pilz_industrial_motion_planner/include/pilz_industrial_motion_planner/joint_limits_aggregator.h
[130.689s] -- Installing: /home/parallels/liam-workspace/install/pilz_industrial_motion_planner/include/pilz_industrial_motion_planner/trajectory_blender.h
[130.689s] -- Installing: /home/parallels/liam-workspace/install/pilz_industrial_motion_planner/include/pilz_industrial_motion_planner/joint_limits_interface_extension.h
[130.689s] -- Installing: /home/parallels/liam-workspace/install/pilz_industrial_motion_planner/include/pilz_industrial_motion_planner/path_circle_generator.h
[130.689s] -- Installing: /home/parallels/liam-workspace/install/pilz_industrial_motion_planner/include/pilz_industrial_motion_planner/planning_context_loader_lin.h
[130.689s] -- Installing: /home/parallels/liam-workspace/install/pilz_industrial_motion_planner/include/pilz_industrial_motion_planner/trajectory_generation_exceptions.h
[130.689s] -- Installing: /home/parallels/liam-workspace/install/pilz_industrial_motion_planner/include/pilz_industrial_motion_planner/pilz_industrial_motion_planner.h
[130.689s] -- Installing: /home/parallels/liam-workspace/install/pilz_industrial_motion_planner/include/pilz_industrial_motion_planner/joint_limits_container.h
[130.689s] -- Installing: /home/parallels/liam-workspace/install/pilz_industrial_motion_planner/include/pilz_industrial_motion_planner/tip_frame_getter.h
[130.689s] -- Installing: /home/parallels/liam-workspace/install/pilz_industrial_motion_planner/include/pilz_industrial_motion_planner/planning_context_loader.h
[130.689s] -- Installing: /home/parallels/liam-workspace/install/pilz_industrial_motion_planner/include/joint_limits_copy
[130.689s] -- Installing: /home/parallels/liam-workspace/install/pilz_industrial_motion_planner/include/joint_limits_copy/joint_limits.hpp
[130.689s] -- Installing: /home/parallels/liam-workspace/install/pilz_industrial_motion_planner/include/joint_limits_copy/joint_limits_rosparam.hpp
[130.690s] -- Installing: /home/parallels/liam-workspace/install/pilz_industrial_motion_planner/share/pilz_industrial_motion_planner/environment/library_path.sh
[130.690s] -- Installing: /home/parallels/liam-workspace/install/pilz_industrial_motion_planner/share/pilz_industrial_motion_planner/environment/library_path.dsv
[130.691s] -- Installing: /home/parallels/liam-workspace/install/pilz_industrial_motion_planner/lib/pilz_industrial_motion_planner/unittest_pilz_industrial_motion_planner_direct
[130.692s] -- Set runtime path of "/home/parallels/liam-workspace/install/pilz_industrial_motion_planner/lib/pilz_industrial_motion_planner/unittest_pilz_industrial_motion_planner_direct" to ""
[130.693s] -- Installing: /home/parallels/liam-workspace/install/pilz_industrial_motion_planner/lib/pilz_industrial_motion_planner/unittest_velocity_profile_atrap
[130.700s] -- Set runtime path of "/home/parallels/liam-workspace/install/pilz_industrial_motion_planner/lib/pilz_industrial_motion_planner/unittest_velocity_profile_atrap" to ""
[130.700s] -- Installing: /home/parallels/liam-workspace/install/pilz_industrial_motion_planner/lib/pilz_industrial_motion_planner/unittest_trajectory_generator
[130.701s] -- Set runtime path of "/home/parallels/liam-workspace/install/pilz_industrial_motion_planner/lib/pilz_industrial_motion_planner/unittest_trajectory_generator" to ""
[130.701s] -- Installing: /home/parallels/liam-workspace/install/pilz_industrial_motion_planner/lib/pilz_industrial_motion_planner/unittest_trajectory_functions
[130.702s] -- Set runtime path of "/home/parallels/liam-workspace/install/pilz_industrial_motion_planner/lib/pilz_industrial_motion_planner/unittest_trajectory_functions" to ""
[130.702s] -- Installing: /home/parallels/liam-workspace/install/pilz_industrial_motion_planner/lib/pilz_industrial_motion_planner/unittest_trajectory_blender_transition_window
[130.704s] -- Set runtime path of "/home/parallels/liam-workspace/install/pilz_industrial_motion_planner/lib/pilz_industrial_motion_planner/unittest_trajectory_blender_transition_window" to ""
[130.704s] -- Installing: /home/parallels/liam-workspace/install/pilz_industrial_motion_planner/lib/pilz_industrial_motion_planner/unittest_trajectory_generator_common
[130.712s] -- Set runtime path of "/home/parallels/liam-workspace/install/pilz_industrial_motion_planner/lib/pilz_industrial_motion_planner/unittest_trajectory_generator_common" to ""
[130.712s] -- Installing: /home/parallels/liam-workspace/install/pilz_industrial_motion_planner/lib/pilz_industrial_motion_planner/unittest_trajectory_generator_circ
[130.713s] -- Set runtime path of "/home/parallels/liam-workspace/install/pilz_industrial_motion_planner/lib/pilz_industrial_motion_planner/unittest_trajectory_generator_circ" to ""
[130.713s] -- Installing: /home/parallels/liam-workspace/install/pilz_industrial_motion_planner/lib/pilz_industrial_motion_planner/unittest_trajectory_generator_lin
[130.714s] -- Set runtime path of "/home/parallels/liam-workspace/install/pilz_industrial_motion_planner/lib/pilz_industrial_motion_planner/unittest_trajectory_generator_lin" to ""
[130.714s] -- Installing: /home/parallels/liam-workspace/install/pilz_industrial_motion_planner/lib/pilz_industrial_motion_planner/unittest_trajectory_generator_ptp
[130.716s] -- Set runtime path of "/home/parallels/liam-workspace/install/pilz_industrial_motion_planner/lib/pilz_industrial_motion_planner/unittest_trajectory_generator_ptp" to ""
[130.716s] -- Installing: /home/parallels/liam-workspace/install/pilz_industrial_motion_planner/lib/pilz_industrial_motion_planner/unittest_pilz_industrial_motion_planner
[130.732s] -- Set runtime path of "/home/parallels/liam-workspace/install/pilz_industrial_motion_planner/lib/pilz_industrial_motion_planner/unittest_pilz_industrial_motion_planner" to ""
[130.732s] -- Installing: /home/parallels/liam-workspace/install/pilz_industrial_motion_planner/lib/pilz_industrial_motion_planner/unittest_joint_limit
[130.733s] -- Set runtime path of "/home/parallels/liam-workspace/install/pilz_industrial_motion_planner/lib/pilz_industrial_motion_planner/unittest_joint_limit" to ""
[130.733s] -- Installing: /home/parallels/liam-workspace/install/pilz_industrial_motion_planner/lib/pilz_industrial_motion_planner/unittest_joint_limits_aggregator
[130.734s] -- Set runtime path of "/home/parallels/liam-workspace/install/pilz_industrial_motion_planner/lib/pilz_industrial_motion_planner/unittest_joint_limits_aggregator" to ""
[130.734s] -- Installing: /home/parallels/liam-workspace/install/pilz_industrial_motion_planner/lib/pilz_industrial_motion_planner/unittest_joint_limits_container
[130.735s] -- Set runtime path of "/home/parallels/liam-workspace/install/pilz_industrial_motion_planner/lib/pilz_industrial_motion_planner/unittest_joint_limits_container" to ""
[130.735s] -- Installing: /home/parallels/liam-workspace/install/pilz_industrial_motion_planner/lib/pilz_industrial_motion_planner/unittest_joint_limits_validator
[130.736s] -- Set runtime path of "/home/parallels/liam-workspace/install/pilz_industrial_motion_planner/lib/pilz_industrial_motion_planner/unittest_joint_limits_validator" to ""
[130.736s] -- Installing: /home/parallels/liam-workspace/install/pilz_industrial_motion_planner/lib/pilz_industrial_motion_planner/unittest_cartesian_limits_aggregator
[130.737s] -- Set runtime path of "/home/parallels/liam-workspace/install/pilz_industrial_motion_planner/lib/pilz_industrial_motion_planner/unittest_cartesian_limits_aggregator" to ""
[130.737s] -- Installing: /home/parallels/liam-workspace/install/pilz_industrial_motion_planner/lib/pilz_industrial_motion_planner/unittest_planning_context_loaders
[130.738s] -- Set runtime path of "/home/parallels/liam-workspace/install/pilz_industrial_motion_planner/lib/pilz_industrial_motion_planner/unittest_planning_context_loaders" to ""
[130.738s] -- Installing: /home/parallels/liam-workspace/install/pilz_industrial_motion_planner/lib/pilz_industrial_motion_planner/unittest_planning_context
[130.740s] -- Set runtime path of "/home/parallels/liam-workspace/install/pilz_industrial_motion_planner/lib/pilz_industrial_motion_planner/unittest_planning_context" to ""
[130.740s] -- Installing: /home/parallels/liam-workspace/install/pilz_industrial_motion_planner/lib/pilz_industrial_motion_planner/unittest_get_solver_tip_frame
[130.741s] -- Set runtime path of "/home/parallels/liam-workspace/install/pilz_industrial_motion_planner/lib/pilz_industrial_motion_planner/unittest_get_solver_tip_frame" to ""
[130.741s] -- Installing: /home/parallels/liam-workspace/install/pilz_industrial_motion_planner/share/pilz_industrial_motion_planner/config
[130.741s] -- Installing: /home/parallels/liam-workspace/install/pilz_industrial_motion_planner/share/pilz_industrial_motion_planner/config/unittest_trajectory_blender_transition_window.yaml
[130.742s] -- Installing: /home/parallels/liam-workspace/install/pilz_industrial_motion_planner/share/pilz_industrial_motion_planner/config/unittest_trajectory_generator_lin.yaml
[130.743s] -- Installing: /home/parallels/liam-workspace/install/pilz_industrial_motion_planner/share/pilz_industrial_motion_planner/config/unittest_trajectory_generator_common.yaml
[130.743s] -- Installing: /home/parallels/liam-workspace/install/pilz_industrial_motion_planner/share/pilz_industrial_motion_planner/config/unittest_trajectory_generator_ptp.yaml
[130.743s] -- Installing: /home/parallels/liam-workspace/install/pilz_industrial_motion_planner/share/pilz_industrial_motion_planner/config/unittest_cartesian_limits_aggregator.yaml
[130.743s] -- Installing: /home/parallels/liam-workspace/install/pilz_industrial_motion_planner/share/pilz_industrial_motion_planner/config/unittest_trajectory_functions.yaml
[130.744s] -- Installing: /home/parallels/liam-workspace/install/pilz_industrial_motion_planner/share/pilz_industrial_motion_planner/config/unittest_joint_limit_config.yaml
[130.744s] -- Installing: /home/parallels/liam-workspace/install/pilz_industrial_motion_planner/share/pilz_industrial_motion_planner/config/unittest_trajectory_generator_circ.yaml
[130.744s] -- Installing: /home/parallels/liam-workspace/install/pilz_industrial_motion_planner/share/pilz_industrial_motion_planner/config/unittest_joint_limits_aggregator.yaml
[130.744s] -- Installing: /home/parallels/liam-workspace/install/pilz_industrial_motion_planner/share/pilz_industrial_motion_planner/launch
[130.744s] -- Installing: /home/parallels/liam-workspace/install/pilz_industrial_motion_planner/share/pilz_industrial_motion_planner/launch/unittest_planning_context_loaders.test.py
[130.744s] -- Installing: /home/parallels/liam-workspace/install/pilz_industrial_motion_planner/share/pilz_industrial_motion_planner/launch/unittest_joint_limits_aggregator.test.py
[130.745s] -- Installing: /home/parallels/liam-workspace/install/pilz_industrial_motion_planner/share/pilz_industrial_motion_planner/launch/unittest_joint_limit.test.py
[130.745s] -- Installing: /home/parallels/liam-workspace/install/pilz_industrial_motion_planner/share/pilz_industrial_motion_planner/launch/unittest_cartesian_limits_aggregator.test.py
[130.745s] -- Installing: /home/parallels/liam-workspace/install/pilz_industrial_motion_planner/share/pilz_industrial_motion_planner/launch/common_parameters.py
[130.745s] -- Installing: /home/parallels/liam-workspace/install/pilz_industrial_motion_planner/share/pilz_industrial_motion_planner/launch/unittest_trajectory_generator_lin.test.py
[130.745s] -- Installing: /home/parallels/liam-workspace/install/pilz_industrial_motion_planner/share/pilz_industrial_motion_planner/launch/unittest_trajectory_generator_circ.test.py
[130.745s] -- Installing: /home/parallels/liam-workspace/install/pilz_industrial_motion_planner/share/pilz_industrial_motion_planner/launch/unittest_trajectory_blender_transition_window.test.py
[130.745s] -- Installing: /home/parallels/liam-workspace/install/pilz_industrial_motion_planner/share/pilz_industrial_motion_planner/launch/unittest_trajectory_generator_common.test.py
[130.745s] -- Installing: /home/parallels/liam-workspace/install/pilz_industrial_motion_planner/share/pilz_industrial_motion_planner/launch/unittest_trajectory_generator_ptp.test.py
[130.745s] -- Installing: /home/parallels/liam-workspace/install/pilz_industrial_motion_planner/share/pilz_industrial_motion_planner/launch/unittest_planning_context.test.py
[130.746s] -- Installing: /home/parallels/liam-workspace/install/pilz_industrial_motion_planner/share/pilz_industrial_motion_planner/launch/unittest_trajectory_functions.test.py
[130.746s] -- Installing: /home/parallels/liam-workspace/install/pilz_industrial_motion_planner/share/pilz_industrial_motion_planner/launch/unittest_pilz_industrial_motion_planner.test.py
[130.746s] -- Installing: /home/parallels/liam-workspace/install/pilz_industrial_motion_planner/share/pilz_industrial_motion_planner/test_data
[130.746s] -- Installing: /home/parallels/liam-workspace/install/pilz_industrial_motion_planner/share/pilz_industrial_motion_planner/test_data/testpoints.py
[130.746s] -- Installing: /home/parallels/liam-workspace/install/pilz_industrial_motion_planner/share/pilz_industrial_motion_planner/test_data/concept_testdata.png
[130.749s] -- Installing: /home/parallels/liam-workspace/install/pilz_industrial_motion_planner/share/pilz_industrial_motion_planner/test_data/prbt
[130.749s] -- Installing: /home/parallels/liam-workspace/install/pilz_industrial_motion_planner/share/pilz_industrial_motion_planner/test_data/prbt/testdata_deprecated.xml
[130.749s] -- Installing: /home/parallels/liam-workspace/install/pilz_industrial_motion_planner/share/pilz_industrial_motion_planner/test_data/prbt/testdata_sequence.xml
[130.749s] -- Installing: /home/parallels/liam-workspace/install/pilz_industrial_motion_planner/share/pilz_industrial_motion_planner/test_data/prbt/testdata_with_gripper.xml
[130.749s] -- Installing: /home/parallels/liam-workspace/install/pilz_industrial_motion_planner/share/pilz_industrial_motion_planner/test_data/concept_testdata.odp
[130.751s] -- Installing: /home/parallels/liam-workspace/install/pilz_industrial_motion_planner/share/pilz_industrial_motion_planner/test_data/frankaemika_panda
[130.751s] -- Installing: /home/parallels/liam-workspace/install/pilz_industrial_motion_planner/share/pilz_industrial_motion_planner/test_data/frankaemika_panda/testdata_sequence.xml
[130.751s] -- Installing: /home/parallels/liam-workspace/install/pilz_industrial_motion_planner/share/ament_index/resource_index/package_run_dependencies/pilz_industrial_motion_planner
[130.751s] -- Installing: /home/parallels/liam-workspace/install/pilz_industrial_motion_planner/share/ament_index/resource_index/parent_prefix_path/pilz_industrial_motion_planner
[130.751s] -- Installing: /home/parallels/liam-workspace/install/pilz_industrial_motion_planner/share/pilz_industrial_motion_planner/environment/ament_prefix_path.sh
[130.751s] -- Installing: /home/parallels/liam-workspace/install/pilz_industrial_motion_planner/share/pilz_industrial_motion_planner/environment/ament_prefix_path.dsv
[130.752s] -- Installing: /home/parallels/liam-workspace/install/pilz_industrial_motion_planner/share/pilz_industrial_motion_planner/environment/path.sh
[130.752s] -- Installing: /home/parallels/liam-workspace/install/pilz_industrial_motion_planner/share/pilz_industrial_motion_planner/environment/path.dsv
[130.752s] -- Installing: /home/parallels/liam-workspace/install/pilz_industrial_motion_planner/share/pilz_industrial_motion_planner/local_setup.bash
[130.752s] -- Installing: /home/parallels/liam-workspace/install/pilz_industrial_motion_planner/share/pilz_industrial_motion_planner/local_setup.sh
[130.752s] -- Installing: /home/parallels/liam-workspace/install/pilz_industrial_motion_planner/share/pilz_industrial_motion_planner/local_setup.zsh
[130.752s] -- Installing: /home/parallels/liam-workspace/install/pilz_industrial_motion_planner/share/pilz_industrial_motion_planner/local_setup.dsv
[130.753s] -- Installing: /home/parallels/liam-workspace/install/pilz_industrial_motion_planner/share/pilz_industrial_motion_planner/package.dsv
[130.753s] -- Installing: /home/parallels/liam-workspace/install/pilz_industrial_motion_planner/share/ament_index/resource_index/packages/pilz_industrial_motion_planner
[130.754s] -- Installing: /home/parallels/liam-workspace/install/pilz_industrial_motion_planner/share/ament_index/resource_index/moveit_core__pluginlib__plugin/pilz_industrial_motion_planner
[130.754s] -- Installing: /home/parallels/liam-workspace/install/pilz_industrial_motion_planner/share/ament_index/resource_index/moveit_ros_move_group__pluginlib__plugin/pilz_industrial_motion_planner
[130.755s] -- Installing: /home/parallels/liam-workspace/install/pilz_industrial_motion_planner/share/ament_index/resource_index/pilz_industrial_motion_planner__pluginlib__plugin/pilz_industrial_motion_planner
[130.755s] -- Installing: /home/parallels/liam-workspace/install/pilz_industrial_motion_planner/share/pilz_industrial_motion_planner/cmake/pilz_industrial_motion_plannerTargetsExport.cmake
[130.756s] -- Installing: /home/parallels/liam-workspace/install/pilz_industrial_motion_planner/share/pilz_industrial_motion_planner/cmake/pilz_industrial_motion_plannerTargetsExport-release.cmake
[130.756s] -- Installing: /home/parallels/liam-workspace/install/pilz_industrial_motion_planner/share/pilz_industrial_motion_planner/cmake/ament_cmake_export_include_directories-extras.cmake
[130.756s] -- Installing: /home/parallels/liam-workspace/install/pilz_industrial_motion_planner/share/pilz_industrial_motion_planner/cmake/ament_cmake_export_targets-extras.cmake
[130.756s] -- Installing: /home/parallels/liam-workspace/install/pilz_industrial_motion_planner/share/pilz_industrial_motion_planner/cmake/ament_cmake_export_dependencies-extras.cmake
[130.757s] -- Installing: /home/parallels/liam-workspace/install/pilz_industrial_motion_planner/share/pilz_industrial_motion_planner/cmake/pilz_industrial_motion_plannerConfig.cmake
[130.757s] -- Installing: /home/parallels/liam-workspace/install/pilz_industrial_motion_planner/share/pilz_industrial_motion_planner/cmake/pilz_industrial_motion_plannerConfig-version.cmake
[130.757s] -- Installing: /home/parallels/liam-workspace/install/pilz_industrial_motion_planner/share/pilz_industrial_motion_planner/package.xml
[130.769s] Invoked command in '/home/parallels/liam-workspace/build/pilz_industrial_motion_planner' returned '0': AMENT_PREFIX_PATH=/home/parallels/liam-workspace/install/moveit_resources_prbt_pg70_support:/home/parallels/liam-workspace/install/moveit_ros_planning_interface:/home/parallels/liam-workspace/install/moveit_resources_prbt_moveit_config:/home/parallels/liam-workspace/install/moveit_ros_move_group:/home/parallels/liam-workspace/install/moveit_ros_warehouse:/home/parallels/liam-workspace/install/moveit_kinematics:/home/parallels/liam-workspace/install/moveit_ros_planning:/home/parallels/liam-workspace/install/pilz_industrial_motion_planner_testutils:/home/parallels/liam-workspace/install/moveit_ros_occupancy_map_monitor:/home/parallels/liam-workspace/install/moveit_resources_prbt_ikfast_manipulator_plugin:/home/parallels/liam-workspace/install/moveit_core:/home/parallels/liam-workspace/install/moveit_resources_panda_moveit_config:/home/parallels/liam-workspace/install/moveit_configs_utils:/home/parallels/liam-workspace/install/srdfdom:/home/parallels/liam-workspace/install/moveit_resources_prbt_support:/home/parallels/liam-workspace/install/moveit_resources_panda_description:/home/parallels/liam-workspace/install/moveit_common:/home/parallels/liam-workspace/install/launch_param_builder:${AMENT_PREFIX_PATH} CMAKE_PREFIX_PATH=/home/parallels/liam-workspace/install/moveit_resources_prbt_pg70_support:/home/parallels/liam-workspace/install/moveit_ros_planning_interface:/home/parallels/liam-workspace/install/moveit_resources_prbt_moveit_config:/home/parallels/liam-workspace/install/moveit_ros_move_group:/home/parallels/liam-workspace/install/moveit_ros_warehouse:/home/parallels/liam-workspace/install/moveit_kinematics:/home/parallels/liam-workspace/install/moveit_ros_planning:/home/parallels/liam-workspace/install/pilz_industrial_motion_planner_testutils:/home/parallels/liam-workspace/install/moveit_ros_occupancy_map_monitor:/home/parallels/liam-workspace/install/moveit_resources_prbt_ikfast_manipulator_plugin:/home/parallels/liam-workspace/install/moveit_core:/home/parallels/liam-workspace/install/moveit_resources_panda_moveit_config:/home/parallels/liam-workspace/install/srdfdom:/home/parallels/liam-workspace/install/moveit_resources_prbt_support:/home/parallels/liam-workspace/install/moveit_resources_panda_description:/home/parallels/liam-workspace/install/moveit_common:/home/parallels/liam-workspace/install/pantilt_bot_description:/home/parallels/liam-workspace/install/open_manipulator_srt_description:/home/parallels/ws_moveit2/install/pilz_industrial_motion_planner_testutils:/home/parallels/ws_moveit2/install/moveit_runtime:/home/parallels/ws_moveit2/install/moveit2_tutorials:/home/parallels/ws_moveit2/install/moveit:/home/parallels/ws_moveit2/install/moveit_planners:/home/parallels/ws_moveit2/install/pilz_industrial_motion_planner:/home/parallels/ws_moveit2/install/moveit_visual_tools:/home/parallels/ws_moveit2/install/moveit_task_constructor_visualization:/home/parallels/ws_moveit2/install/moveit_task_constructor_demo:/home/parallels/ws_moveit2/install/moveit_task_constructor_capabilities:/home/parallels/ws_moveit2/install/moveit_task_constructor_core:/home/parallels/ws_moveit2/install/moveit_ros_control_interface:/home/parallels/ws_moveit2/install/moveit_plugins:/home/parallels/ws_moveit2/install/moveit_simple_controller_manager:/home/parallels/ws_moveit2/install/moveit_setup_assistant:/home/parallels/ws_moveit2/install/moveit_setup_srdf_plugins:/home/parallels/ws_moveit2/install/moveit_setup_core_plugins:/home/parallels/ws_moveit2/install/moveit_setup_controllers:/home/parallels/ws_moveit2/install/moveit_setup_app_plugins:/home/parallels/ws_moveit2/install/moveit_setup_framework:/home/parallels/ws_moveit2/install/moveit_servo:/home/parallels/ws_moveit2/install/moveit_ros:/home/parallels/ws_moveit2/install/moveit_ros_visualization:/home/parallels/ws_moveit2/install/moveit_hybrid_planning:/home/parallels/ws_moveit2/install/moveit_ros_planning_interface:/home/parallels/ws_moveit2/install/moveit_ros_benchmarks:/home/parallels/ws_moveit2/install/moveit_ros_warehouse:/home/parallels/ws_moveit2/install/moveit_ros_robot_interaction:/home/parallels/ws_moveit2/install/moveit_ros_perception:/home/parallels/ws_moveit2/install/moveit_resources_prbt_pg70_support:/home/parallels/ws_moveit2/install/moveit_resources_prbt_moveit_config:/home/parallels/ws_moveit2/install/moveit_ros_move_group:/home/parallels/ws_moveit2/install/moveit_planners_ompl:/home/parallels/ws_moveit2/install/moveit_ros_planning:/home/parallels/ws_moveit2/install/moveit_ros_occupancy_map_monitor:/home/parallels/ws_moveit2/install/moveit_resources_prbt_ikfast_manipulator_plugin:/home/parallels/ws_moveit2/install/moveit_planners_chomp:/home/parallels/ws_moveit2/install/moveit_kinematics:/home/parallels/ws_moveit2/install/moveit_chomp_optimizer_adapter:/home/parallels/ws_moveit2/install/chomp_motion_planner:/home/parallels/ws_moveit2/install/moveit_core:/home/parallels/ws_moveit2/install/srdfdom:/home/parallels/ws_moveit2/install/rviz_marker_tools:/home/parallels/ws_moveit2/install/rosparam_shortcuts:/home/parallels/ws_moveit2/install/pantilt_bot_description:/home/parallels/ws_moveit2/install/open_manipulator_x_description:/home/parallels/ws_moveit2/install/moveit_task_constructor_msgs:/home/parallels/ws_moveit2/install/moveit_resources_prbt_support:/home/parallels/ws_moveit2/install/moveit_resources:/home/parallels/ws_moveit2/install/moveit_resources_pr2_description:/home/parallels/ws_moveit2/install/moveit_resources_panda_moveit_config:/home/parallels/ws_moveit2/install/moveit_resources_panda_description:/home/parallels/ws_moveit2/install/moveit_resources_fanuc_moveit_config:/home/parallels/ws_moveit2/install/moveit_resources_fanuc_description:/home/parallels/ws_moveit2/install/moveit_common:/home/parallels/ws_moveit2/install/dynamixel_workbench:/home/parallels/ws_moveit2/install/dynamixel_hardware:/home/parallels/ws_moveit2/install/dynamixel_workbench_toolbox:/home/parallels/ws_moveit2/install/dynamixel_workbench_msgs:/home/parallels/ws_moveit2/install/moveit_configs_utils:/home/parallels/ws_moveit2/install/launch_param_builder:/opt/ros/humble LD_LIBRARY_PATH=/home/parallels/liam-workspace/install/moveit_ros_planning_interface/lib:/home/parallels/liam-workspace/install/moveit_ros_move_group/lib:/home/parallels/liam-workspace/install/moveit_ros_warehouse/lib:/home/parallels/liam-workspace/install/moveit_kinematics/lib:/home/parallels/liam-workspace/install/moveit_ros_planning/lib:/home/parallels/liam-workspace/install/pilz_industrial_motion_planner_testutils/lib:/home/parallels/liam-workspace/install/moveit_ros_occupancy_map_monitor/lib:/home/parallels/liam-workspace/install/moveit_resources_prbt_ikfast_manipulator_plugin/lib:/home/parallels/liam-workspace/install/moveit_core/lib:/home/parallels/liam-workspace/install/srdfdom/lib:${LD_LIBRARY_PATH} PATH=/home/parallels/liam-workspace/install/moveit_core/bin:${PATH} PYTHONPATH=/home/parallels/liam-workspace/install/moveit_configs_utils/lib/python3.10/site-packages:/home/parallels/liam-workspace/install/srdfdom/local/lib/python3.10/dist-packages:/home/parallels/liam-workspace/install/launch_param_builder/lib/python3.10/site-packages:${PYTHONPATH} /usr/bin/cmake --install /home/parallels/liam-workspace/build/pilz_industrial_motion_planner
