[0.007s] Invoking command in '/home/parallels/liam-workspace/build/moveit_resources_srt_description': CMAKE_PREFIX_PATH=${CMAKE_PREFIX_PATH}:/home/parallels/ws_moveit2/install/moveit_configs_utils:/home/parallels/ws_moveit2/install/launch_param_builder:/opt/ros/humble /usr/bin/cmake /home/parallels/liam-workspace/src/moveit_resources/srt_description -DCMAKE_INSTALL_PREFIX=/home/parallels/liam-workspace/install/moveit_resources_srt_description
[0.157s] -- The C compiler identification is GNU 11.4.0
[0.157s] -- The CXX compiler identification is GNU 11.4.0
[0.157s] -- Detecting C compiler ABI info
[0.158s] -- Detecting C compiler ABI info - done
[0.162s] -- Check for working C compiler: /usr/bin/cc - skipped
[0.162s] -- Detecting C compile features
[0.162s] -- Detecting C compile features - done
[0.164s] -- Detecting CXX compiler ABI info
[0.229s] -- Detecting CXX compiler ABI info - done
[0.233s] -- Check for working CXX compiler: /usr/bin/c++ - skipped
[0.233s] -- Detecting CXX compile features
[0.234s] -- Detecting CXX compile features - done
[0.238s] -- Found ament_cmake: 1.3.9 (/opt/ros/humble/share/ament_cmake/cmake)
[0.359s] -- Found Python3: /usr/bin/python3 (found version "3.10.12") found components: Interpreter 
[0.509s] -- Configuring done
[0.511s] -- Generating done
[0.511s] -- Build files have been written to: /home/parallels/liam-workspace/build/moveit_resources_srt_description
[0.521s] Invoked command in '/home/parallels/liam-workspace/build/moveit_resources_srt_description' returned '0': CMAKE_PREFIX_PATH=${CMAKE_PREFIX_PATH}:/home/parallels/ws_moveit2/install/moveit_configs_utils:/home/parallels/ws_moveit2/install/launch_param_builder:/opt/ros/humble /usr/bin/cmake /home/parallels/liam-workspace/src/moveit_resources/srt_description -DCMAKE_INSTALL_PREFIX=/home/parallels/liam-workspace/install/moveit_resources_srt_description
[0.521s] Invoking command in '/home/parallels/liam-workspace/build/moveit_resources_srt_description': CMAKE_PREFIX_PATH=${CMAKE_PREFIX_PATH}:/home/parallels/ws_moveit2/install/moveit_configs_utils:/home/parallels/ws_moveit2/install/launch_param_builder:/opt/ros/humble /usr/bin/cmake --build /home/parallels/liam-workspace/build/moveit_resources_srt_description -- -j8 -l8
[0.585s] Invoked command in '/home/parallels/liam-workspace/build/moveit_resources_srt_description' returned '0': CMAKE_PREFIX_PATH=${CMAKE_PREFIX_PATH}:/home/parallels/ws_moveit2/install/moveit_configs_utils:/home/parallels/ws_moveit2/install/launch_param_builder:/opt/ros/humble /usr/bin/cmake --build /home/parallels/liam-workspace/build/moveit_resources_srt_description -- -j8 -l8
[0.627s] Invoking command in '/home/parallels/liam-workspace/build/moveit_resources_srt_description': CMAKE_PREFIX_PATH=${CMAKE_PREFIX_PATH}:/home/parallels/ws_moveit2/install/moveit_configs_utils:/home/parallels/ws_moveit2/install/launch_param_builder:/opt/ros/humble /usr/bin/cmake --install /home/parallels/liam-workspace/build/moveit_resources_srt_description
[1.289s] -- Install configuration: ""
[1.289s] -- Installing: /home/parallels/liam-workspace/install/moveit_resources_srt_description/share/ament_index/resource_index/package_run_dependencies/moveit_resources_srt_description
[1.289s] -- Installing: /home/parallels/liam-workspace/install/moveit_resources_srt_description/share/ament_index/resource_index/parent_prefix_path/moveit_resources_srt_description
[1.289s] -- Installing: /home/parallels/liam-workspace/install/moveit_resources_srt_description/share/moveit_resources_srt_description/environment/ament_prefix_path.sh
[1.289s] -- Installing: /home/parallels/liam-workspace/install/moveit_resources_srt_description/share/moveit_resources_srt_description/environment/ament_prefix_path.dsv
[1.290s] -- Installing: /home/parallels/liam-workspace/install/moveit_resources_srt_description/share/moveit_resources_srt_description/environment/path.sh
[1.290s] -- Installing: /home/parallels/liam-workspace/install/moveit_resources_srt_description/share/moveit_resources_srt_description/environment/path.dsv
[1.290s] -- Installing: /home/parallels/liam-workspace/install/moveit_resources_srt_description/share/moveit_resources_srt_description/local_setup.bash
[1.290s] -- Installing: /home/parallels/liam-workspace/install/moveit_resources_srt_description/share/moveit_resources_srt_description/local_setup.sh
[1.290s] -- Installing: /home/parallels/liam-workspace/install/moveit_resources_srt_description/share/moveit_resources_srt_description/local_setup.zsh
[1.290s] -- Installing: /home/parallels/liam-workspace/install/moveit_resources_srt_description/share/moveit_resources_srt_description/local_setup.dsv
[1.290s] -- Installing: /home/parallels/liam-workspace/install/moveit_resources_srt_description/share/moveit_resources_srt_description/package.dsv
[1.290s] -- Installing: /home/parallels/liam-workspace/install/moveit_resources_srt_description/share/ament_index/resource_index/packages/moveit_resources_srt_description
[1.290s] -- Installing: /home/parallels/liam-workspace/install/moveit_resources_srt_description/share/moveit_resources_srt_description/cmake/moveit_resources_srt_descriptionConfig.cmake
[1.290s] -- Installing: /home/parallels/liam-workspace/install/moveit_resources_srt_description/share/moveit_resources_srt_description/cmake/moveit_resources_srt_descriptionConfig-version.cmake
[1.290s] -- Installing: /home/parallels/liam-workspace/install/moveit_resources_srt_description/share/moveit_resources_srt_description/package.xml
[1.290s] -- Installing: /home/parallels/liam-workspace/install/moveit_resources_srt_description/share/moveit_resources_srt_description/meshes
[1.290s] -- Installing: /home/parallels/liam-workspace/install/moveit_resources_srt_description/share/moveit_resources_srt_description/meshes/visual
[1.290s] -- Installing: /home/parallels/liam-workspace/install/moveit_resources_srt_description/share/moveit_resources_srt_description/meshes/visual/T1.dae
[1.290s] -- Installing: /home/parallels/liam-workspace/install/moveit_resources_srt_description/share/moveit_resources_srt_description/meshes/visual/T3.dae
[1.290s] -- Installing: /home/parallels/liam-workspace/install/moveit_resources_srt_description/share/moveit_resources_srt_description/meshes/visual/T5.dae
[1.290s] -- Installing: /home/parallels/liam-workspace/install/moveit_resources_srt_description/share/moveit_resources_srt_description/meshes/visual/base_link.dae
[1.290s] -- Installing: /home/parallels/liam-workspace/install/moveit_resources_srt_description/share/moveit_resources_srt_description/meshes/visual/EE.dae
[1.290s] -- Installing: /home/parallels/liam-workspace/install/moveit_resources_srt_description/share/moveit_resources_srt_description/meshes/visual/T4.dae
[1.290s] -- Installing: /home/parallels/liam-workspace/install/moveit_resources_srt_description/share/moveit_resources_srt_description/meshes/visual/T2.dae
[1.290s] -- Installing: /home/parallels/liam-workspace/install/moveit_resources_srt_description/share/moveit_resources_srt_description/meshes/collision
[1.290s] -- Installing: /home/parallels/liam-workspace/install/moveit_resources_srt_description/share/moveit_resources_srt_description/meshes/collision/base_link.stl
[1.290s] -- Installing: /home/parallels/liam-workspace/install/moveit_resources_srt_description/share/moveit_resources_srt_description/meshes/collision/T5.stl
[1.290s] -- Installing: /home/parallels/liam-workspace/install/moveit_resources_srt_description/share/moveit_resources_srt_description/meshes/collision/EE.stl
[1.291s] -- Installing: /home/parallels/liam-workspace/install/moveit_resources_srt_description/share/moveit_resources_srt_description/meshes/collision/T2.stl
[1.291s] -- Installing: /home/parallels/liam-workspace/install/moveit_resources_srt_description/share/moveit_resources_srt_description/meshes/collision/T1.stl
[1.291s] -- Installing: /home/parallels/liam-workspace/install/moveit_resources_srt_description/share/moveit_resources_srt_description/meshes/collision/T4.stl
[1.291s] -- Installing: /home/parallels/liam-workspace/install/moveit_resources_srt_description/share/moveit_resources_srt_description/meshes/collision/T3.stl
[1.291s] -- Installing: /home/parallels/liam-workspace/install/moveit_resources_srt_description/share/moveit_resources_srt_description/urdf
[1.291s] -- Installing: /home/parallels/liam-workspace/install/moveit_resources_srt_description/share/moveit_resources_srt_description/urdf/srt.urdf
[1.292s] Invoked command in '/home/parallels/liam-workspace/build/moveit_resources_srt_description' returned '0': CMAKE_PREFIX_PATH=${CMAKE_PREFIX_PATH}:/home/parallels/ws_moveit2/install/moveit_configs_utils:/home/parallels/ws_moveit2/install/launch_param_builder:/opt/ros/humble /usr/bin/cmake --install /home/parallels/liam-workspace/build/moveit_resources_srt_description
