[0.030s] Invoking command in '/home/parallels/liam-workspace/build/moveit_ros_visualization': AMENT_PREFIX_PATH=/home/parallels/liam-workspace/install/moveit_ros_planning_interface:/home/parallels/liam-workspace/install/moveit_ros_move_group:/home/parallels/liam-workspace/install/moveit_ros_warehouse:/home/parallels/liam-workspace/install/moveit_ros_robot_interaction:/home/parallels/liam-workspace/install/moveit_kinematics:/home/parallels/liam-workspace/install/moveit_ros_planning:/home/parallels/liam-workspace/install/moveit_ros_occupancy_map_monitor:/home/parallels/liam-workspace/install/moveit_core:/home/parallels/liam-workspace/install/srdfdom:/home/parallels/liam-workspace/install/moveit_common:${AMENT_PREFIX_PATH} CMAKE_PREFIX_PATH=/home/parallels/liam-workspace/install/moveit_ros_planning_interface:/home/parallels/liam-workspace/install/moveit_ros_move_group:/home/parallels/liam-workspace/install/moveit_ros_warehouse:/home/parallels/liam-workspace/install/moveit_ros_robot_interaction:/home/parallels/liam-workspace/install/moveit_kinematics:/home/parallels/liam-workspace/install/moveit_ros_planning:/home/parallels/liam-workspace/install/moveit_ros_occupancy_map_monitor:/home/parallels/liam-workspace/install/moveit_core:/home/parallels/liam-workspace/install/srdfdom:/home/parallels/liam-workspace/install/moveit_common:/home/parallels/liam-workspace/install/pantilt_bot_description:/home/parallels/liam-workspace/install/open_manipulator_srt_description:/home/parallels/ws_moveit2/install/pilz_industrial_motion_planner_testutils:/home/parallels/ws_moveit2/install/moveit_runtime:/home/parallels/ws_moveit2/install/moveit2_tutorials:/home/parallels/ws_moveit2/install/moveit:/home/parallels/ws_moveit2/install/moveit_planners:/home/parallels/ws_moveit2/install/pilz_industrial_motion_planner:/home/parallels/ws_moveit2/install/moveit_visual_tools:/home/parallels/ws_moveit2/install/moveit_task_constructor_visualization:/home/parallels/ws_moveit2/install/moveit_task_constructor_demo:/home/parallels/ws_moveit2/install/moveit_task_constructor_capabilities:/home/parallels/ws_moveit2/install/moveit_task_constructor_core:/home/parallels/ws_moveit2/install/moveit_ros_control_interface:/home/parallels/ws_moveit2/install/moveit_plugins:/home/parallels/ws_moveit2/install/moveit_simple_controller_manager:/home/parallels/ws_moveit2/install/moveit_setup_assistant:/home/parallels/ws_moveit2/install/moveit_setup_srdf_plugins:/home/parallels/ws_moveit2/install/moveit_setup_core_plugins:/home/parallels/ws_moveit2/install/moveit_setup_controllers:/home/parallels/ws_moveit2/install/moveit_setup_app_plugins:/home/parallels/ws_moveit2/install/moveit_setup_framework:/home/parallels/ws_moveit2/install/moveit_servo:/home/parallels/ws_moveit2/install/moveit_ros:/home/parallels/ws_moveit2/install/moveit_ros_visualization:/home/parallels/ws_moveit2/install/moveit_hybrid_planning:/home/parallels/ws_moveit2/install/moveit_ros_planning_interface:/home/parallels/ws_moveit2/install/moveit_ros_benchmarks:/home/parallels/ws_moveit2/install/moveit_ros_warehouse:/home/parallels/ws_moveit2/install/moveit_ros_robot_interaction:/home/parallels/ws_moveit2/install/moveit_ros_perception:/home/parallels/ws_moveit2/install/moveit_resources_prbt_pg70_support:/home/parallels/ws_moveit2/install/moveit_resources_prbt_moveit_config:/home/parallels/ws_moveit2/install/moveit_ros_move_group:/home/parallels/ws_moveit2/install/moveit_planners_ompl:/home/parallels/ws_moveit2/install/moveit_ros_planning:/home/parallels/ws_moveit2/install/moveit_ros_occupancy_map_monitor:/home/parallels/ws_moveit2/install/moveit_resources_prbt_ikfast_manipulator_plugin:/home/parallels/ws_moveit2/install/moveit_planners_chomp:/home/parallels/ws_moveit2/install/moveit_kinematics:/home/parallels/ws_moveit2/install/moveit_chomp_optimizer_adapter:/home/parallels/ws_moveit2/install/chomp_motion_planner:/home/parallels/ws_moveit2/install/moveit_core:/home/parallels/ws_moveit2/install/srdfdom:/home/parallels/ws_moveit2/install/rviz_marker_tools:/home/parallels/ws_moveit2/install/rosparam_shortcuts:/home/parallels/ws_moveit2/install/pantilt_bot_description:/home/parallels/ws_moveit2/install/open_manipulator_x_description:/home/parallels/ws_moveit2/install/moveit_task_constructor_msgs:/home/parallels/ws_moveit2/install/moveit_resources_prbt_support:/home/parallels/ws_moveit2/install/moveit_resources:/home/parallels/ws_moveit2/install/moveit_resources_pr2_description:/home/parallels/ws_moveit2/install/moveit_resources_panda_moveit_config:/home/parallels/ws_moveit2/install/moveit_resources_panda_description:/home/parallels/ws_moveit2/install/moveit_resources_fanuc_moveit_config:/home/parallels/ws_moveit2/install/moveit_resources_fanuc_description:/home/parallels/ws_moveit2/install/moveit_common:/home/parallels/ws_moveit2/install/dynamixel_workbench:/home/parallels/ws_moveit2/install/dynamixel_hardware:/home/parallels/ws_moveit2/install/dynamixel_workbench_toolbox:/home/parallels/ws_moveit2/install/dynamixel_workbench_msgs:/home/parallels/ws_moveit2/install/moveit_configs_utils:/home/parallels/ws_moveit2/install/launch_param_builder:/opt/ros/humble LD_LIBRARY_PATH=/home/parallels/liam-workspace/install/moveit_ros_planning_interface/lib:/home/parallels/liam-workspace/install/moveit_ros_move_group/lib:/home/parallels/liam-workspace/install/moveit_ros_warehouse/lib:/home/parallels/liam-workspace/install/moveit_ros_robot_interaction/lib:/home/parallels/liam-workspace/install/moveit_kinematics/lib:/home/parallels/liam-workspace/install/moveit_ros_planning/lib:/home/parallels/liam-workspace/install/moveit_ros_occupancy_map_monitor/lib:/home/parallels/liam-workspace/install/moveit_core/lib:/home/parallels/liam-workspace/install/srdfdom/lib:${LD_LIBRARY_PATH} PATH=/home/parallels/liam-workspace/install/moveit_core/bin:${PATH} PYTHONPATH=/home/parallels/liam-workspace/install/srdfdom/local/lib/python3.10/dist-packages:${PYTHONPATH} /usr/bin/cmake /home/parallels/liam-workspace/src/moveit2/moveit_ros/visualization -DCMAKE_INSTALL_PREFIX=/home/parallels/liam-workspace/install/moveit_ros_visualization
[0.073s] -- The C compiler identification is GNU 11.4.0
[0.107s] -- The CXX compiler identification is GNU 11.4.0
[0.111s] -- Detecting C compiler ABI info
[0.159s] -- Detecting C compiler ABI info - done
[0.162s] -- Check for working C compiler: /usr/bin/cc - skipped
[0.163s] -- Detecting C compile features
[0.163s] -- Detecting C compile features - done
[0.164s] -- Detecting CXX compiler ABI info
[0.218s] -- Detecting CXX compiler ABI info - done
[0.222s] -- Check for working CXX compiler: /usr/bin/c++ - skipped
[0.222s] -- Detecting CXX compile features
[0.223s] -- Detecting CXX compile features - done
[0.224s] -- Found moveit_common: 2.5.5 (/home/parallels/liam-workspace/install/moveit_common/share/moveit_common/cmake)
[0.229s] -- Found ament_cmake: 1.3.9 (/opt/ros/humble/share/ament_cmake/cmake)
[0.320s] -- Found Python3: /usr/bin/python3 (found version "3.10.12") found components: Interpreter 
[0.455s] -- Found libdw: /usr/lib/aarch64-linux-gnu/libdw.so  
[0.460s] -- Could NOT find libbfd (missing: LIBBFD_LIBRARY LIBBFD_INCLUDE_DIR) 
[0.460s] -- BACKWARD_HAS_UNWIND=1
[0.460s] -- BACKWARD_HAS_BACKTRACE=0
[0.460s] -- BACKWARD_HAS_BACKTRACE_SYMBOL=0
[0.460s] -- BACKWARD_HAS_DW=1
[0.460s] -- BACKWARD_HAS_BFD=0
[0.461s] -- Found Backward: /opt/ros/humble/share/backward_ros/cmake  
[0.461s] [0mmoveit_ros_visualization: You did not request a specific build type: Choosing 'Release' for maximum performance[0m
[0.466s] -- Found class_loader: 2.2.0 (/opt/ros/humble/share/class_loader/cmake)
[0.490s] -- Found geometric_shapes: 2.1.3 (/opt/ros/humble/share/geometric_shapes/cmake)
[0.506s] -- Found Boost: /usr/lib/aarch64-linux-gnu/cmake/Boost-1.74.0/BoostConfig.cmake (found version "1.74.0") found components: filesystem 
[0.580s] -- Found rosidl_generator_c: 3.1.5 (/opt/ros/humble/share/rosidl_generator_c/cmake)
[0.590s] -- Found rosidl_adapter: 3.1.5 (/opt/ros/humble/share/rosidl_adapter/cmake)
[0.602s] -- Found rosidl_generator_cpp: 3.1.5 (/opt/ros/humble/share/rosidl_generator_cpp/cmake)
[0.618s] -- Using all available rosidl_typesupport_c: rosidl_typesupport_fastrtps_c;rosidl_typesupport_introspection_c
[0.635s] -- Using all available rosidl_typesupport_cpp: rosidl_typesupport_fastrtps_cpp;rosidl_typesupport_introspection_cpp
[0.799s] -- Found rmw_implementation_cmake: 6.1.2 (/opt/ros/humble/share/rmw_implementation_cmake/cmake)
[0.805s] -- Found rmw_fastrtps_cpp: 6.2.6 (/opt/ros/humble/share/rmw_fastrtps_cpp/cmake)
[0.895s] -- Found OpenSSL: /usr/lib/aarch64-linux-gnu/libcrypto.so (found version "3.0.2")  
[0.915s] -- Found FastRTPS: /opt/ros/humble/include  
[0.954s] -- Using RMW implementation 'rmw_fastrtps_cpp' as default
[0.975s] -- Looking for pthread.h
[1.032s] -- Looking for pthread.h - found
[1.033s] -- Performing Test CMAKE_HAVE_LIBC_PTHREAD
[1.094s] -- Performing Test CMAKE_HAVE_LIBC_PTHREAD - Success
[1.095s] -- Found Threads: TRUE  
[1.253s] -- library: /usr/lib/aarch64-linux-gnu/libcurl.so
[1.448s] -- Found interactive_markers: 2.3.2 (/opt/ros/humble/share/interactive_markers/cmake)
[1.463s] -- Found moveit_ros_planning: 2.5.5 (/home/parallels/liam-workspace/install/moveit_ros_planning/share/moveit_ros_planning/cmake)
[1.496s] -- Found Boost: /usr/lib/aarch64-linux-gnu/cmake/Boost-1.74.0/BoostConfig.cmake (found version "1.74.0") found components: system filesystem date_time program_options thread chrono 
[1.832s] -- Found Boost: /usr/lib/aarch64-linux-gnu/cmake/Boost-1.74.0/BoostConfig.cmake (found version "1.74.0") found components: chrono date_time filesystem iostreams program_options regex serialization system thread 
[1.876s] -- Found parameter_traits: 0.3.8 (/opt/ros/humble/share/parameter_traits/cmake)
[1.896s] -- Found Eigen3: TRUE (found version "3.4.0") 
[1.901s] -- Found rclcpp_lifecycle: 16.0.9 (/opt/ros/humble/share/rclcpp_lifecycle/cmake)
[1.956s] -- Ensuring Eigen3 include directory is part of orocos-kdl CMake target
[2.836s] -- Found moveit_ros_planning_interface: 2.5.5 (/home/parallels/liam-workspace/install/moveit_ros_planning_interface/share/moveit_ros_planning_interface/cmake)
[2.839s] -- Found Boost: /usr/lib/aarch64-linux-gnu/cmake/Boost-1.74.0/BoostConfig.cmake (found version "1.74.0") found components: date_time filesystem program_options system thread 
[2.976s] -- Found Boost: /usr/lib/aarch64-linux-gnu/cmake/Boost-1.74.0/BoostConfig.cmake (found version "1.74.0") found components: thread system filesystem regex date_time program_options 
[3.147s] -- Found Boost: /usr/lib/aarch64-linux-gnu/cmake/Boost-1.74.0/BoostConfig.cmake (found version "1.74.0") found components: system filesystem date_time program_options thread 
[3.454s] -- Found moveit_ros_robot_interaction: 2.5.5 (/home/parallels/liam-workspace/install/moveit_ros_robot_interaction/share/moveit_ros_robot_interaction/cmake)
[3.553s] -- Found rclpy: 3.3.13 (/opt/ros/humble/share/rclpy/cmake)
[3.557s] -- Found rviz2: 11.2.12 (/opt/ros/humble/share/rviz2/cmake)
[3.562s] -- Found rviz_common: 11.2.12 (/opt/ros/humble/share/rviz_common/cmake)
[3.596s] -- Setting OGRE_DIR to: '/opt/ros/humble/share/rviz_ogre_vendor/cmake/../../../opt/rviz_ogre_vendor/lib/OGRE/cmake'
[3.597s] -- Found OGRE
[3.597s] --   static     : OFF
[3.597s] --   components : HLMS;MeshLodGenerator;Overlay;Paging;Property;RTShaderSystem;Terrain;Volume
[3.597s] --   plugins    : Plugin_BSPSceneManager;Plugin_OctreeSceneManager;Plugin_PCZSceneManager;Plugin_ParticleFX;RenderSystem_GL;RenderSystem_GL3Plus;Codec_STBI
[3.597s] --   media      : /opt/ros/humble/opt/rviz_ogre_vendor/share/OGRE/Media
[3.597s] -- OGRE_LIBRARIES: OgreHLMS;OgreMeshLodGenerator;OgreOverlay;OgrePaging;OgreProperty;OgreRTShaderSystem;OgreTerrain;OgreVolume;OgreMain
[3.601s] -- OGRE_LIBRARY_DIRS: /opt/ros/humble/opt/rviz_ogre_vendor/lib
[3.601s] -- OGRE_PLUGINS: Plugin_BSPSceneManager;Plugin_OctreeSceneManager;Plugin_PCZSceneManager;Plugin_ParticleFX;RenderSystem_GL;RenderSystem_GL3Plus;Codec_STBI
[3.601s] -- OGRE_PLUGIN_DIR: /opt/ros/humble/opt/rviz_ogre_vendor/lib/OGRE
[3.601s] -- rviz_ogre_vendor::OgreOverlay for IMPORTED_LOCATION_RELEASE: /opt/ros/humble/opt/rviz_ogre_vendor/lib/libOgreOverlay.so
[3.601s] -- rviz_ogre_vendor::OgreOverlay for IMPORTED_LOCATION_DEBUG: /opt/ros/humble/opt/rviz_ogre_vendor/lib/libOgreOverlay.so
[3.601s] -- rviz_ogre_vendor::OgreMain for IMPORTED_LOCATION_RELEASE: /opt/ros/humble/opt/rviz_ogre_vendor/lib/libOgreMain.so
[3.601s] -- rviz_ogre_vendor::OgreMain for IMPORTED_LOCATION_DEBUG: /opt/ros/humble/opt/rviz_ogre_vendor/lib/libOgreMain.so
[3.601s] -- Could not find freeimage library
[3.616s] -- Found ZLIB: /usr/lib/aarch64-linux-gnu/libz.so (found version "1.2.11") 
[3.622s] -- Found OpenGL: /usr/lib/aarch64-linux-gnu/libOpenGL.so   
[3.707s] -- Found X11: /usr/include   
[3.707s] -- Looking for XOpenDisplay in /usr/lib/aarch64-linux-gnu/libX11.so;/usr/lib/aarch64-linux-gnu/libXext.so
[3.773s] -- Looking for XOpenDisplay in /usr/lib/aarch64-linux-gnu/libX11.so;/usr/lib/aarch64-linux-gnu/libXext.so - found
[3.773s] -- Looking for gethostbyname
[3.835s] -- Looking for gethostbyname - found
[3.835s] -- Looking for connect
[3.905s] -- Looking for connect - found
[3.905s] -- Looking for remove
[4.184s] -- Looking for remove - found
[4.184s] -- Looking for shmat
[4.492s] -- Looking for shmat - found
[4.492s] -- Looking for IceConnectionNumber in ICE
[4.850s] -- Looking for IceConnectionNumber in ICE - found
[4.852s] -- rviz_ogre_vendor::RenderSystem_GL for IMPORTED_LOCATION_RELEASE: _render_system_gl_static_library_abs-NOTFOUND
[4.852s] -- rviz_ogre_vendor::RenderSystem_GL for IMPORTED_LOCATION_DEBUG: _render_system_gl_static_library_abs-NOTFOUND
[4.975s] -- Found rviz_default_plugins: 11.2.12 (/opt/ros/humble/share/rviz_default_plugins/cmake)
[5.657s] -- Found Boost: /usr/lib/aarch64-linux-gnu/cmake/Boost-1.74.0/BoostConfig.cmake (found version "1.74.0") found components: thread date_time system filesystem 
[5.756s] -- Performing Test COMPILER_HAS_HIDDEN_VISIBILITY
[6.189s] -- Performing Test COMPILER_HAS_HIDDEN_VISIBILITY - Success
[6.189s] -- Performing Test COMPILER_HAS_HIDDEN_INLINE_VISIBILITY
[6.515s] -- Performing Test COMPILER_HAS_HIDDEN_INLINE_VISIBILITY - Success
[6.515s] -- Performing Test COMPILER_HAS_DEPRECATED_ATTR
[6.960s] -- Performing Test COMPILER_HAS_DEPRECATED_ATTR - Success
[7.044s] -- Found ament_lint_auto: 0.12.11 (/opt/ros/humble/share/ament_lint_auto/cmake)
[7.105s] -- Added test 'cppcheck' to perform static code analysis on C / C++ code
[7.106s] -- Configured cppcheck include dirs: /home/parallels/liam-workspace/src/moveit2/moveit_ros/visualization/rviz_plugin_render_tools/include;/home/parallels/liam-workspace/src/moveit2/moveit_ros/visualization/robot_state_rviz_plugin/include;/home/parallels/liam-workspace/src/moveit2/moveit_ros/visualization/planning_scene_rviz_plugin/include;/home/parallels/liam-workspace/src/moveit2/moveit_ros/visualization/motion_planning_rviz_plugin/include;/home/parallels/liam-workspace/src/moveit2/moveit_ros/visualization/trajectory_rviz_plugin/include
[7.106s] -- Configured cppcheck exclude dirs and/or files: 
[7.107s] -- Added test 'lint_cmake' to check CMake code style
[7.108s] -- Added test 'pep257' to check Python code against some of the docstring style conventions in PEP 257
[7.109s] -- Added test 'xmllint' to check XML markup files
[7.116s] -- Configuring done
[7.629s] -- Generating done
[7.654s] -- Build files have been written to: /home/parallels/liam-workspace/build/moveit_ros_visualization
[7.709s] Invoked command in '/home/parallels/liam-workspace/build/moveit_ros_visualization' returned '0': AMENT_PREFIX_PATH=/home/parallels/liam-workspace/install/moveit_ros_planning_interface:/home/parallels/liam-workspace/install/moveit_ros_move_group:/home/parallels/liam-workspace/install/moveit_ros_warehouse:/home/parallels/liam-workspace/install/moveit_ros_robot_interaction:/home/parallels/liam-workspace/install/moveit_kinematics:/home/parallels/liam-workspace/install/moveit_ros_planning:/home/parallels/liam-workspace/install/moveit_ros_occupancy_map_monitor:/home/parallels/liam-workspace/install/moveit_core:/home/parallels/liam-workspace/install/srdfdom:/home/parallels/liam-workspace/install/moveit_common:${AMENT_PREFIX_PATH} CMAKE_PREFIX_PATH=/home/parallels/liam-workspace/install/moveit_ros_planning_interface:/home/parallels/liam-workspace/install/moveit_ros_move_group:/home/parallels/liam-workspace/install/moveit_ros_warehouse:/home/parallels/liam-workspace/install/moveit_ros_robot_interaction:/home/parallels/liam-workspace/install/moveit_kinematics:/home/parallels/liam-workspace/install/moveit_ros_planning:/home/parallels/liam-workspace/install/moveit_ros_occupancy_map_monitor:/home/parallels/liam-workspace/install/moveit_core:/home/parallels/liam-workspace/install/srdfdom:/home/parallels/liam-workspace/install/moveit_common:/home/parallels/liam-workspace/install/pantilt_bot_description:/home/parallels/liam-workspace/install/open_manipulator_srt_description:/home/parallels/ws_moveit2/install/pilz_industrial_motion_planner_testutils:/home/parallels/ws_moveit2/install/moveit_runtime:/home/parallels/ws_moveit2/install/moveit2_tutorials:/home/parallels/ws_moveit2/install/moveit:/home/parallels/ws_moveit2/install/moveit_planners:/home/parallels/ws_moveit2/install/pilz_industrial_motion_planner:/home/parallels/ws_moveit2/install/moveit_visual_tools:/home/parallels/ws_moveit2/install/moveit_task_constructor_visualization:/home/parallels/ws_moveit2/install/moveit_task_constructor_demo:/home/parallels/ws_moveit2/install/moveit_task_constructor_capabilities:/home/parallels/ws_moveit2/install/moveit_task_constructor_core:/home/parallels/ws_moveit2/install/moveit_ros_control_interface:/home/parallels/ws_moveit2/install/moveit_plugins:/home/parallels/ws_moveit2/install/moveit_simple_controller_manager:/home/parallels/ws_moveit2/install/moveit_setup_assistant:/home/parallels/ws_moveit2/install/moveit_setup_srdf_plugins:/home/parallels/ws_moveit2/install/moveit_setup_core_plugins:/home/parallels/ws_moveit2/install/moveit_setup_controllers:/home/parallels/ws_moveit2/install/moveit_setup_app_plugins:/home/parallels/ws_moveit2/install/moveit_setup_framework:/home/parallels/ws_moveit2/install/moveit_servo:/home/parallels/ws_moveit2/install/moveit_ros:/home/parallels/ws_moveit2/install/moveit_ros_visualization:/home/parallels/ws_moveit2/install/moveit_hybrid_planning:/home/parallels/ws_moveit2/install/moveit_ros_planning_interface:/home/parallels/ws_moveit2/install/moveit_ros_benchmarks:/home/parallels/ws_moveit2/install/moveit_ros_warehouse:/home/parallels/ws_moveit2/install/moveit_ros_robot_interaction:/home/parallels/ws_moveit2/install/moveit_ros_perception:/home/parallels/ws_moveit2/install/moveit_resources_prbt_pg70_support:/home/parallels/ws_moveit2/install/moveit_resources_prbt_moveit_config:/home/parallels/ws_moveit2/install/moveit_ros_move_group:/home/parallels/ws_moveit2/install/moveit_planners_ompl:/home/parallels/ws_moveit2/install/moveit_ros_planning:/home/parallels/ws_moveit2/install/moveit_ros_occupancy_map_monitor:/home/parallels/ws_moveit2/install/moveit_resources_prbt_ikfast_manipulator_plugin:/home/parallels/ws_moveit2/install/moveit_planners_chomp:/home/parallels/ws_moveit2/install/moveit_kinematics:/home/parallels/ws_moveit2/install/moveit_chomp_optimizer_adapter:/home/parallels/ws_moveit2/install/chomp_motion_planner:/home/parallels/ws_moveit2/install/moveit_core:/home/parallels/ws_moveit2/install/srdfdom:/home/parallels/ws_moveit2/install/rviz_marker_tools:/home/parallels/ws_moveit2/install/rosparam_shortcuts:/home/parallels/ws_moveit2/install/pantilt_bot_description:/home/parallels/ws_moveit2/install/open_manipulator_x_description:/home/parallels/ws_moveit2/install/moveit_task_constructor_msgs:/home/parallels/ws_moveit2/install/moveit_resources_prbt_support:/home/parallels/ws_moveit2/install/moveit_resources:/home/parallels/ws_moveit2/install/moveit_resources_pr2_description:/home/parallels/ws_moveit2/install/moveit_resources_panda_moveit_config:/home/parallels/ws_moveit2/install/moveit_resources_panda_description:/home/parallels/ws_moveit2/install/moveit_resources_fanuc_moveit_config:/home/parallels/ws_moveit2/install/moveit_resources_fanuc_description:/home/parallels/ws_moveit2/install/moveit_common:/home/parallels/ws_moveit2/install/dynamixel_workbench:/home/parallels/ws_moveit2/install/dynamixel_hardware:/home/parallels/ws_moveit2/install/dynamixel_workbench_toolbox:/home/parallels/ws_moveit2/install/dynamixel_workbench_msgs:/home/parallels/ws_moveit2/install/moveit_configs_utils:/home/parallels/ws_moveit2/install/launch_param_builder:/opt/ros/humble LD_LIBRARY_PATH=/home/parallels/liam-workspace/install/moveit_ros_planning_interface/lib:/home/parallels/liam-workspace/install/moveit_ros_move_group/lib:/home/parallels/liam-workspace/install/moveit_ros_warehouse/lib:/home/parallels/liam-workspace/install/moveit_ros_robot_interaction/lib:/home/parallels/liam-workspace/install/moveit_kinematics/lib:/home/parallels/liam-workspace/install/moveit_ros_planning/lib:/home/parallels/liam-workspace/install/moveit_ros_occupancy_map_monitor/lib:/home/parallels/liam-workspace/install/moveit_core/lib:/home/parallels/liam-workspace/install/srdfdom/lib:${LD_LIBRARY_PATH} PATH=/home/parallels/liam-workspace/install/moveit_core/bin:${PATH} PYTHONPATH=/home/parallels/liam-workspace/install/srdfdom/local/lib/python3.10/dist-packages:${PYTHONPATH} /usr/bin/cmake /home/parallels/liam-workspace/src/moveit2/moveit_ros/visualization -DCMAKE_INSTALL_PREFIX=/home/parallels/liam-workspace/install/moveit_ros_visualization
[7.709s] Invoking command in '/home/parallels/liam-workspace/build/moveit_ros_visualization': AMENT_PREFIX_PATH=/home/parallels/liam-workspace/install/moveit_ros_planning_interface:/home/parallels/liam-workspace/install/moveit_ros_move_group:/home/parallels/liam-workspace/install/moveit_ros_warehouse:/home/parallels/liam-workspace/install/moveit_ros_robot_interaction:/home/parallels/liam-workspace/install/moveit_kinematics:/home/parallels/liam-workspace/install/moveit_ros_planning:/home/parallels/liam-workspace/install/moveit_ros_occupancy_map_monitor:/home/parallels/liam-workspace/install/moveit_core:/home/parallels/liam-workspace/install/srdfdom:/home/parallels/liam-workspace/install/moveit_common:${AMENT_PREFIX_PATH} CMAKE_PREFIX_PATH=/home/parallels/liam-workspace/install/moveit_ros_planning_interface:/home/parallels/liam-workspace/install/moveit_ros_move_group:/home/parallels/liam-workspace/install/moveit_ros_warehouse:/home/parallels/liam-workspace/install/moveit_ros_robot_interaction:/home/parallels/liam-workspace/install/moveit_kinematics:/home/parallels/liam-workspace/install/moveit_ros_planning:/home/parallels/liam-workspace/install/moveit_ros_occupancy_map_monitor:/home/parallels/liam-workspace/install/moveit_core:/home/parallels/liam-workspace/install/srdfdom:/home/parallels/liam-workspace/install/moveit_common:/home/parallels/liam-workspace/install/pantilt_bot_description:/home/parallels/liam-workspace/install/open_manipulator_srt_description:/home/parallels/ws_moveit2/install/pilz_industrial_motion_planner_testutils:/home/parallels/ws_moveit2/install/moveit_runtime:/home/parallels/ws_moveit2/install/moveit2_tutorials:/home/parallels/ws_moveit2/install/moveit:/home/parallels/ws_moveit2/install/moveit_planners:/home/parallels/ws_moveit2/install/pilz_industrial_motion_planner:/home/parallels/ws_moveit2/install/moveit_visual_tools:/home/parallels/ws_moveit2/install/moveit_task_constructor_visualization:/home/parallels/ws_moveit2/install/moveit_task_constructor_demo:/home/parallels/ws_moveit2/install/moveit_task_constructor_capabilities:/home/parallels/ws_moveit2/install/moveit_task_constructor_core:/home/parallels/ws_moveit2/install/moveit_ros_control_interface:/home/parallels/ws_moveit2/install/moveit_plugins:/home/parallels/ws_moveit2/install/moveit_simple_controller_manager:/home/parallels/ws_moveit2/install/moveit_setup_assistant:/home/parallels/ws_moveit2/install/moveit_setup_srdf_plugins:/home/parallels/ws_moveit2/install/moveit_setup_core_plugins:/home/parallels/ws_moveit2/install/moveit_setup_controllers:/home/parallels/ws_moveit2/install/moveit_setup_app_plugins:/home/parallels/ws_moveit2/install/moveit_setup_framework:/home/parallels/ws_moveit2/install/moveit_servo:/home/parallels/ws_moveit2/install/moveit_ros:/home/parallels/ws_moveit2/install/moveit_ros_visualization:/home/parallels/ws_moveit2/install/moveit_hybrid_planning:/home/parallels/ws_moveit2/install/moveit_ros_planning_interface:/home/parallels/ws_moveit2/install/moveit_ros_benchmarks:/home/parallels/ws_moveit2/install/moveit_ros_warehouse:/home/parallels/ws_moveit2/install/moveit_ros_robot_interaction:/home/parallels/ws_moveit2/install/moveit_ros_perception:/home/parallels/ws_moveit2/install/moveit_resources_prbt_pg70_support:/home/parallels/ws_moveit2/install/moveit_resources_prbt_moveit_config:/home/parallels/ws_moveit2/install/moveit_ros_move_group:/home/parallels/ws_moveit2/install/moveit_planners_ompl:/home/parallels/ws_moveit2/install/moveit_ros_planning:/home/parallels/ws_moveit2/install/moveit_ros_occupancy_map_monitor:/home/parallels/ws_moveit2/install/moveit_resources_prbt_ikfast_manipulator_plugin:/home/parallels/ws_moveit2/install/moveit_planners_chomp:/home/parallels/ws_moveit2/install/moveit_kinematics:/home/parallels/ws_moveit2/install/moveit_chomp_optimizer_adapter:/home/parallels/ws_moveit2/install/chomp_motion_planner:/home/parallels/ws_moveit2/install/moveit_core:/home/parallels/ws_moveit2/install/srdfdom:/home/parallels/ws_moveit2/install/rviz_marker_tools:/home/parallels/ws_moveit2/install/rosparam_shortcuts:/home/parallels/ws_moveit2/install/pantilt_bot_description:/home/parallels/ws_moveit2/install/open_manipulator_x_description:/home/parallels/ws_moveit2/install/moveit_task_constructor_msgs:/home/parallels/ws_moveit2/install/moveit_resources_prbt_support:/home/parallels/ws_moveit2/install/moveit_resources:/home/parallels/ws_moveit2/install/moveit_resources_pr2_description:/home/parallels/ws_moveit2/install/moveit_resources_panda_moveit_config:/home/parallels/ws_moveit2/install/moveit_resources_panda_description:/home/parallels/ws_moveit2/install/moveit_resources_fanuc_moveit_config:/home/parallels/ws_moveit2/install/moveit_resources_fanuc_description:/home/parallels/ws_moveit2/install/moveit_common:/home/parallels/ws_moveit2/install/dynamixel_workbench:/home/parallels/ws_moveit2/install/dynamixel_hardware:/home/parallels/ws_moveit2/install/dynamixel_workbench_toolbox:/home/parallels/ws_moveit2/install/dynamixel_workbench_msgs:/home/parallels/ws_moveit2/install/moveit_configs_utils:/home/parallels/ws_moveit2/install/launch_param_builder:/opt/ros/humble LD_LIBRARY_PATH=/home/parallels/liam-workspace/install/moveit_ros_planning_interface/lib:/home/parallels/liam-workspace/install/moveit_ros_move_group/lib:/home/parallels/liam-workspace/install/moveit_ros_warehouse/lib:/home/parallels/liam-workspace/install/moveit_ros_robot_interaction/lib:/home/parallels/liam-workspace/install/moveit_kinematics/lib:/home/parallels/liam-workspace/install/moveit_ros_planning/lib:/home/parallels/liam-workspace/install/moveit_ros_occupancy_map_monitor/lib:/home/parallels/liam-workspace/install/moveit_core/lib:/home/parallels/liam-workspace/install/srdfdom/lib:${LD_LIBRARY_PATH} PATH=/home/parallels/liam-workspace/install/moveit_core/bin:${PATH} PYTHONPATH=/home/parallels/liam-workspace/install/srdfdom/local/lib/python3.10/dist-packages:${PYTHONPATH} /usr/bin/cmake --build /home/parallels/liam-workspace/build/moveit_ros_visualization -- -j8 -l8
[8.033s] [  1%] [34m[1mAutomatic MOC for target moveit_rviz_plugin_render_tools[0m
[9.063s] [  1%] Built target moveit_rviz_plugin_render_tools_autogen
[9.255s] [  3%] [32mBuilding CXX object rviz_plugin_render_tools/CMakeFiles/moveit_rviz_plugin_render_tools.dir/src/render_shapes.cpp.o[0m
[9.256s] [  5%] [32mBuilding CXX object rviz_plugin_render_tools/CMakeFiles/moveit_rviz_plugin_render_tools.dir/moveit_rviz_plugin_render_tools_autogen/mocs_compilation.cpp.o[0m
[9.290s] [  6%] [32mBuilding CXX object rviz_plugin_render_tools/CMakeFiles/moveit_rviz_plugin_render_tools.dir/src/robot_state_visualization.cpp.o[0m
[9.364s] [  8%] [32mBuilding CXX object rviz_plugin_render_tools/CMakeFiles/moveit_rviz_plugin_render_tools.dir/src/planning_scene_render.cpp.o[0m
[9.402s] [ 10%] [32mBuilding CXX object rviz_plugin_render_tools/CMakeFiles/moveit_rviz_plugin_render_tools.dir/src/planning_link_updater.cpp.o[0m
[9.414s] [ 12%] [32mBuilding CXX object rviz_plugin_render_tools/CMakeFiles/moveit_rviz_plugin_render_tools.dir/src/octomap_render.cpp.o[0m
[9.414s] [ 13%] [32mBuilding CXX object rviz_plugin_render_tools/CMakeFiles/moveit_rviz_plugin_render_tools.dir/src/trajectory_visualization.cpp.o[0m
[9.462s] [ 15%] [32mBuilding CXX object rviz_plugin_render_tools/CMakeFiles/moveit_rviz_plugin_render_tools.dir/src/trajectory_panel.cpp.o[0m
[40.115s] [ 17%] [32mBuilding CXX object rviz_plugin_render_tools/CMakeFiles/moveit_rviz_plugin_render_tools.dir/src/mesh_shape.cpp.o[0m
[41.236s] [ 18%] [32m[1mLinking CXX shared library libmoveit_rviz_plugin_render_tools.so[0m
[42.718s] [ 18%] Built target moveit_rviz_plugin_render_tools
[42.734s] [ 20%] [34m[1mAutomatic MOC for target moveit_robot_state_rviz_plugin_core[0m
[42.875s] [ 20%] Built target moveit_robot_state_rviz_plugin_core_autogen
[42.890s] [ 22%] [34m[1mAutomatic MOC for target moveit_planning_scene_rviz_plugin_core[0m
[43.109s] [ 22%] Built target moveit_planning_scene_rviz_plugin_core_autogen
[43.127s] [ 24%] [32mBuilding CXX object robot_state_rviz_plugin/CMakeFiles/moveit_robot_state_rviz_plugin_core.dir/moveit_robot_state_rviz_plugin_core_autogen/mocs_compilation.cpp.o[0m
[48.637s] [ 25%] [32mBuilding CXX object robot_state_rviz_plugin/CMakeFiles/moveit_robot_state_rviz_plugin_core.dir/src/robot_state_display.cpp.o[0m
[59.820s] [ 27%] [32m[1mLinking CXX shared library libmoveit_robot_state_rviz_plugin_core.so[0m
[61.124s] [ 27%] Built target moveit_robot_state_rviz_plugin_core
[61.141s] [ 29%] [32mBuilding CXX object planning_scene_rviz_plugin/CMakeFiles/moveit_planning_scene_rviz_plugin_core.dir/moveit_planning_scene_rviz_plugin_core_autogen/mocs_compilation.cpp.o[0m
[67.899s] [ 32%] [32mBuilding CXX object planning_scene_rviz_plugin/CMakeFiles/moveit_planning_scene_rviz_plugin_core.dir/src/background_processing.cpp.o[0m
[67.899s] [ 32%] [32mBuilding CXX object planning_scene_rviz_plugin/CMakeFiles/moveit_planning_scene_rviz_plugin_core.dir/src/planning_scene_display.cpp.o[0m
[78.043s] [ 34%] [32m[1mLinking CXX shared library libmoveit_planning_scene_rviz_plugin_core.so[0m
[79.794s] [ 34%] Built target moveit_planning_scene_rviz_plugin_core
[79.816s] [ 36%] [34m[1mAutomatic MOC for target moveit_robot_state_rviz_plugin[0m
[79.842s] [ 36%] Built target moveit_robot_state_rviz_plugin_autogen
[79.860s] [ 37%] [34m[1mAutomatic MOC for target moveit_trajectory_rviz_plugin_core[0m
[80.101s] [ 37%] Built target moveit_trajectory_rviz_plugin_core_autogen
[80.122s] [ 39%] [32mBuilding CXX object robot_state_rviz_plugin/CMakeFiles/moveit_robot_state_rviz_plugin.dir/moveit_robot_state_rviz_plugin_autogen/mocs_compilation.cpp.o[0m
[80.142s] [ 41%] [32mBuilding CXX object robot_state_rviz_plugin/CMakeFiles/moveit_robot_state_rviz_plugin.dir/src/plugin_init.cpp.o[0m
[85.670s] [ 43%] [32m[1mLinking CXX shared library libmoveit_robot_state_rviz_plugin.so[0m
[85.867s] [ 43%] Built target moveit_robot_state_rviz_plugin
[85.888s] [ 46%] [32mBuilding CXX object trajectory_rviz_plugin/CMakeFiles/moveit_trajectory_rviz_plugin_core.dir/moveit_trajectory_rviz_plugin_core_autogen/mocs_compilation.cpp.o[0m
[85.888s] [ 46%] [34m[1mAutomatic MOC for target moveit_planning_scene_rviz_plugin[0m
[85.888s] [ 48%] [32mBuilding CXX object trajectory_rviz_plugin/CMakeFiles/moveit_trajectory_rviz_plugin_core.dir/src/trajectory_display.cpp.o[0m
[85.927s] [ 48%] Built target moveit_planning_scene_rviz_plugin_autogen
[85.949s] [ 50%] [32mBuilding CXX object planning_scene_rviz_plugin/CMakeFiles/moveit_planning_scene_rviz_plugin.dir/moveit_planning_scene_rviz_plugin_autogen/mocs_compilation.cpp.o[0m
[85.958s] [ 51%] [32mBuilding CXX object planning_scene_rviz_plugin/CMakeFiles/moveit_planning_scene_rviz_plugin.dir/src/plugin_init.cpp.o[0m
[92.948s] [ 53%] [32m[1mLinking CXX shared library libmoveit_trajectory_rviz_plugin_core.so[0m
[93.423s] [ 53%] Built target moveit_trajectory_rviz_plugin_core
[93.447s] [ 55%] [34m[1mAutomatic MOC for target moveit_trajectory_rviz_plugin[0m
[93.478s] [ 55%] Built target moveit_trajectory_rviz_plugin_autogen
[93.498s] [ 56%] [32mBuilding CXX object trajectory_rviz_plugin/CMakeFiles/moveit_trajectory_rviz_plugin.dir/src/plugin_init.cpp.o[0m
[93.498s] [ 58%] [32mBuilding CXX object trajectory_rviz_plugin/CMakeFiles/moveit_trajectory_rviz_plugin.dir/moveit_trajectory_rviz_plugin_autogen/mocs_compilation.cpp.o[0m
[94.256s] [ 60%] [32m[1mLinking CXX shared library libmoveit_planning_scene_rviz_plugin.so[0m
[94.440s] [ 60%] Built target moveit_planning_scene_rviz_plugin
[94.461s] [ 62%] [34m[1mAutomatic MOC for target moveit_motion_planning_rviz_plugin_core[0m
[95.601s] [ 62%] Built target moveit_motion_planning_rviz_plugin_core_autogen
[95.652s] [ 63%] [34m[1mGenerating ui_motion_planning_rviz_plugin_frame_joints.h[0m
[95.664s] [ 65%] [34m[1mAutomatic RCC for src/icons/icons.qrc[0m
[95.739s] [ 67%] [34m[1mGenerating ui_motion_planning_rviz_plugin_frame.h[0m
[95.876s] [ 68%] [32mBuilding CXX object motion_planning_rviz_plugin/CMakeFiles/moveit_motion_planning_rviz_plugin_core.dir/moveit_motion_planning_rviz_plugin_core_autogen/mocs_compilation.cpp.o[0m
[95.896s] [ 70%] [32mBuilding CXX object motion_planning_rviz_plugin/CMakeFiles/moveit_motion_planning_rviz_plugin_core.dir/src/motion_planning_frame.cpp.o[0m
[96.946s] [ 72%] [32mBuilding CXX object motion_planning_rviz_plugin/CMakeFiles/moveit_motion_planning_rviz_plugin_core.dir/src/motion_planning_frame_states.cpp.o[0m
[104.327s] [ 74%] [32m[1mLinking CXX shared library libmoveit_trajectory_rviz_plugin.so[0m
[104.945s] [ 74%] Built target moveit_trajectory_rviz_plugin
[113.006s] [ 75%] [32mBuilding CXX object motion_planning_rviz_plugin/CMakeFiles/moveit_motion_planning_rviz_plugin_core.dir/src/motion_planning_frame_manipulation.cpp.o[0m
[115.018s] [ 77%] [32mBuilding CXX object motion_planning_rviz_plugin/CMakeFiles/moveit_motion_planning_rviz_plugin_core.dir/src/motion_planning_display.cpp.o[0m
[117.033s] [ 79%] [32mBuilding CXX object motion_planning_rviz_plugin/CMakeFiles/moveit_motion_planning_rviz_plugin_core.dir/src/motion_planning_frame_joints_widget.cpp.o[0m
[118.045s] [ 81%] [32mBuilding CXX object motion_planning_rviz_plugin/CMakeFiles/moveit_motion_planning_rviz_plugin_core.dir/src/motion_planning_frame_scenes.cpp.o[0m
[119.077s] [ 82%] [32mBuilding CXX object motion_planning_rviz_plugin/CMakeFiles/moveit_motion_planning_rviz_plugin_core.dir/src/motion_planning_frame_objects.cpp.o[0m
[120.128s] [ 84%] [32mBuilding CXX object motion_planning_rviz_plugin/CMakeFiles/moveit_motion_planning_rviz_plugin_core.dir/src/motion_planning_frame_planning.cpp.o[0m
[121.214s] [ 86%] [32mBuilding CXX object motion_planning_rviz_plugin/CMakeFiles/moveit_motion_planning_rviz_plugin_core.dir/src/motion_planning_frame_context.cpp.o[0m
[139.891s] [ 87%] [32mBuilding CXX object motion_planning_rviz_plugin/CMakeFiles/moveit_motion_planning_rviz_plugin_core.dir/moveit_motion_planning_rviz_plugin_core_autogen/2OST2OT5Q2/qrc_icons.cpp.o[0m
[139.917s] [ 89%] [32mBuilding CXX object motion_planning_rviz_plugin/CMakeFiles/moveit_motion_planning_rviz_plugin_core.dir/src/interactive_marker_display.cpp.o[0m
[144.029s] [ 91%] [32mBuilding CXX object motion_planning_rviz_plugin/CMakeFiles/moveit_motion_planning_rviz_plugin_core.dir/src/motion_planning_param_widget.cpp.o[0m
[148.993s] [ 93%] [32m[1mLinking CXX shared library libmoveit_motion_planning_rviz_plugin_core.so[0m
[151.473s] [ 93%] Built target moveit_motion_planning_rviz_plugin_core
[151.490s] [ 94%] [34m[1mAutomatic MOC for target moveit_motion_planning_rviz_plugin[0m
[151.513s] [ 94%] Built target moveit_motion_planning_rviz_plugin_autogen
[151.532s] [ 96%] [32mBuilding CXX object motion_planning_rviz_plugin/CMakeFiles/moveit_motion_planning_rviz_plugin.dir/moveit_motion_planning_rviz_plugin_autogen/mocs_compilation.cpp.o[0m
[151.550s] [ 98%] [32mBuilding CXX object motion_planning_rviz_plugin/CMakeFiles/moveit_motion_planning_rviz_plugin.dir/src/plugin_init.cpp.o[0m
[160.956s] [100%] [32m[1mLinking CXX shared library libmoveit_motion_planning_rviz_plugin.so[0m
[161.191s] [100%] Built target moveit_motion_planning_rviz_plugin
[161.203s] Invoked command in '/home/parallels/liam-workspace/build/moveit_ros_visualization' returned '0': AMENT_PREFIX_PATH=/home/parallels/liam-workspace/install/moveit_ros_planning_interface:/home/parallels/liam-workspace/install/moveit_ros_move_group:/home/parallels/liam-workspace/install/moveit_ros_warehouse:/home/parallels/liam-workspace/install/moveit_ros_robot_interaction:/home/parallels/liam-workspace/install/moveit_kinematics:/home/parallels/liam-workspace/install/moveit_ros_planning:/home/parallels/liam-workspace/install/moveit_ros_occupancy_map_monitor:/home/parallels/liam-workspace/install/moveit_core:/home/parallels/liam-workspace/install/srdfdom:/home/parallels/liam-workspace/install/moveit_common:${AMENT_PREFIX_PATH} CMAKE_PREFIX_PATH=/home/parallels/liam-workspace/install/moveit_ros_planning_interface:/home/parallels/liam-workspace/install/moveit_ros_move_group:/home/parallels/liam-workspace/install/moveit_ros_warehouse:/home/parallels/liam-workspace/install/moveit_ros_robot_interaction:/home/parallels/liam-workspace/install/moveit_kinematics:/home/parallels/liam-workspace/install/moveit_ros_planning:/home/parallels/liam-workspace/install/moveit_ros_occupancy_map_monitor:/home/parallels/liam-workspace/install/moveit_core:/home/parallels/liam-workspace/install/srdfdom:/home/parallels/liam-workspace/install/moveit_common:/home/parallels/liam-workspace/install/pantilt_bot_description:/home/parallels/liam-workspace/install/open_manipulator_srt_description:/home/parallels/ws_moveit2/install/pilz_industrial_motion_planner_testutils:/home/parallels/ws_moveit2/install/moveit_runtime:/home/parallels/ws_moveit2/install/moveit2_tutorials:/home/parallels/ws_moveit2/install/moveit:/home/parallels/ws_moveit2/install/moveit_planners:/home/parallels/ws_moveit2/install/pilz_industrial_motion_planner:/home/parallels/ws_moveit2/install/moveit_visual_tools:/home/parallels/ws_moveit2/install/moveit_task_constructor_visualization:/home/parallels/ws_moveit2/install/moveit_task_constructor_demo:/home/parallels/ws_moveit2/install/moveit_task_constructor_capabilities:/home/parallels/ws_moveit2/install/moveit_task_constructor_core:/home/parallels/ws_moveit2/install/moveit_ros_control_interface:/home/parallels/ws_moveit2/install/moveit_plugins:/home/parallels/ws_moveit2/install/moveit_simple_controller_manager:/home/parallels/ws_moveit2/install/moveit_setup_assistant:/home/parallels/ws_moveit2/install/moveit_setup_srdf_plugins:/home/parallels/ws_moveit2/install/moveit_setup_core_plugins:/home/parallels/ws_moveit2/install/moveit_setup_controllers:/home/parallels/ws_moveit2/install/moveit_setup_app_plugins:/home/parallels/ws_moveit2/install/moveit_setup_framework:/home/parallels/ws_moveit2/install/moveit_servo:/home/parallels/ws_moveit2/install/moveit_ros:/home/parallels/ws_moveit2/install/moveit_ros_visualization:/home/parallels/ws_moveit2/install/moveit_hybrid_planning:/home/parallels/ws_moveit2/install/moveit_ros_planning_interface:/home/parallels/ws_moveit2/install/moveit_ros_benchmarks:/home/parallels/ws_moveit2/install/moveit_ros_warehouse:/home/parallels/ws_moveit2/install/moveit_ros_robot_interaction:/home/parallels/ws_moveit2/install/moveit_ros_perception:/home/parallels/ws_moveit2/install/moveit_resources_prbt_pg70_support:/home/parallels/ws_moveit2/install/moveit_resources_prbt_moveit_config:/home/parallels/ws_moveit2/install/moveit_ros_move_group:/home/parallels/ws_moveit2/install/moveit_planners_ompl:/home/parallels/ws_moveit2/install/moveit_ros_planning:/home/parallels/ws_moveit2/install/moveit_ros_occupancy_map_monitor:/home/parallels/ws_moveit2/install/moveit_resources_prbt_ikfast_manipulator_plugin:/home/parallels/ws_moveit2/install/moveit_planners_chomp:/home/parallels/ws_moveit2/install/moveit_kinematics:/home/parallels/ws_moveit2/install/moveit_chomp_optimizer_adapter:/home/parallels/ws_moveit2/install/chomp_motion_planner:/home/parallels/ws_moveit2/install/moveit_core:/home/parallels/ws_moveit2/install/srdfdom:/home/parallels/ws_moveit2/install/rviz_marker_tools:/home/parallels/ws_moveit2/install/rosparam_shortcuts:/home/parallels/ws_moveit2/install/pantilt_bot_description:/home/parallels/ws_moveit2/install/open_manipulator_x_description:/home/parallels/ws_moveit2/install/moveit_task_constructor_msgs:/home/parallels/ws_moveit2/install/moveit_resources_prbt_support:/home/parallels/ws_moveit2/install/moveit_resources:/home/parallels/ws_moveit2/install/moveit_resources_pr2_description:/home/parallels/ws_moveit2/install/moveit_resources_panda_moveit_config:/home/parallels/ws_moveit2/install/moveit_resources_panda_description:/home/parallels/ws_moveit2/install/moveit_resources_fanuc_moveit_config:/home/parallels/ws_moveit2/install/moveit_resources_fanuc_description:/home/parallels/ws_moveit2/install/moveit_common:/home/parallels/ws_moveit2/install/dynamixel_workbench:/home/parallels/ws_moveit2/install/dynamixel_hardware:/home/parallels/ws_moveit2/install/dynamixel_workbench_toolbox:/home/parallels/ws_moveit2/install/dynamixel_workbench_msgs:/home/parallels/ws_moveit2/install/moveit_configs_utils:/home/parallels/ws_moveit2/install/launch_param_builder:/opt/ros/humble LD_LIBRARY_PATH=/home/parallels/liam-workspace/install/moveit_ros_planning_interface/lib:/home/parallels/liam-workspace/install/moveit_ros_move_group/lib:/home/parallels/liam-workspace/install/moveit_ros_warehouse/lib:/home/parallels/liam-workspace/install/moveit_ros_robot_interaction/lib:/home/parallels/liam-workspace/install/moveit_kinematics/lib:/home/parallels/liam-workspace/install/moveit_ros_planning/lib:/home/parallels/liam-workspace/install/moveit_ros_occupancy_map_monitor/lib:/home/parallels/liam-workspace/install/moveit_core/lib:/home/parallels/liam-workspace/install/srdfdom/lib:${LD_LIBRARY_PATH} PATH=/home/parallels/liam-workspace/install/moveit_core/bin:${PATH} PYTHONPATH=/home/parallels/liam-workspace/install/srdfdom/local/lib/python3.10/dist-packages:${PYTHONPATH} /usr/bin/cmake --build /home/parallels/liam-workspace/build/moveit_ros_visualization -- -j8 -l8
[161.239s] Invoking command in '/home/parallels/liam-workspace/build/moveit_ros_visualization': AMENT_PREFIX_PATH=/home/parallels/liam-workspace/install/moveit_ros_planning_interface:/home/parallels/liam-workspace/install/moveit_ros_move_group:/home/parallels/liam-workspace/install/moveit_ros_warehouse:/home/parallels/liam-workspace/install/moveit_ros_robot_interaction:/home/parallels/liam-workspace/install/moveit_kinematics:/home/parallels/liam-workspace/install/moveit_ros_planning:/home/parallels/liam-workspace/install/moveit_ros_occupancy_map_monitor:/home/parallels/liam-workspace/install/moveit_core:/home/parallels/liam-workspace/install/srdfdom:/home/parallels/liam-workspace/install/moveit_common:${AMENT_PREFIX_PATH} CMAKE_PREFIX_PATH=/home/parallels/liam-workspace/install/moveit_ros_planning_interface:/home/parallels/liam-workspace/install/moveit_ros_move_group:/home/parallels/liam-workspace/install/moveit_ros_warehouse:/home/parallels/liam-workspace/install/moveit_ros_robot_interaction:/home/parallels/liam-workspace/install/moveit_kinematics:/home/parallels/liam-workspace/install/moveit_ros_planning:/home/parallels/liam-workspace/install/moveit_ros_occupancy_map_monitor:/home/parallels/liam-workspace/install/moveit_core:/home/parallels/liam-workspace/install/srdfdom:/home/parallels/liam-workspace/install/moveit_common:/home/parallels/liam-workspace/install/pantilt_bot_description:/home/parallels/liam-workspace/install/open_manipulator_srt_description:/home/parallels/ws_moveit2/install/pilz_industrial_motion_planner_testutils:/home/parallels/ws_moveit2/install/moveit_runtime:/home/parallels/ws_moveit2/install/moveit2_tutorials:/home/parallels/ws_moveit2/install/moveit:/home/parallels/ws_moveit2/install/moveit_planners:/home/parallels/ws_moveit2/install/pilz_industrial_motion_planner:/home/parallels/ws_moveit2/install/moveit_visual_tools:/home/parallels/ws_moveit2/install/moveit_task_constructor_visualization:/home/parallels/ws_moveit2/install/moveit_task_constructor_demo:/home/parallels/ws_moveit2/install/moveit_task_constructor_capabilities:/home/parallels/ws_moveit2/install/moveit_task_constructor_core:/home/parallels/ws_moveit2/install/moveit_ros_control_interface:/home/parallels/ws_moveit2/install/moveit_plugins:/home/parallels/ws_moveit2/install/moveit_simple_controller_manager:/home/parallels/ws_moveit2/install/moveit_setup_assistant:/home/parallels/ws_moveit2/install/moveit_setup_srdf_plugins:/home/parallels/ws_moveit2/install/moveit_setup_core_plugins:/home/parallels/ws_moveit2/install/moveit_setup_controllers:/home/parallels/ws_moveit2/install/moveit_setup_app_plugins:/home/parallels/ws_moveit2/install/moveit_setup_framework:/home/parallels/ws_moveit2/install/moveit_servo:/home/parallels/ws_moveit2/install/moveit_ros:/home/parallels/ws_moveit2/install/moveit_ros_visualization:/home/parallels/ws_moveit2/install/moveit_hybrid_planning:/home/parallels/ws_moveit2/install/moveit_ros_planning_interface:/home/parallels/ws_moveit2/install/moveit_ros_benchmarks:/home/parallels/ws_moveit2/install/moveit_ros_warehouse:/home/parallels/ws_moveit2/install/moveit_ros_robot_interaction:/home/parallels/ws_moveit2/install/moveit_ros_perception:/home/parallels/ws_moveit2/install/moveit_resources_prbt_pg70_support:/home/parallels/ws_moveit2/install/moveit_resources_prbt_moveit_config:/home/parallels/ws_moveit2/install/moveit_ros_move_group:/home/parallels/ws_moveit2/install/moveit_planners_ompl:/home/parallels/ws_moveit2/install/moveit_ros_planning:/home/parallels/ws_moveit2/install/moveit_ros_occupancy_map_monitor:/home/parallels/ws_moveit2/install/moveit_resources_prbt_ikfast_manipulator_plugin:/home/parallels/ws_moveit2/install/moveit_planners_chomp:/home/parallels/ws_moveit2/install/moveit_kinematics:/home/parallels/ws_moveit2/install/moveit_chomp_optimizer_adapter:/home/parallels/ws_moveit2/install/chomp_motion_planner:/home/parallels/ws_moveit2/install/moveit_core:/home/parallels/ws_moveit2/install/srdfdom:/home/parallels/ws_moveit2/install/rviz_marker_tools:/home/parallels/ws_moveit2/install/rosparam_shortcuts:/home/parallels/ws_moveit2/install/pantilt_bot_description:/home/parallels/ws_moveit2/install/open_manipulator_x_description:/home/parallels/ws_moveit2/install/moveit_task_constructor_msgs:/home/parallels/ws_moveit2/install/moveit_resources_prbt_support:/home/parallels/ws_moveit2/install/moveit_resources:/home/parallels/ws_moveit2/install/moveit_resources_pr2_description:/home/parallels/ws_moveit2/install/moveit_resources_panda_moveit_config:/home/parallels/ws_moveit2/install/moveit_resources_panda_description:/home/parallels/ws_moveit2/install/moveit_resources_fanuc_moveit_config:/home/parallels/ws_moveit2/install/moveit_resources_fanuc_description:/home/parallels/ws_moveit2/install/moveit_common:/home/parallels/ws_moveit2/install/dynamixel_workbench:/home/parallels/ws_moveit2/install/dynamixel_hardware:/home/parallels/ws_moveit2/install/dynamixel_workbench_toolbox:/home/parallels/ws_moveit2/install/dynamixel_workbench_msgs:/home/parallels/ws_moveit2/install/moveit_configs_utils:/home/parallels/ws_moveit2/install/launch_param_builder:/opt/ros/humble LD_LIBRARY_PATH=/home/parallels/liam-workspace/install/moveit_ros_planning_interface/lib:/home/parallels/liam-workspace/install/moveit_ros_move_group/lib:/home/parallels/liam-workspace/install/moveit_ros_warehouse/lib:/home/parallels/liam-workspace/install/moveit_ros_robot_interaction/lib:/home/parallels/liam-workspace/install/moveit_kinematics/lib:/home/parallels/liam-workspace/install/moveit_ros_planning/lib:/home/parallels/liam-workspace/install/moveit_ros_occupancy_map_monitor/lib:/home/parallels/liam-workspace/install/moveit_core/lib:/home/parallels/liam-workspace/install/srdfdom/lib:${LD_LIBRARY_PATH} PATH=/home/parallels/liam-workspace/install/moveit_core/bin:${PATH} PYTHONPATH=/home/parallels/liam-workspace/install/srdfdom/local/lib/python3.10/dist-packages:${PYTHONPATH} /usr/bin/cmake --install /home/parallels/liam-workspace/build/moveit_ros_visualization
[161.246s] -- Install configuration: "Release"
[161.246s] -- Installing: /home/parallels/liam-workspace/install/moveit_ros_visualization/include
[161.246s] -- Installing: /home/parallels/liam-workspace/install/moveit_ros_visualization/include/moveit
[161.247s] -- Installing: /home/parallels/liam-workspace/install/moveit_ros_visualization/include/moveit/rviz_plugin_render_tools
[161.247s] -- Installing: /home/parallels/liam-workspace/install/moveit_ros_visualization/include/moveit/rviz_plugin_render_tools/planning_scene_render.h
[161.247s] -- Installing: /home/parallels/liam-workspace/install/moveit_ros_visualization/include/moveit/rviz_plugin_render_tools/trajectory_visualization.h
[161.247s] -- Installing: /home/parallels/liam-workspace/install/moveit_ros_visualization/include/moveit/rviz_plugin_render_tools/octomap_render.h
[161.247s] -- Installing: /home/parallels/liam-workspace/install/moveit_ros_visualization/include/moveit/rviz_plugin_render_tools/render_shapes.h
[161.247s] -- Installing: /home/parallels/liam-workspace/install/moveit_ros_visualization/include/moveit/rviz_plugin_render_tools/robot_state_visualization.h
[161.247s] -- Installing: /home/parallels/liam-workspace/install/moveit_ros_visualization/include/moveit/rviz_plugin_render_tools/trajectory_panel.h
[161.247s] -- Installing: /home/parallels/liam-workspace/install/moveit_ros_visualization/include/moveit/rviz_plugin_render_tools/planning_link_updater.h
[161.247s] -- Installing: /home/parallels/liam-workspace/install/moveit_ros_visualization/include/ogre_helpers
[161.247s] -- Installing: /home/parallels/liam-workspace/install/moveit_ros_visualization/include/ogre_helpers/mesh_shape.hpp
[161.247s] -- Up-to-date: /home/parallels/liam-workspace/install/moveit_ros_visualization/include
[161.247s] -- Up-to-date: /home/parallels/liam-workspace/install/moveit_ros_visualization/include/moveit
[161.247s] -- Installing: /home/parallels/liam-workspace/install/moveit_ros_visualization/include/moveit/robot_state_rviz_plugin
[161.247s] -- Installing: /home/parallels/liam-workspace/install/moveit_ros_visualization/include/moveit/robot_state_rviz_plugin/robot_state_display.h
[161.247s] -- Up-to-date: /home/parallels/liam-workspace/install/moveit_ros_visualization/include
[161.247s] -- Up-to-date: /home/parallels/liam-workspace/install/moveit_ros_visualization/include/moveit
[161.247s] -- Installing: /home/parallels/liam-workspace/install/moveit_ros_visualization/include/moveit/planning_scene_rviz_plugin
[161.247s] -- Installing: /home/parallels/liam-workspace/install/moveit_ros_visualization/include/moveit/planning_scene_rviz_plugin/background_processing.hpp
[161.248s] -- Installing: /home/parallels/liam-workspace/install/moveit_ros_visualization/include/moveit/planning_scene_rviz_plugin/planning_scene_display.h
[161.248s] -- Installing: /home/parallels/liam-workspace/install/moveit_ros_visualization/include/moveit_planning_scene_rviz_plugin_core_export.h
[161.248s] -- Up-to-date: /home/parallels/liam-workspace/install/moveit_ros_visualization/include
[161.248s] -- Up-to-date: /home/parallels/liam-workspace/install/moveit_ros_visualization/include/moveit
[161.248s] -- Installing: /home/parallels/liam-workspace/install/moveit_ros_visualization/include/moveit/motion_planning_rviz_plugin
[161.253s] -- Installing: /home/parallels/liam-workspace/install/moveit_ros_visualization/include/moveit/motion_planning_rviz_plugin/motion_planning_display.h
[161.253s] -- Installing: /home/parallels/liam-workspace/install/moveit_ros_visualization/include/moveit/motion_planning_rviz_plugin/motion_planning_frame.h
[161.253s] -- Installing: /home/parallels/liam-workspace/install/moveit_ros_visualization/include/moveit/motion_planning_rviz_plugin/motion_planning_param_widget.h
[161.253s] -- Installing: /home/parallels/liam-workspace/install/moveit_ros_visualization/include/moveit/motion_planning_rviz_plugin/interactive_marker_display.h
[161.253s] -- Installing: /home/parallels/liam-workspace/install/moveit_ros_visualization/include/moveit/motion_planning_rviz_plugin/motion_planning_frame_joints_widget.h
[161.253s] -- Up-to-date: /home/parallels/liam-workspace/install/moveit_ros_visualization/include
[161.253s] -- Up-to-date: /home/parallels/liam-workspace/install/moveit_ros_visualization/include/moveit
[161.254s] -- Installing: /home/parallels/liam-workspace/install/moveit_ros_visualization/include/moveit/trajectory_rviz_plugin
[161.254s] -- Installing: /home/parallels/liam-workspace/install/moveit_ros_visualization/include/moveit/trajectory_rviz_plugin/trajectory_display.h
[161.254s] -- Installing: /home/parallels/liam-workspace/install/moveit_ros_visualization/share/moveit_ros_visualization/icons
[161.254s] -- Installing: /home/parallels/liam-workspace/install/moveit_ros_visualization/share/moveit_ros_visualization/icons/classes
[161.254s] -- Installing: /home/parallels/liam-workspace/install/moveit_ros_visualization/share/moveit_ros_visualization/icons/classes/MotionPlanning.png
[161.254s] -- Installing: /home/parallels/liam-workspace/install/moveit_ros_visualization/share/moveit_ros_visualization/icons/classes/Trajectory.png
[161.255s] -- Installing: /home/parallels/liam-workspace/install/moveit_ros_visualization/share/moveit_ros_visualization/icons/classes/RobotState.png
[161.255s] -- Installing: /home/parallels/liam-workspace/install/moveit_ros_visualization/share/moveit_ros_visualization/icons/classes/PlanningScene.png
[161.255s] -- Installing: /home/parallels/liam-workspace/install/moveit_ros_visualization/share/moveit_ros_visualization/motion_planning_rviz_plugin_description.xml
[161.255s] -- Installing: /home/parallels/liam-workspace/install/moveit_ros_visualization/share/moveit_ros_visualization/trajectory_rviz_plugin_description.xml
[161.256s] -- Installing: /home/parallels/liam-workspace/install/moveit_ros_visualization/share/moveit_ros_visualization/planning_scene_rviz_plugin_description.xml
[161.256s] -- Installing: /home/parallels/liam-workspace/install/moveit_ros_visualization/share/moveit_ros_visualization/robot_state_rviz_plugin_description.xml
[161.257s] -- Installing: /home/parallels/liam-workspace/install/moveit_ros_visualization/lib/libmoveit_motion_planning_rviz_plugin.so.2.5.5
[161.257s] -- Set runtime path of "/home/parallels/liam-workspace/install/moveit_ros_visualization/lib/libmoveit_motion_planning_rviz_plugin.so.2.5.5" to ""
[161.257s] -- Installing: /home/parallels/liam-workspace/install/moveit_ros_visualization/lib/libmoveit_motion_planning_rviz_plugin.so
[161.257s] -- Installing: /home/parallels/liam-workspace/install/moveit_ros_visualization/lib/libmoveit_motion_planning_rviz_plugin_core.so.2.5.5
[161.260s] -- Set runtime path of "/home/parallels/liam-workspace/install/moveit_ros_visualization/lib/libmoveit_motion_planning_rviz_plugin_core.so.2.5.5" to ""
[161.260s] -- Installing: /home/parallels/liam-workspace/install/moveit_ros_visualization/lib/libmoveit_motion_planning_rviz_plugin_core.so
[161.260s] -- Installing: /home/parallels/liam-workspace/install/moveit_ros_visualization/lib/libmoveit_planning_scene_rviz_plugin.so.2.5.5
[161.260s] -- Set runtime path of "/home/parallels/liam-workspace/install/moveit_ros_visualization/lib/libmoveit_planning_scene_rviz_plugin.so.2.5.5" to ""
[161.260s] -- Installing: /home/parallels/liam-workspace/install/moveit_ros_visualization/lib/libmoveit_planning_scene_rviz_plugin.so
[161.260s] -- Installing: /home/parallels/liam-workspace/install/moveit_ros_visualization/lib/libmoveit_planning_scene_rviz_plugin_core.so.2.5.5
[161.260s] -- Set runtime path of "/home/parallels/liam-workspace/install/moveit_ros_visualization/lib/libmoveit_planning_scene_rviz_plugin_core.so.2.5.5" to ""
[161.260s] -- Installing: /home/parallels/liam-workspace/install/moveit_ros_visualization/lib/libmoveit_planning_scene_rviz_plugin_core.so
[161.260s] -- Installing: /home/parallels/liam-workspace/install/moveit_ros_visualization/lib/libmoveit_robot_state_rviz_plugin.so.2.5.5
[161.260s] -- Set runtime path of "/home/parallels/liam-workspace/install/moveit_ros_visualization/lib/libmoveit_robot_state_rviz_plugin.so.2.5.5" to ""
[161.261s] -- Installing: /home/parallels/liam-workspace/install/moveit_ros_visualization/lib/libmoveit_robot_state_rviz_plugin.so
[161.261s] -- Installing: /home/parallels/liam-workspace/install/moveit_ros_visualization/lib/libmoveit_robot_state_rviz_plugin_core.so.2.5.5
[161.261s] -- Set runtime path of "/home/parallels/liam-workspace/install/moveit_ros_visualization/lib/libmoveit_robot_state_rviz_plugin_core.so.2.5.5" to ""
[161.261s] -- Installing: /home/parallels/liam-workspace/install/moveit_ros_visualization/lib/libmoveit_robot_state_rviz_plugin_core.so
[161.261s] -- Installing: /home/parallels/liam-workspace/install/moveit_ros_visualization/lib/libmoveit_rviz_plugin_render_tools.so.2.5.5
[161.262s] -- Set runtime path of "/home/parallels/liam-workspace/install/moveit_ros_visualization/lib/libmoveit_rviz_plugin_render_tools.so.2.5.5" to ""
[161.262s] -- Installing: /home/parallels/liam-workspace/install/moveit_ros_visualization/lib/libmoveit_rviz_plugin_render_tools.so
[161.262s] -- Installing: /home/parallels/liam-workspace/install/moveit_ros_visualization/lib/libmoveit_trajectory_rviz_plugin.so.2.5.5
[161.263s] -- Set runtime path of "/home/parallels/liam-workspace/install/moveit_ros_visualization/lib/libmoveit_trajectory_rviz_plugin.so.2.5.5" to ""
[161.263s] -- Installing: /home/parallels/liam-workspace/install/moveit_ros_visualization/lib/libmoveit_trajectory_rviz_plugin.so
[161.263s] -- Installing: /home/parallels/liam-workspace/install/moveit_ros_visualization/lib/libmoveit_trajectory_rviz_plugin_core.so.2.5.5
[161.263s] -- Set runtime path of "/home/parallels/liam-workspace/install/moveit_ros_visualization/lib/libmoveit_trajectory_rviz_plugin_core.so.2.5.5" to ""
[161.263s] -- Installing: /home/parallels/liam-workspace/install/moveit_ros_visualization/lib/libmoveit_trajectory_rviz_plugin_core.so
[161.263s] -- Installing: /home/parallels/liam-workspace/install/moveit_ros_visualization/share/moveit_ros_visualization/environment/library_path.sh
[161.263s] -- Installing: /home/parallels/liam-workspace/install/moveit_ros_visualization/share/moveit_ros_visualization/environment/library_path.dsv
[161.263s] -- Installing: /home/parallels/liam-workspace/install/moveit_ros_visualization/share/ament_index/resource_index/package_run_dependencies/moveit_ros_visualization
[161.263s] -- Installing: /home/parallels/liam-workspace/install/moveit_ros_visualization/share/ament_index/resource_index/parent_prefix_path/moveit_ros_visualization
[161.263s] -- Installing: /home/parallels/liam-workspace/install/moveit_ros_visualization/share/moveit_ros_visualization/environment/ament_prefix_path.sh
[161.263s] -- Installing: /home/parallels/liam-workspace/install/moveit_ros_visualization/share/moveit_ros_visualization/environment/ament_prefix_path.dsv
[161.263s] -- Installing: /home/parallels/liam-workspace/install/moveit_ros_visualization/share/moveit_ros_visualization/environment/path.sh
[161.263s] -- Installing: /home/parallels/liam-workspace/install/moveit_ros_visualization/share/moveit_ros_visualization/environment/path.dsv
[161.264s] -- Installing: /home/parallels/liam-workspace/install/moveit_ros_visualization/share/moveit_ros_visualization/local_setup.bash
[161.264s] -- Installing: /home/parallels/liam-workspace/install/moveit_ros_visualization/share/moveit_ros_visualization/local_setup.sh
[161.264s] -- Installing: /home/parallels/liam-workspace/install/moveit_ros_visualization/share/moveit_ros_visualization/local_setup.zsh
[161.264s] -- Installing: /home/parallels/liam-workspace/install/moveit_ros_visualization/share/moveit_ros_visualization/local_setup.dsv
[161.264s] -- Installing: /home/parallels/liam-workspace/install/moveit_ros_visualization/share/moveit_ros_visualization/package.dsv
[161.264s] -- Installing: /home/parallels/liam-workspace/install/moveit_ros_visualization/share/ament_index/resource_index/packages/moveit_ros_visualization
[161.264s] -- Installing: /home/parallels/liam-workspace/install/moveit_ros_visualization/share/ament_index/resource_index/rviz_common__pluginlib__plugin/moveit_ros_visualization
[161.264s] -- Installing: /home/parallels/liam-workspace/install/moveit_ros_visualization/share/moveit_ros_visualization/cmake/export_moveit_ros_visualizationExport.cmake
[161.264s] -- Installing: /home/parallels/liam-workspace/install/moveit_ros_visualization/share/moveit_ros_visualization/cmake/export_moveit_ros_visualizationExport-release.cmake
[161.264s] -- Installing: /home/parallels/liam-workspace/install/moveit_ros_visualization/share/moveit_ros_visualization/cmake/ConfigExtras.cmake
[161.264s] -- Installing: /home/parallels/liam-workspace/install/moveit_ros_visualization/share/moveit_ros_visualization/cmake/ament_cmake_export_targets-extras.cmake
[161.264s] -- Installing: /home/parallels/liam-workspace/install/moveit_ros_visualization/share/moveit_ros_visualization/cmake/ament_cmake_export_dependencies-extras.cmake
[161.264s] -- Installing: /home/parallels/liam-workspace/install/moveit_ros_visualization/share/moveit_ros_visualization/cmake/moveit_ros_visualizationConfig.cmake
[161.264s] -- Installing: /home/parallels/liam-workspace/install/moveit_ros_visualization/share/moveit_ros_visualization/cmake/moveit_ros_visualizationConfig-version.cmake
[161.265s] -- Installing: /home/parallels/liam-workspace/install/moveit_ros_visualization/share/moveit_ros_visualization/package.xml
[161.274s] Invoked command in '/home/parallels/liam-workspace/build/moveit_ros_visualization' returned '0': AMENT_PREFIX_PATH=/home/parallels/liam-workspace/install/moveit_ros_planning_interface:/home/parallels/liam-workspace/install/moveit_ros_move_group:/home/parallels/liam-workspace/install/moveit_ros_warehouse:/home/parallels/liam-workspace/install/moveit_ros_robot_interaction:/home/parallels/liam-workspace/install/moveit_kinematics:/home/parallels/liam-workspace/install/moveit_ros_planning:/home/parallels/liam-workspace/install/moveit_ros_occupancy_map_monitor:/home/parallels/liam-workspace/install/moveit_core:/home/parallels/liam-workspace/install/srdfdom:/home/parallels/liam-workspace/install/moveit_common:${AMENT_PREFIX_PATH} CMAKE_PREFIX_PATH=/home/parallels/liam-workspace/install/moveit_ros_planning_interface:/home/parallels/liam-workspace/install/moveit_ros_move_group:/home/parallels/liam-workspace/install/moveit_ros_warehouse:/home/parallels/liam-workspace/install/moveit_ros_robot_interaction:/home/parallels/liam-workspace/install/moveit_kinematics:/home/parallels/liam-workspace/install/moveit_ros_planning:/home/parallels/liam-workspace/install/moveit_ros_occupancy_map_monitor:/home/parallels/liam-workspace/install/moveit_core:/home/parallels/liam-workspace/install/srdfdom:/home/parallels/liam-workspace/install/moveit_common:/home/parallels/liam-workspace/install/pantilt_bot_description:/home/parallels/liam-workspace/install/open_manipulator_srt_description:/home/parallels/ws_moveit2/install/pilz_industrial_motion_planner_testutils:/home/parallels/ws_moveit2/install/moveit_runtime:/home/parallels/ws_moveit2/install/moveit2_tutorials:/home/parallels/ws_moveit2/install/moveit:/home/parallels/ws_moveit2/install/moveit_planners:/home/parallels/ws_moveit2/install/pilz_industrial_motion_planner:/home/parallels/ws_moveit2/install/moveit_visual_tools:/home/parallels/ws_moveit2/install/moveit_task_constructor_visualization:/home/parallels/ws_moveit2/install/moveit_task_constructor_demo:/home/parallels/ws_moveit2/install/moveit_task_constructor_capabilities:/home/parallels/ws_moveit2/install/moveit_task_constructor_core:/home/parallels/ws_moveit2/install/moveit_ros_control_interface:/home/parallels/ws_moveit2/install/moveit_plugins:/home/parallels/ws_moveit2/install/moveit_simple_controller_manager:/home/parallels/ws_moveit2/install/moveit_setup_assistant:/home/parallels/ws_moveit2/install/moveit_setup_srdf_plugins:/home/parallels/ws_moveit2/install/moveit_setup_core_plugins:/home/parallels/ws_moveit2/install/moveit_setup_controllers:/home/parallels/ws_moveit2/install/moveit_setup_app_plugins:/home/parallels/ws_moveit2/install/moveit_setup_framework:/home/parallels/ws_moveit2/install/moveit_servo:/home/parallels/ws_moveit2/install/moveit_ros:/home/parallels/ws_moveit2/install/moveit_ros_visualization:/home/parallels/ws_moveit2/install/moveit_hybrid_planning:/home/parallels/ws_moveit2/install/moveit_ros_planning_interface:/home/parallels/ws_moveit2/install/moveit_ros_benchmarks:/home/parallels/ws_moveit2/install/moveit_ros_warehouse:/home/parallels/ws_moveit2/install/moveit_ros_robot_interaction:/home/parallels/ws_moveit2/install/moveit_ros_perception:/home/parallels/ws_moveit2/install/moveit_resources_prbt_pg70_support:/home/parallels/ws_moveit2/install/moveit_resources_prbt_moveit_config:/home/parallels/ws_moveit2/install/moveit_ros_move_group:/home/parallels/ws_moveit2/install/moveit_planners_ompl:/home/parallels/ws_moveit2/install/moveit_ros_planning:/home/parallels/ws_moveit2/install/moveit_ros_occupancy_map_monitor:/home/parallels/ws_moveit2/install/moveit_resources_prbt_ikfast_manipulator_plugin:/home/parallels/ws_moveit2/install/moveit_planners_chomp:/home/parallels/ws_moveit2/install/moveit_kinematics:/home/parallels/ws_moveit2/install/moveit_chomp_optimizer_adapter:/home/parallels/ws_moveit2/install/chomp_motion_planner:/home/parallels/ws_moveit2/install/moveit_core:/home/parallels/ws_moveit2/install/srdfdom:/home/parallels/ws_moveit2/install/rviz_marker_tools:/home/parallels/ws_moveit2/install/rosparam_shortcuts:/home/parallels/ws_moveit2/install/pantilt_bot_description:/home/parallels/ws_moveit2/install/open_manipulator_x_description:/home/parallels/ws_moveit2/install/moveit_task_constructor_msgs:/home/parallels/ws_moveit2/install/moveit_resources_prbt_support:/home/parallels/ws_moveit2/install/moveit_resources:/home/parallels/ws_moveit2/install/moveit_resources_pr2_description:/home/parallels/ws_moveit2/install/moveit_resources_panda_moveit_config:/home/parallels/ws_moveit2/install/moveit_resources_panda_description:/home/parallels/ws_moveit2/install/moveit_resources_fanuc_moveit_config:/home/parallels/ws_moveit2/install/moveit_resources_fanuc_description:/home/parallels/ws_moveit2/install/moveit_common:/home/parallels/ws_moveit2/install/dynamixel_workbench:/home/parallels/ws_moveit2/install/dynamixel_hardware:/home/parallels/ws_moveit2/install/dynamixel_workbench_toolbox:/home/parallels/ws_moveit2/install/dynamixel_workbench_msgs:/home/parallels/ws_moveit2/install/moveit_configs_utils:/home/parallels/ws_moveit2/install/launch_param_builder:/opt/ros/humble LD_LIBRARY_PATH=/home/parallels/liam-workspace/install/moveit_ros_planning_interface/lib:/home/parallels/liam-workspace/install/moveit_ros_move_group/lib:/home/parallels/liam-workspace/install/moveit_ros_warehouse/lib:/home/parallels/liam-workspace/install/moveit_ros_robot_interaction/lib:/home/parallels/liam-workspace/install/moveit_kinematics/lib:/home/parallels/liam-workspace/install/moveit_ros_planning/lib:/home/parallels/liam-workspace/install/moveit_ros_occupancy_map_monitor/lib:/home/parallels/liam-workspace/install/moveit_core/lib:/home/parallels/liam-workspace/install/srdfdom/lib:${LD_LIBRARY_PATH} PATH=/home/parallels/liam-workspace/install/moveit_core/bin:${PATH} PYTHONPATH=/home/parallels/liam-workspace/install/srdfdom/local/lib/python3.10/dist-packages:${PYTHONPATH} /usr/bin/cmake --install /home/parallels/liam-workspace/build/moveit_ros_visualization
