[0.054s] Invoking command in '/home/parallels/liam-workspace/build/moveit_core': AMENT_PREFIX_PATH=/home/parallels/liam-workspace/install/moveit_resources_panda_moveit_config:/home/parallels/liam-workspace/install/srdfdom:/home/parallels/liam-workspace/install/moveit_resources_pr2_description:/home/parallels/liam-workspace/install/moveit_resources_panda_description:/home/parallels/liam-workspace/install/moveit_common:${AMENT_PREFIX_PATH} CMAKE_PREFIX_PATH=/home/parallels/liam-workspace/install/moveit_resources_panda_moveit_config:/home/parallels/liam-workspace/install/srdfdom:/home/parallels/liam-workspace/install/moveit_resources_pr2_description:/home/parallels/liam-workspace/install/moveit_resources_panda_description:/home/parallels/liam-workspace/install/moveit_common:/home/parallels/liam-workspace/install/pantilt_bot_description:/home/parallels/liam-workspace/install/open_manipulator_srt_description:/home/parallels/ws_moveit2/install/pilz_industrial_motion_planner_testutils:/home/parallels/ws_moveit2/install/moveit_runtime:/home/parallels/ws_moveit2/install/moveit2_tutorials:/home/parallels/ws_moveit2/install/moveit:/home/parallels/ws_moveit2/install/moveit_planners:/home/parallels/ws_moveit2/install/pilz_industrial_motion_planner:/home/parallels/ws_moveit2/install/moveit_visual_tools:/home/parallels/ws_moveit2/install/moveit_task_constructor_visualization:/home/parallels/ws_moveit2/install/moveit_task_constructor_demo:/home/parallels/ws_moveit2/install/moveit_task_constructor_capabilities:/home/parallels/ws_moveit2/install/moveit_task_constructor_core:/home/parallels/ws_moveit2/install/moveit_ros_control_interface:/home/parallels/ws_moveit2/install/moveit_plugins:/home/parallels/ws_moveit2/install/moveit_simple_controller_manager:/home/parallels/ws_moveit2/install/moveit_setup_assistant:/home/parallels/ws_moveit2/install/moveit_setup_srdf_plugins:/home/parallels/ws_moveit2/install/moveit_setup_core_plugins:/home/parallels/ws_moveit2/install/moveit_setup_controllers:/home/parallels/ws_moveit2/install/moveit_setup_app_plugins:/home/parallels/ws_moveit2/install/moveit_setup_framework:/home/parallels/ws_moveit2/install/moveit_servo:/home/parallels/ws_moveit2/install/moveit_ros:/home/parallels/ws_moveit2/install/moveit_ros_visualization:/home/parallels/ws_moveit2/install/moveit_hybrid_planning:/home/parallels/ws_moveit2/install/moveit_ros_planning_interface:/home/parallels/ws_moveit2/install/moveit_ros_benchmarks:/home/parallels/ws_moveit2/install/moveit_ros_warehouse:/home/parallels/ws_moveit2/install/moveit_ros_robot_interaction:/home/parallels/ws_moveit2/install/moveit_ros_perception:/home/parallels/ws_moveit2/install/moveit_resources_prbt_pg70_support:/home/parallels/ws_moveit2/install/moveit_resources_prbt_moveit_config:/home/parallels/ws_moveit2/install/moveit_ros_move_group:/home/parallels/ws_moveit2/install/moveit_planners_ompl:/home/parallels/ws_moveit2/install/moveit_ros_planning:/home/parallels/ws_moveit2/install/moveit_ros_occupancy_map_monitor:/home/parallels/ws_moveit2/install/moveit_resources_prbt_ikfast_manipulator_plugin:/home/parallels/ws_moveit2/install/moveit_planners_chomp:/home/parallels/ws_moveit2/install/moveit_kinematics:/home/parallels/ws_moveit2/install/moveit_chomp_optimizer_adapter:/home/parallels/ws_moveit2/install/chomp_motion_planner:/home/parallels/ws_moveit2/install/moveit_core:/home/parallels/ws_moveit2/install/srdfdom:/home/parallels/ws_moveit2/install/rviz_marker_tools:/home/parallels/ws_moveit2/install/rosparam_shortcuts:/home/parallels/ws_moveit2/install/pantilt_bot_description:/home/parallels/ws_moveit2/install/open_manipulator_x_description:/home/parallels/ws_moveit2/install/moveit_task_constructor_msgs:/home/parallels/ws_moveit2/install/moveit_resources_prbt_support:/home/parallels/ws_moveit2/install/moveit_resources:/home/parallels/ws_moveit2/install/moveit_resources_pr2_description:/home/parallels/ws_moveit2/install/moveit_resources_panda_moveit_config:/home/parallels/ws_moveit2/install/moveit_resources_panda_description:/home/parallels/ws_moveit2/install/moveit_resources_fanuc_moveit_config:/home/parallels/ws_moveit2/install/moveit_resources_fanuc_description:/home/parallels/ws_moveit2/install/moveit_common:/home/parallels/ws_moveit2/install/dynamixel_workbench:/home/parallels/ws_moveit2/install/dynamixel_hardware:/home/parallels/ws_moveit2/install/dynamixel_workbench_toolbox:/home/parallels/ws_moveit2/install/dynamixel_workbench_msgs:/home/parallels/ws_moveit2/install/moveit_configs_utils:/home/parallels/ws_moveit2/install/launch_param_builder:/opt/ros/humble LD_LIBRARY_PATH=/home/parallels/liam-workspace/install/srdfdom/lib:${LD_LIBRARY_PATH} PYTHONPATH=/home/parallels/liam-workspace/install/srdfdom/local/lib/python3.10/dist-packages:${PYTHONPATH} /usr/bin/cmake /home/parallels/liam-workspace/src/moveit2/moveit_core -DCMAKE_INSTALL_PREFIX=/home/parallels/liam-workspace/install/moveit_core
[0.206s] -- The CXX compiler identification is GNU 11.4.0
[0.229s] -- Detecting CXX compiler ABI info
[0.486s] -- Detecting CXX compiler ABI info - done
[0.490s] -- Check for working CXX compiler: /usr/bin/c++ - skipped
[0.490s] -- Detecting CXX compile features
[0.491s] -- Detecting CXX compile features - done
[0.491s] -- Found moveit_common: 2.5.5 (/home/parallels/liam-workspace/install/moveit_common/share/moveit_common/cmake)
[0.497s] -- Found ament_cmake: 1.3.9 (/opt/ros/humble/share/ament_cmake/cmake)
[0.780s] -- Found Python3: /usr/bin/python3 (found version "3.10.12") found components: Interpreter 
[1.099s] -- Found libdw: /usr/lib/aarch64-linux-gnu/libdw.so  
[1.105s] -- Could NOT find libbfd (missing: LIBBFD_LIBRARY LIBBFD_INCLUDE_DIR) 
[1.123s] -- BACKWARD_HAS_UNWIND=1
[1.123s] -- BACKWARD_HAS_BACKTRACE=0
[1.123s] -- BACKWARD_HAS_BACKTRACE_SYMBOL=0
[1.123s] -- BACKWARD_HAS_DW=1
[1.123s] -- BACKWARD_HAS_BFD=0
[1.123s] -- Found Backward: /opt/ros/humble/share/backward_ros/cmake  
[1.123s] [0mmoveit_core: You did not request a specific build type: Choosing 'Release' for maximum performance[0m
[1.145s] -- Found angles: 1.15.0 (/opt/ros/humble/share/angles/cmake)
[1.189s] -- Found Bullet: /usr/lib/aarch64-linux-gnu/libBulletDynamics.so (Required is at least version "2.87") 
[1.210s] -- Found common_interfaces: 4.2.3 (/opt/ros/humble/share/common_interfaces/cmake)
[1.222s] -- Found eigen_stl_containers: 1.0.0 (/opt/ros/humble/share/eigen_stl_containers/cmake)
[1.241s] -- Found eigen3_cmake_module: 0.1.1 (/opt/ros/humble/share/eigen3_cmake_module/cmake)
[1.270s] -- Found Eigen3: TRUE (found version "3.4.0") 
[1.303s] -- Found generate_parameter_library: 0.3.8 (/opt/ros/humble/share/generate_parameter_library/cmake)
[1.335s] -- Found parameter_traits: 0.3.8 (/opt/ros/humble/share/parameter_traits/cmake)
[1.475s] -- Found rosidl_generator_c: 3.1.5 (/opt/ros/humble/share/rosidl_generator_c/cmake)
[1.492s] -- Found rosidl_adapter: 3.1.5 (/opt/ros/humble/share/rosidl_adapter/cmake)
[1.523s] -- Found rosidl_generator_cpp: 3.1.5 (/opt/ros/humble/share/rosidl_generator_cpp/cmake)
[1.550s] -- Using all available rosidl_typesupport_c: rosidl_typesupport_fastrtps_c;rosidl_typesupport_introspection_c
[1.605s] -- Using all available rosidl_typesupport_cpp: rosidl_typesupport_fastrtps_cpp;rosidl_typesupport_introspection_cpp
[1.786s] -- Found rmw_implementation_cmake: 6.1.2 (/opt/ros/humble/share/rmw_implementation_cmake/cmake)
[1.807s] -- Found rmw_fastrtps_cpp: 6.2.6 (/opt/ros/humble/share/rmw_fastrtps_cpp/cmake)
[2.162s] -- Found OpenSSL: /usr/lib/aarch64-linux-gnu/libcrypto.so (found version "3.0.2")  
[2.216s] -- Found FastRTPS: /opt/ros/humble/include  
[2.343s] -- Using RMW implementation 'rmw_fastrtps_cpp' as default
[2.396s] -- Looking for C++ include pthread.h
[2.645s] -- Looking for C++ include pthread.h - found
[2.645s] -- Performing Test CMAKE_HAVE_LIBC_PTHREAD
[2.840s] -- Performing Test CMAKE_HAVE_LIBC_PTHREAD - Success
[2.841s] -- Found Threads: TRUE  
[3.201s] -- Found rclcpp_lifecycle: 16.0.9 (/opt/ros/humble/share/rclcpp_lifecycle/cmake)
[3.318s] -- Found geometric_shapes: 2.1.3 (/opt/ros/humble/share/geometric_shapes/cmake)
[3.349s] -- Found Boost: /usr/lib/aarch64-linux-gnu/cmake/Boost-1.74.0/BoostConfig.cmake (found version "1.74.0") found components: filesystem 
[3.862s] -- library: /usr/lib/aarch64-linux-gnu/libcurl.so
[4.157s] -- Found kdl_parser: 2.6.4 (/opt/ros/humble/share/kdl_parser/cmake)
[4.172s] -- Ensuring Eigen3 include directory is part of orocos-kdl CMake target
[4.183s] -- Found moveit_msgs: 2.2.1 (/opt/ros/humble/share/moveit_msgs/cmake)
[4.635s] -- Found pluginlib: 5.1.0 (/opt/ros/humble/share/pluginlib/cmake)
[4.686s] -- Found srdfdom: 2.0.4 (/home/parallels/liam-workspace/install/srdfdom/share/srdfdom/cmake)
[4.736s] -- Found tf2_eigen: 0.25.6 (/opt/ros/humble/share/tf2_eigen/cmake)
[5.187s] -- Found tf2_geometry_msgs: 0.25.6 (/opt/ros/humble/share/tf2_geometry_msgs/cmake)
[5.203s] -- Found tf2_kdl: 0.25.6 (/opt/ros/humble/share/tf2_kdl/cmake)
[5.337s] -- Found Boost: /usr/lib/aarch64-linux-gnu/cmake/Boost-1.74.0/BoostConfig.cmake (found version "1.74.0") found components: chrono date_time filesystem iostreams program_options regex serialization system thread 
[5.338s] --  *** Building MoveIt 2.5.5-Alpha ***
[5.345s] -- Performing Test COMPILER_HAS_HIDDEN_VISIBILITY
[5.551s] -- Performing Test COMPILER_HAS_HIDDEN_VISIBILITY - Success
[5.551s] -- Performing Test COMPILER_HAS_HIDDEN_INLINE_VISIBILITY
[5.740s] -- Performing Test COMPILER_HAS_HIDDEN_INLINE_VISIBILITY - Success
[5.740s] -- Performing Test COMPILER_HAS_DEPRECATED_ATTR
[6.027s] -- Performing Test COMPILER_HAS_DEPRECATED_ATTR - Success
[6.042s] -- Found ament_cmake_gtest: 1.3.9 (/opt/ros/humble/share/ament_cmake_gtest/cmake)
[6.047s] -- Found gtest sources under '/opt/ros/humble/src/gtest_vendor': C++ tests using 'Google Test' will be built
[6.188s] -- The C compiler identification is GNU 11.4.0
[6.199s] -- Detecting C compiler ABI info
[6.460s] -- Detecting C compiler ABI info - done
[6.463s] -- Check for working C compiler: /usr/bin/cc - skipped
[6.464s] -- Detecting C compile features
[6.464s] -- Detecting C compile features - done
[6.502s] -- Found ament_cmake_gmock: 1.3.9 (/opt/ros/humble/share/ament_cmake_gmock/cmake)
[6.528s] -- Found gmock sources under '/opt/ros/humble/src/gmock_vendor': C++ tests using 'Google Mock' will be built
[6.530s] -- Found ament_cmake_gtest: 1.3.9 (/opt/ros/humble/share/ament_cmake_gtest/cmake)
[6.530s] -- Found gtest sources under '/opt/ros/humble/src/gtest_vendor': C++ tests using 'Google Test' will be built
[6.561s] -- Found ament_cmake_gtest: 1.3.9 (/opt/ros/humble/share/ament_cmake_gtest/cmake)
[6.561s] -- Found gtest sources under '/opt/ros/humble/src/gtest_vendor': C++ tests using 'Google Test' will be built
[6.646s] -- Found ament_cmake_gtest: 1.3.9 (/opt/ros/humble/share/ament_cmake_gtest/cmake)
[6.646s] -- Found gtest sources under '/opt/ros/humble/src/gtest_vendor': C++ tests using 'Google Test' will be built
[6.688s] -- Found ament_lint_auto: 0.12.11 (/opt/ros/humble/share/ament_lint_auto/cmake)
[6.689s] -- Found ament_cmake_gtest: 1.3.9 (/opt/ros/humble/share/ament_cmake_gtest/cmake)
[6.689s] -- Found gtest sources under '/opt/ros/humble/src/gtest_vendor': C++ tests using 'Google Test' will be built
[6.748s] -- Found ament_cmake_gtest: 1.3.9 (/opt/ros/humble/share/ament_cmake_gtest/cmake)
[6.749s] -- Found gtest sources under '/opt/ros/humble/src/gtest_vendor': C++ tests using 'Google Test' will be built
[6.789s] -- Found ament_cmake_gtest: 1.3.9 (/opt/ros/humble/share/ament_cmake_gtest/cmake)
[6.790s] -- Found gtest sources under '/opt/ros/humble/src/gtest_vendor': C++ tests using 'Google Test' will be built
[6.828s] -- Found ament_cmake_gtest: 1.3.9 (/opt/ros/humble/share/ament_cmake_gtest/cmake)
[6.829s] -- Found gtest sources under '/opt/ros/humble/src/gtest_vendor': C++ tests using 'Google Test' will be built
[6.859s] -- Found gtest sources under '/opt/ros/humble/src/gtest_vendor': C++ tests using 'Google Test' will be built
[6.882s] -- Found gtest sources under '/opt/ros/humble/src/gtest_vendor': C++ tests using 'Google Test' will be built
[6.922s] -- Found ament_cmake_gtest: 1.3.9 (/opt/ros/humble/share/ament_cmake_gtest/cmake)
[6.922s] -- Found gtest sources under '/opt/ros/humble/src/gtest_vendor': C++ tests using 'Google Test' will be built
[7.002s] -- Found gtest sources under '/opt/ros/humble/src/gtest_vendor': C++ tests using 'Google Test' will be built
[7.049s] -- Found gtest sources under '/opt/ros/humble/src/gtest_vendor': C++ tests using 'Google Test' will be built
[7.091s] -- Found gtest sources under '/opt/ros/humble/src/gtest_vendor': C++ tests using 'Google Test' will be built
[7.096s] -- Found ament_lint_auto: 0.12.11 (/opt/ros/humble/share/ament_lint_auto/cmake)
[7.165s] -- Added test 'cppcheck' to perform static code analysis on C / C++ code
[7.166s] -- Configured cppcheck include dirs: /home/parallels/liam-workspace/src/moveit2/moveit_core/exceptions/include;/home/parallels/liam-workspace/src/moveit2/moveit_core/collision_detection/include;/home/parallels/liam-workspace/src/moveit2/moveit_core/collision_detection_fcl/include;/home/parallels/liam-workspace/src/moveit2/moveit_core/collision_detection_bullet/include;/home/parallels/liam-workspace/src/moveit2/moveit_core/constraint_samplers/include;/home/parallels/liam-workspace/src/moveit2/moveit_core/controller_manager/include;/home/parallels/liam-workspace/src/moveit2/moveit_core/distance_field/include;/home/parallels/liam-workspace/src/moveit2/moveit_core/collision_distance_field/include;/home/parallels/liam-workspace/src/moveit2/moveit_core/dynamics_solver/include;/home/parallels/liam-workspace/src/moveit2/moveit_core/kinematics_base/include;/home/parallels/liam-workspace/src/moveit2/moveit_core/kinematics_metrics/include;/home/parallels/liam-workspace/src/moveit2/moveit_core/robot_model/include;/home/parallels/liam-workspace/src/moveit2/moveit_core/transforms/include;/home/parallels/liam-workspace/src/moveit2/moveit_core/robot_state/include;/home/parallels/liam-workspace/src/moveit2/moveit_core/robot_trajectory/include;/home/parallels/liam-workspace/src/moveit2/moveit_core/kinematic_constraints/include;/home/parallels/liam-workspace/src/moveit2/moveit_core/macros/include;/home/parallels/liam-workspace/src/moveit2/moveit_core/online_signal_smoothing/include;/home/parallels/liam-workspace/src/moveit2/moveit_core/planning_interface/include;/home/parallels/liam-workspace/src/moveit2/moveit_core/planning_request_adapter/include;/home/parallels/liam-workspace/src/moveit2/moveit_core/planning_scene/include;/home/parallels/liam-workspace/src/moveit2/moveit_core/sensor_manager/include;/home/parallels/liam-workspace/src/moveit2/moveit_core/trajectory_processing/include;/home/parallels/liam-workspace/src/moveit2/moveit_core/utils/include
[7.166s] -- Configured cppcheck exclude dirs and/or files: 
[7.168s] -- Added test 'pep257' to check Python code against some of the docstring style conventions in PEP 257
[7.170s] -- Added test 'xmllint' to check XML markup files
[7.172s] -- Configuring done
[7.667s] -- Generating done
[7.672s] -- Build files have been written to: /home/parallels/liam-workspace/build/moveit_core
[7.703s] Invoked command in '/home/parallels/liam-workspace/build/moveit_core' returned '0': AMENT_PREFIX_PATH=/home/parallels/liam-workspace/install/moveit_resources_panda_moveit_config:/home/parallels/liam-workspace/install/srdfdom:/home/parallels/liam-workspace/install/moveit_resources_pr2_description:/home/parallels/liam-workspace/install/moveit_resources_panda_description:/home/parallels/liam-workspace/install/moveit_common:${AMENT_PREFIX_PATH} CMAKE_PREFIX_PATH=/home/parallels/liam-workspace/install/moveit_resources_panda_moveit_config:/home/parallels/liam-workspace/install/srdfdom:/home/parallels/liam-workspace/install/moveit_resources_pr2_description:/home/parallels/liam-workspace/install/moveit_resources_panda_description:/home/parallels/liam-workspace/install/moveit_common:/home/parallels/liam-workspace/install/pantilt_bot_description:/home/parallels/liam-workspace/install/open_manipulator_srt_description:/home/parallels/ws_moveit2/install/pilz_industrial_motion_planner_testutils:/home/parallels/ws_moveit2/install/moveit_runtime:/home/parallels/ws_moveit2/install/moveit2_tutorials:/home/parallels/ws_moveit2/install/moveit:/home/parallels/ws_moveit2/install/moveit_planners:/home/parallels/ws_moveit2/install/pilz_industrial_motion_planner:/home/parallels/ws_moveit2/install/moveit_visual_tools:/home/parallels/ws_moveit2/install/moveit_task_constructor_visualization:/home/parallels/ws_moveit2/install/moveit_task_constructor_demo:/home/parallels/ws_moveit2/install/moveit_task_constructor_capabilities:/home/parallels/ws_moveit2/install/moveit_task_constructor_core:/home/parallels/ws_moveit2/install/moveit_ros_control_interface:/home/parallels/ws_moveit2/install/moveit_plugins:/home/parallels/ws_moveit2/install/moveit_simple_controller_manager:/home/parallels/ws_moveit2/install/moveit_setup_assistant:/home/parallels/ws_moveit2/install/moveit_setup_srdf_plugins:/home/parallels/ws_moveit2/install/moveit_setup_core_plugins:/home/parallels/ws_moveit2/install/moveit_setup_controllers:/home/parallels/ws_moveit2/install/moveit_setup_app_plugins:/home/parallels/ws_moveit2/install/moveit_setup_framework:/home/parallels/ws_moveit2/install/moveit_servo:/home/parallels/ws_moveit2/install/moveit_ros:/home/parallels/ws_moveit2/install/moveit_ros_visualization:/home/parallels/ws_moveit2/install/moveit_hybrid_planning:/home/parallels/ws_moveit2/install/moveit_ros_planning_interface:/home/parallels/ws_moveit2/install/moveit_ros_benchmarks:/home/parallels/ws_moveit2/install/moveit_ros_warehouse:/home/parallels/ws_moveit2/install/moveit_ros_robot_interaction:/home/parallels/ws_moveit2/install/moveit_ros_perception:/home/parallels/ws_moveit2/install/moveit_resources_prbt_pg70_support:/home/parallels/ws_moveit2/install/moveit_resources_prbt_moveit_config:/home/parallels/ws_moveit2/install/moveit_ros_move_group:/home/parallels/ws_moveit2/install/moveit_planners_ompl:/home/parallels/ws_moveit2/install/moveit_ros_planning:/home/parallels/ws_moveit2/install/moveit_ros_occupancy_map_monitor:/home/parallels/ws_moveit2/install/moveit_resources_prbt_ikfast_manipulator_plugin:/home/parallels/ws_moveit2/install/moveit_planners_chomp:/home/parallels/ws_moveit2/install/moveit_kinematics:/home/parallels/ws_moveit2/install/moveit_chomp_optimizer_adapter:/home/parallels/ws_moveit2/install/chomp_motion_planner:/home/parallels/ws_moveit2/install/moveit_core:/home/parallels/ws_moveit2/install/srdfdom:/home/parallels/ws_moveit2/install/rviz_marker_tools:/home/parallels/ws_moveit2/install/rosparam_shortcuts:/home/parallels/ws_moveit2/install/pantilt_bot_description:/home/parallels/ws_moveit2/install/open_manipulator_x_description:/home/parallels/ws_moveit2/install/moveit_task_constructor_msgs:/home/parallels/ws_moveit2/install/moveit_resources_prbt_support:/home/parallels/ws_moveit2/install/moveit_resources:/home/parallels/ws_moveit2/install/moveit_resources_pr2_description:/home/parallels/ws_moveit2/install/moveit_resources_panda_moveit_config:/home/parallels/ws_moveit2/install/moveit_resources_panda_description:/home/parallels/ws_moveit2/install/moveit_resources_fanuc_moveit_config:/home/parallels/ws_moveit2/install/moveit_resources_fanuc_description:/home/parallels/ws_moveit2/install/moveit_common:/home/parallels/ws_moveit2/install/dynamixel_workbench:/home/parallels/ws_moveit2/install/dynamixel_hardware:/home/parallels/ws_moveit2/install/dynamixel_workbench_toolbox:/home/parallels/ws_moveit2/install/dynamixel_workbench_msgs:/home/parallels/ws_moveit2/install/moveit_configs_utils:/home/parallels/ws_moveit2/install/launch_param_builder:/opt/ros/humble LD_LIBRARY_PATH=/home/parallels/liam-workspace/install/srdfdom/lib:${LD_LIBRARY_PATH} PYTHONPATH=/home/parallels/liam-workspace/install/srdfdom/local/lib/python3.10/dist-packages:${PYTHONPATH} /usr/bin/cmake /home/parallels/liam-workspace/src/moveit2/moveit_core -DCMAKE_INSTALL_PREFIX=/home/parallels/liam-workspace/install/moveit_core
[7.703s] Invoking command in '/home/parallels/liam-workspace/build/moveit_core': AMENT_PREFIX_PATH=/home/parallels/liam-workspace/install/moveit_resources_panda_moveit_config:/home/parallels/liam-workspace/install/srdfdom:/home/parallels/liam-workspace/install/moveit_resources_pr2_description:/home/parallels/liam-workspace/install/moveit_resources_panda_description:/home/parallels/liam-workspace/install/moveit_common:${AMENT_PREFIX_PATH} CMAKE_PREFIX_PATH=/home/parallels/liam-workspace/install/moveit_resources_panda_moveit_config:/home/parallels/liam-workspace/install/srdfdom:/home/parallels/liam-workspace/install/moveit_resources_pr2_description:/home/parallels/liam-workspace/install/moveit_resources_panda_description:/home/parallels/liam-workspace/install/moveit_common:/home/parallels/liam-workspace/install/pantilt_bot_description:/home/parallels/liam-workspace/install/open_manipulator_srt_description:/home/parallels/ws_moveit2/install/pilz_industrial_motion_planner_testutils:/home/parallels/ws_moveit2/install/moveit_runtime:/home/parallels/ws_moveit2/install/moveit2_tutorials:/home/parallels/ws_moveit2/install/moveit:/home/parallels/ws_moveit2/install/moveit_planners:/home/parallels/ws_moveit2/install/pilz_industrial_motion_planner:/home/parallels/ws_moveit2/install/moveit_visual_tools:/home/parallels/ws_moveit2/install/moveit_task_constructor_visualization:/home/parallels/ws_moveit2/install/moveit_task_constructor_demo:/home/parallels/ws_moveit2/install/moveit_task_constructor_capabilities:/home/parallels/ws_moveit2/install/moveit_task_constructor_core:/home/parallels/ws_moveit2/install/moveit_ros_control_interface:/home/parallels/ws_moveit2/install/moveit_plugins:/home/parallels/ws_moveit2/install/moveit_simple_controller_manager:/home/parallels/ws_moveit2/install/moveit_setup_assistant:/home/parallels/ws_moveit2/install/moveit_setup_srdf_plugins:/home/parallels/ws_moveit2/install/moveit_setup_core_plugins:/home/parallels/ws_moveit2/install/moveit_setup_controllers:/home/parallels/ws_moveit2/install/moveit_setup_app_plugins:/home/parallels/ws_moveit2/install/moveit_setup_framework:/home/parallels/ws_moveit2/install/moveit_servo:/home/parallels/ws_moveit2/install/moveit_ros:/home/parallels/ws_moveit2/install/moveit_ros_visualization:/home/parallels/ws_moveit2/install/moveit_hybrid_planning:/home/parallels/ws_moveit2/install/moveit_ros_planning_interface:/home/parallels/ws_moveit2/install/moveit_ros_benchmarks:/home/parallels/ws_moveit2/install/moveit_ros_warehouse:/home/parallels/ws_moveit2/install/moveit_ros_robot_interaction:/home/parallels/ws_moveit2/install/moveit_ros_perception:/home/parallels/ws_moveit2/install/moveit_resources_prbt_pg70_support:/home/parallels/ws_moveit2/install/moveit_resources_prbt_moveit_config:/home/parallels/ws_moveit2/install/moveit_ros_move_group:/home/parallels/ws_moveit2/install/moveit_planners_ompl:/home/parallels/ws_moveit2/install/moveit_ros_planning:/home/parallels/ws_moveit2/install/moveit_ros_occupancy_map_monitor:/home/parallels/ws_moveit2/install/moveit_resources_prbt_ikfast_manipulator_plugin:/home/parallels/ws_moveit2/install/moveit_planners_chomp:/home/parallels/ws_moveit2/install/moveit_kinematics:/home/parallels/ws_moveit2/install/moveit_chomp_optimizer_adapter:/home/parallels/ws_moveit2/install/chomp_motion_planner:/home/parallels/ws_moveit2/install/moveit_core:/home/parallels/ws_moveit2/install/srdfdom:/home/parallels/ws_moveit2/install/rviz_marker_tools:/home/parallels/ws_moveit2/install/rosparam_shortcuts:/home/parallels/ws_moveit2/install/pantilt_bot_description:/home/parallels/ws_moveit2/install/open_manipulator_x_description:/home/parallels/ws_moveit2/install/moveit_task_constructor_msgs:/home/parallels/ws_moveit2/install/moveit_resources_prbt_support:/home/parallels/ws_moveit2/install/moveit_resources:/home/parallels/ws_moveit2/install/moveit_resources_pr2_description:/home/parallels/ws_moveit2/install/moveit_resources_panda_moveit_config:/home/parallels/ws_moveit2/install/moveit_resources_panda_description:/home/parallels/ws_moveit2/install/moveit_resources_fanuc_moveit_config:/home/parallels/ws_moveit2/install/moveit_resources_fanuc_description:/home/parallels/ws_moveit2/install/moveit_common:/home/parallels/ws_moveit2/install/dynamixel_workbench:/home/parallels/ws_moveit2/install/dynamixel_hardware:/home/parallels/ws_moveit2/install/dynamixel_workbench_toolbox:/home/parallels/ws_moveit2/install/dynamixel_workbench_msgs:/home/parallels/ws_moveit2/install/moveit_configs_utils:/home/parallels/ws_moveit2/install/launch_param_builder:/opt/ros/humble LD_LIBRARY_PATH=/home/parallels/liam-workspace/install/srdfdom/lib:${LD_LIBRARY_PATH} PYTHONPATH=/home/parallels/liam-workspace/install/srdfdom/local/lib/python3.10/dist-packages:${PYTHONPATH} /usr/bin/cmake --build /home/parallels/liam-workspace/build/moveit_core -- -j8 -l8
[7.759s] [  0%] [32mBuilding CXX object transforms/CMakeFiles/moveit_transforms.dir/src/transforms.cpp.o[0m
[7.760s] [  0%] [32mBuilding CXX object exceptions/CMakeFiles/moveit_exceptions.dir/src/exceptions.cpp.o[0m
[7.766s] [  0%] [32mBuilding CXX object kinematics_base/CMakeFiles/moveit_kinematics_base.dir/src/kinematics_base.cpp.o[0m
[7.767s] [  1%] [32mBuilding CXX object distance_field/CMakeFiles/moveit_distance_field.dir/src/distance_field.cpp.o[0m
[7.770s] [  2%] [32mBuilding CXX object utils/CMakeFiles/moveit_utils.dir/src/lexical_casts.cpp.o[0m
[7.814s] [  3%] [32mBuilding CXX object gtest/CMakeFiles/gtest_main.dir/src/gtest_main.cc.o[0m
[7.817s] [  3%] [32mBuilding CXX object distance_field/CMakeFiles/moveit_distance_field.dir/src/find_internal_points.cpp.o[0m
[7.819s] [  3%] [32mBuilding CXX object gtest/CMakeFiles/gtest.dir/src/gtest-all.cc.o[0m
[8.279s] [  3%] [32mBuilding CXX object utils/CMakeFiles/moveit_utils.dir/src/message_checks.cpp.o[0m
[8.325s] [  4%] [32m[1mLinking CXX shared library libmoveit_exceptions.so[0m
[8.553s] [  4%] Built target moveit_exceptions
[8.575s] [  4%] [32mBuilding CXX object gmock/CMakeFiles/gmock.dir/opt/ros/humble/src/gtest_vendor/src/gtest-all.cc.o[0m
[8.622s] [  4%] [32m[1mLinking CXX static library libgtest_main.a[0m
[8.683s] [  4%] Built target gtest_main
[8.690s] [  5%] [32mBuilding CXX object gmock/CMakeFiles/gmock.dir/src/gmock-all.cc.o[0m
[8.993s] [  6%] [32mBuilding CXX object distance_field/CMakeFiles/moveit_distance_field.dir/src/propagation_distance_field.cpp.o[0m
[9.007s] [  7%] [32mBuilding CXX object utils/CMakeFiles/moveit_utils.dir/src/rclcpp_utils.cpp.o[0m
[9.273s] [  7%] [32m[1mLinking CXX shared library libmoveit_utils.so[0m
[10.141s] [  7%] Built target moveit_utils
[10.248s] [  7%] [32mBuilding CXX object gmock/CMakeFiles/gmock_main.dir/src/gmock_main.cc.o[0m
[11.095s] [  8%] [32m[1mLinking CXX shared library libmoveit_kinematics_base.so[0m
[11.139s] [  8%] [32mBuilding CXX object online_signal_smoothing/CMakeFiles/moveit_smoothing_base.dir/src/smoothing_base_class.cpp.o[0m
[11.284s] [  8%] Built target moveit_kinematics_base
[11.396s] [  9%] [34m[1mRunning `/opt/ros/humble/bin/generate_parameter_library_cpp /home/parallels/liam-workspace/build/moveit_core/online_signal_smoothing/moveit_butterworth_parameters/include//moveit_butterworth_parameters.hpp /home/parallels/liam-workspace/src/moveit2/moveit_core/online_signal_smoothing/src/butterworth_parameters.yaml `[0m
[11.551s] [  9%] Built target moveit_butterworth_parameters
[11.580s] [ 10%] [32mBuilding CXX object version/CMakeFiles/moveit_version.dir/version.cpp.o[0m
[11.598s] [ 11%] [32m[1mLinking CXX static library libgmock_main.a[0m
[11.626s] [ 12%] [32m[1mLinking CXX executable moveit_version[0m
[11.634s] [ 12%] Built target gmock_main
[11.674s] [ 13%] [32mBuilding CXX object robot_model/CMakeFiles/moveit_robot_model.dir/src/aabb.cpp.o[0m
[11.689s] [ 13%] Built target moveit_version
[11.696s] [ 13%] [32mBuilding CXX object robot_model/CMakeFiles/moveit_robot_model.dir/src/fixed_joint_model.cpp.o[0m
[12.455s] [ 14%] [32m[1mLinking CXX shared library libmoveit_transforms.so[0m
[12.554s] [ 14%] Built target moveit_transforms
[12.564s] [ 15%] [32mBuilding CXX object robot_model/CMakeFiles/moveit_robot_model.dir/src/floating_joint_model.cpp.o[0m
[12.806s] [ 16%] [32m[1mLinking CXX shared library libmoveit_smoothing_base.so[0m
[12.862s] [ 17%] [32mBuilding CXX object robot_model/CMakeFiles/moveit_robot_model.dir/src/joint_model.cpp.o[0m
[12.990s] [ 17%] Built target moveit_smoothing_base
[13.017s] [ 17%] [32mBuilding CXX object robot_model/CMakeFiles/moveit_robot_model.dir/src/joint_model_group.cpp.o[0m
[13.243s] [ 18%] [32mBuilding CXX object robot_model/CMakeFiles/moveit_robot_model.dir/src/link_model.cpp.o[0m
[13.308s] [ 18%] [32mBuilding CXX object robot_model/CMakeFiles/moveit_robot_model.dir/src/planar_joint_model.cpp.o[0m
[13.383s] [ 19%] [32m[1mLinking CXX static library libgtest.a[0m
[13.430s] [ 19%] Built target gtest
[13.451s] [ 19%] [32mBuilding CXX object transforms/CMakeFiles/test_transforms.dir/test/test_transforms.cpp.o[0m
[13.801s] [ 20%] [32m[1mLinking CXX static library libgmock.a[0m
[13.838s] [ 20%] Built target gmock
[13.847s] [ 21%] [32mBuilding CXX object robot_model/CMakeFiles/moveit_robot_model.dir/src/prismatic_joint_model.cpp.o[0m
[14.589s] [ 22%] [32mBuilding CXX object robot_model/CMakeFiles/moveit_robot_model.dir/src/revolute_joint_model.cpp.o[0m
[14.659s] [ 22%] [32m[1mLinking CXX shared library libmoveit_distance_field.so[0m
[14.799s] [ 22%] Built target moveit_distance_field
[14.809s] [ 22%] [32mBuilding CXX object robot_model/CMakeFiles/moveit_robot_model.dir/src/robot_model.cpp.o[0m
[15.252s] [ 23%] [32mBuilding CXX object distance_field/CMakeFiles/test_voxel_grid.dir/test/test_voxel_grid.cpp.o[0m
[15.338s] [ 23%] [32mBuilding CXX object distance_field/CMakeFiles/test_distance_field.dir/test/test_distance_field.cpp.o[0m
[15.564s] [ 24%] [32m[1mLinking CXX executable test_transforms[0m
[15.649s] [ 24%] Built target test_transforms
[17.658s] [ 24%] [32m[1mLinking CXX executable test_voxel_grid[0m
[17.731s] [ 24%] Built target test_voxel_grid
[19.677s] [ 25%] [32m[1mLinking CXX shared library libmoveit_robot_model.so[0m
[19.769s] [ 25%] Built target moveit_robot_model
[19.784s] [ 26%] [32mBuilding CXX object robot_state/CMakeFiles/moveit_robot_state.dir/src/attached_body.cpp.o[0m
[19.784s] [ 26%] [32mBuilding CXX object online_signal_smoothing/CMakeFiles/moveit_butterworth_filter.dir/src/butterworth_filter.cpp.o[0m
[19.784s] [ 28%] [32mBuilding CXX object robot_state/CMakeFiles/moveit_robot_state.dir/src/conversions.cpp.o[0m
[19.784s] [ 28%] [32mBuilding CXX object utils/CMakeFiles/moveit_test_utils.dir/src/robot_model_test_utils.cpp.o[0m
[19.785s] [ 29%] [32mBuilding CXX object robot_state/CMakeFiles/moveit_robot_state.dir/src/cartesian_interpolator.cpp.o[0m
[19.785s] [ 29%] [32mBuilding CXX object robot_state/CMakeFiles/moveit_robot_state.dir/src/robot_state.cpp.o[0m
[20.355s] [ 30%] [32m[1mLinking CXX executable test_distance_field[0m
[20.489s] [ 30%] Built target test_distance_field
[23.250s] [ 30%] [32m[1mLinking CXX shared library libmoveit_butterworth_filter.so[0m
[23.344s] [ 30%] Built target moveit_butterworth_filter
[23.360s] [ 30%] [32mBuilding CXX object online_signal_smoothing/CMakeFiles/test_butterworth_filter.dir/test/test_butterworth_filter.cpp.o[0m
[24.704s] [ 30%] [32m[1mLinking CXX shared library libmoveit_test_utils.so[0m
[24.811s] [ 30%] Built target moveit_test_utils
[24.825s] [ 31%] [32mBuilding CXX object robot_model/CMakeFiles/test_robot_model.dir/test/test.cpp.o[0m
[26.762s] [ 32%] [32m[1mLinking CXX executable test_butterworth_filter[0m
[26.852s] [ 32%] Built target test_butterworth_filter
[27.807s] [ 32%] [32m[1mLinking CXX executable test_robot_model[0m
[27.942s] [ 32%] Built target test_robot_model
[31.785s] [ 33%] [32m[1mLinking CXX shared library libmoveit_robot_state.so[0m
[31.877s] [ 33%] Built target moveit_robot_state
[31.894s] [ 34%] [32mBuilding CXX object robot_trajectory/CMakeFiles/moveit_robot_trajectory.dir/src/robot_trajectory.cpp.o[0m
[31.894s] [ 34%] [32mBuilding CXX object collision_detection/CMakeFiles/moveit_collision_detection.dir/src/allvalid/collision_env_allvalid.cpp.o[0m
[31.895s] [ 35%] [32mBuilding CXX object kinematics_metrics/CMakeFiles/moveit_kinematics_metrics.dir/src/kinematics_metrics.cpp.o[0m
[31.895s] [ 35%] [32mBuilding CXX object robot_state/CMakeFiles/test_robot_state_benchmark.dir/test/robot_state_benchmark.cpp.o[0m
[31.895s] [ 36%] [32mBuilding CXX object dynamics_solver/CMakeFiles/moveit_dynamics_solver.dir/src/dynamics_solver.cpp.o[0m
[31.895s] [ 36%] [32mBuilding CXX object robot_state/CMakeFiles/test_robot_state.dir/test/robot_state_test.cpp.o[0m
[31.895s] [ 36%] [32mBuilding CXX object robot_state/CMakeFiles/test_aabb.dir/test/test_aabb.cpp.o[0m
[31.895s] [ 36%] [32mBuilding CXX object robot_state/CMakeFiles/test_robot_state_complex.dir/test/test_kinematic_complex.cpp.o[0m
[35.079s] [ 36%] [32mBuilding CXX object collision_detection/CMakeFiles/moveit_collision_detection.dir/src/collision_common.cpp.o[0m
[35.788s] [ 37%] [32m[1mLinking CXX shared library libmoveit_dynamics_solver.so[0m
[35.909s] [ 37%] Built target moveit_dynamics_solver
[35.926s] [ 37%] [32mBuilding CXX object robot_state/CMakeFiles/test_cartesian_interpolator.dir/test/test_cartesian_interpolator.cpp.o[0m
[36.140s] [ 38%] [32m[1mLinking CXX executable test_robot_state_benchmark[0m
[36.304s] [ 38%] Built target test_robot_state_benchmark
[36.312s] [ 39%] [32mBuilding CXX object collision_detection/CMakeFiles/moveit_collision_detection.dir/src/collision_matrix.cpp.o[0m
[37.054s] [ 40%] [32m[1mLinking CXX executable test_aabb[0m
[37.219s] [ 40%] Built target test_aabb
[37.224s] [ 40%] [32mBuilding CXX object collision_detection/CMakeFiles/moveit_collision_detection.dir/src/collision_octomap_filter.cpp.o[0m
[37.600s] [ 41%] [32m[1mLinking CXX shared library libmoveit_robot_trajectory.so[0m
[37.696s] [ 41%] Built target moveit_robot_trajectory
[37.714s] [ 42%] [32mBuilding CXX object trajectory_processing/CMakeFiles/moveit_trajectory_processing.dir/src/iterative_time_parameterization.cpp.o[0m
[37.782s] [ 43%] [32m[1mLinking CXX executable test_robot_state_complex[0m
[37.879s] [ 44%] [32mBuilding CXX object collision_detection/CMakeFiles/moveit_collision_detection.dir/src/collision_tools.cpp.o[0m
[37.973s] [ 44%] Built target test_robot_state_complex
[37.989s] [ 45%] [32mBuilding CXX object planning_interface/CMakeFiles/moveit_planning_interface.dir/src/planning_interface.cpp.o[0m
[38.358s] [ 46%] [32m[1mLinking CXX executable test_robot_state[0m
[38.548s] [ 46%] Built target test_robot_state
[38.564s] [ 47%] [32mBuilding CXX object robot_trajectory/CMakeFiles/test_robot_trajectory.dir/test/test_robot_trajectory.cpp.o[0m
[39.384s] [ 48%] [32m[1mLinking CXX executable test_cartesian_interpolator[0m
[39.484s] [ 49%] [32mBuilding CXX object collision_detection/CMakeFiles/moveit_collision_detection.dir/src/world.cpp.o[0m
[39.545s] [ 49%] Built target test_cartesian_interpolator
[39.551s] [ 49%] [32mBuilding CXX object collision_detection/CMakeFiles/moveit_collision_detection.dir/src/world_diff.cpp.o[0m
[40.352s] [ 50%] [32mBuilding CXX object collision_detection/CMakeFiles/moveit_collision_detection.dir/src/collision_env.cpp.o[0m
[40.878s] [ 50%] [32mBuilding CXX object collision_detection/CMakeFiles/moveit_collision_detection.dir/src/collision_plugin_cache.cpp.o[0m
[41.338s] [ 50%] [32mBuilding CXX object trajectory_processing/CMakeFiles/moveit_trajectory_processing.dir/src/iterative_spline_parameterization.cpp.o[0m
[41.735s] [ 51%] [32mBuilding CXX object trajectory_processing/CMakeFiles/moveit_trajectory_processing.dir/src/ruckig_traj_smoothing.cpp.o[0m
[42.033s] [ 52%] [32mBuilding CXX object trajectory_processing/CMakeFiles/moveit_trajectory_processing.dir/src/trajectory_tools.cpp.o[0m
[42.389s] [ 52%] [32mBuilding CXX object trajectory_processing/CMakeFiles/moveit_trajectory_processing.dir/src/time_optimal_trajectory_generation.cpp.o[0m
[42.733s] [ 53%] [32m[1mLinking CXX shared library libmoveit_kinematics_metrics.so[0m
[42.833s] [ 53%] Built target moveit_kinematics_metrics
[42.841s] [ 53%] [32mBuilding CXX object planning_interface/CMakeFiles/moveit_planning_interface.dir/src/planning_response.cpp.o[0m
[43.693s] [ 53%] [32m[1mLinking CXX executable test_robot_trajectory[0m
[43.863s] [ 53%] Built target test_robot_trajectory
[46.194s] [ 54%] [32m[1mLinking CXX shared library libmoveit_planning_interface.so[0m
[46.277s] [ 54%] Built target moveit_planning_interface
[47.117s] [ 55%] [32m[1mLinking CXX shared library libmoveit_trajectory_processing.so[0m
[47.208s] [ 55%] Built target moveit_trajectory_processing
[47.222s] [ 56%] [32mBuilding CXX object trajectory_processing/CMakeFiles/test_time_parameterization.dir/test/test_time_parameterization.cpp.o[0m
[47.222s] [ 57%] [32mBuilding CXX object trajectory_processing/CMakeFiles/test_time_optimal_trajectory_generation.dir/test/test_time_optimal_trajectory_generation.cpp.o[0m
[47.222s] [ 57%] [32mBuilding CXX object trajectory_processing/CMakeFiles/test_ruckig_traj_smoothing.dir/test/test_ruckig_traj_smoothing.cpp.o[0m
[47.763s] [ 58%] [32m[1mLinking CXX shared library libmoveit_collision_detection.so[0m
[47.869s] [ 58%] Built target moveit_collision_detection
[47.885s] [ 58%] [32mBuilding CXX object collision_detection_fcl/CMakeFiles/moveit_collision_detection_fcl.dir/src/collision_common.cpp.o[0m
[47.885s] [ 58%] [32mBuilding CXX object collision_detection/CMakeFiles/test_all_valid.dir/test/test_all_valid.cpp.o[0m
[47.886s] [ 59%] [32mBuilding CXX object collision_detection_bullet/CMakeFiles/moveit_collision_detection_bullet.dir/src/bullet_integration/bullet_utils.cpp.o[0m
[47.886s] [ 60%] [32mBuilding CXX object collision_detection/CMakeFiles/test_world_diff.dir/test/test_world_diff.cpp.o[0m
[47.887s] [ 61%] [32mBuilding CXX object collision_detection/CMakeFiles/test_world.dir/test/test_world.cpp.o[0m
[50.538s] [ 62%] [32m[1mLinking CXX executable test_world_diff[0m
[50.696s] [ 62%] Built target test_world_diff
[50.710s] [ 63%] [32mBuilding CXX object collision_detection_fcl/CMakeFiles/moveit_collision_detection_fcl.dir/src/collision_env_fcl.cpp.o[0m
[51.237s] [ 63%] [32m[1mLinking CXX executable test_world[0m
[51.387s] [ 63%] Built target test_world
[51.394s] [ 63%] [32mBuilding CXX object collision_detection_bullet/CMakeFiles/moveit_collision_detection_bullet.dir/src/bullet_integration/bullet_discrete_bvh_manager.cpp.o[0m
[51.570s] [ 64%] [32m[1mLinking CXX executable test_all_valid[0m
[51.711s] [ 64%] Built target test_all_valid
[51.718s] [ 65%] [32mBuilding CXX object collision_detection_bullet/CMakeFiles/moveit_collision_detection_bullet.dir/src/bullet_integration/bullet_cast_bvh_manager.cpp.o[0m
[51.861s] [ 65%] [32m[1mLinking CXX executable test_ruckig_traj_smoothing[0m
[51.903s] [ 66%] [32m[1mLinking CXX executable test_time_parameterization[0m
[52.041s] [ 66%] Built target test_ruckig_traj_smoothing
[52.047s] [ 66%] [32mBuilding CXX object collision_detection_bullet/CMakeFiles/moveit_collision_detection_bullet.dir/src/collision_env_bullet.cpp.o[0m
[52.079s] [ 66%] Built target test_time_parameterization
[52.085s] [ 67%] [32mBuilding CXX object collision_detection_bullet/CMakeFiles/moveit_collision_detection_bullet.dir/src/bullet_integration/bullet_bvh_manager.cpp.o[0m
[52.128s] [ 68%] [32mBuilding CXX object collision_detection_bullet/CMakeFiles/moveit_collision_detection_bullet.dir/src/bullet_integration/contact_checker_common.cpp.o[0m
[52.760s] [ 69%] [32m[1mLinking CXX executable test_time_optimal_trajectory_generation[0m
[52.944s] [ 69%] Built target test_time_optimal_trajectory_generation
[52.951s] [ 69%] [32mBuilding CXX object collision_detection_bullet/CMakeFiles/moveit_collision_detection_bullet.dir/src/bullet_integration/ros_bullet_utils.cpp.o[0m
[54.878s] [ 70%] [32m[1mLinking CXX shared library libmoveit_collision_detection_fcl.so[0m
[55.016s] [ 70%] Built target moveit_collision_detection_fcl
[55.032s] [ 70%] [32mBuilding CXX object kinematic_constraints/CMakeFiles/moveit_kinematic_constraints.dir/src/kinematic_constraint.cpp.o[0m
[55.032s] [ 71%] [32mBuilding CXX object kinematic_constraints/CMakeFiles/moveit_kinematic_constraints.dir/src/utils.cpp.o[0m
[55.033s] [ 73%] [32mBuilding CXX object collision_detection_fcl/CMakeFiles/test_fcl_collision_detection.dir/test/test_fcl_collision_detection_pr2.cpp.o[0m
[55.033s] [ 74%] [32mBuilding CXX object collision_detection_fcl/CMakeFiles/test_fcl_collision_detection_panda.dir/test/test_fcl_collision_detection_panda.cpp.o[0m
[55.033s] [ 74%] [32mBuilding CXX object collision_detection_fcl/CMakeFiles/test_fcl_collision_env.dir/test/test_fcl_env.cpp.o[0m
[55.933s] [ 75%] [32m[1mLinking CXX shared library libmoveit_collision_detection_bullet.so[0m
[56.057s] [ 75%] Built target moveit_collision_detection_bullet
[56.072s] [ 76%] [32mBuilding CXX object collision_detection_bullet/CMakeFiles/test_bullet_continuous_collision_checking.dir/test/test_bullet_continuous_collision_checking.cpp.o[0m
[56.075s] [ 77%] [32mBuilding CXX object collision_detection_bullet/CMakeFiles/test_bullet_collision_detection_panda.dir/test/test_bullet_collision_detection_panda.cpp.o[0m
[56.075s] [ 78%] [32mBuilding CXX object collision_detection_bullet/CMakeFiles/test_bullet_collision_detection.dir/test/test_bullet_collision_detection_pr2.cpp.o[0m
[61.115s] [ 79%] [32m[1mLinking CXX executable test_fcl_collision_env[0m
[61.143s] [ 79%] [32m[1mLinking CXX executable test_fcl_collision_detection_panda[0m
[61.331s] [ 79%] Built target test_fcl_collision_detection_panda
[61.340s] [ 79%] Built target test_fcl_collision_env
[61.535s] [ 79%] [32m[1mLinking CXX executable test_bullet_collision_detection_panda[0m
[61.703s] [ 79%] Built target test_bullet_collision_detection_panda
[61.756s] [ 79%] [32m[1mLinking CXX executable test_fcl_collision_detection[0m
[61.934s] [ 79%] Built target test_fcl_collision_detection
[62.394s] [ 80%] [32m[1mLinking CXX executable test_bullet_continuous_collision_checking[0m
[62.551s] [ 80%] [32m[1mLinking CXX executable test_bullet_collision_detection[0m
[62.566s] [ 80%] Built target test_bullet_continuous_collision_checking
[62.722s] [ 80%] Built target test_bullet_collision_detection
[63.252s] [ 81%] [32m[1mLinking CXX shared library libmoveit_kinematic_constraints.so[0m
[63.366s] [ 81%] Built target moveit_kinematic_constraints
[63.381s] [ 81%] [32mBuilding CXX object kinematic_constraints/CMakeFiles/test_constraints.dir/test/test_constraints.cpp.o[0m
[63.381s] [ 82%] [32mBuilding CXX object planning_scene/CMakeFiles/moveit_planning_scene.dir/src/planning_scene.cpp.o[0m
[63.381s] [ 82%] [32mBuilding CXX object kinematic_constraints/CMakeFiles/test_orientation_constraints.dir/test/test_orientation_constraints.cpp.o[0m
[68.495s] [ 83%] [32m[1mLinking CXX executable test_orientation_constraints[0m
[68.676s] [ 83%] Built target test_orientation_constraints
[69.416s] [ 84%] [32m[1mLinking CXX executable test_constraints[0m
[69.591s] [ 84%] Built target test_constraints
[72.517s] [ 84%] [32m[1mLinking CXX shared library libmoveit_planning_scene.so[0m
[72.645s] [ 84%] Built target moveit_planning_scene
[72.661s] [ 84%] [32mBuilding CXX object collision_distance_field/CMakeFiles/moveit_collision_distance_field.dir/src/collision_distance_field_types.cpp.o[0m
[72.661s] [ 84%] [32mBuilding CXX object constraint_samplers/CMakeFiles/moveit_constraint_samplers.dir/src/constraint_sampler.cpp.o[0m
[72.663s] [ 85%] [32mBuilding CXX object planning_scene/CMakeFiles/test_planning_scene.dir/test/test_planning_scene.cpp.o[0m
[72.664s] [ 85%] [32mBuilding CXX object planning_request_adapter/CMakeFiles/moveit_planning_request_adapter.dir/src/planning_request_adapter.cpp.o[0m
[72.665s] [ 85%] [32mBuilding CXX object collision_detection_fcl/CMakeFiles/collision_detector_fcl_plugin.dir/src/collision_detector_fcl_plugin_loader.cpp.o[0m
[72.665s] [ 85%] [32mBuilding CXX object collision_detection_bullet/CMakeFiles/collision_detector_bullet_plugin.dir/src/collision_detector_bullet_plugin_loader.cpp.o[0m
[72.665s] [ 85%] [32mBuilding CXX object planning_scene/CMakeFiles/test_multi_threaded.dir/test/test_multi_threaded.cpp.o[0m
[72.665s] [ 86%] [32mBuilding CXX object planning_scene/CMakeFiles/test_collision_objects.dir/test/test_collision_objects.cpp.o[0m
[76.422s] [ 87%] [32mBuilding CXX object collision_distance_field/CMakeFiles/moveit_collision_distance_field.dir/src/collision_common_distance_field.cpp.o[0m
[76.794s] [ 88%] [32mBuilding CXX object constraint_samplers/CMakeFiles/moveit_constraint_samplers.dir/src/constraint_sampler_manager.cpp.o[0m
[76.895s] [ 89%] [32m[1mLinking CXX shared library libmoveit_planning_request_adapter.so[0m
[77.002s] [ 89%] Built target moveit_planning_request_adapter
[77.010s] [ 89%] [32mBuilding CXX object constraint_samplers/CMakeFiles/moveit_constraint_samplers.dir/src/constraint_sampler_tools.cpp.o[0m
[77.341s] [ 90%] [32m[1mLinking CXX shared library libcollision_detector_bullet_plugin.so[0m
[77.377s] [ 91%] [32m[1mLinking CXX shared library libcollision_detector_fcl_plugin.so[0m
[77.438s] [ 91%] Built target collision_detector_bullet_plugin
[77.444s] [ 92%] [32mBuilding CXX object constraint_samplers/CMakeFiles/moveit_constraint_samplers.dir/src/default_constraint_samplers.cpp.o[0m
[77.472s] [ 92%] Built target collision_detector_fcl_plugin
[77.480s] [ 92%] [32mBuilding CXX object constraint_samplers/CMakeFiles/moveit_constraint_samplers.dir/src/union_constraint_sampler.cpp.o[0m
[77.810s] [ 93%] [32m[1mLinking CXX executable test_multi_threaded[0m
[77.993s] [ 93%] Built target test_multi_threaded
[78.000s] [ 93%] [32mBuilding CXX object collision_distance_field/CMakeFiles/moveit_collision_distance_field.dir/src/collision_env_distance_field.cpp.o[0m
[78.920s] [ 93%] [32m[1mLinking CXX executable test_collision_objects[0m
[79.098s] [ 93%] Built target test_collision_objects
[79.105s] [ 94%] [32mBuilding CXX object collision_distance_field/CMakeFiles/moveit_collision_distance_field.dir/src/collision_env_hybrid.cpp.o[0m
[80.724s] [ 94%] [32m[1mLinking CXX executable test_planning_scene[0m
[80.937s] [ 94%] Built target test_planning_scene
[83.124s] [ 95%] [32m[1mLinking CXX shared library libmoveit_constraint_samplers.so[0m
[83.244s] [ 95%] Built target moveit_constraint_samplers
[83.260s] [ 96%] [32mBuilding CXX object constraint_samplers/CMakeFiles/test_constraint_samplers.dir/test/test_constraint_samplers.cpp.o[0m
[83.261s] [ 97%] [32mBuilding CXX object constraint_samplers/CMakeFiles/test_constraint_samplers.dir/test/pr2_arm_kinematics_plugin.cpp.o[0m
[83.261s] [ 97%] [32mBuilding CXX object constraint_samplers/CMakeFiles/test_constraint_samplers.dir/test/pr2_arm_ik.cpp.o[0m
[85.646s] [ 98%] [32m[1mLinking CXX shared library libmoveit_collision_distance_field.so[0m
[85.788s] [ 98%] Built target moveit_collision_distance_field
[85.803s] [ 99%] [32mBuilding CXX object collision_distance_field/CMakeFiles/test_collision_distance_field.dir/test/test_collision_distance_field.cpp.o[0m
[90.782s] [100%] [32m[1mLinking CXX executable test_constraint_samplers[0m
[90.985s] [100%] Built target test_constraint_samplers
[91.243s] [100%] [32m[1mLinking CXX executable test_collision_distance_field[0m
[91.400s] [100%] Built target test_collision_distance_field
[91.407s] Invoked command in '/home/parallels/liam-workspace/build/moveit_core' returned '0': AMENT_PREFIX_PATH=/home/parallels/liam-workspace/install/moveit_resources_panda_moveit_config:/home/parallels/liam-workspace/install/srdfdom:/home/parallels/liam-workspace/install/moveit_resources_pr2_description:/home/parallels/liam-workspace/install/moveit_resources_panda_description:/home/parallels/liam-workspace/install/moveit_common:${AMENT_PREFIX_PATH} CMAKE_PREFIX_PATH=/home/parallels/liam-workspace/install/moveit_resources_panda_moveit_config:/home/parallels/liam-workspace/install/srdfdom:/home/parallels/liam-workspace/install/moveit_resources_pr2_description:/home/parallels/liam-workspace/install/moveit_resources_panda_description:/home/parallels/liam-workspace/install/moveit_common:/home/parallels/liam-workspace/install/pantilt_bot_description:/home/parallels/liam-workspace/install/open_manipulator_srt_description:/home/parallels/ws_moveit2/install/pilz_industrial_motion_planner_testutils:/home/parallels/ws_moveit2/install/moveit_runtime:/home/parallels/ws_moveit2/install/moveit2_tutorials:/home/parallels/ws_moveit2/install/moveit:/home/parallels/ws_moveit2/install/moveit_planners:/home/parallels/ws_moveit2/install/pilz_industrial_motion_planner:/home/parallels/ws_moveit2/install/moveit_visual_tools:/home/parallels/ws_moveit2/install/moveit_task_constructor_visualization:/home/parallels/ws_moveit2/install/moveit_task_constructor_demo:/home/parallels/ws_moveit2/install/moveit_task_constructor_capabilities:/home/parallels/ws_moveit2/install/moveit_task_constructor_core:/home/parallels/ws_moveit2/install/moveit_ros_control_interface:/home/parallels/ws_moveit2/install/moveit_plugins:/home/parallels/ws_moveit2/install/moveit_simple_controller_manager:/home/parallels/ws_moveit2/install/moveit_setup_assistant:/home/parallels/ws_moveit2/install/moveit_setup_srdf_plugins:/home/parallels/ws_moveit2/install/moveit_setup_core_plugins:/home/parallels/ws_moveit2/install/moveit_setup_controllers:/home/parallels/ws_moveit2/install/moveit_setup_app_plugins:/home/parallels/ws_moveit2/install/moveit_setup_framework:/home/parallels/ws_moveit2/install/moveit_servo:/home/parallels/ws_moveit2/install/moveit_ros:/home/parallels/ws_moveit2/install/moveit_ros_visualization:/home/parallels/ws_moveit2/install/moveit_hybrid_planning:/home/parallels/ws_moveit2/install/moveit_ros_planning_interface:/home/parallels/ws_moveit2/install/moveit_ros_benchmarks:/home/parallels/ws_moveit2/install/moveit_ros_warehouse:/home/parallels/ws_moveit2/install/moveit_ros_robot_interaction:/home/parallels/ws_moveit2/install/moveit_ros_perception:/home/parallels/ws_moveit2/install/moveit_resources_prbt_pg70_support:/home/parallels/ws_moveit2/install/moveit_resources_prbt_moveit_config:/home/parallels/ws_moveit2/install/moveit_ros_move_group:/home/parallels/ws_moveit2/install/moveit_planners_ompl:/home/parallels/ws_moveit2/install/moveit_ros_planning:/home/parallels/ws_moveit2/install/moveit_ros_occupancy_map_monitor:/home/parallels/ws_moveit2/install/moveit_resources_prbt_ikfast_manipulator_plugin:/home/parallels/ws_moveit2/install/moveit_planners_chomp:/home/parallels/ws_moveit2/install/moveit_kinematics:/home/parallels/ws_moveit2/install/moveit_chomp_optimizer_adapter:/home/parallels/ws_moveit2/install/chomp_motion_planner:/home/parallels/ws_moveit2/install/moveit_core:/home/parallels/ws_moveit2/install/srdfdom:/home/parallels/ws_moveit2/install/rviz_marker_tools:/home/parallels/ws_moveit2/install/rosparam_shortcuts:/home/parallels/ws_moveit2/install/pantilt_bot_description:/home/parallels/ws_moveit2/install/open_manipulator_x_description:/home/parallels/ws_moveit2/install/moveit_task_constructor_msgs:/home/parallels/ws_moveit2/install/moveit_resources_prbt_support:/home/parallels/ws_moveit2/install/moveit_resources:/home/parallels/ws_moveit2/install/moveit_resources_pr2_description:/home/parallels/ws_moveit2/install/moveit_resources_panda_moveit_config:/home/parallels/ws_moveit2/install/moveit_resources_panda_description:/home/parallels/ws_moveit2/install/moveit_resources_fanuc_moveit_config:/home/parallels/ws_moveit2/install/moveit_resources_fanuc_description:/home/parallels/ws_moveit2/install/moveit_common:/home/parallels/ws_moveit2/install/dynamixel_workbench:/home/parallels/ws_moveit2/install/dynamixel_hardware:/home/parallels/ws_moveit2/install/dynamixel_workbench_toolbox:/home/parallels/ws_moveit2/install/dynamixel_workbench_msgs:/home/parallels/ws_moveit2/install/moveit_configs_utils:/home/parallels/ws_moveit2/install/launch_param_builder:/opt/ros/humble LD_LIBRARY_PATH=/home/parallels/liam-workspace/install/srdfdom/lib:${LD_LIBRARY_PATH} PYTHONPATH=/home/parallels/liam-workspace/install/srdfdom/local/lib/python3.10/dist-packages:${PYTHONPATH} /usr/bin/cmake --build /home/parallels/liam-workspace/build/moveit_core -- -j8 -l8
[91.468s] Invoking command in '/home/parallels/liam-workspace/build/moveit_core': AMENT_PREFIX_PATH=/home/parallels/liam-workspace/install/moveit_resources_panda_moveit_config:/home/parallels/liam-workspace/install/srdfdom:/home/parallels/liam-workspace/install/moveit_resources_pr2_description:/home/parallels/liam-workspace/install/moveit_resources_panda_description:/home/parallels/liam-workspace/install/moveit_common:${AMENT_PREFIX_PATH} CMAKE_PREFIX_PATH=/home/parallels/liam-workspace/install/moveit_resources_panda_moveit_config:/home/parallels/liam-workspace/install/srdfdom:/home/parallels/liam-workspace/install/moveit_resources_pr2_description:/home/parallels/liam-workspace/install/moveit_resources_panda_description:/home/parallels/liam-workspace/install/moveit_common:/home/parallels/liam-workspace/install/pantilt_bot_description:/home/parallels/liam-workspace/install/open_manipulator_srt_description:/home/parallels/ws_moveit2/install/pilz_industrial_motion_planner_testutils:/home/parallels/ws_moveit2/install/moveit_runtime:/home/parallels/ws_moveit2/install/moveit2_tutorials:/home/parallels/ws_moveit2/install/moveit:/home/parallels/ws_moveit2/install/moveit_planners:/home/parallels/ws_moveit2/install/pilz_industrial_motion_planner:/home/parallels/ws_moveit2/install/moveit_visual_tools:/home/parallels/ws_moveit2/install/moveit_task_constructor_visualization:/home/parallels/ws_moveit2/install/moveit_task_constructor_demo:/home/parallels/ws_moveit2/install/moveit_task_constructor_capabilities:/home/parallels/ws_moveit2/install/moveit_task_constructor_core:/home/parallels/ws_moveit2/install/moveit_ros_control_interface:/home/parallels/ws_moveit2/install/moveit_plugins:/home/parallels/ws_moveit2/install/moveit_simple_controller_manager:/home/parallels/ws_moveit2/install/moveit_setup_assistant:/home/parallels/ws_moveit2/install/moveit_setup_srdf_plugins:/home/parallels/ws_moveit2/install/moveit_setup_core_plugins:/home/parallels/ws_moveit2/install/moveit_setup_controllers:/home/parallels/ws_moveit2/install/moveit_setup_app_plugins:/home/parallels/ws_moveit2/install/moveit_setup_framework:/home/parallels/ws_moveit2/install/moveit_servo:/home/parallels/ws_moveit2/install/moveit_ros:/home/parallels/ws_moveit2/install/moveit_ros_visualization:/home/parallels/ws_moveit2/install/moveit_hybrid_planning:/home/parallels/ws_moveit2/install/moveit_ros_planning_interface:/home/parallels/ws_moveit2/install/moveit_ros_benchmarks:/home/parallels/ws_moveit2/install/moveit_ros_warehouse:/home/parallels/ws_moveit2/install/moveit_ros_robot_interaction:/home/parallels/ws_moveit2/install/moveit_ros_perception:/home/parallels/ws_moveit2/install/moveit_resources_prbt_pg70_support:/home/parallels/ws_moveit2/install/moveit_resources_prbt_moveit_config:/home/parallels/ws_moveit2/install/moveit_ros_move_group:/home/parallels/ws_moveit2/install/moveit_planners_ompl:/home/parallels/ws_moveit2/install/moveit_ros_planning:/home/parallels/ws_moveit2/install/moveit_ros_occupancy_map_monitor:/home/parallels/ws_moveit2/install/moveit_resources_prbt_ikfast_manipulator_plugin:/home/parallels/ws_moveit2/install/moveit_planners_chomp:/home/parallels/ws_moveit2/install/moveit_kinematics:/home/parallels/ws_moveit2/install/moveit_chomp_optimizer_adapter:/home/parallels/ws_moveit2/install/chomp_motion_planner:/home/parallels/ws_moveit2/install/moveit_core:/home/parallels/ws_moveit2/install/srdfdom:/home/parallels/ws_moveit2/install/rviz_marker_tools:/home/parallels/ws_moveit2/install/rosparam_shortcuts:/home/parallels/ws_moveit2/install/pantilt_bot_description:/home/parallels/ws_moveit2/install/open_manipulator_x_description:/home/parallels/ws_moveit2/install/moveit_task_constructor_msgs:/home/parallels/ws_moveit2/install/moveit_resources_prbt_support:/home/parallels/ws_moveit2/install/moveit_resources:/home/parallels/ws_moveit2/install/moveit_resources_pr2_description:/home/parallels/ws_moveit2/install/moveit_resources_panda_moveit_config:/home/parallels/ws_moveit2/install/moveit_resources_panda_description:/home/parallels/ws_moveit2/install/moveit_resources_fanuc_moveit_config:/home/parallels/ws_moveit2/install/moveit_resources_fanuc_description:/home/parallels/ws_moveit2/install/moveit_common:/home/parallels/ws_moveit2/install/dynamixel_workbench:/home/parallels/ws_moveit2/install/dynamixel_hardware:/home/parallels/ws_moveit2/install/dynamixel_workbench_toolbox:/home/parallels/ws_moveit2/install/dynamixel_workbench_msgs:/home/parallels/ws_moveit2/install/moveit_configs_utils:/home/parallels/ws_moveit2/install/launch_param_builder:/opt/ros/humble LD_LIBRARY_PATH=/home/parallels/liam-workspace/install/srdfdom/lib:${LD_LIBRARY_PATH} PYTHONPATH=/home/parallels/liam-workspace/install/srdfdom/local/lib/python3.10/dist-packages:${PYTHONPATH} /usr/bin/cmake --install /home/parallels/liam-workspace/build/moveit_core
[91.473s] -- Install configuration: "Release"
[91.473s] -- Installing: /home/parallels/liam-workspace/install/moveit_core/include/moveit/version.h
[91.473s] -- Up-to-date: /home/parallels/liam-workspace/install/moveit_core/include
[91.474s] -- Up-to-date: /home/parallels/liam-workspace/install/moveit_core/include/moveit
[91.474s] -- Installing: /home/parallels/liam-workspace/install/moveit_core/include/moveit/collision_distance_field
[91.474s] -- Installing: /home/parallels/liam-workspace/install/moveit_core/include/moveit/collision_distance_field/collision_detector_allocator_hybrid.h
[91.474s] -- Installing: /home/parallels/liam-workspace/install/moveit_core/include/moveit/collision_distance_field/collision_env_distance_field.h
[91.474s] -- Installing: /home/parallels/liam-workspace/install/moveit_core/include/moveit/collision_distance_field/collision_distance_field_types.h
[91.474s] -- Installing: /home/parallels/liam-workspace/install/moveit_core/include/moveit/collision_distance_field/collision_common_distance_field.h
[91.474s] -- Installing: /home/parallels/liam-workspace/install/moveit_core/include/moveit/collision_distance_field/collision_detector_allocator_distance_field.h
[91.474s] -- Installing: /home/parallels/liam-workspace/install/moveit_core/include/moveit/collision_distance_field/collision_env_hybrid.h
[91.474s] -- Installing: /home/parallels/liam-workspace/install/moveit_core/include/moveit_collision_distance_field_export.h
[91.474s] -- Up-to-date: /home/parallels/liam-workspace/install/moveit_core/include
[91.474s] -- Up-to-date: /home/parallels/liam-workspace/install/moveit_core/include/moveit
[91.474s] -- Installing: /home/parallels/liam-workspace/install/moveit_core/include/moveit/constraint_samplers
[91.474s] -- Installing: /home/parallels/liam-workspace/install/moveit_core/include/moveit/constraint_samplers/default_constraint_samplers.h
[91.474s] -- Installing: /home/parallels/liam-workspace/install/moveit_core/include/moveit/constraint_samplers/union_constraint_sampler.h
[91.474s] -- Installing: /home/parallels/liam-workspace/install/moveit_core/include/moveit/constraint_samplers/constraint_sampler.h
[91.474s] -- Installing: /home/parallels/liam-workspace/install/moveit_core/include/moveit/constraint_samplers/constraint_sampler_tools.h
[91.474s] -- Installing: /home/parallels/liam-workspace/install/moveit_core/include/moveit/constraint_samplers/constraint_sampler_allocator.h
[91.474s] -- Installing: /home/parallels/liam-workspace/install/moveit_core/include/moveit/constraint_samplers/constraint_sampler_manager.h
[91.475s] -- Up-to-date: /home/parallels/liam-workspace/install/moveit_core/include
[91.475s] -- Up-to-date: /home/parallels/liam-workspace/install/moveit_core/include/moveit
[91.475s] -- Installing: /home/parallels/liam-workspace/install/moveit_core/include/moveit/controller_manager
[91.475s] -- Installing: /home/parallels/liam-workspace/install/moveit_core/include/moveit/controller_manager/controller_manager.h
[91.475s] -- Up-to-date: /home/parallels/liam-workspace/install/moveit_core/include
[91.475s] -- Up-to-date: /home/parallels/liam-workspace/install/moveit_core/include/moveit
[91.475s] -- Installing: /home/parallels/liam-workspace/install/moveit_core/include/moveit/distance_field
[91.475s] -- Installing: /home/parallels/liam-workspace/install/moveit_core/include/moveit/distance_field/find_internal_points.h
[91.475s] -- Installing: /home/parallels/liam-workspace/install/moveit_core/include/moveit/distance_field/voxel_grid.h
[91.475s] -- Installing: /home/parallels/liam-workspace/install/moveit_core/include/moveit/distance_field/propagation_distance_field.h
[91.475s] -- Installing: /home/parallels/liam-workspace/install/moveit_core/include/moveit/distance_field/distance_field.h
[91.476s] -- Up-to-date: /home/parallels/liam-workspace/install/moveit_core/include
[91.476s] -- Up-to-date: /home/parallels/liam-workspace/install/moveit_core/include/moveit
[91.476s] -- Installing: /home/parallels/liam-workspace/install/moveit_core/include/moveit/dynamics_solver
[91.476s] -- Installing: /home/parallels/liam-workspace/install/moveit_core/include/moveit/dynamics_solver/dynamics_solver.h
[91.476s] -- Up-to-date: /home/parallels/liam-workspace/install/moveit_core/include
[91.476s] -- Up-to-date: /home/parallels/liam-workspace/install/moveit_core/include/moveit
[91.476s] -- Installing: /home/parallels/liam-workspace/install/moveit_core/include/moveit/exceptions
[91.476s] -- Installing: /home/parallels/liam-workspace/install/moveit_core/include/moveit/exceptions/exceptions.h
[91.476s] -- Up-to-date: /home/parallels/liam-workspace/install/moveit_core/include
[91.476s] -- Up-to-date: /home/parallels/liam-workspace/install/moveit_core/include/moveit
[91.476s] -- Installing: /home/parallels/liam-workspace/install/moveit_core/include/moveit/kinematics_base
[91.476s] -- Installing: /home/parallels/liam-workspace/install/moveit_core/include/moveit/kinematics_base/kinematics_base.h
[91.476s] -- Installing: /home/parallels/liam-workspace/install/moveit_core/include/moveit_kinematics_base_export.h
[91.476s] -- Up-to-date: /home/parallels/liam-workspace/install/moveit_core/include
[91.476s] -- Up-to-date: /home/parallels/liam-workspace/install/moveit_core/include/moveit
[91.476s] -- Installing: /home/parallels/liam-workspace/install/moveit_core/include/moveit/kinematic_constraints
[91.476s] -- Installing: /home/parallels/liam-workspace/install/moveit_core/include/moveit/kinematic_constraints/utils.h
[91.476s] -- Installing: /home/parallels/liam-workspace/install/moveit_core/include/moveit/kinematic_constraints/kinematic_constraint.h
[91.476s] -- Up-to-date: /home/parallels/liam-workspace/install/moveit_core/include
[91.476s] -- Up-to-date: /home/parallels/liam-workspace/install/moveit_core/include/moveit
[91.476s] -- Installing: /home/parallels/liam-workspace/install/moveit_core/include/moveit/kinematics_metrics
[91.477s] -- Installing: /home/parallels/liam-workspace/install/moveit_core/include/moveit/kinematics_metrics/kinematics_metrics.h
[91.477s] -- Up-to-date: /home/parallels/liam-workspace/install/moveit_core/include
[91.477s] -- Up-to-date: /home/parallels/liam-workspace/install/moveit_core/include/moveit
[91.477s] -- Installing: /home/parallels/liam-workspace/install/moveit_core/include/moveit/macros
[91.477s] -- Installing: /home/parallels/liam-workspace/install/moveit_core/include/moveit/macros/console_colors.h
[91.477s] -- Installing: /home/parallels/liam-workspace/install/moveit_core/include/moveit/macros/declare_ptr.h
[91.477s] -- Installing: /home/parallels/liam-workspace/install/moveit_core/include/moveit/macros/class_forward.h
[91.477s] -- Installing: /home/parallels/liam-workspace/install/moveit_core/include/moveit/macros/deprecation.h
[91.477s] -- Installing: /home/parallels/liam-workspace/install/moveit_core/include/moveit_butterworth_parameters
[91.477s] -- Installing: /home/parallels/liam-workspace/install/moveit_core/include/moveit_butterworth_parameters/moveit_butterworth_parameters.hpp
[91.477s] -- Up-to-date: /home/parallels/liam-workspace/install/moveit_core/include
[91.477s] -- Up-to-date: /home/parallels/liam-workspace/install/moveit_core/include/moveit
[91.477s] -- Installing: /home/parallels/liam-workspace/install/moveit_core/include/moveit/online_signal_smoothing
[91.477s] -- Installing: /home/parallels/liam-workspace/install/moveit_core/include/moveit/online_signal_smoothing/smoothing_base_class.h
[91.477s] -- Installing: /home/parallels/liam-workspace/install/moveit_core/include/moveit/online_signal_smoothing/butterworth_filter.h
[91.477s] -- Installing: /home/parallels/liam-workspace/install/moveit_core/include/moveit_smoothing_base_export.h
[91.477s] -- Installing: /home/parallels/liam-workspace/install/moveit_core/include/moveit_butterworth_filter_export.h
[91.477s] -- Up-to-date: /home/parallels/liam-workspace/install/moveit_core/include
[91.477s] -- Up-to-date: /home/parallels/liam-workspace/install/moveit_core/include/moveit
[91.478s] -- Installing: /home/parallels/liam-workspace/install/moveit_core/include/moveit/planning_interface
[91.478s] -- Installing: /home/parallels/liam-workspace/install/moveit_core/include/moveit/planning_interface/planning_interface.h
[91.478s] -- Installing: /home/parallels/liam-workspace/install/moveit_core/include/moveit/planning_interface/planning_response.h
[91.478s] -- Installing: /home/parallels/liam-workspace/install/moveit_core/include/moveit/planning_interface/planning_request.h
[91.478s] -- Up-to-date: /home/parallels/liam-workspace/install/moveit_core/include
[91.478s] -- Up-to-date: /home/parallels/liam-workspace/install/moveit_core/include/moveit
[91.478s] -- Installing: /home/parallels/liam-workspace/install/moveit_core/include/moveit/planning_request_adapter
[91.478s] -- Installing: /home/parallels/liam-workspace/install/moveit_core/include/moveit/planning_request_adapter/planning_request_adapter.h
[91.478s] -- Up-to-date: /home/parallels/liam-workspace/install/moveit_core/include
[91.478s] -- Up-to-date: /home/parallels/liam-workspace/install/moveit_core/include/moveit
[91.478s] -- Installing: /home/parallels/liam-workspace/install/moveit_core/include/moveit/planning_scene
[91.478s] -- Installing: /home/parallels/liam-workspace/install/moveit_core/include/moveit/planning_scene/planning_scene.h
[91.478s] -- Installing: /home/parallels/liam-workspace/install/moveit_core/include/moveit_planning_scene_export.h
[91.478s] -- Up-to-date: /home/parallels/liam-workspace/install/moveit_core/include
[91.478s] -- Up-to-date: /home/parallels/liam-workspace/install/moveit_core/include/moveit
[91.478s] -- Installing: /home/parallels/liam-workspace/install/moveit_core/include/moveit/robot_model
[91.478s] -- Installing: /home/parallels/liam-workspace/install/moveit_core/include/moveit/robot_model/aabb.h
[91.478s] -- Installing: /home/parallels/liam-workspace/install/moveit_core/include/moveit/robot_model/robot_model.h
[91.478s] -- Installing: /home/parallels/liam-workspace/install/moveit_core/include/moveit/robot_model/prismatic_joint_model.h
[91.478s] -- Installing: /home/parallels/liam-workspace/install/moveit_core/include/moveit/robot_model/joint_model.h
[91.478s] -- Installing: /home/parallels/liam-workspace/install/moveit_core/include/moveit/robot_model/planar_joint_model.h
[91.478s] -- Installing: /home/parallels/liam-workspace/install/moveit_core/include/moveit/robot_model/joint_model_group.h
[91.478s] -- Installing: /home/parallels/liam-workspace/install/moveit_core/include/moveit/robot_model/link_model.h
[91.478s] -- Installing: /home/parallels/liam-workspace/install/moveit_core/include/moveit/robot_model/fixed_joint_model.h
[91.478s] -- Installing: /home/parallels/liam-workspace/install/moveit_core/include/moveit/robot_model/floating_joint_model.h
[91.478s] -- Installing: /home/parallels/liam-workspace/install/moveit_core/include/moveit/robot_model/revolute_joint_model.h
[91.479s] -- Up-to-date: /home/parallels/liam-workspace/install/moveit_core/include
[91.479s] -- Up-to-date: /home/parallels/liam-workspace/install/moveit_core/include/moveit
[91.479s] -- Installing: /home/parallels/liam-workspace/install/moveit_core/include/moveit/robot_state
[91.479s] -- Installing: /home/parallels/liam-workspace/install/moveit_core/include/moveit/robot_state/conversions.h
[91.479s] -- Installing: /home/parallels/liam-workspace/install/moveit_core/include/moveit/robot_state/robot_state.h
[91.479s] -- Installing: /home/parallels/liam-workspace/install/moveit_core/include/moveit/robot_state/cartesian_interpolator.h
[91.479s] -- Installing: /home/parallels/liam-workspace/install/moveit_core/include/moveit/robot_state/attached_body.h
[91.479s] -- Up-to-date: /home/parallels/liam-workspace/install/moveit_core/include
[91.479s] -- Up-to-date: /home/parallels/liam-workspace/install/moveit_core/include/moveit
[91.479s] -- Installing: /home/parallels/liam-workspace/install/moveit_core/include/moveit/robot_trajectory
[91.479s] -- Installing: /home/parallels/liam-workspace/install/moveit_core/include/moveit/robot_trajectory/robot_trajectory.h
[91.479s] -- Up-to-date: /home/parallels/liam-workspace/install/moveit_core/include
[91.479s] -- Up-to-date: /home/parallels/liam-workspace/install/moveit_core/include/moveit
[91.479s] -- Installing: /home/parallels/liam-workspace/install/moveit_core/include/moveit/sensor_manager
[91.479s] -- Installing: /home/parallels/liam-workspace/install/moveit_core/include/moveit/sensor_manager/sensor_manager.h
[91.479s] -- Up-to-date: /home/parallels/liam-workspace/install/moveit_core/include
[91.480s] -- Up-to-date: /home/parallels/liam-workspace/install/moveit_core/include/moveit
[91.480s] -- Installing: /home/parallels/liam-workspace/install/moveit_core/include/moveit/trajectory_processing
[91.480s] -- Installing: /home/parallels/liam-workspace/install/moveit_core/include/moveit/trajectory_processing/time_parameterization.h
[91.480s] -- Installing: /home/parallels/liam-workspace/install/moveit_core/include/moveit/trajectory_processing/iterative_spline_parameterization.h
[91.480s] -- Installing: /home/parallels/liam-workspace/install/moveit_core/include/moveit/trajectory_processing/iterative_time_parameterization.h
[91.480s] -- Installing: /home/parallels/liam-workspace/install/moveit_core/include/moveit/trajectory_processing/trajectory_tools.h
[91.480s] -- Installing: /home/parallels/liam-workspace/install/moveit_core/include/moveit/trajectory_processing/ruckig_traj_smoothing.h
[91.480s] -- Installing: /home/parallels/liam-workspace/install/moveit_core/include/moveit/trajectory_processing/time_optimal_trajectory_generation.h
[91.480s] -- Up-to-date: /home/parallels/liam-workspace/install/moveit_core/include
[91.480s] -- Up-to-date: /home/parallels/liam-workspace/install/moveit_core/include/moveit
[91.480s] -- Installing: /home/parallels/liam-workspace/install/moveit_core/include/moveit/transforms
[91.480s] -- Installing: /home/parallels/liam-workspace/install/moveit_core/include/moveit/transforms/transforms.h
[91.480s] -- Up-to-date: /home/parallels/liam-workspace/install/moveit_core/include
[91.480s] -- Up-to-date: /home/parallels/liam-workspace/install/moveit_core/include/moveit
[91.480s] -- Installing: /home/parallels/liam-workspace/install/moveit_core/include/moveit/utils
[91.480s] -- Installing: /home/parallels/liam-workspace/install/moveit_core/include/moveit/utils/lexical_casts.h
[91.480s] -- Installing: /home/parallels/liam-workspace/install/moveit_core/include/moveit/utils/moveit_error_code.h
[91.480s] -- Installing: /home/parallels/liam-workspace/install/moveit_core/include/moveit/utils/message_checks.h
[91.480s] -- Installing: /home/parallels/liam-workspace/install/moveit_core/include/moveit/utils/rclcpp_utils.h
[91.480s] -- Installing: /home/parallels/liam-workspace/install/moveit_core/include/moveit/utils/robot_model_test_utils.h
[91.481s] -- Installing: /home/parallels/liam-workspace/install/moveit_core/bin/moveit_version
[91.481s] -- Up-to-date: /home/parallels/liam-workspace/install/moveit_core/include
[91.481s] -- Up-to-date: /home/parallels/liam-workspace/install/moveit_core/include/moveit
[91.481s] -- Installing: /home/parallels/liam-workspace/install/moveit_core/include/moveit/collision_detection
[91.481s] -- Installing: /home/parallels/liam-workspace/install/moveit_core/include/moveit/collision_detection/collision_env.h
[91.481s] -- Installing: /home/parallels/liam-workspace/install/moveit_core/include/moveit/collision_detection/collision_tools.h
[91.481s] -- Installing: /home/parallels/liam-workspace/install/moveit_core/include/moveit/collision_detection/collision_common.h
[91.481s] -- Installing: /home/parallels/liam-workspace/install/moveit_core/include/moveit/collision_detection/collision_plugin_cache.h
[91.481s] -- Installing: /home/parallels/liam-workspace/install/moveit_core/include/moveit/collision_detection/collision_matrix.h
[91.481s] -- Installing: /home/parallels/liam-workspace/install/moveit_core/include/moveit/collision_detection/allvalid
[91.481s] -- Installing: /home/parallels/liam-workspace/install/moveit_core/include/moveit/collision_detection/allvalid/collision_env_allvalid.h
[91.481s] -- Installing: /home/parallels/liam-workspace/install/moveit_core/include/moveit/collision_detection/allvalid/collision_detector_allocator_allvalid.h
[91.481s] -- Installing: /home/parallels/liam-workspace/install/moveit_core/include/moveit/collision_detection/test_collision_common_pr2.h
[91.481s] -- Installing: /home/parallels/liam-workspace/install/moveit_core/include/moveit/collision_detection/collision_octomap_filter.h
[91.481s] -- Installing: /home/parallels/liam-workspace/install/moveit_core/include/moveit/collision_detection/world_diff.h
[91.481s] -- Installing: /home/parallels/liam-workspace/install/moveit_core/include/moveit/collision_detection/occupancy_map.h
[91.481s] -- Installing: /home/parallels/liam-workspace/install/moveit_core/include/moveit/collision_detection/world.h
[91.481s] -- Installing: /home/parallels/liam-workspace/install/moveit_core/include/moveit/collision_detection/collision_plugin.h
[91.481s] -- Installing: /home/parallels/liam-workspace/install/moveit_core/include/moveit/collision_detection/collision_detector_allocator.h
[91.482s] -- Installing: /home/parallels/liam-workspace/install/moveit_core/include/moveit/collision_detection/test_collision_common_panda.h
[91.482s] -- Installing: /home/parallels/liam-workspace/install/moveit_core/include/moveit_collision_detection_export.h
[91.482s] -- Up-to-date: /home/parallels/liam-workspace/install/moveit_core/include
[91.482s] -- Up-to-date: /home/parallels/liam-workspace/install/moveit_core/include/moveit
[91.482s] -- Installing: /home/parallels/liam-workspace/install/moveit_core/include/moveit/collision_detection_bullet
[91.482s] -- Installing: /home/parallels/liam-workspace/install/moveit_core/include/moveit/collision_detection_bullet/collision_detector_allocator_bullet.h
[91.482s] -- Installing: /home/parallels/liam-workspace/install/moveit_core/include/moveit/collision_detection_bullet/collision_detector_bullet_plugin_loader.h
[91.482s] -- Installing: /home/parallels/liam-workspace/install/moveit_core/include/moveit/collision_detection_bullet/bullet_integration
[91.482s] -- Installing: /home/parallels/liam-workspace/install/moveit_core/include/moveit/collision_detection_bullet/bullet_integration/bullet_bvh_manager.h
[91.482s] -- Installing: /home/parallels/liam-workspace/install/moveit_core/include/moveit/collision_detection_bullet/bullet_integration/bullet_utils.h
[91.482s] -- Installing: /home/parallels/liam-workspace/install/moveit_core/include/moveit/collision_detection_bullet/bullet_integration/basic_types.h
[91.482s] -- Installing: /home/parallels/liam-workspace/install/moveit_core/include/moveit/collision_detection_bullet/bullet_integration/ros_bullet_utils.h
[91.482s] -- Installing: /home/parallels/liam-workspace/install/moveit_core/include/moveit/collision_detection_bullet/bullet_integration/bullet_cast_bvh_manager.h
[91.482s] -- Installing: /home/parallels/liam-workspace/install/moveit_core/include/moveit/collision_detection_bullet/bullet_integration/bullet_discrete_bvh_manager.h
[91.482s] -- Installing: /home/parallels/liam-workspace/install/moveit_core/include/moveit/collision_detection_bullet/bullet_integration/contact_checker_common.h
[91.482s] -- Installing: /home/parallels/liam-workspace/install/moveit_core/include/moveit/collision_detection_bullet/collision_env_bullet.h
[91.482s] -- Installing: /home/parallels/liam-workspace/install/moveit_core/include/moveit_collision_detection_bullet_export.h
[91.483s] -- Up-to-date: /home/parallels/liam-workspace/install/moveit_core/include
[91.483s] -- Up-to-date: /home/parallels/liam-workspace/install/moveit_core/include/moveit
[91.483s] -- Installing: /home/parallels/liam-workspace/install/moveit_core/include/moveit/collision_detection_fcl
[91.483s] -- Installing: /home/parallels/liam-workspace/install/moveit_core/include/moveit/collision_detection_fcl/collision_common.h
[91.483s] -- Installing: /home/parallels/liam-workspace/install/moveit_core/include/moveit/collision_detection_fcl/collision_detector_fcl_plugin_loader.h
[91.483s] -- Installing: /home/parallels/liam-workspace/install/moveit_core/include/moveit/collision_detection_fcl/fcl_compat.h
[91.483s] -- Installing: /home/parallels/liam-workspace/install/moveit_core/include/moveit/collision_detection_fcl/collision_detector_allocator_fcl.h
[91.483s] -- Installing: /home/parallels/liam-workspace/install/moveit_core/include/moveit/collision_detection_fcl/collision_env_fcl.h
[91.483s] -- Installing: /home/parallels/liam-workspace/install/moveit_core/include/moveit_collision_detection_fcl_export.h
[91.483s] -- Installing: /home/parallels/liam-workspace/install/moveit_core/lib/libcollision_detector_bullet_plugin.so.2.5.5
[91.483s] -- Set runtime path of "/home/parallels/liam-workspace/install/moveit_core/lib/libcollision_detector_bullet_plugin.so.2.5.5" to ""
[91.483s] -- Installing: /home/parallels/liam-workspace/install/moveit_core/lib/libcollision_detector_bullet_plugin.so
[91.483s] -- Installing: /home/parallels/liam-workspace/install/moveit_core/lib/libmoveit_butterworth_filter.so.2.5.5
[91.483s] -- Set runtime path of "/home/parallels/liam-workspace/install/moveit_core/lib/libmoveit_butterworth_filter.so.2.5.5" to ""
[91.483s] -- Installing: /home/parallels/liam-workspace/install/moveit_core/lib/libmoveit_butterworth_filter.so
[91.483s] -- Installing: /home/parallels/liam-workspace/install/moveit_core/lib/libmoveit_collision_distance_field.so.2.5.5
[91.484s] -- Set runtime path of "/home/parallels/liam-workspace/install/moveit_core/lib/libmoveit_collision_distance_field.so.2.5.5" to ""
[91.484s] -- Installing: /home/parallels/liam-workspace/install/moveit_core/lib/libmoveit_collision_distance_field.so
[91.484s] -- Installing: /home/parallels/liam-workspace/install/moveit_core/lib/libmoveit_collision_detection.so.2.5.5
[91.484s] -- Set runtime path of "/home/parallels/liam-workspace/install/moveit_core/lib/libmoveit_collision_detection.so.2.5.5" to ""
[91.484s] -- Installing: /home/parallels/liam-workspace/install/moveit_core/lib/libmoveit_collision_detection.so
[91.484s] -- Installing: /home/parallels/liam-workspace/install/moveit_core/lib/libmoveit_collision_detection_fcl.so.2.5.5
[91.485s] -- Set runtime path of "/home/parallels/liam-workspace/install/moveit_core/lib/libmoveit_collision_detection_fcl.so.2.5.5" to ""
[91.485s] -- Installing: /home/parallels/liam-workspace/install/moveit_core/lib/libmoveit_collision_detection_fcl.so
[91.485s] -- Installing: /home/parallels/liam-workspace/install/moveit_core/lib/libmoveit_collision_detection_bullet.so.2.5.5
[91.485s] -- Set runtime path of "/home/parallels/liam-workspace/install/moveit_core/lib/libmoveit_collision_detection_bullet.so.2.5.5" to ""
[91.485s] -- Installing: /home/parallels/liam-workspace/install/moveit_core/lib/libmoveit_collision_detection_bullet.so
[91.485s] -- Installing: /home/parallels/liam-workspace/install/moveit_core/lib/libmoveit_dynamics_solver.so.2.5.5
[91.485s] -- Set runtime path of "/home/parallels/liam-workspace/install/moveit_core/lib/libmoveit_dynamics_solver.so.2.5.5" to ""
[91.485s] -- Installing: /home/parallels/liam-workspace/install/moveit_core/lib/libmoveit_dynamics_solver.so
[91.485s] -- Installing: /home/parallels/liam-workspace/install/moveit_core/lib/libmoveit_constraint_samplers.so.2.5.5
[91.486s] -- Set runtime path of "/home/parallels/liam-workspace/install/moveit_core/lib/libmoveit_constraint_samplers.so.2.5.5" to ""
[91.486s] -- Installing: /home/parallels/liam-workspace/install/moveit_core/lib/libmoveit_constraint_samplers.so
[91.486s] -- Installing: /home/parallels/liam-workspace/install/moveit_core/lib/libmoveit_distance_field.so.2.5.5
[91.486s] -- Set runtime path of "/home/parallels/liam-workspace/install/moveit_core/lib/libmoveit_distance_field.so.2.5.5" to ""
[91.486s] -- Installing: /home/parallels/liam-workspace/install/moveit_core/lib/libmoveit_distance_field.so
[91.486s] -- Installing: /home/parallels/liam-workspace/install/moveit_core/lib/libmoveit_exceptions.so.2.5.5
[91.486s] -- Set runtime path of "/home/parallels/liam-workspace/install/moveit_core/lib/libmoveit_exceptions.so.2.5.5" to ""
[91.486s] -- Installing: /home/parallels/liam-workspace/install/moveit_core/lib/libmoveit_exceptions.so
[91.486s] -- Installing: /home/parallels/liam-workspace/install/moveit_core/lib/libmoveit_kinematics_base.so
[91.486s] -- Set runtime path of "/home/parallels/liam-workspace/install/moveit_core/lib/libmoveit_kinematics_base.so" to ""
[91.486s] -- Installing: /home/parallels/liam-workspace/install/moveit_core/lib/libmoveit_kinematic_constraints.so.2.5.5
[91.487s] -- Set runtime path of "/home/parallels/liam-workspace/install/moveit_core/lib/libmoveit_kinematic_constraints.so.2.5.5" to ""
[91.487s] -- Installing: /home/parallels/liam-workspace/install/moveit_core/lib/libmoveit_kinematic_constraints.so
[91.487s] -- Installing: /home/parallels/liam-workspace/install/moveit_core/lib/libmoveit_kinematics_metrics.so.2.5.5
[91.487s] -- Set runtime path of "/home/parallels/liam-workspace/install/moveit_core/lib/libmoveit_kinematics_metrics.so.2.5.5" to ""
[91.487s] -- Installing: /home/parallels/liam-workspace/install/moveit_core/lib/libmoveit_kinematics_metrics.so
[91.487s] -- Installing: /home/parallels/liam-workspace/install/moveit_core/lib/libmoveit_planning_interface.so.2.5.5
[91.487s] -- Set runtime path of "/home/parallels/liam-workspace/install/moveit_core/lib/libmoveit_planning_interface.so.2.5.5" to ""
[91.487s] -- Installing: /home/parallels/liam-workspace/install/moveit_core/lib/libmoveit_planning_interface.so
[91.487s] -- Installing: /home/parallels/liam-workspace/install/moveit_core/lib/libmoveit_planning_scene.so.2.5.5
[91.488s] -- Set runtime path of "/home/parallels/liam-workspace/install/moveit_core/lib/libmoveit_planning_scene.so.2.5.5" to ""
[91.488s] -- Installing: /home/parallels/liam-workspace/install/moveit_core/lib/libmoveit_planning_scene.so
[91.488s] -- Installing: /home/parallels/liam-workspace/install/moveit_core/lib/libmoveit_planning_request_adapter.so.2.5.5
[91.488s] -- Set runtime path of "/home/parallels/liam-workspace/install/moveit_core/lib/libmoveit_planning_request_adapter.so.2.5.5" to ""
[91.488s] -- Installing: /home/parallels/liam-workspace/install/moveit_core/lib/libmoveit_planning_request_adapter.so
[91.488s] -- Installing: /home/parallels/liam-workspace/install/moveit_core/lib/libmoveit_robot_model.so.2.5.5
[91.489s] -- Set runtime path of "/home/parallels/liam-workspace/install/moveit_core/lib/libmoveit_robot_model.so.2.5.5" to ""
[91.489s] -- Installing: /home/parallels/liam-workspace/install/moveit_core/lib/libmoveit_robot_model.so
[91.489s] -- Installing: /home/parallels/liam-workspace/install/moveit_core/lib/libmoveit_robot_state.so.2.5.5
[91.489s] -- Set runtime path of "/home/parallels/liam-workspace/install/moveit_core/lib/libmoveit_robot_state.so.2.5.5" to ""
[91.489s] -- Installing: /home/parallels/liam-workspace/install/moveit_core/lib/libmoveit_robot_state.so
[91.489s] -- Installing: /home/parallels/liam-workspace/install/moveit_core/lib/libmoveit_robot_trajectory.so.2.5.5
[91.489s] -- Set runtime path of "/home/parallels/liam-workspace/install/moveit_core/lib/libmoveit_robot_trajectory.so.2.5.5" to ""
[91.489s] -- Installing: /home/parallels/liam-workspace/install/moveit_core/lib/libmoveit_robot_trajectory.so
[91.489s] -- Installing: /home/parallels/liam-workspace/install/moveit_core/lib/libmoveit_smoothing_base.so.2.5.5
[91.489s] -- Set runtime path of "/home/parallels/liam-workspace/install/moveit_core/lib/libmoveit_smoothing_base.so.2.5.5" to ""
[91.489s] -- Installing: /home/parallels/liam-workspace/install/moveit_core/lib/libmoveit_smoothing_base.so
[91.489s] -- Installing: /home/parallels/liam-workspace/install/moveit_core/lib/libmoveit_test_utils.so.2.5.5
[91.490s] -- Set runtime path of "/home/parallels/liam-workspace/install/moveit_core/lib/libmoveit_test_utils.so.2.5.5" to ""
[91.490s] -- Installing: /home/parallels/liam-workspace/install/moveit_core/lib/libmoveit_test_utils.so
[91.490s] -- Installing: /home/parallels/liam-workspace/install/moveit_core/lib/libmoveit_trajectory_processing.so.2.5.5
[91.490s] -- Set runtime path of "/home/parallels/liam-workspace/install/moveit_core/lib/libmoveit_trajectory_processing.so.2.5.5" to ""
[91.490s] -- Installing: /home/parallels/liam-workspace/install/moveit_core/lib/libmoveit_trajectory_processing.so
[91.490s] -- Installing: /home/parallels/liam-workspace/install/moveit_core/lib/libmoveit_transforms.so.2.5.5
[91.490s] -- Set runtime path of "/home/parallels/liam-workspace/install/moveit_core/lib/libmoveit_transforms.so.2.5.5" to ""
[91.490s] -- Installing: /home/parallels/liam-workspace/install/moveit_core/lib/libmoveit_transforms.so
[91.490s] -- Installing: /home/parallels/liam-workspace/install/moveit_core/lib/libmoveit_utils.so.2.5.5
[91.491s] -- Set runtime path of "/home/parallels/liam-workspace/install/moveit_core/lib/libmoveit_utils.so.2.5.5" to ""
[91.491s] -- Installing: /home/parallels/liam-workspace/install/moveit_core/lib/libmoveit_utils.so
[91.491s] -- Installing: /home/parallels/liam-workspace/install/moveit_core/share/moveit_core/environment/library_path.sh
[91.491s] -- Installing: /home/parallels/liam-workspace/install/moveit_core/share/moveit_core/environment/library_path.dsv
[91.491s] -- Installing: /home/parallels/liam-workspace/install/moveit_core/share/moveit_core/collision_detector_fcl_description.xml
[91.491s] -- Installing: /home/parallels/liam-workspace/install/moveit_core/share/moveit_core/collision_detector_bullet_description.xml
[91.491s] -- Installing: /home/parallels/liam-workspace/install/moveit_core/share/moveit_core/filter_plugin_butterworth.xml
[91.491s] -- Installing: /home/parallels/liam-workspace/install/moveit_core/share/ament_index/resource_index/package_run_dependencies/moveit_core
[91.491s] -- Installing: /home/parallels/liam-workspace/install/moveit_core/share/ament_index/resource_index/parent_prefix_path/moveit_core
[91.492s] -- Installing: /home/parallels/liam-workspace/install/moveit_core/share/moveit_core/environment/ament_prefix_path.sh
[91.492s] -- Installing: /home/parallels/liam-workspace/install/moveit_core/share/moveit_core/environment/ament_prefix_path.dsv
[91.492s] -- Installing: /home/parallels/liam-workspace/install/moveit_core/share/moveit_core/environment/path.sh
[91.492s] -- Installing: /home/parallels/liam-workspace/install/moveit_core/share/moveit_core/environment/path.dsv
[91.492s] -- Installing: /home/parallels/liam-workspace/install/moveit_core/share/moveit_core/local_setup.bash
[91.492s] -- Installing: /home/parallels/liam-workspace/install/moveit_core/share/moveit_core/local_setup.sh
[91.492s] -- Installing: /home/parallels/liam-workspace/install/moveit_core/share/moveit_core/local_setup.zsh
[91.492s] -- Installing: /home/parallels/liam-workspace/install/moveit_core/share/moveit_core/local_setup.dsv
[91.492s] -- Installing: /home/parallels/liam-workspace/install/moveit_core/share/moveit_core/package.dsv
[91.492s] -- Installing: /home/parallels/liam-workspace/install/moveit_core/share/ament_index/resource_index/packages/moveit_core
[91.492s] -- Installing: /home/parallels/liam-workspace/install/moveit_core/share/ament_index/resource_index/moveit_core__pluginlib__plugin/moveit_core
[91.492s] -- Installing: /home/parallels/liam-workspace/install/moveit_core/share/moveit_core/cmake/export_moveit_coreExport.cmake
[91.492s] -- Installing: /home/parallels/liam-workspace/install/moveit_core/share/moveit_core/cmake/export_moveit_coreExport-release.cmake
[91.492s] -- Installing: /home/parallels/liam-workspace/install/moveit_core/share/moveit_core/cmake/ConfigExtras.cmake
[91.492s] -- Installing: /home/parallels/liam-workspace/install/moveit_core/share/moveit_core/cmake/ament_cmake_export_targets-extras.cmake
[91.492s] -- Installing: /home/parallels/liam-workspace/install/moveit_core/share/moveit_core/cmake/ament_cmake_export_dependencies-extras.cmake
[91.493s] -- Installing: /home/parallels/liam-workspace/install/moveit_core/share/moveit_core/cmake/moveit_coreConfig.cmake
[91.493s] -- Installing: /home/parallels/liam-workspace/install/moveit_core/share/moveit_core/cmake/moveit_coreConfig-version.cmake
[91.493s] -- Installing: /home/parallels/liam-workspace/install/moveit_core/share/moveit_core/package.xml
[91.494s] Invoked command in '/home/parallels/liam-workspace/build/moveit_core' returned '0': AMENT_PREFIX_PATH=/home/parallels/liam-workspace/install/moveit_resources_panda_moveit_config:/home/parallels/liam-workspace/install/srdfdom:/home/parallels/liam-workspace/install/moveit_resources_pr2_description:/home/parallels/liam-workspace/install/moveit_resources_panda_description:/home/parallels/liam-workspace/install/moveit_common:${AMENT_PREFIX_PATH} CMAKE_PREFIX_PATH=/home/parallels/liam-workspace/install/moveit_resources_panda_moveit_config:/home/parallels/liam-workspace/install/srdfdom:/home/parallels/liam-workspace/install/moveit_resources_pr2_description:/home/parallels/liam-workspace/install/moveit_resources_panda_description:/home/parallels/liam-workspace/install/moveit_common:/home/parallels/liam-workspace/install/pantilt_bot_description:/home/parallels/liam-workspace/install/open_manipulator_srt_description:/home/parallels/ws_moveit2/install/pilz_industrial_motion_planner_testutils:/home/parallels/ws_moveit2/install/moveit_runtime:/home/parallels/ws_moveit2/install/moveit2_tutorials:/home/parallels/ws_moveit2/install/moveit:/home/parallels/ws_moveit2/install/moveit_planners:/home/parallels/ws_moveit2/install/pilz_industrial_motion_planner:/home/parallels/ws_moveit2/install/moveit_visual_tools:/home/parallels/ws_moveit2/install/moveit_task_constructor_visualization:/home/parallels/ws_moveit2/install/moveit_task_constructor_demo:/home/parallels/ws_moveit2/install/moveit_task_constructor_capabilities:/home/parallels/ws_moveit2/install/moveit_task_constructor_core:/home/parallels/ws_moveit2/install/moveit_ros_control_interface:/home/parallels/ws_moveit2/install/moveit_plugins:/home/parallels/ws_moveit2/install/moveit_simple_controller_manager:/home/parallels/ws_moveit2/install/moveit_setup_assistant:/home/parallels/ws_moveit2/install/moveit_setup_srdf_plugins:/home/parallels/ws_moveit2/install/moveit_setup_core_plugins:/home/parallels/ws_moveit2/install/moveit_setup_controllers:/home/parallels/ws_moveit2/install/moveit_setup_app_plugins:/home/parallels/ws_moveit2/install/moveit_setup_framework:/home/parallels/ws_moveit2/install/moveit_servo:/home/parallels/ws_moveit2/install/moveit_ros:/home/parallels/ws_moveit2/install/moveit_ros_visualization:/home/parallels/ws_moveit2/install/moveit_hybrid_planning:/home/parallels/ws_moveit2/install/moveit_ros_planning_interface:/home/parallels/ws_moveit2/install/moveit_ros_benchmarks:/home/parallels/ws_moveit2/install/moveit_ros_warehouse:/home/parallels/ws_moveit2/install/moveit_ros_robot_interaction:/home/parallels/ws_moveit2/install/moveit_ros_perception:/home/parallels/ws_moveit2/install/moveit_resources_prbt_pg70_support:/home/parallels/ws_moveit2/install/moveit_resources_prbt_moveit_config:/home/parallels/ws_moveit2/install/moveit_ros_move_group:/home/parallels/ws_moveit2/install/moveit_planners_ompl:/home/parallels/ws_moveit2/install/moveit_ros_planning:/home/parallels/ws_moveit2/install/moveit_ros_occupancy_map_monitor:/home/parallels/ws_moveit2/install/moveit_resources_prbt_ikfast_manipulator_plugin:/home/parallels/ws_moveit2/install/moveit_planners_chomp:/home/parallels/ws_moveit2/install/moveit_kinematics:/home/parallels/ws_moveit2/install/moveit_chomp_optimizer_adapter:/home/parallels/ws_moveit2/install/chomp_motion_planner:/home/parallels/ws_moveit2/install/moveit_core:/home/parallels/ws_moveit2/install/srdfdom:/home/parallels/ws_moveit2/install/rviz_marker_tools:/home/parallels/ws_moveit2/install/rosparam_shortcuts:/home/parallels/ws_moveit2/install/pantilt_bot_description:/home/parallels/ws_moveit2/install/open_manipulator_x_description:/home/parallels/ws_moveit2/install/moveit_task_constructor_msgs:/home/parallels/ws_moveit2/install/moveit_resources_prbt_support:/home/parallels/ws_moveit2/install/moveit_resources:/home/parallels/ws_moveit2/install/moveit_resources_pr2_description:/home/parallels/ws_moveit2/install/moveit_resources_panda_moveit_config:/home/parallels/ws_moveit2/install/moveit_resources_panda_description:/home/parallels/ws_moveit2/install/moveit_resources_fanuc_moveit_config:/home/parallels/ws_moveit2/install/moveit_resources_fanuc_description:/home/parallels/ws_moveit2/install/moveit_common:/home/parallels/ws_moveit2/install/dynamixel_workbench:/home/parallels/ws_moveit2/install/dynamixel_hardware:/home/parallels/ws_moveit2/install/dynamixel_workbench_toolbox:/home/parallels/ws_moveit2/install/dynamixel_workbench_msgs:/home/parallels/ws_moveit2/install/moveit_configs_utils:/home/parallels/ws_moveit2/install/launch_param_builder:/opt/ros/humble LD_LIBRARY_PATH=/home/parallels/liam-workspace/install/srdfdom/lib:${LD_LIBRARY_PATH} PYTHONPATH=/home/parallels/liam-workspace/install/srdfdom/local/lib/python3.10/dist-packages:${PYTHONPATH} /usr/bin/cmake --install /home/parallels/liam-workspace/build/moveit_core
