[0.031s] Invoking command in '/home/parallels/liam-workspace/build/rosparam_shortcuts': CMAKE_PREFIX_PATH=${CMAKE_PREFIX_PATH}:/home/parallels/ws_moveit2/install/moveit_configs_utils:/home/parallels/ws_moveit2/install/launch_param_builder:/opt/ros/humble /usr/bin/cmake /home/parallels/liam-workspace/src/rosparam_shortcuts -DCMAKE_INSTALL_PREFIX=/home/parallels/liam-workspace/install/rosparam_shortcuts
[0.093s] -- The C compiler identification is GNU 11.4.0
[0.136s] -- The CXX compiler identification is GNU 11.4.0
[0.141s] -- Detecting C compiler ABI info
[0.306s] -- Detecting C compiler ABI info - done
[0.311s] -- Check for working C compiler: /usr/bin/cc - skipped
[0.311s] -- Detecting C compile features
[0.311s] -- Detecting C compile features - done
[0.313s] -- Detecting CXX compiler ABI info
[0.437s] -- Detecting CXX compiler ABI info - done
[0.441s] -- Check for working CXX compiler: /usr/bin/c++ - skipped
[0.441s] -- Detecting CXX compile features
[0.442s] -- Detecting CXX compile features - done
[0.447s] -- Found ament_cmake: 1.3.9 (/opt/ros/humble/share/ament_cmake/cmake)
[0.562s] -- Found Python3: /usr/bin/python3 (found version "3.10.12") found components: Interpreter 
[0.680s] -- Found eigen3_cmake_module: 0.1.1 (/opt/ros/humble/share/eigen3_cmake_module/cmake)
[0.690s] -- Found Eigen3: TRUE (found version "3.4.0") 
[0.692s] -- Found geometry_msgs: 4.2.3 (/opt/ros/humble/share/geometry_msgs/cmake)
[0.746s] -- Found rosidl_generator_c: 3.1.5 (/opt/ros/humble/share/rosidl_generator_c/cmake)
[0.754s] -- Found rosidl_adapter: 3.1.5 (/opt/ros/humble/share/rosidl_adapter/cmake)
[0.765s] -- Found rosidl_generator_cpp: 3.1.5 (/opt/ros/humble/share/rosidl_generator_cpp/cmake)
[0.790s] -- Using all available rosidl_typesupport_c: rosidl_typesupport_fastrtps_c;rosidl_typesupport_introspection_c
[0.810s] -- Using all available rosidl_typesupport_cpp: rosidl_typesupport_fastrtps_cpp;rosidl_typesupport_introspection_cpp
[0.894s] -- Found rclcpp: 16.0.9 (/opt/ros/humble/share/rclcpp/cmake)
[0.958s] -- Found rmw_implementation_cmake: 6.1.2 (/opt/ros/humble/share/rmw_implementation_cmake/cmake)
[0.964s] -- Found rmw_fastrtps_cpp: 6.2.6 (/opt/ros/humble/share/rmw_fastrtps_cpp/cmake)
[1.048s] -- Found OpenSSL: /usr/lib/aarch64-linux-gnu/libcrypto.so (found version "3.0.2")  
[1.072s] -- Found FastRTPS: /opt/ros/humble/include  
[1.111s] -- Using RMW implementation 'rmw_fastrtps_cpp' as default
[1.125s] -- Looking for pthread.h
[1.170s] -- Looking for pthread.h - found
[1.170s] -- Performing Test CMAKE_HAVE_LIBC_PTHREAD
[1.225s] -- Performing Test CMAKE_HAVE_LIBC_PTHREAD - Success
[1.225s] -- Found Threads: TRUE  
[1.315s] -- Found tf2_eigen: 0.25.6 (/opt/ros/humble/share/tf2_eigen/cmake)
[1.600s] -- Found ament_lint_auto: 0.12.11 (/opt/ros/humble/share/ament_lint_auto/cmake)
[1.604s] -- Found ament_cmake_gtest: 1.3.9 (/opt/ros/humble/share/ament_cmake_gtest/cmake)
[1.611s] -- Found ros_testing: 0.4.0 (/opt/ros/humble/share/ros_testing/cmake)
[1.615s] -- Found launch_testing_ament_cmake: 1.0.6 (/opt/ros/humble/share/launch_testing_ament_cmake/cmake)
[1.627s] -- Found python_cmake_module: 0.10.0 (/opt/ros/humble/share/python_cmake_module/cmake)
[1.637s] -- Found PythonInterp: /usr/bin/python3 (found suitable version "3.10.12", minimum required is "3.6") 
[1.642s] -- Found PythonLibs: /usr/lib/aarch64-linux-gnu/libpython3.10.so (found suitable version "3.10.12", minimum required is "3.5") 
[1.642s] -- Using PYTHON_EXECUTABLE: /usr/bin/python3
[1.642s] -- Using PYTHON_INCLUDE_DIRS: /usr/include/python3.10
[1.642s] -- Using PYTHON_LIBRARIES: /usr/lib/aarch64-linux-gnu/libpython3.10.so
[1.654s] -- Found PythonExtra: .so  
[1.741s] -- Found gtest sources under '/opt/ros/humble/src/gtest_vendor': C++ tests using 'Google Test' will be built
[1.763s] -- Added test 'copyright' to check source files copyright and LICENSE
[1.766s] -- Added test 'lint_cmake' to check CMake code style
[1.767s] -- Added test 'pep257' to check Python code against some of the docstring style conventions in PEP 257
[1.768s] -- Added test 'xmllint' to check XML markup files
[1.770s] -- Configuring done
[1.795s] -- Generating done
[1.797s] -- Build files have been written to: /home/parallels/liam-workspace/build/rosparam_shortcuts
[1.819s] Invoked command in '/home/parallels/liam-workspace/build/rosparam_shortcuts' returned '0': CMAKE_PREFIX_PATH=${CMAKE_PREFIX_PATH}:/home/parallels/ws_moveit2/install/moveit_configs_utils:/home/parallels/ws_moveit2/install/launch_param_builder:/opt/ros/humble /usr/bin/cmake /home/parallels/liam-workspace/src/rosparam_shortcuts -DCMAKE_INSTALL_PREFIX=/home/parallels/liam-workspace/install/rosparam_shortcuts
[1.819s] Invoking command in '/home/parallels/liam-workspace/build/rosparam_shortcuts': CMAKE_PREFIX_PATH=${CMAKE_PREFIX_PATH}:/home/parallels/ws_moveit2/install/moveit_configs_utils:/home/parallels/ws_moveit2/install/launch_param_builder:/opt/ros/humble /usr/bin/cmake --build /home/parallels/liam-workspace/build/rosparam_shortcuts -- -j8 -l8
[1.939s] [  7%] [32mBuilding CXX object gtest/CMakeFiles/gtest.dir/src/gtest-all.cc.o[0m
[1.951s] [ 15%] [32mBuilding CXX object CMakeFiles/rosparam_shortcuts.dir/src/node_parameters.cpp.o[0m
[1.960s] [ 23%] [32mBuilding CXX object CMakeFiles/rosparam_shortcuts.dir/src/rosparam_shortcuts.cpp.o[0m
[1.977s] [ 30%] [32mBuilding CXX object gtest/CMakeFiles/gtest_main.dir/src/gtest_main.cc.o[0m
[2.673s] [ 38%] [32m[1mLinking CXX static library libgtest_main.a[0m
[2.815s] [ 38%] Built target gtest_main
[4.315s] [ 46%] [32m[1mLinking CXX static library libgtest.a[0m
[4.472s] [ 46%] Built target gtest
[7.880s] [ 53%] [32m[1mLinking CXX shared library librosparam_shortcuts.so[0m
[7.981s] [ 53%] Built target rosparam_shortcuts
[8.037s] [ 61%] [32mBuilding CXX object CMakeFiles/rosparam_shortcuts_node_parameters_example.dir/src/node_parameters_example.cpp.o[0m
[8.049s] [ 69%] [32mBuilding CXX object CMakeFiles/rosparam_shortcuts_example.dir/src/example.cpp.o[0m
[8.054s] [ 76%] [32mBuilding CXX object CMakeFiles/test_node_parameters.dir/test/test_node_parameters.cpp.o[0m
[11.062s] [ 84%] [32m[1mLinking CXX executable node_parameters_example[0m
[11.150s] [ 84%] Built target rosparam_shortcuts_node_parameters_example
[11.469s] [ 92%] [32m[1mLinking CXX executable example[0m
[11.557s] [100%] [32m[1mLinking CXX executable test_node_parameters[0m
[11.657s] [100%] Built target rosparam_shortcuts_example
[11.801s] [100%] Built target test_node_parameters
[11.823s] Invoked command in '/home/parallels/liam-workspace/build/rosparam_shortcuts' returned '0': CMAKE_PREFIX_PATH=${CMAKE_PREFIX_PATH}:/home/parallels/ws_moveit2/install/moveit_configs_utils:/home/parallels/ws_moveit2/install/launch_param_builder:/opt/ros/humble /usr/bin/cmake --build /home/parallels/liam-workspace/build/rosparam_shortcuts -- -j8 -l8
[11.906s] Invoking command in '/home/parallels/liam-workspace/build/rosparam_shortcuts': CMAKE_PREFIX_PATH=${CMAKE_PREFIX_PATH}:/home/parallels/ws_moveit2/install/moveit_configs_utils:/home/parallels/ws_moveit2/install/launch_param_builder:/opt/ros/humble /usr/bin/cmake --install /home/parallels/liam-workspace/build/rosparam_shortcuts
[11.915s] -- Install configuration: ""
[11.915s] -- Installing: /home/parallels/liam-workspace/install/rosparam_shortcuts/lib/librosparam_shortcuts.so
[11.915s] -- Set runtime path of "/home/parallels/liam-workspace/install/rosparam_shortcuts/lib/librosparam_shortcuts.so" to ""
[11.915s] -- Installing: /home/parallels/liam-workspace/install/rosparam_shortcuts/lib/rosparam_shortcuts/example
[11.915s] -- Set runtime path of "/home/parallels/liam-workspace/install/rosparam_shortcuts/lib/rosparam_shortcuts/example" to ""
[11.915s] -- Installing: /home/parallels/liam-workspace/install/rosparam_shortcuts/lib/rosparam_shortcuts/node_parameters_example
[11.915s] -- Set runtime path of "/home/parallels/liam-workspace/install/rosparam_shortcuts/lib/rosparam_shortcuts/node_parameters_example" to ""
[11.915s] -- Installing: /home/parallels/liam-workspace/install/rosparam_shortcuts/include
[11.915s] -- Installing: /home/parallels/liam-workspace/install/rosparam_shortcuts/include/rosparam_shortcuts
[11.915s] -- Installing: /home/parallels/liam-workspace/install/rosparam_shortcuts/include/rosparam_shortcuts/node_parameters.h
[11.915s] -- Installing: /home/parallels/liam-workspace/install/rosparam_shortcuts/include/rosparam_shortcuts/rosparam_shortcuts.h
[11.915s] -- Installing: /home/parallels/liam-workspace/install/rosparam_shortcuts/share/rosparam_shortcuts/launch
[11.915s] -- Installing: /home/parallels/liam-workspace/install/rosparam_shortcuts/share/rosparam_shortcuts/launch/example.launch.py
[11.927s] -- Installing: /home/parallels/liam-workspace/install/rosparam_shortcuts/share/rosparam_shortcuts/config
[11.927s] -- Installing: /home/parallels/liam-workspace/install/rosparam_shortcuts/share/rosparam_shortcuts/config/example.yaml
[11.928s] -- Installing: /home/parallels/liam-workspace/install/rosparam_shortcuts/share/rosparam_shortcuts/environment/library_path.sh
[11.931s] -- Installing: /home/parallels/liam-workspace/install/rosparam_shortcuts/share/rosparam_shortcuts/environment/library_path.dsv
[11.931s] -- Installing: /home/parallels/liam-workspace/install/rosparam_shortcuts/share/ament_index/resource_index/package_run_dependencies/rosparam_shortcuts
[11.932s] -- Installing: /home/parallels/liam-workspace/install/rosparam_shortcuts/share/ament_index/resource_index/parent_prefix_path/rosparam_shortcuts
[11.933s] -- Installing: /home/parallels/liam-workspace/install/rosparam_shortcuts/share/rosparam_shortcuts/environment/ament_prefix_path.sh
[11.933s] -- Installing: /home/parallels/liam-workspace/install/rosparam_shortcuts/share/rosparam_shortcuts/environment/ament_prefix_path.dsv
[11.933s] -- Installing: /home/parallels/liam-workspace/install/rosparam_shortcuts/share/rosparam_shortcuts/environment/path.sh
[11.934s] -- Installing: /home/parallels/liam-workspace/install/rosparam_shortcuts/share/rosparam_shortcuts/environment/path.dsv
[11.935s] -- Installing: /home/parallels/liam-workspace/install/rosparam_shortcuts/share/rosparam_shortcuts/local_setup.bash
[11.935s] -- Installing: /home/parallels/liam-workspace/install/rosparam_shortcuts/share/rosparam_shortcuts/local_setup.sh
[11.935s] -- Installing: /home/parallels/liam-workspace/install/rosparam_shortcuts/share/rosparam_shortcuts/local_setup.zsh
[11.940s] -- Installing: /home/parallels/liam-workspace/install/rosparam_shortcuts/share/rosparam_shortcuts/local_setup.dsv
[11.940s] -- Installing: /home/parallels/liam-workspace/install/rosparam_shortcuts/share/rosparam_shortcuts/package.dsv
[11.940s] -- Installing: /home/parallels/liam-workspace/install/rosparam_shortcuts/share/ament_index/resource_index/packages/rosparam_shortcuts
[11.940s] -- Installing: /home/parallels/liam-workspace/install/rosparam_shortcuts/share/rosparam_shortcuts/cmake/export_rosparam_shortcutsExport.cmake
[11.941s] -- Installing: /home/parallels/liam-workspace/install/rosparam_shortcuts/share/rosparam_shortcuts/cmake/export_rosparam_shortcutsExport-noconfig.cmake
[11.941s] -- Installing: /home/parallels/liam-workspace/install/rosparam_shortcuts/share/rosparam_shortcuts/cmake/ament_cmake_export_targets-extras.cmake
[11.941s] -- Installing: /home/parallels/liam-workspace/install/rosparam_shortcuts/share/rosparam_shortcuts/cmake/ament_cmake_export_dependencies-extras.cmake
[11.941s] -- Installing: /home/parallels/liam-workspace/install/rosparam_shortcuts/share/rosparam_shortcuts/cmake/rosparam_shortcutsConfig.cmake
[11.941s] -- Installing: /home/parallels/liam-workspace/install/rosparam_shortcuts/share/rosparam_shortcuts/cmake/rosparam_shortcutsConfig-version.cmake
[11.941s] -- Installing: /home/parallels/liam-workspace/install/rosparam_shortcuts/share/rosparam_shortcuts/package.xml
[11.949s] Invoked command in '/home/parallels/liam-workspace/build/rosparam_shortcuts' returned '0': CMAKE_PREFIX_PATH=${CMAKE_PREFIX_PATH}:/home/parallels/ws_moveit2/install/moveit_configs_utils:/home/parallels/ws_moveit2/install/launch_param_builder:/opt/ros/humble /usr/bin/cmake --install /home/parallels/liam-workspace/build/rosparam_shortcuts
