[0.429s] Invoking command in '/home/parallels/liam-workspace/build/moveit_setup_srdf_plugins': AMENT_PREFIX_PATH=/home/parallels/liam-workspace/install/moveit_setup_framework:/home/parallels/liam-workspace/install/moveit_ros_visualization:/home/parallels/liam-workspace/install/moveit_ros_planning_interface:/home/parallels/liam-workspace/install/moveit_ros_move_group:/home/parallels/liam-workspace/install/moveit_ros_warehouse:/home/parallels/liam-workspace/install/moveit_ros_robot_interaction:/home/parallels/liam-workspace/install/moveit_kinematics:/home/parallels/liam-workspace/install/moveit_ros_planning:/home/parallels/liam-workspace/install/moveit_ros_occupancy_map_monitor:/home/parallels/liam-workspace/install/moveit_core:/home/parallels/liam-workspace/install/srdfdom:/home/parallels/liam-workspace/install/moveit_resources_fanuc_description:/home/parallels/liam-workspace/install/moveit_common:${AMENT_PREFIX_PATH} CMAKE_PREFIX_PATH=/home/parallels/liam-workspace/install/moveit_setup_framework:/home/parallels/liam-workspace/install/moveit_ros_visualization:/home/parallels/liam-workspace/install/moveit_ros_planning_interface:/home/parallels/liam-workspace/install/moveit_ros_move_group:/home/parallels/liam-workspace/install/moveit_ros_warehouse:/home/parallels/liam-workspace/install/moveit_ros_robot_interaction:/home/parallels/liam-workspace/install/moveit_kinematics:/home/parallels/liam-workspace/install/moveit_ros_planning:/home/parallels/liam-workspace/install/moveit_ros_occupancy_map_monitor:/home/parallels/liam-workspace/install/moveit_core:/home/parallels/liam-workspace/install/srdfdom:/home/parallels/liam-workspace/install/moveit_resources_fanuc_description:/home/parallels/liam-workspace/install/moveit_common:/home/parallels/liam-workspace/install/pantilt_bot_description:/home/parallels/liam-workspace/install/open_manipulator_srt_description:/home/parallels/ws_moveit2/install/pilz_industrial_motion_planner_testutils:/home/parallels/ws_moveit2/install/moveit_runtime:/home/parallels/ws_moveit2/install/moveit2_tutorials:/home/parallels/ws_moveit2/install/moveit:/home/parallels/ws_moveit2/install/moveit_planners:/home/parallels/ws_moveit2/install/pilz_industrial_motion_planner:/home/parallels/ws_moveit2/install/moveit_visual_tools:/home/parallels/ws_moveit2/install/moveit_task_constructor_visualization:/home/parallels/ws_moveit2/install/moveit_task_constructor_demo:/home/parallels/ws_moveit2/install/moveit_task_constructor_capabilities:/home/parallels/ws_moveit2/install/moveit_task_constructor_core:/home/parallels/ws_moveit2/install/moveit_ros_control_interface:/home/parallels/ws_moveit2/install/moveit_plugins:/home/parallels/ws_moveit2/install/moveit_simple_controller_manager:/home/parallels/ws_moveit2/install/moveit_setup_assistant:/home/parallels/ws_moveit2/install/moveit_setup_srdf_plugins:/home/parallels/ws_moveit2/install/moveit_setup_core_plugins:/home/parallels/ws_moveit2/install/moveit_setup_controllers:/home/parallels/ws_moveit2/install/moveit_setup_app_plugins:/home/parallels/ws_moveit2/install/moveit_setup_framework:/home/parallels/ws_moveit2/install/moveit_servo:/home/parallels/ws_moveit2/install/moveit_ros:/home/parallels/ws_moveit2/install/moveit_ros_visualization:/home/parallels/ws_moveit2/install/moveit_hybrid_planning:/home/parallels/ws_moveit2/install/moveit_ros_planning_interface:/home/parallels/ws_moveit2/install/moveit_ros_benchmarks:/home/parallels/ws_moveit2/install/moveit_ros_warehouse:/home/parallels/ws_moveit2/install/moveit_ros_robot_interaction:/home/parallels/ws_moveit2/install/moveit_ros_perception:/home/parallels/ws_moveit2/install/moveit_resources_prbt_pg70_support:/home/parallels/ws_moveit2/install/moveit_resources_prbt_moveit_config:/home/parallels/ws_moveit2/install/moveit_ros_move_group:/home/parallels/ws_moveit2/install/moveit_planners_ompl:/home/parallels/ws_moveit2/install/moveit_ros_planning:/home/parallels/ws_moveit2/install/moveit_ros_occupancy_map_monitor:/home/parallels/ws_moveit2/install/moveit_resources_prbt_ikfast_manipulator_plugin:/home/parallels/ws_moveit2/install/moveit_planners_chomp:/home/parallels/ws_moveit2/install/moveit_kinematics:/home/parallels/ws_moveit2/install/moveit_chomp_optimizer_adapter:/home/parallels/ws_moveit2/install/chomp_motion_planner:/home/parallels/ws_moveit2/install/moveit_core:/home/parallels/ws_moveit2/install/srdfdom:/home/parallels/ws_moveit2/install/rviz_marker_tools:/home/parallels/ws_moveit2/install/rosparam_shortcuts:/home/parallels/ws_moveit2/install/pantilt_bot_description:/home/parallels/ws_moveit2/install/open_manipulator_x_description:/home/parallels/ws_moveit2/install/moveit_task_constructor_msgs:/home/parallels/ws_moveit2/install/moveit_resources_prbt_support:/home/parallels/ws_moveit2/install/moveit_resources:/home/parallels/ws_moveit2/install/moveit_resources_pr2_description:/home/parallels/ws_moveit2/install/moveit_resources_panda_moveit_config:/home/parallels/ws_moveit2/install/moveit_resources_panda_description:/home/parallels/ws_moveit2/install/moveit_resources_fanuc_moveit_config:/home/parallels/ws_moveit2/install/moveit_resources_fanuc_description:/home/parallels/ws_moveit2/install/moveit_common:/home/parallels/ws_moveit2/install/dynamixel_workbench:/home/parallels/ws_moveit2/install/dynamixel_hardware:/home/parallels/ws_moveit2/install/dynamixel_workbench_toolbox:/home/parallels/ws_moveit2/install/dynamixel_workbench_msgs:/home/parallels/ws_moveit2/install/moveit_configs_utils:/home/parallels/ws_moveit2/install/launch_param_builder:/opt/ros/humble LD_LIBRARY_PATH=/home/parallels/liam-workspace/install/moveit_setup_framework/lib:/home/parallels/liam-workspace/install/moveit_ros_visualization/lib:/home/parallels/liam-workspace/install/moveit_ros_planning_interface/lib:/home/parallels/liam-workspace/install/moveit_ros_move_group/lib:/home/parallels/liam-workspace/install/moveit_ros_warehouse/lib:/home/parallels/liam-workspace/install/moveit_ros_robot_interaction/lib:/home/parallels/liam-workspace/install/moveit_kinematics/lib:/home/parallels/liam-workspace/install/moveit_ros_planning/lib:/home/parallels/liam-workspace/install/moveit_ros_occupancy_map_monitor/lib:/home/parallels/liam-workspace/install/moveit_core/lib:/home/parallels/liam-workspace/install/srdfdom/lib:${LD_LIBRARY_PATH} PATH=/home/parallels/liam-workspace/install/moveit_core/bin:${PATH} PYTHONPATH=/home/parallels/liam-workspace/install/srdfdom/local/lib/python3.10/dist-packages:${PYTHONPATH} /usr/bin/cmake /home/parallels/liam-workspace/src/moveit2/moveit_setup_assistant/moveit_setup_srdf_plugins -DCMAKE_INSTALL_PREFIX=/home/parallels/liam-workspace/install/moveit_setup_srdf_plugins
[0.631s] -- The C compiler identification is GNU 11.4.0
[0.772s] -- The CXX compiler identification is GNU 11.4.0
[0.793s] -- Detecting C compiler ABI info
[1.038s] -- Detecting C compiler ABI info - done
[1.042s] -- Check for working C compiler: /usr/bin/cc - skipped
[1.042s] -- Detecting C compile features
[1.042s] -- Detecting C compile features - done
[1.044s] -- Detecting CXX compiler ABI info
[1.389s] -- Detecting CXX compiler ABI info - done
[1.393s] -- Check for working CXX compiler: /usr/bin/c++ - skipped
[1.393s] -- Detecting CXX compile features
[1.393s] -- Detecting CXX compile features - done
[1.394s] -- Found moveit_common: 2.5.5 (/home/parallels/liam-workspace/install/moveit_common/share/moveit_common/cmake)
[1.399s] -- Found ament_cmake: 1.3.9 (/opt/ros/humble/share/ament_cmake/cmake)
[1.669s] -- Found Python3: /usr/bin/python3 (found version "3.10.12") found components: Interpreter 
[1.909s] -- Found libdw: /usr/lib/aarch64-linux-gnu/libdw.so  
[1.914s] -- Could NOT find libbfd (missing: LIBBFD_LIBRARY LIBBFD_INCLUDE_DIR) 
[1.914s] -- BACKWARD_HAS_UNWIND=1
[1.914s] -- BACKWARD_HAS_BACKTRACE=0
[1.914s] -- BACKWARD_HAS_BACKTRACE_SYMBOL=0
[1.914s] -- BACKWARD_HAS_DW=1
[1.914s] -- BACKWARD_HAS_BFD=0
[1.915s] -- Found Backward: /opt/ros/humble/share/backward_ros/cmake  
[1.915s] [0mmoveit_setup_srdf_plugins: You did not request a specific build type: Choosing 'Release' for maximum performance[0m
[1.922s] -- Found ament_cmake_ros: 0.10.0 (/opt/ros/humble/share/ament_cmake_ros/cmake)
[1.939s] -- Found moveit_setup_framework: 2.5.5 (/home/parallels/liam-workspace/install/moveit_setup_framework/share/moveit_setup_framework/cmake)
[2.034s] -- Found rosidl_generator_c: 3.1.5 (/opt/ros/humble/share/rosidl_generator_c/cmake)
[2.046s] -- Found rosidl_adapter: 3.1.5 (/opt/ros/humble/share/rosidl_adapter/cmake)
[2.064s] -- Found rosidl_generator_cpp: 3.1.5 (/opt/ros/humble/share/rosidl_generator_cpp/cmake)
[2.082s] -- Using all available rosidl_typesupport_c: rosidl_typesupport_fastrtps_c;rosidl_typesupport_introspection_c
[2.108s] -- Using all available rosidl_typesupport_cpp: rosidl_typesupport_fastrtps_cpp;rosidl_typesupport_introspection_cpp
[2.196s] -- Found rmw_implementation_cmake: 6.1.2 (/opt/ros/humble/share/rmw_implementation_cmake/cmake)
[2.203s] -- Found rmw_fastrtps_cpp: 6.2.6 (/opt/ros/humble/share/rmw_fastrtps_cpp/cmake)
[2.338s] -- Found OpenSSL: /usr/lib/aarch64-linux-gnu/libcrypto.so (found version "3.0.2")  
[2.376s] -- Found FastRTPS: /opt/ros/humble/include  
[2.465s] -- Using RMW implementation 'rmw_fastrtps_cpp' as default
[2.499s] -- Looking for pthread.h
[2.669s] -- Looking for pthread.h - found
[2.669s] -- Performing Test CMAKE_HAVE_LIBC_PTHREAD
[2.958s] -- Performing Test CMAKE_HAVE_LIBC_PTHREAD - Success
[2.959s] -- Found Threads: TRUE  
[3.365s] -- Found Boost: /usr/lib/aarch64-linux-gnu/cmake/Boost-1.74.0/BoostConfig.cmake (found version "1.74.0") found components: chrono date_time filesystem iostreams program_options regex serialization system thread 
[3.436s] -- Found parameter_traits: 0.3.8 (/opt/ros/humble/share/parameter_traits/cmake)
[3.460s] -- Found Eigen3: TRUE (found version "3.4.0") 
[3.465s] -- Found rclcpp_lifecycle: 16.0.9 (/opt/ros/humble/share/rclcpp_lifecycle/cmake)
[3.506s] -- Found Boost: /usr/lib/aarch64-linux-gnu/cmake/Boost-1.74.0/BoostConfig.cmake (found version "1.74.0") found components: filesystem 
[3.857s] -- library: /usr/lib/aarch64-linux-gnu/libcurl.so
[4.322s] -- Ensuring Eigen3 include directory is part of orocos-kdl CMake target
[5.440s] -- Found Boost: /usr/lib/aarch64-linux-gnu/cmake/Boost-1.74.0/BoostConfig.cmake (found version "1.74.0") found components: system filesystem date_time program_options thread chrono 
[5.979s] -- Found Boost: /usr/lib/aarch64-linux-gnu/cmake/Boost-1.74.0/BoostConfig.cmake (found version "1.74.0") found components: thread date_time system filesystem 
[6.045s] -- Found Boost: /usr/lib/aarch64-linux-gnu/cmake/Boost-1.74.0/BoostConfig.cmake (found version "1.74.0") found components: date_time filesystem program_options system thread 
[6.190s] -- Found Boost: /usr/lib/aarch64-linux-gnu/cmake/Boost-1.74.0/BoostConfig.cmake (found version "1.74.0") found components: thread system filesystem regex date_time program_options 
[6.519s] -- Found Boost: /usr/lib/aarch64-linux-gnu/cmake/Boost-1.74.0/BoostConfig.cmake (found version "1.74.0") found components: system filesystem date_time program_options thread 
[8.152s] -- Setting OGRE_DIR to: '/opt/ros/humble/share/rviz_ogre_vendor/cmake/../../../opt/rviz_ogre_vendor/lib/OGRE/cmake'
[8.153s] -- Found OGRE
[8.153s] --   static     : OFF
[8.153s] --   components : HLMS;MeshLodGenerator;Overlay;Paging;Property;RTShaderSystem;Terrain;Volume
[8.153s] --   plugins    : Plugin_BSPSceneManager;Plugin_OctreeSceneManager;Plugin_PCZSceneManager;Plugin_ParticleFX;RenderSystem_GL;RenderSystem_GL3Plus;Codec_STBI
[8.153s] --   media      : /opt/ros/humble/opt/rviz_ogre_vendor/share/OGRE/Media
[8.153s] -- OGRE_LIBRARIES: OgreHLMS;OgreMeshLodGenerator;OgreOverlay;OgrePaging;OgreProperty;OgreRTShaderSystem;OgreTerrain;OgreVolume;OgreMain
[8.153s] -- OGRE_LIBRARY_DIRS: /opt/ros/humble/opt/rviz_ogre_vendor/lib
[8.153s] -- OGRE_PLUGINS: Plugin_BSPSceneManager;Plugin_OctreeSceneManager;Plugin_PCZSceneManager;Plugin_ParticleFX;RenderSystem_GL;RenderSystem_GL3Plus;Codec_STBI
[8.153s] -- OGRE_PLUGIN_DIR: /opt/ros/humble/opt/rviz_ogre_vendor/lib/OGRE
[8.153s] -- rviz_ogre_vendor::OgreOverlay for IMPORTED_LOCATION_RELEASE: /opt/ros/humble/opt/rviz_ogre_vendor/lib/libOgreOverlay.so
[8.153s] -- rviz_ogre_vendor::OgreOverlay for IMPORTED_LOCATION_DEBUG: /opt/ros/humble/opt/rviz_ogre_vendor/lib/libOgreOverlay.so
[8.153s] -- rviz_ogre_vendor::OgreMain for IMPORTED_LOCATION_RELEASE: /opt/ros/humble/opt/rviz_ogre_vendor/lib/libOgreMain.so
[8.153s] -- rviz_ogre_vendor::OgreMain for IMPORTED_LOCATION_DEBUG: /opt/ros/humble/opt/rviz_ogre_vendor/lib/libOgreMain.so
[8.155s] -- Could not find freeimage library
[8.174s] -- Found ZLIB: /usr/lib/aarch64-linux-gnu/libz.so (found version "1.2.11") 
[8.181s] -- Found OpenGL: /usr/lib/aarch64-linux-gnu/libOpenGL.so   
[8.407s] -- Found X11: /usr/include   
[8.407s] -- Looking for XOpenDisplay in /usr/lib/aarch64-linux-gnu/libX11.so;/usr/lib/aarch64-linux-gnu/libXext.so
[8.537s] -- Looking for XOpenDisplay in /usr/lib/aarch64-linux-gnu/libX11.so;/usr/lib/aarch64-linux-gnu/libXext.so - found
[8.537s] -- Looking for gethostbyname
[8.729s] -- Looking for gethostbyname - found
[8.729s] -- Looking for connect
[8.972s] -- Looking for connect - found
[8.972s] -- Looking for remove
[9.193s] -- Looking for remove - found
[9.193s] -- Looking for shmat
[9.292s] -- Looking for shmat - found
[9.292s] -- Looking for IceConnectionNumber in ICE
[9.361s] -- Looking for IceConnectionNumber in ICE - found
[9.363s] -- rviz_ogre_vendor::RenderSystem_GL for IMPORTED_LOCATION_RELEASE: _render_system_gl_static_library_abs-NOTFOUND
[9.363s] -- rviz_ogre_vendor::RenderSystem_GL for IMPORTED_LOCATION_DEBUG: _render_system_gl_static_library_abs-NOTFOUND
[9.918s] -- Found ament_lint_auto: 0.12.11 (/opt/ros/humble/share/ament_lint_auto/cmake)
[9.947s] -- Found gtest sources under '/opt/ros/humble/src/gtest_vendor': C++ tests using 'Google Test' will be built
[9.954s] -- Added test 'lint_cmake' to check CMake code style
[9.955s] -- Added test 'xmllint' to check XML markup files
[9.958s] -- Configuring done
[10.013s] -- Generating done
[10.015s] -- Build files have been written to: /home/parallels/liam-workspace/build/moveit_setup_srdf_plugins
[10.029s] Invoked command in '/home/parallels/liam-workspace/build/moveit_setup_srdf_plugins' returned '0': AMENT_PREFIX_PATH=/home/parallels/liam-workspace/install/moveit_setup_framework:/home/parallels/liam-workspace/install/moveit_ros_visualization:/home/parallels/liam-workspace/install/moveit_ros_planning_interface:/home/parallels/liam-workspace/install/moveit_ros_move_group:/home/parallels/liam-workspace/install/moveit_ros_warehouse:/home/parallels/liam-workspace/install/moveit_ros_robot_interaction:/home/parallels/liam-workspace/install/moveit_kinematics:/home/parallels/liam-workspace/install/moveit_ros_planning:/home/parallels/liam-workspace/install/moveit_ros_occupancy_map_monitor:/home/parallels/liam-workspace/install/moveit_core:/home/parallels/liam-workspace/install/srdfdom:/home/parallels/liam-workspace/install/moveit_resources_fanuc_description:/home/parallels/liam-workspace/install/moveit_common:${AMENT_PREFIX_PATH} CMAKE_PREFIX_PATH=/home/parallels/liam-workspace/install/moveit_setup_framework:/home/parallels/liam-workspace/install/moveit_ros_visualization:/home/parallels/liam-workspace/install/moveit_ros_planning_interface:/home/parallels/liam-workspace/install/moveit_ros_move_group:/home/parallels/liam-workspace/install/moveit_ros_warehouse:/home/parallels/liam-workspace/install/moveit_ros_robot_interaction:/home/parallels/liam-workspace/install/moveit_kinematics:/home/parallels/liam-workspace/install/moveit_ros_planning:/home/parallels/liam-workspace/install/moveit_ros_occupancy_map_monitor:/home/parallels/liam-workspace/install/moveit_core:/home/parallels/liam-workspace/install/srdfdom:/home/parallels/liam-workspace/install/moveit_resources_fanuc_description:/home/parallels/liam-workspace/install/moveit_common:/home/parallels/liam-workspace/install/pantilt_bot_description:/home/parallels/liam-workspace/install/open_manipulator_srt_description:/home/parallels/ws_moveit2/install/pilz_industrial_motion_planner_testutils:/home/parallels/ws_moveit2/install/moveit_runtime:/home/parallels/ws_moveit2/install/moveit2_tutorials:/home/parallels/ws_moveit2/install/moveit:/home/parallels/ws_moveit2/install/moveit_planners:/home/parallels/ws_moveit2/install/pilz_industrial_motion_planner:/home/parallels/ws_moveit2/install/moveit_visual_tools:/home/parallels/ws_moveit2/install/moveit_task_constructor_visualization:/home/parallels/ws_moveit2/install/moveit_task_constructor_demo:/home/parallels/ws_moveit2/install/moveit_task_constructor_capabilities:/home/parallels/ws_moveit2/install/moveit_task_constructor_core:/home/parallels/ws_moveit2/install/moveit_ros_control_interface:/home/parallels/ws_moveit2/install/moveit_plugins:/home/parallels/ws_moveit2/install/moveit_simple_controller_manager:/home/parallels/ws_moveit2/install/moveit_setup_assistant:/home/parallels/ws_moveit2/install/moveit_setup_srdf_plugins:/home/parallels/ws_moveit2/install/moveit_setup_core_plugins:/home/parallels/ws_moveit2/install/moveit_setup_controllers:/home/parallels/ws_moveit2/install/moveit_setup_app_plugins:/home/parallels/ws_moveit2/install/moveit_setup_framework:/home/parallels/ws_moveit2/install/moveit_servo:/home/parallels/ws_moveit2/install/moveit_ros:/home/parallels/ws_moveit2/install/moveit_ros_visualization:/home/parallels/ws_moveit2/install/moveit_hybrid_planning:/home/parallels/ws_moveit2/install/moveit_ros_planning_interface:/home/parallels/ws_moveit2/install/moveit_ros_benchmarks:/home/parallels/ws_moveit2/install/moveit_ros_warehouse:/home/parallels/ws_moveit2/install/moveit_ros_robot_interaction:/home/parallels/ws_moveit2/install/moveit_ros_perception:/home/parallels/ws_moveit2/install/moveit_resources_prbt_pg70_support:/home/parallels/ws_moveit2/install/moveit_resources_prbt_moveit_config:/home/parallels/ws_moveit2/install/moveit_ros_move_group:/home/parallels/ws_moveit2/install/moveit_planners_ompl:/home/parallels/ws_moveit2/install/moveit_ros_planning:/home/parallels/ws_moveit2/install/moveit_ros_occupancy_map_monitor:/home/parallels/ws_moveit2/install/moveit_resources_prbt_ikfast_manipulator_plugin:/home/parallels/ws_moveit2/install/moveit_planners_chomp:/home/parallels/ws_moveit2/install/moveit_kinematics:/home/parallels/ws_moveit2/install/moveit_chomp_optimizer_adapter:/home/parallels/ws_moveit2/install/chomp_motion_planner:/home/parallels/ws_moveit2/install/moveit_core:/home/parallels/ws_moveit2/install/srdfdom:/home/parallels/ws_moveit2/install/rviz_marker_tools:/home/parallels/ws_moveit2/install/rosparam_shortcuts:/home/parallels/ws_moveit2/install/pantilt_bot_description:/home/parallels/ws_moveit2/install/open_manipulator_x_description:/home/parallels/ws_moveit2/install/moveit_task_constructor_msgs:/home/parallels/ws_moveit2/install/moveit_resources_prbt_support:/home/parallels/ws_moveit2/install/moveit_resources:/home/parallels/ws_moveit2/install/moveit_resources_pr2_description:/home/parallels/ws_moveit2/install/moveit_resources_panda_moveit_config:/home/parallels/ws_moveit2/install/moveit_resources_panda_description:/home/parallels/ws_moveit2/install/moveit_resources_fanuc_moveit_config:/home/parallels/ws_moveit2/install/moveit_resources_fanuc_description:/home/parallels/ws_moveit2/install/moveit_common:/home/parallels/ws_moveit2/install/dynamixel_workbench:/home/parallels/ws_moveit2/install/dynamixel_hardware:/home/parallels/ws_moveit2/install/dynamixel_workbench_toolbox:/home/parallels/ws_moveit2/install/dynamixel_workbench_msgs:/home/parallels/ws_moveit2/install/moveit_configs_utils:/home/parallels/ws_moveit2/install/launch_param_builder:/opt/ros/humble LD_LIBRARY_PATH=/home/parallels/liam-workspace/install/moveit_setup_framework/lib:/home/parallels/liam-workspace/install/moveit_ros_visualization/lib:/home/parallels/liam-workspace/install/moveit_ros_planning_interface/lib:/home/parallels/liam-workspace/install/moveit_ros_move_group/lib:/home/parallels/liam-workspace/install/moveit_ros_warehouse/lib:/home/parallels/liam-workspace/install/moveit_ros_robot_interaction/lib:/home/parallels/liam-workspace/install/moveit_kinematics/lib:/home/parallels/liam-workspace/install/moveit_ros_planning/lib:/home/parallels/liam-workspace/install/moveit_ros_occupancy_map_monitor/lib:/home/parallels/liam-workspace/install/moveit_core/lib:/home/parallels/liam-workspace/install/srdfdom/lib:${LD_LIBRARY_PATH} PATH=/home/parallels/liam-workspace/install/moveit_core/bin:${PATH} PYTHONPATH=/home/parallels/liam-workspace/install/srdfdom/local/lib/python3.10/dist-packages:${PYTHONPATH} /usr/bin/cmake /home/parallels/liam-workspace/src/moveit2/moveit_setup_assistant/moveit_setup_srdf_plugins -DCMAKE_INSTALL_PREFIX=/home/parallels/liam-workspace/install/moveit_setup_srdf_plugins
[10.029s] Invoking command in '/home/parallels/liam-workspace/build/moveit_setup_srdf_plugins': AMENT_PREFIX_PATH=/home/parallels/liam-workspace/install/moveit_setup_framework:/home/parallels/liam-workspace/install/moveit_ros_visualization:/home/parallels/liam-workspace/install/moveit_ros_planning_interface:/home/parallels/liam-workspace/install/moveit_ros_move_group:/home/parallels/liam-workspace/install/moveit_ros_warehouse:/home/parallels/liam-workspace/install/moveit_ros_robot_interaction:/home/parallels/liam-workspace/install/moveit_kinematics:/home/parallels/liam-workspace/install/moveit_ros_planning:/home/parallels/liam-workspace/install/moveit_ros_occupancy_map_monitor:/home/parallels/liam-workspace/install/moveit_core:/home/parallels/liam-workspace/install/srdfdom:/home/parallels/liam-workspace/install/moveit_resources_fanuc_description:/home/parallels/liam-workspace/install/moveit_common:${AMENT_PREFIX_PATH} CMAKE_PREFIX_PATH=/home/parallels/liam-workspace/install/moveit_setup_framework:/home/parallels/liam-workspace/install/moveit_ros_visualization:/home/parallels/liam-workspace/install/moveit_ros_planning_interface:/home/parallels/liam-workspace/install/moveit_ros_move_group:/home/parallels/liam-workspace/install/moveit_ros_warehouse:/home/parallels/liam-workspace/install/moveit_ros_robot_interaction:/home/parallels/liam-workspace/install/moveit_kinematics:/home/parallels/liam-workspace/install/moveit_ros_planning:/home/parallels/liam-workspace/install/moveit_ros_occupancy_map_monitor:/home/parallels/liam-workspace/install/moveit_core:/home/parallels/liam-workspace/install/srdfdom:/home/parallels/liam-workspace/install/moveit_resources_fanuc_description:/home/parallels/liam-workspace/install/moveit_common:/home/parallels/liam-workspace/install/pantilt_bot_description:/home/parallels/liam-workspace/install/open_manipulator_srt_description:/home/parallels/ws_moveit2/install/pilz_industrial_motion_planner_testutils:/home/parallels/ws_moveit2/install/moveit_runtime:/home/parallels/ws_moveit2/install/moveit2_tutorials:/home/parallels/ws_moveit2/install/moveit:/home/parallels/ws_moveit2/install/moveit_planners:/home/parallels/ws_moveit2/install/pilz_industrial_motion_planner:/home/parallels/ws_moveit2/install/moveit_visual_tools:/home/parallels/ws_moveit2/install/moveit_task_constructor_visualization:/home/parallels/ws_moveit2/install/moveit_task_constructor_demo:/home/parallels/ws_moveit2/install/moveit_task_constructor_capabilities:/home/parallels/ws_moveit2/install/moveit_task_constructor_core:/home/parallels/ws_moveit2/install/moveit_ros_control_interface:/home/parallels/ws_moveit2/install/moveit_plugins:/home/parallels/ws_moveit2/install/moveit_simple_controller_manager:/home/parallels/ws_moveit2/install/moveit_setup_assistant:/home/parallels/ws_moveit2/install/moveit_setup_srdf_plugins:/home/parallels/ws_moveit2/install/moveit_setup_core_plugins:/home/parallels/ws_moveit2/install/moveit_setup_controllers:/home/parallels/ws_moveit2/install/moveit_setup_app_plugins:/home/parallels/ws_moveit2/install/moveit_setup_framework:/home/parallels/ws_moveit2/install/moveit_servo:/home/parallels/ws_moveit2/install/moveit_ros:/home/parallels/ws_moveit2/install/moveit_ros_visualization:/home/parallels/ws_moveit2/install/moveit_hybrid_planning:/home/parallels/ws_moveit2/install/moveit_ros_planning_interface:/home/parallels/ws_moveit2/install/moveit_ros_benchmarks:/home/parallels/ws_moveit2/install/moveit_ros_warehouse:/home/parallels/ws_moveit2/install/moveit_ros_robot_interaction:/home/parallels/ws_moveit2/install/moveit_ros_perception:/home/parallels/ws_moveit2/install/moveit_resources_prbt_pg70_support:/home/parallels/ws_moveit2/install/moveit_resources_prbt_moveit_config:/home/parallels/ws_moveit2/install/moveit_ros_move_group:/home/parallels/ws_moveit2/install/moveit_planners_ompl:/home/parallels/ws_moveit2/install/moveit_ros_planning:/home/parallels/ws_moveit2/install/moveit_ros_occupancy_map_monitor:/home/parallels/ws_moveit2/install/moveit_resources_prbt_ikfast_manipulator_plugin:/home/parallels/ws_moveit2/install/moveit_planners_chomp:/home/parallels/ws_moveit2/install/moveit_kinematics:/home/parallels/ws_moveit2/install/moveit_chomp_optimizer_adapter:/home/parallels/ws_moveit2/install/chomp_motion_planner:/home/parallels/ws_moveit2/install/moveit_core:/home/parallels/ws_moveit2/install/srdfdom:/home/parallels/ws_moveit2/install/rviz_marker_tools:/home/parallels/ws_moveit2/install/rosparam_shortcuts:/home/parallels/ws_moveit2/install/pantilt_bot_description:/home/parallels/ws_moveit2/install/open_manipulator_x_description:/home/parallels/ws_moveit2/install/moveit_task_constructor_msgs:/home/parallels/ws_moveit2/install/moveit_resources_prbt_support:/home/parallels/ws_moveit2/install/moveit_resources:/home/parallels/ws_moveit2/install/moveit_resources_pr2_description:/home/parallels/ws_moveit2/install/moveit_resources_panda_moveit_config:/home/parallels/ws_moveit2/install/moveit_resources_panda_description:/home/parallels/ws_moveit2/install/moveit_resources_fanuc_moveit_config:/home/parallels/ws_moveit2/install/moveit_resources_fanuc_description:/home/parallels/ws_moveit2/install/moveit_common:/home/parallels/ws_moveit2/install/dynamixel_workbench:/home/parallels/ws_moveit2/install/dynamixel_hardware:/home/parallels/ws_moveit2/install/dynamixel_workbench_toolbox:/home/parallels/ws_moveit2/install/dynamixel_workbench_msgs:/home/parallels/ws_moveit2/install/moveit_configs_utils:/home/parallels/ws_moveit2/install/launch_param_builder:/opt/ros/humble LD_LIBRARY_PATH=/home/parallels/liam-workspace/install/moveit_setup_framework/lib:/home/parallels/liam-workspace/install/moveit_ros_visualization/lib:/home/parallels/liam-workspace/install/moveit_ros_planning_interface/lib:/home/parallels/liam-workspace/install/moveit_ros_move_group/lib:/home/parallels/liam-workspace/install/moveit_ros_warehouse/lib:/home/parallels/liam-workspace/install/moveit_ros_robot_interaction/lib:/home/parallels/liam-workspace/install/moveit_kinematics/lib:/home/parallels/liam-workspace/install/moveit_ros_planning/lib:/home/parallels/liam-workspace/install/moveit_ros_occupancy_map_monitor/lib:/home/parallels/liam-workspace/install/moveit_core/lib:/home/parallels/liam-workspace/install/srdfdom/lib:${LD_LIBRARY_PATH} PATH=/home/parallels/liam-workspace/install/moveit_core/bin:${PATH} PYTHONPATH=/home/parallels/liam-workspace/install/srdfdom/local/lib/python3.10/dist-packages:${PYTHONPATH} /usr/bin/cmake --build /home/parallels/liam-workspace/build/moveit_setup_srdf_plugins -- -j8 -l8
[10.074s] [  2%] [34m[1mGenerating include/moveit_setup_srdf_plugins/moc_virtual_joints_widget.cpp[0m
[10.087s] [  4%] [34m[1mGenerating include/moveit_setup_srdf_plugins/moc_group_edit_widget.cpp[0m
[10.097s] [  6%] [34m[1mGenerating include/moveit_setup_srdf_plugins/moc_kinematic_chain_widget.cpp[0m
[10.113s] [  8%] [34m[1mGenerating include/moveit_setup_srdf_plugins/moc_passive_joints_widget.cpp[0m
[10.118s] [ 10%] [34m[1mGenerating include/moveit_setup_srdf_plugins/moc_planning_groups_widget.cpp[0m
[10.128s] [ 12%] [34m[1mGenerating include/moveit_setup_srdf_plugins/moc_robot_poses_widget.cpp[0m
[10.139s] [ 14%] [34m[1mGenerating include/moveit_setup_srdf_plugins/moc_rotated_header_view.cpp[0m
[10.142s] /home/parallels/liam-workspace/src/moveit2/moveit_setup_assistant/moveit_setup_srdf_plugins/include/moveit_setup_srdf_plugins/rotated_header_view.hpp:0: Note: No relevant classes found. No output generated.
[10.149s] [ 16%] [34m[1mGenerating include/moveit_setup_srdf_plugins/moc_end_effectors_widget.cpp[0m
[10.159s] [ 18%] [34m[1mGenerating include/moveit_setup_srdf_plugins/moc_default_collisions_widget.cpp[0m
[10.169s] [ 20%] [34m[1mGenerating include/moveit_setup_srdf_plugins/moc_collision_matrix_model.cpp[0m
[10.183s] [ 22%] [34m[1mGenerating include/moveit_setup_srdf_plugins/moc_collision_linear_model.cpp[0m
[10.199s] [ 25%] [32mBuilding CXX object CMakeFiles/moveit_setup_srdf_plugins.dir/src/collision_linear_model.cpp.o[0m
[11.013s] [ 27%] [32mBuilding CXX object CMakeFiles/moveit_setup_srdf_plugins.dir/src/end_effectors.cpp.o[0m
[15.472s] [ 29%] [32mBuilding CXX object CMakeFiles/moveit_setup_srdf_plugins.dir/src/end_effectors_widget.cpp.o[0m
[16.485s] [ 31%] [32mBuilding CXX object CMakeFiles/moveit_setup_srdf_plugins.dir/src/group_edit_widget.cpp.o[0m
[17.519s] [ 33%] [32mBuilding CXX object CMakeFiles/moveit_setup_srdf_plugins.dir/src/default_collisions_widget.cpp.o[0m
[18.571s] [ 35%] [32mBuilding CXX object CMakeFiles/moveit_setup_srdf_plugins.dir/src/default_collisions.cpp.o[0m
[18.635s] [ 37%] [32mBuilding CXX object CMakeFiles/moveit_setup_srdf_plugins.dir/src/compute_default_collisions.cpp.o[0m
[19.700s] [ 39%] [32mBuilding CXX object CMakeFiles/moveit_setup_srdf_plugins.dir/src/collision_matrix_model.cpp.o[0m
[41.280s] [ 41%] [32mBuilding CXX object CMakeFiles/moveit_setup_srdf_plugins.dir/src/planning_groups.cpp.o[0m
[50.507s] [ 43%] [32mBuilding CXX object CMakeFiles/moveit_setup_srdf_plugins.dir/src/planning_groups_widget.cpp.o[0m
[58.959s] [ 45%] [32mBuilding CXX object CMakeFiles/moveit_setup_srdf_plugins.dir/src/robot_poses.cpp.o[0m
[65.085s] [ 47%] [32mBuilding CXX object CMakeFiles/moveit_setup_srdf_plugins.dir/src/robot_poses_widget.cpp.o[0m
[66.094s] [ 50%] [32mBuilding CXX object CMakeFiles/moveit_setup_srdf_plugins.dir/src/rotated_header_view.cpp.o[0m
[66.803s] [ 52%] [32mBuilding CXX object CMakeFiles/moveit_setup_srdf_plugins.dir/src/passive_joints_widget.cpp.o[0m
[67.847s] [ 54%] [32mBuilding CXX object CMakeFiles/moveit_setup_srdf_plugins.dir/src/virtual_joints.cpp.o[0m
[68.921s] [ 56%] [32mBuilding CXX object CMakeFiles/moveit_setup_srdf_plugins.dir/src/passive_joints.cpp.o[0m
[69.973s] [ 58%] [32mBuilding CXX object CMakeFiles/moveit_setup_srdf_plugins.dir/src/kinematic_chain_widget.cpp.o[0m
[71.055s] [ 60%] [32mBuilding CXX object CMakeFiles/moveit_setup_srdf_plugins.dir/src/group_meta_config.cpp.o[0m
[84.522s] [ 62%] [32mBuilding CXX object CMakeFiles/moveit_setup_srdf_plugins.dir/include/moveit_setup_srdf_plugins/moc_end_effectors_widget.cpp.o[0m
[92.016s] [ 64%] [32mBuilding CXX object CMakeFiles/moveit_setup_srdf_plugins.dir/include/moveit_setup_srdf_plugins/moc_group_edit_widget.cpp.o[0m
[97.036s] [ 68%] [32mBuilding CXX object CMakeFiles/moveit_setup_srdf_plugins.dir/include/moveit_setup_srdf_plugins/moc_default_collisions_widget.cpp.o[0m
[97.036s] [ 68%] [32mBuilding CXX object CMakeFiles/moveit_setup_srdf_plugins.dir/include/moveit_setup_srdf_plugins/moc_kinematic_chain_widget.cpp.o[0m
[97.499s] [ 70%] [32mBuilding CXX object CMakeFiles/moveit_setup_srdf_plugins.dir/include/moveit_setup_srdf_plugins/moc_collision_matrix_model.cpp.o[0m
[98.047s] [ 72%] [32mBuilding CXX object CMakeFiles/moveit_setup_srdf_plugins.dir/include/moveit_setup_srdf_plugins/moc_passive_joints_widget.cpp.o[0m
[98.048s] [ 75%] [32mBuilding CXX object CMakeFiles/moveit_setup_srdf_plugins.dir/include/moveit_setup_srdf_plugins/moc_collision_linear_model.cpp.o[0m
[98.786s] [ 77%] [32mBuilding CXX object CMakeFiles/moveit_setup_srdf_plugins.dir/include/moveit_setup_srdf_plugins/moc_planning_groups_widget.cpp.o[0m
[98.796s] [ 79%] [32mBuilding CXX object CMakeFiles/moveit_setup_srdf_plugins.dir/src/virtual_joints_widget.cpp.o[0m
[99.848s] [ 81%] [32mBuilding CXX object CMakeFiles/moveit_setup_srdf_plugins.dir/include/moveit_setup_srdf_plugins/moc_robot_poses_widget.cpp.o[0m
[107.011s] [ 83%] [32mBuilding CXX object CMakeFiles/moveit_setup_srdf_plugins.dir/include/moveit_setup_srdf_plugins/moc_rotated_header_view.cpp.o[0m
[107.087s] [ 85%] [32mBuilding CXX object CMakeFiles/moveit_setup_srdf_plugins.dir/include/moveit_setup_srdf_plugins/moc_virtual_joints_widget.cpp.o[0m
[114.221s] [ 87%] [32m[1mLinking CXX shared library libmoveit_setup_srdf_plugins.so[0m
[114.568s] [ 87%] Built target moveit_setup_srdf_plugins
[114.583s] [ 89%] [32mBuilding CXX object gtest/CMakeFiles/gtest.dir/src/gtest-all.cc.o[0m
[114.583s] [ 91%] [32mBuilding CXX object gtest/CMakeFiles/gtest_main.dir/src/gtest_main.cc.o[0m
[115.055s] [ 93%] [32m[1mLinking CXX static library libgtest_main.a[0m
[115.080s] [ 93%] Built target gtest_main
[118.734s] [ 95%] [32m[1mLinking CXX static library libgtest.a[0m
[118.761s] [ 95%] Built target gtest
[118.779s] [ 97%] [32mBuilding CXX object CMakeFiles/test_srdf.dir/test/test_srdf.cpp.o[0m
[128.337s] [100%] [32m[1mLinking CXX executable test_srdf[0m
[128.750s] [100%] Built target test_srdf
[128.759s] Invoked command in '/home/parallels/liam-workspace/build/moveit_setup_srdf_plugins' returned '0': AMENT_PREFIX_PATH=/home/parallels/liam-workspace/install/moveit_setup_framework:/home/parallels/liam-workspace/install/moveit_ros_visualization:/home/parallels/liam-workspace/install/moveit_ros_planning_interface:/home/parallels/liam-workspace/install/moveit_ros_move_group:/home/parallels/liam-workspace/install/moveit_ros_warehouse:/home/parallels/liam-workspace/install/moveit_ros_robot_interaction:/home/parallels/liam-workspace/install/moveit_kinematics:/home/parallels/liam-workspace/install/moveit_ros_planning:/home/parallels/liam-workspace/install/moveit_ros_occupancy_map_monitor:/home/parallels/liam-workspace/install/moveit_core:/home/parallels/liam-workspace/install/srdfdom:/home/parallels/liam-workspace/install/moveit_resources_fanuc_description:/home/parallels/liam-workspace/install/moveit_common:${AMENT_PREFIX_PATH} CMAKE_PREFIX_PATH=/home/parallels/liam-workspace/install/moveit_setup_framework:/home/parallels/liam-workspace/install/moveit_ros_visualization:/home/parallels/liam-workspace/install/moveit_ros_planning_interface:/home/parallels/liam-workspace/install/moveit_ros_move_group:/home/parallels/liam-workspace/install/moveit_ros_warehouse:/home/parallels/liam-workspace/install/moveit_ros_robot_interaction:/home/parallels/liam-workspace/install/moveit_kinematics:/home/parallels/liam-workspace/install/moveit_ros_planning:/home/parallels/liam-workspace/install/moveit_ros_occupancy_map_monitor:/home/parallels/liam-workspace/install/moveit_core:/home/parallels/liam-workspace/install/srdfdom:/home/parallels/liam-workspace/install/moveit_resources_fanuc_description:/home/parallels/liam-workspace/install/moveit_common:/home/parallels/liam-workspace/install/pantilt_bot_description:/home/parallels/liam-workspace/install/open_manipulator_srt_description:/home/parallels/ws_moveit2/install/pilz_industrial_motion_planner_testutils:/home/parallels/ws_moveit2/install/moveit_runtime:/home/parallels/ws_moveit2/install/moveit2_tutorials:/home/parallels/ws_moveit2/install/moveit:/home/parallels/ws_moveit2/install/moveit_planners:/home/parallels/ws_moveit2/install/pilz_industrial_motion_planner:/home/parallels/ws_moveit2/install/moveit_visual_tools:/home/parallels/ws_moveit2/install/moveit_task_constructor_visualization:/home/parallels/ws_moveit2/install/moveit_task_constructor_demo:/home/parallels/ws_moveit2/install/moveit_task_constructor_capabilities:/home/parallels/ws_moveit2/install/moveit_task_constructor_core:/home/parallels/ws_moveit2/install/moveit_ros_control_interface:/home/parallels/ws_moveit2/install/moveit_plugins:/home/parallels/ws_moveit2/install/moveit_simple_controller_manager:/home/parallels/ws_moveit2/install/moveit_setup_assistant:/home/parallels/ws_moveit2/install/moveit_setup_srdf_plugins:/home/parallels/ws_moveit2/install/moveit_setup_core_plugins:/home/parallels/ws_moveit2/install/moveit_setup_controllers:/home/parallels/ws_moveit2/install/moveit_setup_app_plugins:/home/parallels/ws_moveit2/install/moveit_setup_framework:/home/parallels/ws_moveit2/install/moveit_servo:/home/parallels/ws_moveit2/install/moveit_ros:/home/parallels/ws_moveit2/install/moveit_ros_visualization:/home/parallels/ws_moveit2/install/moveit_hybrid_planning:/home/parallels/ws_moveit2/install/moveit_ros_planning_interface:/home/parallels/ws_moveit2/install/moveit_ros_benchmarks:/home/parallels/ws_moveit2/install/moveit_ros_warehouse:/home/parallels/ws_moveit2/install/moveit_ros_robot_interaction:/home/parallels/ws_moveit2/install/moveit_ros_perception:/home/parallels/ws_moveit2/install/moveit_resources_prbt_pg70_support:/home/parallels/ws_moveit2/install/moveit_resources_prbt_moveit_config:/home/parallels/ws_moveit2/install/moveit_ros_move_group:/home/parallels/ws_moveit2/install/moveit_planners_ompl:/home/parallels/ws_moveit2/install/moveit_ros_planning:/home/parallels/ws_moveit2/install/moveit_ros_occupancy_map_monitor:/home/parallels/ws_moveit2/install/moveit_resources_prbt_ikfast_manipulator_plugin:/home/parallels/ws_moveit2/install/moveit_planners_chomp:/home/parallels/ws_moveit2/install/moveit_kinematics:/home/parallels/ws_moveit2/install/moveit_chomp_optimizer_adapter:/home/parallels/ws_moveit2/install/chomp_motion_planner:/home/parallels/ws_moveit2/install/moveit_core:/home/parallels/ws_moveit2/install/srdfdom:/home/parallels/ws_moveit2/install/rviz_marker_tools:/home/parallels/ws_moveit2/install/rosparam_shortcuts:/home/parallels/ws_moveit2/install/pantilt_bot_description:/home/parallels/ws_moveit2/install/open_manipulator_x_description:/home/parallels/ws_moveit2/install/moveit_task_constructor_msgs:/home/parallels/ws_moveit2/install/moveit_resources_prbt_support:/home/parallels/ws_moveit2/install/moveit_resources:/home/parallels/ws_moveit2/install/moveit_resources_pr2_description:/home/parallels/ws_moveit2/install/moveit_resources_panda_moveit_config:/home/parallels/ws_moveit2/install/moveit_resources_panda_description:/home/parallels/ws_moveit2/install/moveit_resources_fanuc_moveit_config:/home/parallels/ws_moveit2/install/moveit_resources_fanuc_description:/home/parallels/ws_moveit2/install/moveit_common:/home/parallels/ws_moveit2/install/dynamixel_workbench:/home/parallels/ws_moveit2/install/dynamixel_hardware:/home/parallels/ws_moveit2/install/dynamixel_workbench_toolbox:/home/parallels/ws_moveit2/install/dynamixel_workbench_msgs:/home/parallels/ws_moveit2/install/moveit_configs_utils:/home/parallels/ws_moveit2/install/launch_param_builder:/opt/ros/humble LD_LIBRARY_PATH=/home/parallels/liam-workspace/install/moveit_setup_framework/lib:/home/parallels/liam-workspace/install/moveit_ros_visualization/lib:/home/parallels/liam-workspace/install/moveit_ros_planning_interface/lib:/home/parallels/liam-workspace/install/moveit_ros_move_group/lib:/home/parallels/liam-workspace/install/moveit_ros_warehouse/lib:/home/parallels/liam-workspace/install/moveit_ros_robot_interaction/lib:/home/parallels/liam-workspace/install/moveit_kinematics/lib:/home/parallels/liam-workspace/install/moveit_ros_planning/lib:/home/parallels/liam-workspace/install/moveit_ros_occupancy_map_monitor/lib:/home/parallels/liam-workspace/install/moveit_core/lib:/home/parallels/liam-workspace/install/srdfdom/lib:${LD_LIBRARY_PATH} PATH=/home/parallels/liam-workspace/install/moveit_core/bin:${PATH} PYTHONPATH=/home/parallels/liam-workspace/install/srdfdom/local/lib/python3.10/dist-packages:${PYTHONPATH} /usr/bin/cmake --build /home/parallels/liam-workspace/build/moveit_setup_srdf_plugins -- -j8 -l8
[128.854s] Invoking command in '/home/parallels/liam-workspace/build/moveit_setup_srdf_plugins': AMENT_PREFIX_PATH=/home/parallels/liam-workspace/install/moveit_setup_framework:/home/parallels/liam-workspace/install/moveit_ros_visualization:/home/parallels/liam-workspace/install/moveit_ros_planning_interface:/home/parallels/liam-workspace/install/moveit_ros_move_group:/home/parallels/liam-workspace/install/moveit_ros_warehouse:/home/parallels/liam-workspace/install/moveit_ros_robot_interaction:/home/parallels/liam-workspace/install/moveit_kinematics:/home/parallels/liam-workspace/install/moveit_ros_planning:/home/parallels/liam-workspace/install/moveit_ros_occupancy_map_monitor:/home/parallels/liam-workspace/install/moveit_core:/home/parallels/liam-workspace/install/srdfdom:/home/parallels/liam-workspace/install/moveit_resources_fanuc_description:/home/parallels/liam-workspace/install/moveit_common:${AMENT_PREFIX_PATH} CMAKE_PREFIX_PATH=/home/parallels/liam-workspace/install/moveit_setup_framework:/home/parallels/liam-workspace/install/moveit_ros_visualization:/home/parallels/liam-workspace/install/moveit_ros_planning_interface:/home/parallels/liam-workspace/install/moveit_ros_move_group:/home/parallels/liam-workspace/install/moveit_ros_warehouse:/home/parallels/liam-workspace/install/moveit_ros_robot_interaction:/home/parallels/liam-workspace/install/moveit_kinematics:/home/parallels/liam-workspace/install/moveit_ros_planning:/home/parallels/liam-workspace/install/moveit_ros_occupancy_map_monitor:/home/parallels/liam-workspace/install/moveit_core:/home/parallels/liam-workspace/install/srdfdom:/home/parallels/liam-workspace/install/moveit_resources_fanuc_description:/home/parallels/liam-workspace/install/moveit_common:/home/parallels/liam-workspace/install/pantilt_bot_description:/home/parallels/liam-workspace/install/open_manipulator_srt_description:/home/parallels/ws_moveit2/install/pilz_industrial_motion_planner_testutils:/home/parallels/ws_moveit2/install/moveit_runtime:/home/parallels/ws_moveit2/install/moveit2_tutorials:/home/parallels/ws_moveit2/install/moveit:/home/parallels/ws_moveit2/install/moveit_planners:/home/parallels/ws_moveit2/install/pilz_industrial_motion_planner:/home/parallels/ws_moveit2/install/moveit_visual_tools:/home/parallels/ws_moveit2/install/moveit_task_constructor_visualization:/home/parallels/ws_moveit2/install/moveit_task_constructor_demo:/home/parallels/ws_moveit2/install/moveit_task_constructor_capabilities:/home/parallels/ws_moveit2/install/moveit_task_constructor_core:/home/parallels/ws_moveit2/install/moveit_ros_control_interface:/home/parallels/ws_moveit2/install/moveit_plugins:/home/parallels/ws_moveit2/install/moveit_simple_controller_manager:/home/parallels/ws_moveit2/install/moveit_setup_assistant:/home/parallels/ws_moveit2/install/moveit_setup_srdf_plugins:/home/parallels/ws_moveit2/install/moveit_setup_core_plugins:/home/parallels/ws_moveit2/install/moveit_setup_controllers:/home/parallels/ws_moveit2/install/moveit_setup_app_plugins:/home/parallels/ws_moveit2/install/moveit_setup_framework:/home/parallels/ws_moveit2/install/moveit_servo:/home/parallels/ws_moveit2/install/moveit_ros:/home/parallels/ws_moveit2/install/moveit_ros_visualization:/home/parallels/ws_moveit2/install/moveit_hybrid_planning:/home/parallels/ws_moveit2/install/moveit_ros_planning_interface:/home/parallels/ws_moveit2/install/moveit_ros_benchmarks:/home/parallels/ws_moveit2/install/moveit_ros_warehouse:/home/parallels/ws_moveit2/install/moveit_ros_robot_interaction:/home/parallels/ws_moveit2/install/moveit_ros_perception:/home/parallels/ws_moveit2/install/moveit_resources_prbt_pg70_support:/home/parallels/ws_moveit2/install/moveit_resources_prbt_moveit_config:/home/parallels/ws_moveit2/install/moveit_ros_move_group:/home/parallels/ws_moveit2/install/moveit_planners_ompl:/home/parallels/ws_moveit2/install/moveit_ros_planning:/home/parallels/ws_moveit2/install/moveit_ros_occupancy_map_monitor:/home/parallels/ws_moveit2/install/moveit_resources_prbt_ikfast_manipulator_plugin:/home/parallels/ws_moveit2/install/moveit_planners_chomp:/home/parallels/ws_moveit2/install/moveit_kinematics:/home/parallels/ws_moveit2/install/moveit_chomp_optimizer_adapter:/home/parallels/ws_moveit2/install/chomp_motion_planner:/home/parallels/ws_moveit2/install/moveit_core:/home/parallels/ws_moveit2/install/srdfdom:/home/parallels/ws_moveit2/install/rviz_marker_tools:/home/parallels/ws_moveit2/install/rosparam_shortcuts:/home/parallels/ws_moveit2/install/pantilt_bot_description:/home/parallels/ws_moveit2/install/open_manipulator_x_description:/home/parallels/ws_moveit2/install/moveit_task_constructor_msgs:/home/parallels/ws_moveit2/install/moveit_resources_prbt_support:/home/parallels/ws_moveit2/install/moveit_resources:/home/parallels/ws_moveit2/install/moveit_resources_pr2_description:/home/parallels/ws_moveit2/install/moveit_resources_panda_moveit_config:/home/parallels/ws_moveit2/install/moveit_resources_panda_description:/home/parallels/ws_moveit2/install/moveit_resources_fanuc_moveit_config:/home/parallels/ws_moveit2/install/moveit_resources_fanuc_description:/home/parallels/ws_moveit2/install/moveit_common:/home/parallels/ws_moveit2/install/dynamixel_workbench:/home/parallels/ws_moveit2/install/dynamixel_hardware:/home/parallels/ws_moveit2/install/dynamixel_workbench_toolbox:/home/parallels/ws_moveit2/install/dynamixel_workbench_msgs:/home/parallels/ws_moveit2/install/moveit_configs_utils:/home/parallels/ws_moveit2/install/launch_param_builder:/opt/ros/humble LD_LIBRARY_PATH=/home/parallels/liam-workspace/install/moveit_setup_framework/lib:/home/parallels/liam-workspace/install/moveit_ros_visualization/lib:/home/parallels/liam-workspace/install/moveit_ros_planning_interface/lib:/home/parallels/liam-workspace/install/moveit_ros_move_group/lib:/home/parallels/liam-workspace/install/moveit_ros_warehouse/lib:/home/parallels/liam-workspace/install/moveit_ros_robot_interaction/lib:/home/parallels/liam-workspace/install/moveit_kinematics/lib:/home/parallels/liam-workspace/install/moveit_ros_planning/lib:/home/parallels/liam-workspace/install/moveit_ros_occupancy_map_monitor/lib:/home/parallels/liam-workspace/install/moveit_core/lib:/home/parallels/liam-workspace/install/srdfdom/lib:${LD_LIBRARY_PATH} PATH=/home/parallels/liam-workspace/install/moveit_core/bin:${PATH} PYTHONPATH=/home/parallels/liam-workspace/install/srdfdom/local/lib/python3.10/dist-packages:${PYTHONPATH} /usr/bin/cmake --install /home/parallels/liam-workspace/build/moveit_setup_srdf_plugins
[128.861s] -- Install configuration: "Release"
[128.861s] -- Installing: /home/parallels/liam-workspace/install/moveit_setup_srdf_plugins/lib/libmoveit_setup_srdf_plugins.so
[128.862s] -- Set runtime path of "/home/parallels/liam-workspace/install/moveit_setup_srdf_plugins/lib/libmoveit_setup_srdf_plugins.so" to ""
[128.862s] -- Installing: /home/parallels/liam-workspace/install/moveit_setup_srdf_plugins/share/moveit_setup_srdf_plugins/moveit_setup_framework_plugins.xml
[128.862s] -- Installing: /home/parallels/liam-workspace/install/moveit_setup_srdf_plugins/include
[128.862s] -- Installing: /home/parallels/liam-workspace/install/moveit_setup_srdf_plugins/include/moveit_setup_srdf_plugins
[128.862s] -- Installing: /home/parallels/liam-workspace/install/moveit_setup_srdf_plugins/include/moveit_setup_srdf_plugins/group_meta_config.hpp
[128.863s] -- Installing: /home/parallels/liam-workspace/install/moveit_setup_srdf_plugins/include/moveit_setup_srdf_plugins/collision_linear_model.hpp
[128.863s] -- Installing: /home/parallels/liam-workspace/install/moveit_setup_srdf_plugins/include/moveit_setup_srdf_plugins/virtual_joints.hpp
[128.863s] -- Installing: /home/parallels/liam-workspace/install/moveit_setup_srdf_plugins/include/moveit_setup_srdf_plugins/passive_joints.hpp
[128.863s] -- Installing: /home/parallels/liam-workspace/install/moveit_setup_srdf_plugins/include/moveit_setup_srdf_plugins/rotated_header_view.hpp
[128.863s] -- Installing: /home/parallels/liam-workspace/install/moveit_setup_srdf_plugins/include/moveit_setup_srdf_plugins/planning_groups_widget.hpp
[128.863s] -- Installing: /home/parallels/liam-workspace/install/moveit_setup_srdf_plugins/include/moveit_setup_srdf_plugins/collision_matrix_model.hpp
[128.863s] -- Installing: /home/parallels/liam-workspace/install/moveit_setup_srdf_plugins/include/moveit_setup_srdf_plugins/robot_poses_widget.hpp
[128.863s] -- Installing: /home/parallels/liam-workspace/install/moveit_setup_srdf_plugins/include/moveit_setup_srdf_plugins/robot_poses.hpp
[128.863s] -- Installing: /home/parallels/liam-workspace/install/moveit_setup_srdf_plugins/include/moveit_setup_srdf_plugins/passive_joints_widget.hpp
[128.863s] -- Installing: /home/parallels/liam-workspace/install/moveit_setup_srdf_plugins/include/moveit_setup_srdf_plugins/group_edit_widget.hpp
[128.863s] -- Installing: /home/parallels/liam-workspace/install/moveit_setup_srdf_plugins/include/moveit_setup_srdf_plugins/end_effectors.hpp
[128.863s] -- Installing: /home/parallels/liam-workspace/install/moveit_setup_srdf_plugins/include/moveit_setup_srdf_plugins/default_collisions.hpp
[128.863s] -- Installing: /home/parallels/liam-workspace/install/moveit_setup_srdf_plugins/include/moveit_setup_srdf_plugins/srdf_step.hpp
[128.863s] -- Installing: /home/parallels/liam-workspace/install/moveit_setup_srdf_plugins/include/moveit_setup_srdf_plugins/default_collisions_widget.hpp
[128.864s] -- Installing: /home/parallels/liam-workspace/install/moveit_setup_srdf_plugins/include/moveit_setup_srdf_plugins/virtual_joints_widget.hpp
[128.864s] -- Installing: /home/parallels/liam-workspace/install/moveit_setup_srdf_plugins/include/moveit_setup_srdf_plugins/compute_default_collisions.hpp
[128.864s] -- Installing: /home/parallels/liam-workspace/install/moveit_setup_srdf_plugins/include/moveit_setup_srdf_plugins/planning_groups.hpp
[128.864s] -- Installing: /home/parallels/liam-workspace/install/moveit_setup_srdf_plugins/include/moveit_setup_srdf_plugins/kinematic_chain_widget.hpp
[128.864s] -- Installing: /home/parallels/liam-workspace/install/moveit_setup_srdf_plugins/include/moveit_setup_srdf_plugins/end_effectors_widget.hpp
[128.864s] -- Installing: /home/parallels/liam-workspace/install/moveit_setup_srdf_plugins/share/moveit_setup_srdf_plugins/environment/library_path.sh
[128.864s] -- Installing: /home/parallels/liam-workspace/install/moveit_setup_srdf_plugins/share/moveit_setup_srdf_plugins/environment/library_path.dsv
[128.864s] -- Up-to-date: /home/parallels/liam-workspace/install/moveit_setup_srdf_plugins/share/moveit_setup_srdf_plugins/moveit_setup_framework_plugins.xml
[128.864s] -- Installing: /home/parallels/liam-workspace/install/moveit_setup_srdf_plugins/share/ament_index/resource_index/package_run_dependencies/moveit_setup_srdf_plugins
[128.864s] -- Installing: /home/parallels/liam-workspace/install/moveit_setup_srdf_plugins/share/ament_index/resource_index/parent_prefix_path/moveit_setup_srdf_plugins
[128.864s] -- Installing: /home/parallels/liam-workspace/install/moveit_setup_srdf_plugins/share/moveit_setup_srdf_plugins/environment/ament_prefix_path.sh
[128.864s] -- Installing: /home/parallels/liam-workspace/install/moveit_setup_srdf_plugins/share/moveit_setup_srdf_plugins/environment/ament_prefix_path.dsv
[128.864s] -- Installing: /home/parallels/liam-workspace/install/moveit_setup_srdf_plugins/share/moveit_setup_srdf_plugins/environment/path.sh
[128.864s] -- Installing: /home/parallels/liam-workspace/install/moveit_setup_srdf_plugins/share/moveit_setup_srdf_plugins/environment/path.dsv
[128.864s] -- Installing: /home/parallels/liam-workspace/install/moveit_setup_srdf_plugins/share/moveit_setup_srdf_plugins/local_setup.bash
[128.864s] -- Installing: /home/parallels/liam-workspace/install/moveit_setup_srdf_plugins/share/moveit_setup_srdf_plugins/local_setup.sh
[128.864s] -- Installing: /home/parallels/liam-workspace/install/moveit_setup_srdf_plugins/share/moveit_setup_srdf_plugins/local_setup.zsh
[128.864s] -- Installing: /home/parallels/liam-workspace/install/moveit_setup_srdf_plugins/share/moveit_setup_srdf_plugins/local_setup.dsv
[128.864s] -- Installing: /home/parallels/liam-workspace/install/moveit_setup_srdf_plugins/share/moveit_setup_srdf_plugins/package.dsv
[128.864s] -- Installing: /home/parallels/liam-workspace/install/moveit_setup_srdf_plugins/share/ament_index/resource_index/packages/moveit_setup_srdf_plugins
[128.865s] -- Installing: /home/parallels/liam-workspace/install/moveit_setup_srdf_plugins/share/ament_index/resource_index/moveit_setup_framework__pluginlib__plugin/moveit_setup_srdf_plugins
[128.865s] -- Installing: /home/parallels/liam-workspace/install/moveit_setup_srdf_plugins/share/moveit_setup_srdf_plugins/cmake/export_moveit_setup_srdf_pluginsExport.cmake
[128.865s] -- Installing: /home/parallels/liam-workspace/install/moveit_setup_srdf_plugins/share/moveit_setup_srdf_plugins/cmake/export_moveit_setup_srdf_pluginsExport-release.cmake
[128.865s] -- Installing: /home/parallels/liam-workspace/install/moveit_setup_srdf_plugins/share/moveit_setup_srdf_plugins/cmake/ament_cmake_export_include_directories-extras.cmake
[128.865s] -- Installing: /home/parallels/liam-workspace/install/moveit_setup_srdf_plugins/share/moveit_setup_srdf_plugins/cmake/ament_cmake_export_libraries-extras.cmake
[128.865s] -- Installing: /home/parallels/liam-workspace/install/moveit_setup_srdf_plugins/share/moveit_setup_srdf_plugins/cmake/ament_cmake_export_targets-extras.cmake
[128.865s] -- Installing: /home/parallels/liam-workspace/install/moveit_setup_srdf_plugins/share/moveit_setup_srdf_plugins/cmake/moveit_setup_srdf_pluginsConfig.cmake
[128.865s] -- Installing: /home/parallels/liam-workspace/install/moveit_setup_srdf_plugins/share/moveit_setup_srdf_plugins/cmake/moveit_setup_srdf_pluginsConfig-version.cmake
[128.865s] -- Installing: /home/parallels/liam-workspace/install/moveit_setup_srdf_plugins/share/moveit_setup_srdf_plugins/package.xml
[128.866s] Invoked command in '/home/parallels/liam-workspace/build/moveit_setup_srdf_plugins' returned '0': AMENT_PREFIX_PATH=/home/parallels/liam-workspace/install/moveit_setup_framework:/home/parallels/liam-workspace/install/moveit_ros_visualization:/home/parallels/liam-workspace/install/moveit_ros_planning_interface:/home/parallels/liam-workspace/install/moveit_ros_move_group:/home/parallels/liam-workspace/install/moveit_ros_warehouse:/home/parallels/liam-workspace/install/moveit_ros_robot_interaction:/home/parallels/liam-workspace/install/moveit_kinematics:/home/parallels/liam-workspace/install/moveit_ros_planning:/home/parallels/liam-workspace/install/moveit_ros_occupancy_map_monitor:/home/parallels/liam-workspace/install/moveit_core:/home/parallels/liam-workspace/install/srdfdom:/home/parallels/liam-workspace/install/moveit_resources_fanuc_description:/home/parallels/liam-workspace/install/moveit_common:${AMENT_PREFIX_PATH} CMAKE_PREFIX_PATH=/home/parallels/liam-workspace/install/moveit_setup_framework:/home/parallels/liam-workspace/install/moveit_ros_visualization:/home/parallels/liam-workspace/install/moveit_ros_planning_interface:/home/parallels/liam-workspace/install/moveit_ros_move_group:/home/parallels/liam-workspace/install/moveit_ros_warehouse:/home/parallels/liam-workspace/install/moveit_ros_robot_interaction:/home/parallels/liam-workspace/install/moveit_kinematics:/home/parallels/liam-workspace/install/moveit_ros_planning:/home/parallels/liam-workspace/install/moveit_ros_occupancy_map_monitor:/home/parallels/liam-workspace/install/moveit_core:/home/parallels/liam-workspace/install/srdfdom:/home/parallels/liam-workspace/install/moveit_resources_fanuc_description:/home/parallels/liam-workspace/install/moveit_common:/home/parallels/liam-workspace/install/pantilt_bot_description:/home/parallels/liam-workspace/install/open_manipulator_srt_description:/home/parallels/ws_moveit2/install/pilz_industrial_motion_planner_testutils:/home/parallels/ws_moveit2/install/moveit_runtime:/home/parallels/ws_moveit2/install/moveit2_tutorials:/home/parallels/ws_moveit2/install/moveit:/home/parallels/ws_moveit2/install/moveit_planners:/home/parallels/ws_moveit2/install/pilz_industrial_motion_planner:/home/parallels/ws_moveit2/install/moveit_visual_tools:/home/parallels/ws_moveit2/install/moveit_task_constructor_visualization:/home/parallels/ws_moveit2/install/moveit_task_constructor_demo:/home/parallels/ws_moveit2/install/moveit_task_constructor_capabilities:/home/parallels/ws_moveit2/install/moveit_task_constructor_core:/home/parallels/ws_moveit2/install/moveit_ros_control_interface:/home/parallels/ws_moveit2/install/moveit_plugins:/home/parallels/ws_moveit2/install/moveit_simple_controller_manager:/home/parallels/ws_moveit2/install/moveit_setup_assistant:/home/parallels/ws_moveit2/install/moveit_setup_srdf_plugins:/home/parallels/ws_moveit2/install/moveit_setup_core_plugins:/home/parallels/ws_moveit2/install/moveit_setup_controllers:/home/parallels/ws_moveit2/install/moveit_setup_app_plugins:/home/parallels/ws_moveit2/install/moveit_setup_framework:/home/parallels/ws_moveit2/install/moveit_servo:/home/parallels/ws_moveit2/install/moveit_ros:/home/parallels/ws_moveit2/install/moveit_ros_visualization:/home/parallels/ws_moveit2/install/moveit_hybrid_planning:/home/parallels/ws_moveit2/install/moveit_ros_planning_interface:/home/parallels/ws_moveit2/install/moveit_ros_benchmarks:/home/parallels/ws_moveit2/install/moveit_ros_warehouse:/home/parallels/ws_moveit2/install/moveit_ros_robot_interaction:/home/parallels/ws_moveit2/install/moveit_ros_perception:/home/parallels/ws_moveit2/install/moveit_resources_prbt_pg70_support:/home/parallels/ws_moveit2/install/moveit_resources_prbt_moveit_config:/home/parallels/ws_moveit2/install/moveit_ros_move_group:/home/parallels/ws_moveit2/install/moveit_planners_ompl:/home/parallels/ws_moveit2/install/moveit_ros_planning:/home/parallels/ws_moveit2/install/moveit_ros_occupancy_map_monitor:/home/parallels/ws_moveit2/install/moveit_resources_prbt_ikfast_manipulator_plugin:/home/parallels/ws_moveit2/install/moveit_planners_chomp:/home/parallels/ws_moveit2/install/moveit_kinematics:/home/parallels/ws_moveit2/install/moveit_chomp_optimizer_adapter:/home/parallels/ws_moveit2/install/chomp_motion_planner:/home/parallels/ws_moveit2/install/moveit_core:/home/parallels/ws_moveit2/install/srdfdom:/home/parallels/ws_moveit2/install/rviz_marker_tools:/home/parallels/ws_moveit2/install/rosparam_shortcuts:/home/parallels/ws_moveit2/install/pantilt_bot_description:/home/parallels/ws_moveit2/install/open_manipulator_x_description:/home/parallels/ws_moveit2/install/moveit_task_constructor_msgs:/home/parallels/ws_moveit2/install/moveit_resources_prbt_support:/home/parallels/ws_moveit2/install/moveit_resources:/home/parallels/ws_moveit2/install/moveit_resources_pr2_description:/home/parallels/ws_moveit2/install/moveit_resources_panda_moveit_config:/home/parallels/ws_moveit2/install/moveit_resources_panda_description:/home/parallels/ws_moveit2/install/moveit_resources_fanuc_moveit_config:/home/parallels/ws_moveit2/install/moveit_resources_fanuc_description:/home/parallels/ws_moveit2/install/moveit_common:/home/parallels/ws_moveit2/install/dynamixel_workbench:/home/parallels/ws_moveit2/install/dynamixel_hardware:/home/parallels/ws_moveit2/install/dynamixel_workbench_toolbox:/home/parallels/ws_moveit2/install/dynamixel_workbench_msgs:/home/parallels/ws_moveit2/install/moveit_configs_utils:/home/parallels/ws_moveit2/install/launch_param_builder:/opt/ros/humble LD_LIBRARY_PATH=/home/parallels/liam-workspace/install/moveit_setup_framework/lib:/home/parallels/liam-workspace/install/moveit_ros_visualization/lib:/home/parallels/liam-workspace/install/moveit_ros_planning_interface/lib:/home/parallels/liam-workspace/install/moveit_ros_move_group/lib:/home/parallels/liam-workspace/install/moveit_ros_warehouse/lib:/home/parallels/liam-workspace/install/moveit_ros_robot_interaction/lib:/home/parallels/liam-workspace/install/moveit_kinematics/lib:/home/parallels/liam-workspace/install/moveit_ros_planning/lib:/home/parallels/liam-workspace/install/moveit_ros_occupancy_map_monitor/lib:/home/parallels/liam-workspace/install/moveit_core/lib:/home/parallels/liam-workspace/install/srdfdom/lib:${LD_LIBRARY_PATH} PATH=/home/parallels/liam-workspace/install/moveit_core/bin:${PATH} PYTHONPATH=/home/parallels/liam-workspace/install/srdfdom/local/lib/python3.10/dist-packages:${PYTHONPATH} /usr/bin/cmake --install /home/parallels/liam-workspace/build/moveit_setup_srdf_plugins
