[0.397s] Invoking command in '/home/parallels/liam-workspace/src/launch_param_builder': PYTHONPATH=/home/parallels/liam-workspace/build/launch_param_builder/prefix_override:/home/parallels/liam-workspace/install/launch_param_builder/lib/python3.10/site-packages:${PYTHONPATH} /usr/bin/python3 -W ignore:setup.py install is deprecated setup.py egg_info --egg-base ../../build/launch_param_builder build --build-base /home/parallels/liam-workspace/build/launch_param_builder/build install --record /home/parallels/liam-workspace/build/launch_param_builder/install.log --single-version-externally-managed install_data
[0.595s] running egg_info
[0.595s] creating ../../build/launch_param_builder/launch_param_builder.egg-info
[0.595s] writing ../../build/launch_param_builder/launch_param_builder.egg-info/PKG-INFO
[0.596s] writing dependency_links to ../../build/launch_param_builder/launch_param_builder.egg-info/dependency_links.txt
[0.596s] writing entry points to ../../build/launch_param_builder/launch_param_builder.egg-info/entry_points.txt
[0.596s] writing requirements to ../../build/launch_param_builder/launch_param_builder.egg-info/requires.txt
[0.596s] writing top-level names to ../../build/launch_param_builder/launch_param_builder.egg-info/top_level.txt
[0.596s] writing manifest file '../../build/launch_param_builder/launch_param_builder.egg-info/SOURCES.txt'
[0.596s] reading manifest file '../../build/launch_param_builder/launch_param_builder.egg-info/SOURCES.txt'
[0.596s] adding license file 'LICENSE'
[0.596s] writing manifest file '../../build/launch_param_builder/launch_param_builder.egg-info/SOURCES.txt'
[0.596s] running build
[0.596s] running build_py
[0.597s] creating /home/parallels/liam-workspace/build/launch_param_builder/build
[0.597s] creating /home/parallels/liam-workspace/build/launch_param_builder/build/lib
[0.597s] creating /home/parallels/liam-workspace/build/launch_param_builder/build/lib/launch_param_builder
[0.597s] copying launch_param_builder/launch_param_builder.py -> /home/parallels/liam-workspace/build/launch_param_builder/build/lib/launch_param_builder
[0.597s] copying launch_param_builder/utils.py -> /home/parallels/liam-workspace/build/launch_param_builder/build/lib/launch_param_builder
[0.597s] copying launch_param_builder/__init__.py -> /home/parallels/liam-workspace/build/launch_param_builder/build/lib/launch_param_builder
[0.597s] running install
[0.597s] running install_lib
[0.597s] creating /home/parallels/liam-workspace/install/launch_param_builder/lib/python3.10/site-packages/launch_param_builder
[0.597s] copying /home/parallels/liam-workspace/build/launch_param_builder/build/lib/launch_param_builder/launch_param_builder.py -> /home/parallels/liam-workspace/install/launch_param_builder/lib/python3.10/site-packages/launch_param_builder
[0.597s] copying /home/parallels/liam-workspace/build/launch_param_builder/build/lib/launch_param_builder/utils.py -> /home/parallels/liam-workspace/install/launch_param_builder/lib/python3.10/site-packages/launch_param_builder
[0.597s] copying /home/parallels/liam-workspace/build/launch_param_builder/build/lib/launch_param_builder/__init__.py -> /home/parallels/liam-workspace/install/launch_param_builder/lib/python3.10/site-packages/launch_param_builder
[0.597s] byte-compiling /home/parallels/liam-workspace/install/launch_param_builder/lib/python3.10/site-packages/launch_param_builder/launch_param_builder.py to launch_param_builder.cpython-310.pyc
[0.597s] byte-compiling /home/parallels/liam-workspace/install/launch_param_builder/lib/python3.10/site-packages/launch_param_builder/utils.py to utils.cpython-310.pyc
[0.597s] byte-compiling /home/parallels/liam-workspace/install/launch_param_builder/lib/python3.10/site-packages/launch_param_builder/__init__.py to __init__.cpython-310.pyc
[0.597s] running install_data
[0.597s] creating /home/parallels/liam-workspace/install/launch_param_builder/share/ament_index
[0.597s] creating /home/parallels/liam-workspace/install/launch_param_builder/share/ament_index/resource_index
[0.597s] creating /home/parallels/liam-workspace/install/launch_param_builder/share/ament_index/resource_index/packages
[0.597s] copying resource/launch_param_builder -> /home/parallels/liam-workspace/install/launch_param_builder/share/ament_index/resource_index/packages
[0.598s] creating /home/parallels/liam-workspace/install/launch_param_builder/share/launch_param_builder/launch
[0.598s] copying example/launch_param_builder_example.launch.py -> /home/parallels/liam-workspace/install/launch_param_builder/share/launch_param_builder/launch
[0.598s] creating /home/parallels/liam-workspace/install/launch_param_builder/share/launch_param_builder/config
[0.598s] copying test/data/parameters_injection.yaml -> /home/parallels/liam-workspace/install/launch_param_builder/share/launch_param_builder/config
[0.598s] copying test/data/parameter.xacro -> /home/parallels/liam-workspace/install/launch_param_builder/share/launch_param_builder/config
[0.598s] copying test/data/parameters.yaml -> /home/parallels/liam-workspace/install/launch_param_builder/share/launch_param_builder/config
[0.598s] copying test/data/param_file_to_inject.yaml -> /home/parallels/liam-workspace/install/launch_param_builder/share/launch_param_builder/config
[0.599s] copying test/data/parameter_file -> /home/parallels/liam-workspace/install/launch_param_builder/share/launch_param_builder/config
[0.599s] copying package.xml -> /home/parallels/liam-workspace/install/launch_param_builder/share/launch_param_builder
[0.599s] creating /home/parallels/liam-workspace/install/launch_param_builder/lib/launch_param_builder
[0.599s] copying example/example_node.py -> /home/parallels/liam-workspace/install/launch_param_builder/lib/launch_param_builder
[0.599s] running install_egg_info
[0.599s] Copying ../../build/launch_param_builder/launch_param_builder.egg-info to /home/parallels/liam-workspace/install/launch_param_builder/lib/python3.10/site-packages/launch_param_builder-0.1.1-py3.10.egg-info
[0.599s] running install_scripts
[0.599s] writing list of installed files to '/home/parallels/liam-workspace/build/launch_param_builder/install.log'
[0.607s] Invoked command in '/home/parallels/liam-workspace/src/launch_param_builder' returned '0': PYTHONPATH=/home/parallels/liam-workspace/build/launch_param_builder/prefix_override:/home/parallels/liam-workspace/install/launch_param_builder/lib/python3.10/site-packages:${PYTHONPATH} /usr/bin/python3 -W ignore:setup.py install is deprecated setup.py egg_info --egg-base ../../build/launch_param_builder build --build-base /home/parallels/liam-workspace/build/launch_param_builder/build install --record /home/parallels/liam-workspace/build/launch_param_builder/install.log --single-version-externally-managed install_data
