[0.007s] Invoking command in '/home/parallels/liam-workspace/build/open_manipulator_srt_description': CMAKE_PREFIX_PATH=${CMAKE_PREFIX_PATH}:/home/parallels/ws_moveit2/install/moveit_configs_utils:/home/parallels/ws_moveit2/install/launch_param_builder:/opt/ros/humble /usr/bin/cmake /home/parallels/liam-workspace/src/open_manipulator_srt_description -DCMAKE_INSTALL_PREFIX=/home/parallels/liam-workspace/install/open_manipulator_srt_description
[0.042s] -- The C compiler identification is GNU 11.4.0
[0.073s] -- The CXX compiler identification is GNU 11.4.0
[0.076s] -- Detecting C compiler ABI info
[0.116s] -- Detecting C compiler ABI info - done
[0.119s] -- Check for working C compiler: /usr/bin/cc - skipped
[0.120s] -- Detecting C compile features
[0.120s] -- Detecting C compile features - done
[0.121s] -- Detecting CXX compiler ABI info
[0.169s] -- Detecting CXX compiler ABI info - done
[0.172s] -- Check for working CXX compiler: /usr/bin/c++ - skipped
[0.173s] -- Detecting CXX compile features
[0.173s] -- Detecting CXX compile features - done
[0.178s] -- Found ament_cmake: 1.3.9 (/opt/ros/humble/share/ament_cmake/cmake)
[0.261s] -- Found Python3: /usr/bin/python3 (found version "3.10.12") found components: Interpreter 
[0.344s] -- Found robot_state_publisher: 3.0.3 (/opt/ros/humble/share/robot_state_publisher/cmake)
[0.390s] -- Found rosidl_generator_c: 3.1.5 (/opt/ros/humble/share/rosidl_generator_c/cmake)
[0.398s] -- Found rosidl_adapter: 3.1.5 (/opt/ros/humble/share/rosidl_adapter/cmake)
[0.408s] -- Found rosidl_generator_cpp: 3.1.5 (/opt/ros/humble/share/rosidl_generator_cpp/cmake)
[0.421s] -- Using all available rosidl_typesupport_c: rosidl_typesupport_fastrtps_c;rosidl_typesupport_introspection_c
[0.440s] -- Using all available rosidl_typesupport_cpp: rosidl_typesupport_fastrtps_cpp;rosidl_typesupport_introspection_cpp
[0.542s] -- Found eigen3_cmake_module: 0.1.1 (/opt/ros/humble/share/eigen3_cmake_module/cmake)
[0.543s] -- Found Eigen3: TRUE (found version "3.4.0") 
[0.543s] -- Ensuring Eigen3 include directory is part of orocos-kdl CMake target
[0.613s] -- Found rmw_implementation_cmake: 6.1.2 (/opt/ros/humble/share/rmw_implementation_cmake/cmake)
[0.619s] -- Found rmw_fastrtps_cpp: 6.2.6 (/opt/ros/humble/share/rmw_fastrtps_cpp/cmake)
[0.695s] -- Found OpenSSL: /usr/lib/aarch64-linux-gnu/libcrypto.so (found version "3.0.2")  
[0.716s] -- Found FastRTPS: /opt/ros/humble/include  
[0.753s] -- Using RMW implementation 'rmw_fastrtps_cpp' as default
[0.767s] -- Looking for pthread.h
[0.808s] -- Looking for pthread.h - found
[0.808s] -- Performing Test CMAKE_HAVE_LIBC_PTHREAD
[0.847s] -- Performing Test CMAKE_HAVE_LIBC_PTHREAD - Success
[0.848s] -- Found Threads: TRUE  
[1.267s] -- Found xacro: 2.0.8 (/opt/ros/humble/share/xacro/cmake)
[1.270s] -- Found rviz2: 11.2.12 (/opt/ros/humble/share/rviz2/cmake)
[1.274s] -- Found ros2_control: 2.41.0 (/opt/ros/humble/share/ros2_control/cmake)
[1.278s] -- Found ros2_controllers: 2.34.0 (/opt/ros/humble/share/ros2_controllers/cmake)
[1.280s] -- Found dynamixel_hardware: 0.0.0 (/home/parallels/ws_moveit2/install/dynamixel_hardware/share/dynamixel_hardware/cmake)
[1.610s] -- Configuring done
[1.613s] -- Generating done
[1.614s] -- Build files have been written to: /home/parallels/liam-workspace/build/open_manipulator_srt_description
[1.620s] Invoked command in '/home/parallels/liam-workspace/build/open_manipulator_srt_description' returned '0': CMAKE_PREFIX_PATH=${CMAKE_PREFIX_PATH}:/home/parallels/ws_moveit2/install/moveit_configs_utils:/home/parallels/ws_moveit2/install/launch_param_builder:/opt/ros/humble /usr/bin/cmake /home/parallels/liam-workspace/src/open_manipulator_srt_description -DCMAKE_INSTALL_PREFIX=/home/parallels/liam-workspace/install/open_manipulator_srt_description
[1.621s] Invoking command in '/home/parallels/liam-workspace/build/open_manipulator_srt_description': CMAKE_PREFIX_PATH=${CMAKE_PREFIX_PATH}:/home/parallels/ws_moveit2/install/moveit_configs_utils:/home/parallels/ws_moveit2/install/launch_param_builder:/opt/ros/humble /usr/bin/cmake --build /home/parallels/liam-workspace/build/open_manipulator_srt_description -- -j8 -l8
[1.645s] Invoked command in '/home/parallels/liam-workspace/build/open_manipulator_srt_description' returned '0': CMAKE_PREFIX_PATH=${CMAKE_PREFIX_PATH}:/home/parallels/ws_moveit2/install/moveit_configs_utils:/home/parallels/ws_moveit2/install/launch_param_builder:/opt/ros/humble /usr/bin/cmake --build /home/parallels/liam-workspace/build/open_manipulator_srt_description -- -j8 -l8
[1.665s] Invoking command in '/home/parallels/liam-workspace/build/open_manipulator_srt_description': CMAKE_PREFIX_PATH=${CMAKE_PREFIX_PATH}:/home/parallels/ws_moveit2/install/moveit_configs_utils:/home/parallels/ws_moveit2/install/launch_param_builder:/opt/ros/humble /usr/bin/cmake --install /home/parallels/liam-workspace/build/open_manipulator_srt_description
[1.669s] -- Install configuration: ""
[1.669s] -- Installing: /home/parallels/liam-workspace/install/open_manipulator_srt_description/share/open_manipulator_srt_description/meshes
[1.669s] -- Installing: /home/parallels/liam-workspace/install/open_manipulator_srt_description/share/open_manipulator_srt_description/meshes/visual
[1.670s] -- Installing: /home/parallels/liam-workspace/install/open_manipulator_srt_description/share/open_manipulator_srt_description/meshes/visual/T1.dae
[1.675s] -- Installing: /home/parallels/liam-workspace/install/open_manipulator_srt_description/share/open_manipulator_srt_description/meshes/visual/T3.dae
[1.676s] -- Installing: /home/parallels/liam-workspace/install/open_manipulator_srt_description/share/open_manipulator_srt_description/meshes/visual/T5.dae
[1.676s] -- Installing: /home/parallels/liam-workspace/install/open_manipulator_srt_description/share/open_manipulator_srt_description/meshes/visual/base_link.dae
[1.676s] -- Installing: /home/parallels/liam-workspace/install/open_manipulator_srt_description/share/open_manipulator_srt_description/meshes/visual/EE.dae
[1.677s] -- Installing: /home/parallels/liam-workspace/install/open_manipulator_srt_description/share/open_manipulator_srt_description/meshes/visual/T4.dae
[1.677s] -- Installing: /home/parallels/liam-workspace/install/open_manipulator_srt_description/share/open_manipulator_srt_description/meshes/visual/T2.dae
[1.679s] -- Installing: /home/parallels/liam-workspace/install/open_manipulator_srt_description/share/open_manipulator_srt_description/meshes/collision
[1.679s] -- Installing: /home/parallels/liam-workspace/install/open_manipulator_srt_description/share/open_manipulator_srt_description/meshes/collision/base_link.stl
[1.679s] -- Installing: /home/parallels/liam-workspace/install/open_manipulator_srt_description/share/open_manipulator_srt_description/meshes/collision/T5.stl
[1.680s] -- Installing: /home/parallels/liam-workspace/install/open_manipulator_srt_description/share/open_manipulator_srt_description/meshes/collision/EE.stl
[1.681s] -- Installing: /home/parallels/liam-workspace/install/open_manipulator_srt_description/share/open_manipulator_srt_description/meshes/collision/T2.stl
[1.683s] -- Installing: /home/parallels/liam-workspace/install/open_manipulator_srt_description/share/open_manipulator_srt_description/meshes/collision/T1.stl
[1.693s] -- Installing: /home/parallels/liam-workspace/install/open_manipulator_srt_description/share/open_manipulator_srt_description/meshes/collision/T4.stl
[1.693s] -- Installing: /home/parallels/liam-workspace/install/open_manipulator_srt_description/share/open_manipulator_srt_description/meshes/collision/T3.stl
[1.694s] -- Installing: /home/parallels/liam-workspace/install/open_manipulator_srt_description/share/open_manipulator_srt_description/urdf
[1.694s] -- Installing: /home/parallels/liam-workspace/install/open_manipulator_srt_description/share/open_manipulator_srt_description/urdf/open_manipulator_srt.ros2_control.xacro
[1.694s] -- Installing: /home/parallels/liam-workspace/install/open_manipulator_srt_description/share/open_manipulator_srt_description/urdf/open_manipulator_srt.urdf.xacro
[1.694s] -- Installing: /home/parallels/liam-workspace/install/open_manipulator_srt_description/share/open_manipulator_srt_description/urdf/open_manipulator_srt.xacro
[1.694s] -- Installing: /home/parallels/liam-workspace/install/open_manipulator_srt_description/share/open_manipulator_srt_description/urdf/open_manipulator_srt.ros2_control_gazebo.xacro
[1.694s] -- Installing: /home/parallels/liam-workspace/install/open_manipulator_srt_description/share/open_manipulator_srt_description/urdf/open_manipulator_srt_gazebo.urdf.xacro
[1.694s] -- Installing: /home/parallels/liam-workspace/install/open_manipulator_srt_description/share/open_manipulator_srt_description/controllers
[1.694s] -- Installing: /home/parallels/liam-workspace/install/open_manipulator_srt_description/share/open_manipulator_srt_description/controllers/controllers.yaml
[1.694s] -- Installing: /home/parallels/liam-workspace/install/open_manipulator_srt_description/share/open_manipulator_srt_description/launch
[1.694s] -- Installing: /home/parallels/liam-workspace/install/open_manipulator_srt_description/share/open_manipulator_srt_description/launch/display.launch.py
[1.694s] -- Installing: /home/parallels/liam-workspace/install/open_manipulator_srt_description/share/open_manipulator_srt_description/launch/open_manipulator_srt.launch.py
[1.694s] -- Installing: /home/parallels/liam-workspace/install/open_manipulator_srt_description/share/open_manipulator_srt_description/launch/open_manipulator_srt.rviz
[1.694s] -- Installing: /home/parallels/liam-workspace/install/open_manipulator_srt_description/share/open_manipulator_srt_description/launch/open_manipulator_srt_gazebo.launch.py
[1.695s] -- Installing: /home/parallels/liam-workspace/install/open_manipulator_srt_description/share/ament_index/resource_index/package_run_dependencies/open_manipulator_srt_description
[1.695s] -- Installing: /home/parallels/liam-workspace/install/open_manipulator_srt_description/share/ament_index/resource_index/parent_prefix_path/open_manipulator_srt_description
[1.695s] -- Installing: /home/parallels/liam-workspace/install/open_manipulator_srt_description/share/open_manipulator_srt_description/environment/ament_prefix_path.sh
[1.695s] -- Installing: /home/parallels/liam-workspace/install/open_manipulator_srt_description/share/open_manipulator_srt_description/environment/ament_prefix_path.dsv
[1.695s] -- Installing: /home/parallels/liam-workspace/install/open_manipulator_srt_description/share/open_manipulator_srt_description/environment/path.sh
[1.695s] -- Installing: /home/parallels/liam-workspace/install/open_manipulator_srt_description/share/open_manipulator_srt_description/environment/path.dsv
[1.695s] -- Installing: /home/parallels/liam-workspace/install/open_manipulator_srt_description/share/open_manipulator_srt_description/local_setup.bash
[1.695s] -- Installing: /home/parallels/liam-workspace/install/open_manipulator_srt_description/share/open_manipulator_srt_description/local_setup.sh
[1.695s] -- Installing: /home/parallels/liam-workspace/install/open_manipulator_srt_description/share/open_manipulator_srt_description/local_setup.zsh
[1.695s] -- Installing: /home/parallels/liam-workspace/install/open_manipulator_srt_description/share/open_manipulator_srt_description/local_setup.dsv
[1.695s] -- Installing: /home/parallels/liam-workspace/install/open_manipulator_srt_description/share/open_manipulator_srt_description/package.dsv
[1.695s] -- Installing: /home/parallels/liam-workspace/install/open_manipulator_srt_description/share/ament_index/resource_index/packages/open_manipulator_srt_description
[1.695s] -- Installing: /home/parallels/liam-workspace/install/open_manipulator_srt_description/share/open_manipulator_srt_description/cmake/open_manipulator_srt_descriptionConfig.cmake
[1.695s] -- Installing: /home/parallels/liam-workspace/install/open_manipulator_srt_description/share/open_manipulator_srt_description/cmake/open_manipulator_srt_descriptionConfig-version.cmake
[1.696s] -- Installing: /home/parallels/liam-workspace/install/open_manipulator_srt_description/share/open_manipulator_srt_description/package.xml
[1.697s] Invoked command in '/home/parallels/liam-workspace/build/open_manipulator_srt_description' returned '0': CMAKE_PREFIX_PATH=${CMAKE_PREFIX_PATH}:/home/parallels/ws_moveit2/install/moveit_configs_utils:/home/parallels/ws_moveit2/install/launch_param_builder:/opt/ros/humble /usr/bin/cmake --install /home/parallels/liam-workspace/build/open_manipulator_srt_description
